Log file open, 04/28/22 23:51:39
LogWindows: Failed to load 'aqProf.dll' (GetLastError=126)
LogWindows: File 'aqProf.dll' does not exist
LogWindows: Failed to load 'VtuneApi.dll' (GetLastError=126)
LogWindows: File 'VtuneApi.dll' does not exist
LogWindows: Failed to load 'VtuneApi32e.dll' (GetLastError=126)
LogWindows: File 'VtuneApi32e.dll' does not exist
LogConsoleResponse: Display: Failed to find resolution value strings in scalability ini. Falling back to default.
LogConsoleResponse: Display: Failed to find resolution value strings in scalability ini. Falling back to default.
LogInit: Display: Running engine for game: MultiShooter
LogPlatformFile: Not using cached read wrapper
LogTaskGraph: Started task graph with 5 named threads and 35 total threads with 3 sets of task threads.
LogStats: Stats thread started at 0.277933
LogICUInternationalization: ICU TimeZone Detection - Raw Offset: +3:00, Platform Override: ''
LogInit: Display: Loading text-based GConfig....
LogPluginManager: Mounting plugin MeshPainting
LogPluginManager: Mounting plugin XGEController
LogPluginManager: Mounting plugin Paper2D
LogPluginManager: Mounting plugin LightPropagationVolume
LogPluginManager: Mounting plugin OodleData
LogPluginManager: Mounting plugin OodleNetwork
LogPluginManager: Mounting plugin AISupport
LogPluginManager: Mounting plugin CameraShakePreviewer
LogPluginManager: Mounting plugin EnvironmentQueryEditor
LogPluginManager: Mounting plugin GameplayCameras
LogPluginManager: Mounting plugin AssetManagerEditor
LogPluginManager: Mounting plugin CryptoKeys
LogPluginManager: Mounting plugin CurveEditorTools
LogPluginManager: Mounting plugin DataValidation
LogPluginManager: Mounting plugin FacialAnimation
LogPluginManager: Mounting plugin GameplayTagsEditor
LogPluginManager: Mounting plugin GeometryMode
LogPluginManager: Mounting plugin MacGraphicsSwitching
LogPluginManager: Mounting plugin MaterialAnalyzer
LogPluginManager: Mounting plugin MobileLauncherProfileWizard
LogPluginManager: Mounting plugin PluginBrowser
LogPluginManager: Mounting plugin SpeedTreeImporter
LogPluginManager: Mounting plugin DatasmithContent
LogPluginManager: Mounting plugin AnimationSharing
LogPluginManager: Mounting plugin VariantManagerContent
LogPluginManager: Mounting plugin CLionSourceCodeAccess
LogPluginManager: Mounting plugin CodeLiteSourceCodeAccess
LogPluginManager: Mounting plugin GitSourceControl
LogPluginManager: Mounting plugin KDevelopSourceCodeAccess
LogPluginManager: Mounting plugin NullSourceCodeAccess
LogPluginManager: Mounting plugin PerforceSourceControl
LogPluginManager: Mounting plugin PixWinPlugin
LogPluginManager: Mounting plugin PlasticSourceControl
LogPluginManager: Mounting plugin PluginUtils
LogPluginManager: Mounting plugin RiderSourceCodeAccess
LogPluginManager: Mounting plugin PropertyAccessNode
LogPluginManager: Mounting plugin SubversionSourceControl
LogPluginManager: Mounting plugin TextureFormatOodle
LogPluginManager: Mounting plugin UObjectPlugin
LogPluginManager: Mounting plugin VisualStudioCodeSourceCodeAccess
LogPluginManager: Mounting plugin XCodeSourceCodeAccess
LogPluginManager: Mounting plugin VisualStudioSourceCodeAccess
LogPluginManager: Mounting plugin Niagara
LogPluginManager: Mounting plugin LuminPlatformFeatures
LogPluginManager: Mounting plugin MagicLeap
LogPluginManager: Mounting plugin MagicLeapLightEstimation
LogPluginManager: Mounting plugin MagicLeapMedia
LogPluginManager: Mounting plugin MagicLeapPassableWorld
LogPluginManager: Mounting plugin MLSDK
LogPluginManager: Mounting plugin AlembicImporter
LogPluginManager: Mounting plugin BackChannel
LogPluginManager: Mounting plugin AutomationUtils
LogPluginManager: Mounting plugin ChaosCloth
LogPluginManager: Mounting plugin ChaosEditor
LogPluginManager: Mounting plugin ChaosNiagara
LogPluginManager: Mounting plugin ChaosSolverPlugin
LogPluginManager: Mounting plugin CharacterAI
LogPluginManager: Mounting plugin ChaosClothEditor
LogPluginManager: Mounting plugin AndroidMedia
LogPluginManager: Mounting plugin AvfMedia
LogPluginManager: Mounting plugin ImgMedia
LogPluginManager: Mounting plugin MediaCompositing
LogPluginManager: Mounting plugin MediaPlayerEditor
LogPluginManager: Mounting plugin WebMMedia
LogPluginManager: Mounting plugin WmfMedia
LogPluginManager: Mounting plugin TcpMessaging
LogPluginManager: Mounting plugin UdpMessaging
LogPluginManager: Mounting plugin GeometryCache
LogPluginManager: Mounting plugin GeometryCollectionPlugin
LogPluginManager: Mounting plugin GeometryProcessing
LogPluginManager: Mounting plugin MotoSynth
LogPluginManager: Mounting plugin OpenImageDenoise
LogPluginManager: Mounting plugin PlanarCut
LogPluginManager: Mounting plugin PlatformCrypto
LogPluginManager: Mounting plugin PythonScriptPlugin
LogPluginManager: Mounting plugin ActorSequence
LogPluginManager: Mounting plugin LevelSequenceEditor
LogPluginManager: Mounting plugin ProxyLODPlugin
LogPluginManager: Mounting plugin MatineeToLevelSequence
LogPluginManager: Mounting plugin TemplateSequence
LogPluginManager: Mounting plugin SkeletalReduction
LogPluginManager: Mounting plugin OnlineSubsystem
LogPluginManager: Mounting plugin OnlineSubsystemNull
LogPluginManager: Mounting plugin OnlineSubsystemUtils
LogPluginManager: Mounting plugin LauncherChunkInstaller
LogPluginManager: Mounting plugin ActorLayerUtilities
LogPluginManager: Mounting plugin AndroidMoviePlayer
LogPluginManager: Mounting plugin AndroidDeviceProfileSelector
LogPluginManager: Mounting plugin AndroidPermission
LogPluginManager: Mounting plugin AppleImageUtils
LogPluginManager: Mounting plugin AppleMoviePlayer
LogPluginManager: Mounting plugin ArchVisCharacter
LogPluginManager: Mounting plugin AssetTags
LogPluginManager: Mounting plugin AudioCapture
LogPluginManager: Mounting plugin AudioSynesthesia
LogPluginManager: Mounting plugin CableComponent
LogPluginManager: Mounting plugin ChunkDownloader
LogPluginManager: Mounting plugin CustomMeshComponent
LogPluginManager: Mounting plugin EditableMesh
LogPluginManager: Mounting plugin ExampleDeviceProfileSelector
LogPluginManager: Mounting plugin GoogleCloudMessaging
LogPluginManager: Mounting plugin ScreenshotTools
LogPluginManager: Mounting plugin GooglePAD
LogPluginManager: Mounting plugin IOSDeviceProfileSelector
LogPluginManager: Mounting plugin LinuxDeviceProfileSelector
LogPluginManager: Mounting plugin LocationServicesBPLibrary
LogPluginManager: Mounting plugin MobilePatchingUtils
LogPluginManager: Mounting plugin OpenXR
LogPluginManager: Mounting plugin OpenXREyeTracker
LogPluginManager: Mounting plugin OpenXRHandTracking
LogPluginManager: Mounting plugin Takes
LogPluginManager: Mounting plugin PostSplashScreen
LogPluginManager: Mounting plugin ProceduralMeshComponent
LogPluginManager: Mounting plugin PropertyAccessEditor
LogPluginManager: Mounting plugin RuntimePhysXCooking
LogPluginManager: Mounting plugin SignificanceManager
LogPluginManager: Mounting plugin SoundFields
LogPluginManager: Mounting plugin Synthesis
LogPluginManager: Mounting plugin WebMMoviePlayer
LogPluginManager: Mounting plugin WindowsMoviePlayer
LogPluginManager: Mounting plugin LiveLink
LogPluginManager: Mounting plugin PhysXVehicles
LogPluginManager: Mounting plugin ContentBrowserAssetDataSource
LogPluginManager: Mounting plugin ContentBrowserClassDataSource
LogPluginManager: Mounting plugin ContentBrowserFileDataSource
LogPluginManager: Mounting plugin OnlineSubsystemIOS
LogPluginManager: Mounting plugin OnlineSubsystemGooglePlay
LogPluginManager: Mounting plugin OculusVR
LogPluginManager: Mounting plugin SteamVR
PixWinPlugin: PIX capture plugin failed to initialize! Check that the process is launched from PIX.
LogInit: Using libcurl 7.55.1-DEV
LogInit:  - built for x86_64-pc-win32
LogInit:  - supports SSL with OpenSSL/1.1.1
LogInit:  - supports HTTP deflate (compression) using libz 1.2.8
LogInit:  - other features:
LogInit:      CURL_VERSION_SSL
LogInit:      CURL_VERSION_LIBZ
LogInit:      CURL_VERSION_IPV6
LogInit:      CURL_VERSION_ASYNCHDNS
LogInit:      CURL_VERSION_LARGEFILE
LogInit:      CURL_VERSION_IDN
LogInit:  CurlRequestOptions (configurable via config and command line):
LogInit:  - bVerifyPeer = true  - Libcurl will verify peer certificate
LogInit:  - bUseHttpProxy = false  - Libcurl will NOT use HTTP proxy
LogInit:  - bDontReuseConnections = false  - Libcurl will reuse connections
LogInit:  - MaxHostConnections = 16  - Libcurl will limit the number of connections to a host
LogInit:  - LocalHostAddr = Default
LogInit:  - BufferSize = 65536
LogOnline: OSS: Creating online subsystem instance for: NULL
LogInit: WinSock: version 1.1 (2.2), MaxSocks=32767, MaxUdp=65467
LogOnline: OSS: TryLoadSubsystemAndSetDefault: Loaded subsystem for module [NULL]
LogOculusPluginWrapper: OculusPlugin initialized successfully
LogHMD: Failed initializing OVRPlugin 1.59.0
LogInit: Build: ++UE4+Release-4.27-CL-17155196
LogInit: Engine Version: 4.27.0-17155196+++UE4+Release-4.27
LogInit: Compatible Engine Version: 4.27.0-17155196+++UE4+Release-4.27
LogInit: Net CL: 17155196
LogInit: OS: Windows 10 (Release 2009) (), CPU: Intel(R) Core(TM) i7-10750H CPU @ 2.60GHz, GPU: Intel(R) UHD Graphics
LogInit: Compiled (64-bit): Aug 13 2021 06:13:13
LogInit: Compiled with Visual C++: 19.24.28315.00
LogInit: Build Configuration: Development
LogInit: Branch Name: ++UE4+Release-4.27
LogInit: Command Line:  /Game/MyContent/Maps/Lvl1?Listen -game -PIEVIACONSOLE -Multiprocess GameUserSettingsINI=C:/3/MultiShooter/Saved/Config/Windows/PIEGameUserSettings0.ini -MultiprocessSaveConfig -forcepassthrough -messaging -SessionName="Play in Standalone Game" -port=17777 -windowed -WinX=0 -WinY=24 SAVEWINPOS=1 -ResX=640 -ResY=480
LogInit: Base Directory: C:/Program Files/Epic Games/UE_4.27/Engine/Binaries/Win64/
LogInit: Allocator: TBB
LogInit: Installed Engine Build: 1
LogDevObjectVersion: Number of dev versions registered: 29
LogDevObjectVersion:   Dev-Blueprints (B0D832E4-1F89-4F0D-ACCF-7EB736FD4AA2): 10
LogDevObjectVersion:   Dev-Build (E1C64328-A22C-4D53-A36C-8E866417BD8C): 0
LogDevObjectVersion:   Dev-Core (375EC13C-06E4-48FB-B500-84F0262A717E): 4
LogDevObjectVersion:   Dev-Editor (E4B068ED-F494-42E9-A231-DA0B2E46BB41): 40
LogDevObjectVersion:   Dev-Framework (CFFC743F-43B0-4480-9391-14DF171D2073): 37
LogDevObjectVersion:   Dev-Mobile (B02B49B5-BB20-44E9-A304-32B752E40360): 3
LogDevObjectVersion:   Dev-Networking (A4E4105C-59A1-49B5-A7C5-40C4547EDFEE): 0
LogDevObjectVersion:   Dev-Online (39C831C9-5AE6-47DC-9A44-9C173E1C8E7C): 0
LogDevObjectVersion:   Dev-Physics (78F01B33-EBEA-4F98-B9B4-84EACCB95AA2): 14
LogDevObjectVersion:   Dev-Platform (6631380F-2D4D-43E0-8009-CF276956A95A): 0
LogDevObjectVersion:   Dev-Rendering (12F88B9F-8875-4AFC-A67C-D90C383ABD29): 45
LogDevObjectVersion:   Dev-Sequencer (7B5AE74C-D270-4C10-A958-57980B212A5A): 13
LogDevObjectVersion:   Dev-VR (D7296918-1DD6-4BDD-9DE2-64A83CC13884): 3
LogDevObjectVersion:   Dev-LoadTimes (C2A15278-BFE7-4AFE-6C17-90FF531DF755): 1
LogDevObjectVersion:   Private-Geometry (6EACA3D4-40EC-4CC1-B786-8BED09428FC5): 3
LogDevObjectVersion:   Dev-AnimPhys (29E575DD-E0A3-4627-9D10-D276232CDCEA): 17
LogDevObjectVersion:   Dev-Anim (AF43A65D-7FD3-4947-9873-3E8ED9C1BB05): 15
LogDevObjectVersion:   Dev-ReflectionCapture (6B266CEC-1EC7-4B8F-A30B-E4D90942FC07): 1
LogDevObjectVersion:   Dev-Automation (0DF73D61-A23F-47EA-B727-89E90C41499A): 1
LogDevObjectVersion:   FortniteMain (601D1886-AC64-4F84-AA16-D3DE0DEAC7D6): 47
LogDevObjectVersion:   FortniteRelease (E7086368-6B23-4C58-8439-1B7016265E91): 1
LogDevObjectVersion:   Dev-Enterprise (9DFFBCD6-494F-0158-E221-12823C92A888): 10
LogDevObjectVersion:   Dev-Niagara (F2AED0AC-9AFE-416F-8664-AA7FFA26D6FC): 1
LogDevObjectVersion:   Dev-Destruction (174F1F0B-B4C6-45A5-B13F-2EE8D0FB917D): 10
LogDevObjectVersion:   Dev-Physics-Ext (35F94A83-E258-406C-A318-09F59610247C): 41
LogDevObjectVersion:   Dev-PhysicsMaterial-Chaos (B68FC16E-8B1B-42E2-B453-215C058844FE): 1
LogDevObjectVersion:   Dev-CineCamera (B2E18506-4273-CFC2-A54E-F4BB758BBA07): 1
LogDevObjectVersion:   Dev-VirtualProduction (64F58936-FD1B-42BA-BA96-7289D5D0FA4E): 1
LogDevObjectVersion:   Dev-MediaFramework (6F0ED827-A609-4895-9C91-998D90180EA4): 2
LogInit: Presizing for max 25165824 objects, including 0 objects not considered by GC, pre-allocating 0 bytes for permanent pool.
LogConfig: Applying CVar settings from Section [/Script/Engine.StreamingSettings] File [C:/3/MultiShooter/Saved/Config/Windows/Engine.ini]
LogConfig: Setting CVar [[s.MinBulkDataSizeForAsyncLoading:131072]]
LogConfig: Setting CVar [[s.AsyncLoadingThreadEnabled:0]]
LogConfig: Setting CVar [[s.EventDrivenLoaderEnabled:1]]
LogConfig: Setting CVar [[s.WarnIfTimeLimitExceeded:0]]
LogConfig: Setting CVar [[s.TimeLimitExceededMultiplier:1.5]]
LogConfig: Setting CVar [[s.TimeLimitExceededMinTime:0.005]]
LogConfig: Setting CVar [[s.UseBackgroundLevelStreaming:1]]
LogConfig: Setting CVar [[s.PriorityAsyncLoadingExtraTime:15.0]]
LogConfig: Setting CVar [[s.LevelStreamingActorsUpdateTimeLimit:5.0]]
LogConfig: Setting CVar [[s.PriorityLevelStreamingActorsUpdateExtraTime:5.0]]
LogConfig: Setting CVar [[s.LevelStreamingComponentsRegistrationGranularity:10]]
LogConfig: Setting CVar [[s.UnregisterComponentsTimeLimit:1.0]]
LogConfig: Setting CVar [[s.LevelStreamingComponentsUnregistrationGranularity:5]]
LogConfig: Setting CVar [[s.FlushStreamingOnExit:1]]
LogInit: Object subsystem initialized
LogConfig: Setting CVar [[con.DebugEarlyDefault:1]]
LogConfig: Setting CVar [[r.setres:1280x720]]
[2022.04.28-20.51.39:811][  0]LogConfig: Setting CVar [[con.DebugEarlyDefault:1]]
[2022.04.28-20.51.39:813][  0]LogConfig: Setting CVar [[r.setres:1280x720]]
[2022.04.28-20.51.39:813][  0]LogConfig: Applying CVar settings from Section [/Script/Engine.RendererSettings] File [C:/3/MultiShooter/Saved/Config/Windows/Engine.ini]
[2022.04.28-20.51.39:813][  0]LogConfig: Setting CVar [[r.GPUCrashDebugging:0]]
[2022.04.28-20.51.39:813][  0]LogConfig: Applying CVar settings from Section [/Script/Engine.RendererOverrideSettings] File [C:/3/MultiShooter/Saved/Config/Windows/Engine.ini]
[2022.04.28-20.51.39:813][  0]LogConfig: Applying CVar settings from Section [/Script/Engine.StreamingSettings] File [C:/3/MultiShooter/Saved/Config/Windows/Engine.ini]
[2022.04.28-20.51.39:813][  0]LogConfig: Setting CVar [[s.MinBulkDataSizeForAsyncLoading:131072]]
[2022.04.28-20.51.39:813][  0]LogConfig: Setting CVar [[s.AsyncLoadingThreadEnabled:0]]
[2022.04.28-20.51.39:813][  0]LogConfig: Setting CVar [[s.EventDrivenLoaderEnabled:1]]
[2022.04.28-20.51.39:813][  0]LogConfig: Setting CVar [[s.WarnIfTimeLimitExceeded:0]]
[2022.04.28-20.51.39:813][  0]LogConfig: Setting CVar [[s.TimeLimitExceededMultiplier:1.5]]
[2022.04.28-20.51.39:813][  0]LogConfig: Setting CVar [[s.TimeLimitExceededMinTime:0.005]]
[2022.04.28-20.51.39:813][  0]LogConfig: Setting CVar [[s.UseBackgroundLevelStreaming:1]]
[2022.04.28-20.51.39:813][  0]LogConfig: Setting CVar [[s.PriorityAsyncLoadingExtraTime:15.0]]
[2022.04.28-20.51.39:813][  0]LogConfig: Setting CVar [[s.LevelStreamingActorsUpdateTimeLimit:5.0]]
[2022.04.28-20.51.39:813][  0]LogConfig: Setting CVar [[s.PriorityLevelStreamingActorsUpdateExtraTime:5.0]]
[2022.04.28-20.51.39:813][  0]LogConfig: Setting CVar [[s.LevelStreamingComponentsRegistrationGranularity:10]]
[2022.04.28-20.51.39:813][  0]LogConfig: Setting CVar [[s.UnregisterComponentsTimeLimit:1.0]]
[2022.04.28-20.51.39:813][  0]LogConfig: Setting CVar [[s.LevelStreamingComponentsUnregistrationGranularity:5]]
[2022.04.28-20.51.39:813][  0]LogConfig: Setting CVar [[s.FlushStreamingOnExit:1]]
[2022.04.28-20.51.39:813][  0]LogConfig: Applying CVar settings from Section [/Script/Engine.GarbageCollectionSettings] File [C:/3/MultiShooter/Saved/Config/Windows/Engine.ini]
[2022.04.28-20.51.39:813][  0]LogConfig: Setting CVar [[gc.MaxObjectsNotConsideredByGC:1]]
[2022.04.28-20.51.39:813][  0]LogConfig: Setting CVar [[gc.SizeOfPermanentObjectPool:0]]
[2022.04.28-20.51.39:813][  0]LogConfig: Setting CVar [[gc.FlushStreamingOnGC:0]]
[2022.04.28-20.51.39:813][  0]LogConfig: Setting CVar [[gc.NumRetriesBeforeForcingGC:10]]
[2022.04.28-20.51.39:813][  0]LogConfig: Setting CVar [[gc.AllowParallelGC:1]]
[2022.04.28-20.51.39:813][  0]LogConfig: Setting CVar [[gc.TimeBetweenPurgingPendingKillObjects:61.1]]
[2022.04.28-20.51.39:813][  0]LogConfig: Setting CVar [[gc.MaxObjectsInEditor:25165824]]
[2022.04.28-20.51.39:813][  0]LogConfig: Setting CVar [[gc.IncrementalBeginDestroyEnabled:1]]
[2022.04.28-20.51.39:813][  0]LogConfig: Setting CVar [[gc.CreateGCClusters:1]]
[2022.04.28-20.51.39:813][  0]LogConfig: Setting CVar [[gc.MinGCClusterSize:5]]
[2022.04.28-20.51.39:813][  0]LogConfig: Setting CVar [[gc.ActorClusteringEnabled:0]]
[2022.04.28-20.51.39:813][  0]LogConfig: Setting CVar [[gc.BlueprintClusteringEnabled:0]]
[2022.04.28-20.51.39:813][  0]LogConfig: Setting CVar [[gc.UseDisregardForGCOnDedicatedServers:0]]
[2022.04.28-20.51.39:813][  0]LogConfig: Setting CVar [[gc.MultithreadedDestructionEnabled:1]]
[2022.04.28-20.51.39:813][  0]LogConfig: Applying CVar settings from Section [/Script/Engine.NetworkSettings] File [C:/3/MultiShooter/Saved/Config/Windows/Engine.ini]
[2022.04.28-20.51.39:813][  0]LogConfig: Applying CVar settings from Section [/Script/UnrealEd.CookerSettings] File [C:/3/MultiShooter/Saved/Config/Windows/Engine.ini]
[2022.04.28-20.51.39:828][  0]LogConfig: Applying CVar settings from Section [ViewDistanceQuality@3] File [C:/3/MultiShooter/Saved/Config/Windows/Scalability.ini]
[2022.04.28-20.51.39:828][  0]LogConfig: Setting CVar [[r.SkeletalMeshLODBias:0]]
[2022.04.28-20.51.39:828][  0]LogConfig: Setting CVar [[r.ViewDistanceScale:1.0]]
[2022.04.28-20.51.39:828][  0]LogConfig: Applying CVar settings from Section [AntiAliasingQuality@3] File [C:/3/MultiShooter/Saved/Config/Windows/Scalability.ini]
[2022.04.28-20.51.39:828][  0]LogConfig: Setting CVar [[r.PostProcessAAQuality:4]]
[2022.04.28-20.51.39:828][  0]LogConfig: Applying CVar settings from Section [ShadowQuality@3] File [C:/3/MultiShooter/Saved/Config/Windows/Scalability.ini]
[2022.04.28-20.51.39:828][  0]LogConfig: Setting CVar [[r.LightFunctionQuality:1]]
[2022.04.28-20.51.39:828][  0]LogConfig: Setting CVar [[r.ShadowQuality:5]]
[2022.04.28-20.51.39:828][  0]LogConfig: Setting CVar [[r.Shadow.CSM.MaxCascades:10]]
[2022.04.28-20.51.39:828][  0]LogConfig: Setting CVar [[r.Shadow.MaxResolution:2048]]
[2022.04.28-20.51.39:828][  0]LogConfig: Setting CVar [[r.Shadow.MaxCSMResolution:2048]]
[2022.04.28-20.51.39:828][  0]LogConfig: Setting CVar [[r.Shadow.RadiusThreshold:0.01]]
[2022.04.28-20.51.39:828][  0]LogConfig: Setting CVar [[r.Shadow.DistanceScale:1.0]]
[2022.04.28-20.51.39:828][  0]LogConfig: Setting CVar [[r.Shadow.CSM.TransitionScale:1.0]]
[2022.04.28-20.51.39:828][  0]LogConfig: Setting CVar [[r.Shadow.PreShadowResolutionFactor:1.0]]
[2022.04.28-20.51.39:828][  0]LogConfig: Setting CVar [[r.DistanceFieldShadowing:1]]
[2022.04.28-20.51.39:828][  0]LogConfig: Setting CVar [[r.DistanceFieldAO:1]]
[2022.04.28-20.51.39:828][  0]LogConfig: Setting CVar [[r.AOQuality:2]]
[2022.04.28-20.51.39:828][  0]LogConfig: Setting CVar [[r.VolumetricFog:1]]
[2022.04.28-20.51.39:828][  0]LogConfig: Setting CVar [[r.VolumetricFog.GridPixelSize:8]]
[2022.04.28-20.51.39:828][  0]LogConfig: Setting CVar [[r.VolumetricFog.GridSizeZ:128]]
[2022.04.28-20.51.39:828][  0]LogConfig: Setting CVar [[r.VolumetricFog.HistoryMissSupersampleCount:4]]
[2022.04.28-20.51.39:828][  0]LogConfig: Setting CVar [[r.LightMaxDrawDistanceScale:1]]
[2022.04.28-20.51.39:828][  0]LogConfig: Setting CVar [[r.CapsuleShadows:1]]
[2022.04.28-20.51.39:828][  0]LogConfig: Applying CVar settings from Section [PostProcessQuality@3] File [C:/3/MultiShooter/Saved/Config/Windows/Scalability.ini]
[2022.04.28-20.51.39:828][  0]LogConfig: Setting CVar [[r.MotionBlurQuality:4]]
[2022.04.28-20.51.39:828][  0]LogConfig: Setting CVar [[r.AmbientOcclusionMipLevelFactor:0.4]]
[2022.04.28-20.51.39:828][  0]LogConfig: Setting CVar [[r.AmbientOcclusionMaxQuality:100]]
[2022.04.28-20.51.39:828][  0]LogConfig: Setting CVar [[r.AmbientOcclusionLevels:-1]]
[2022.04.28-20.51.39:828][  0]LogConfig: Setting CVar [[r.AmbientOcclusionRadiusScale:1.0]]
[2022.04.28-20.51.39:828][  0]LogConfig: Setting CVar [[r.DepthOfFieldQuality:2]]
[2022.04.28-20.51.39:828][  0]LogConfig: Setting CVar [[r.RenderTargetPoolMin:400]]
[2022.04.28-20.51.39:828][  0]LogConfig: Setting CVar [[r.LensFlareQuality:2]]
[2022.04.28-20.51.39:828][  0]LogConfig: Setting CVar [[r.SceneColorFringeQuality:1]]
[2022.04.28-20.51.39:828][  0]LogConfig: Setting CVar [[r.EyeAdaptationQuality:2]]
[2022.04.28-20.51.39:828][  0]LogConfig: Setting CVar [[r.BloomQuality:5]]
[2022.04.28-20.51.39:828][  0]LogConfig: Setting CVar [[r.FastBlurThreshold:100]]
[2022.04.28-20.51.39:828][  0]LogConfig: Setting CVar [[r.Upscale.Quality:3]]
[2022.04.28-20.51.39:828][  0]LogConfig: Setting CVar [[r.Tonemapper.GrainQuantization:1]]
[2022.04.28-20.51.39:828][  0]LogConfig: Setting CVar [[r.LightShaftQuality:1]]
[2022.04.28-20.51.39:828][  0]LogConfig: Setting CVar [[r.Filter.SizeScale:1]]
[2022.04.28-20.51.39:828][  0]LogConfig: Setting CVar [[r.Tonemapper.Quality:5]]
[2022.04.28-20.51.39:828][  0]LogConfig: Setting CVar [[r.DOF.Gather.AccumulatorQuality:1        ; higher gathering accumulator quality]]
[2022.04.28-20.51.39:828][  0]LogConfig: Setting CVar [[r.DOF.Gather.PostfilterMethod:1          ; Median3x3 postfilering method]]
[2022.04.28-20.51.39:828][  0]LogConfig: Setting CVar [[r.DOF.Gather.EnableBokehSettings:0       ; no bokeh simulation when gathering]]
[2022.04.28-20.51.39:828][  0]LogConfig: Setting CVar [[r.DOF.Gather.RingCount:4                 ; medium number of samples when gathering]]
[2022.04.28-20.51.39:828][  0]LogConfig: Setting CVar [[r.DOF.Scatter.ForegroundCompositing:1    ; additive foreground scattering]]
[2022.04.28-20.51.39:828][  0]LogConfig: Setting CVar [[r.DOF.Scatter.BackgroundCompositing:2    ; additive background scattering]]
[2022.04.28-20.51.39:828][  0]LogConfig: Setting CVar [[r.DOF.Scatter.EnableBokehSettings:1      ; bokeh simulation when scattering]]
[2022.04.28-20.51.39:828][  0]LogConfig: Setting CVar [[r.DOF.Scatter.MaxSpriteRatio:0.1         ; only a maximum of 10% of scattered bokeh]]
[2022.04.28-20.51.39:828][  0]LogConfig: Setting CVar [[r.DOF.Recombine.Quality:1                ; cheap slight out of focus]]
[2022.04.28-20.51.39:828][  0]LogConfig: Setting CVar [[r.DOF.Recombine.EnableBokehSettings:0    ; no bokeh simulation on slight out of focus]]
[2022.04.28-20.51.39:828][  0]LogConfig: Setting CVar [[r.DOF.TemporalAAQuality:1                ; more stable temporal accumulation]]
[2022.04.28-20.51.39:828][  0]LogConfig: Setting CVar [[r.DOF.Kernel.MaxForegroundRadius:0.025]]
[2022.04.28-20.51.39:828][  0]LogConfig: Setting CVar [[r.DOF.Kernel.MaxBackgroundRadius:0.025]]
[2022.04.28-20.51.39:828][  0]LogConfig: Applying CVar settings from Section [TextureQuality@3] File [C:/3/MultiShooter/Saved/Config/Windows/Scalability.ini]
[2022.04.28-20.51.39:828][  0]LogConfig: Setting CVar [[r.Streaming.MipBias:0]]
[2022.04.28-20.51.39:828][  0]LogConfig: Setting CVar [[r.Streaming.AmortizeCPUToGPUCopy:0]]
[2022.04.28-20.51.39:828][  0]LogConfig: Setting CVar [[r.Streaming.MaxNumTexturesToStreamPerFrame:0]]
[2022.04.28-20.51.39:828][  0]LogConfig: Setting CVar [[r.Streaming.Boost:1]]
[2022.04.28-20.51.39:828][  0]LogConfig: Setting CVar [[r.MaxAnisotropy:8]]
[2022.04.28-20.51.39:828][  0]LogConfig: Setting CVar [[r.VT.MaxAnisotropy:8]]
[2022.04.28-20.51.39:828][  0]LogConfig: Setting CVar [[r.Streaming.LimitPoolSizeToVRAM:0]]
[2022.04.28-20.51.39:829][  0]LogConfig: Setting CVar [[r.Streaming.PoolSize:1000]]
[2022.04.28-20.51.39:829][  0]LogConfig: Setting CVar [[r.Streaming.MaxEffectiveScreenSize:0]]
[2022.04.28-20.51.39:829][  0]LogConfig: Applying CVar settings from Section [EffectsQuality@3] File [C:/3/MultiShooter/Saved/Config/Windows/Scalability.ini]
[2022.04.28-20.51.39:829][  0]LogConfig: Setting CVar [[r.TranslucencyLightingVolumeDim:64]]
[2022.04.28-20.51.39:829][  0]LogConfig: Setting CVar [[r.RefractionQuality:2]]
[2022.04.28-20.51.39:829][  0]LogConfig: Setting CVar [[r.SSR.Quality:3]]
[2022.04.28-20.51.39:829][  0]LogConfig: Setting CVar [[r.SSR.HalfResSceneColor:0]]
[2022.04.28-20.51.39:829][  0]LogConfig: Setting CVar [[r.SceneColorFormat:4]]
[2022.04.28-20.51.39:829][  0]LogConfig: Setting CVar [[r.DetailMode:2]]
[2022.04.28-20.51.39:829][  0]LogConfig: Setting CVar [[r.TranslucencyVolumeBlur:1]]
[2022.04.28-20.51.39:829][  0]LogConfig: Setting CVar [[r.MaterialQualityLevel:1 ; High quality]]
[2022.04.28-20.51.39:829][  0]LogConfig: Setting CVar [[r.AnisotropicMaterials:1]]
[2022.04.28-20.51.39:829][  0]LogConfig: Setting CVar [[r.SSS.Scale:1]]
[2022.04.28-20.51.39:829][  0]LogConfig: Setting CVar [[r.SSS.SampleSet:2]]
[2022.04.28-20.51.39:829][  0]LogConfig: Setting CVar [[r.SSS.Quality:1]]
[2022.04.28-20.51.39:829][  0]LogConfig: Setting CVar [[r.SSS.HalfRes:0]]
[2022.04.28-20.51.39:829][  0]LogConfig: Setting CVar [[r.SSGI.Quality:3]]
[2022.04.28-20.51.39:829][  0]LogConfig: Setting CVar [[r.EmitterSpawnRateScale:1.0]]
[2022.04.28-20.51.39:829][  0]LogConfig: Setting CVar [[r.ParticleLightQuality:2]]
[2022.04.28-20.51.39:829][  0]LogConfig: Setting CVar [[r.SkyAtmosphere.AerialPerspectiveLUT.FastApplyOnOpaque:1 ; Always have FastSkyLUT 1 in this case to avoid wrong sky]]
[2022.04.28-20.51.39:829][  0]LogConfig: Setting CVar [[r.SkyAtmosphere.AerialPerspectiveLUT.SampleCountMaxPerSlice:4]]
[2022.04.28-20.51.39:829][  0]LogConfig: Setting CVar [[r.SkyAtmosphere.AerialPerspectiveLUT.DepthResolution:16.0]]
[2022.04.28-20.51.39:829][  0]LogConfig: Setting CVar [[r.SkyAtmosphere.FastSkyLUT:1]]
[2022.04.28-20.51.39:829][  0]LogConfig: Setting CVar [[r.SkyAtmosphere.FastSkyLUT.SampleCountMin:4.0]]
[2022.04.28-20.51.39:829][  0]LogConfig: Setting CVar [[r.SkyAtmosphere.FastSkyLUT.SampleCountMax:128.0]]
[2022.04.28-20.51.39:829][  0]LogConfig: Setting CVar [[r.SkyAtmosphere.SampleCountMin:4.0]]
[2022.04.28-20.51.39:829][  0]LogConfig: Setting CVar [[r.SkyAtmosphere.SampleCountMax:128.0]]
[2022.04.28-20.51.39:829][  0]LogConfig: Setting CVar [[r.SkyAtmosphere.TransmittanceLUT.UseSmallFormat:0]]
[2022.04.28-20.51.39:829][  0]LogConfig: Setting CVar [[r.SkyAtmosphere.TransmittanceLUT.SampleCount:10.0]]
[2022.04.28-20.51.39:829][  0]LogConfig: Setting CVar [[r.SkyAtmosphere.MultiScatteringLUT.SampleCount:15.0]]
[2022.04.28-20.51.39:829][  0]LogConfig: Setting CVar [[r.SkyLight.RealTimeReflectionCapture:1]]
[2022.04.28-20.51.39:829][  0]LogConfig: Applying CVar settings from Section [FoliageQuality@3] File [C:/3/MultiShooter/Saved/Config/Windows/Scalability.ini]
[2022.04.28-20.51.39:829][  0]LogConfig: Setting CVar [[foliage.DensityScale:1.0]]
[2022.04.28-20.51.39:829][  0]LogConfig: Setting CVar [[grass.DensityScale:1.0]]
[2022.04.28-20.51.39:829][  0]LogConfig: Applying CVar settings from Section [ShadingQuality@3] File [C:/3/MultiShooter/Saved/Config/Windows/Scalability.ini]
[2022.04.28-20.51.39:829][  0]LogConfig: Setting CVar [[r.HairStrands.SkyLighting.IntegrationType:2]]
[2022.04.28-20.51.39:829][  0]LogConfig: Setting CVar [[r.HairStrands.SkyAO.SampleCount:4]]
[2022.04.28-20.51.39:829][  0]LogConfig: Setting CVar [[r.HairStrands.Visibility.MSAA.SamplePerPixel:4]]
[2022.04.28-20.51.39:829][  0]LogInit: Selected Device Profile: [Windows]
[2022.04.28-20.51.39:829][  0]LogInit: Applying CVar settings loaded from the selected device profile: [Windows]
[2022.04.28-20.51.39:829][  0]LogHAL: Display: Platform has ~ 16 GB [16971386880 / 17179869184 / 16], which maps to Larger [LargestMinGB=32, LargerMinGB=12, DefaultMinGB=8, SmallerMinGB=6, SmallestMinGB=0)
[2022.04.28-20.51.39:829][  0]LogInit: Going up to parent DeviceProfile []
[2022.04.28-20.51.39:829][  0]LogConfig: Applying CVar settings from Section [ViewDistanceQuality@3] File [C:/3/MultiShooter/Saved/Config/Windows/Scalability.ini]
[2022.04.28-20.51.39:829][  0]LogConfig: Setting CVar [[r.SkeletalMeshLODBias:0]]
[2022.04.28-20.51.39:829][  0]LogConfig: Setting CVar [[r.ViewDistanceScale:1.0]]
[2022.04.28-20.51.39:829][  0]LogConfig: Applying CVar settings from Section [AntiAliasingQuality@3] File [C:/3/MultiShooter/Saved/Config/Windows/Scalability.ini]
[2022.04.28-20.51.39:829][  0]LogConfig: Setting CVar [[r.PostProcessAAQuality:4]]
[2022.04.28-20.51.39:829][  0]LogConfig: Applying CVar settings from Section [ShadowQuality@3] File [C:/3/MultiShooter/Saved/Config/Windows/Scalability.ini]
[2022.04.28-20.51.39:829][  0]LogConfig: Setting CVar [[r.LightFunctionQuality:1]]
[2022.04.28-20.51.39:829][  0]LogConfig: Setting CVar [[r.ShadowQuality:5]]
[2022.04.28-20.51.39:829][  0]LogConfig: Setting CVar [[r.Shadow.CSM.MaxCascades:10]]
[2022.04.28-20.51.39:829][  0]LogConfig: Setting CVar [[r.Shadow.MaxResolution:2048]]
[2022.04.28-20.51.39:829][  0]LogConfig: Setting CVar [[r.Shadow.MaxCSMResolution:2048]]
[2022.04.28-20.51.39:829][  0]LogConfig: Setting CVar [[r.Shadow.RadiusThreshold:0.01]]
[2022.04.28-20.51.39:829][  0]LogConfig: Setting CVar [[r.Shadow.DistanceScale:1.0]]
[2022.04.28-20.51.39:829][  0]LogConfig: Setting CVar [[r.Shadow.CSM.TransitionScale:1.0]]
[2022.04.28-20.51.39:829][  0]LogConfig: Setting CVar [[r.Shadow.PreShadowResolutionFactor:1.0]]
[2022.04.28-20.51.39:829][  0]LogConfig: Setting CVar [[r.DistanceFieldShadowing:1]]
[2022.04.28-20.51.39:829][  0]LogConfig: Setting CVar [[r.DistanceFieldAO:1]]
[2022.04.28-20.51.39:829][  0]LogConfig: Setting CVar [[r.AOQuality:2]]
[2022.04.28-20.51.39:829][  0]LogConfig: Setting CVar [[r.VolumetricFog:1]]
[2022.04.28-20.51.39:829][  0]LogConfig: Setting CVar [[r.VolumetricFog.GridPixelSize:8]]
[2022.04.28-20.51.39:829][  0]LogConfig: Setting CVar [[r.VolumetricFog.GridSizeZ:128]]
[2022.04.28-20.51.39:829][  0]LogConfig: Setting CVar [[r.VolumetricFog.HistoryMissSupersampleCount:4]]
[2022.04.28-20.51.39:829][  0]LogConfig: Setting CVar [[r.LightMaxDrawDistanceScale:1]]
[2022.04.28-20.51.39:829][  0]LogConfig: Setting CVar [[r.CapsuleShadows:1]]
[2022.04.28-20.51.39:829][  0]LogConfig: Applying CVar settings from Section [PostProcessQuality@3] File [C:/3/MultiShooter/Saved/Config/Windows/Scalability.ini]
[2022.04.28-20.51.39:829][  0]LogConfig: Setting CVar [[r.MotionBlurQuality:4]]
[2022.04.28-20.51.39:829][  0]LogConfig: Setting CVar [[r.AmbientOcclusionMipLevelFactor:0.4]]
[2022.04.28-20.51.39:829][  0]LogConfig: Setting CVar [[r.AmbientOcclusionMaxQuality:100]]
[2022.04.28-20.51.39:829][  0]LogConfig: Setting CVar [[r.AmbientOcclusionLevels:-1]]
[2022.04.28-20.51.39:829][  0]LogConfig: Setting CVar [[r.AmbientOcclusionRadiusScale:1.0]]
[2022.04.28-20.51.39:829][  0]LogConfig: Setting CVar [[r.DepthOfFieldQuality:2]]
[2022.04.28-20.51.39:829][  0]LogConfig: Setting CVar [[r.RenderTargetPoolMin:400]]
[2022.04.28-20.51.39:829][  0]LogConfig: Setting CVar [[r.LensFlareQuality:2]]
[2022.04.28-20.51.39:829][  0]LogConfig: Setting CVar [[r.SceneColorFringeQuality:1]]
[2022.04.28-20.51.39:829][  0]LogConfig: Setting CVar [[r.EyeAdaptationQuality:2]]
[2022.04.28-20.51.39:829][  0]LogConfig: Setting CVar [[r.BloomQuality:5]]
[2022.04.28-20.51.39:829][  0]LogConfig: Setting CVar [[r.FastBlurThreshold:100]]
[2022.04.28-20.51.39:829][  0]LogConfig: Setting CVar [[r.Upscale.Quality:3]]
[2022.04.28-20.51.39:829][  0]LogConfig: Setting CVar [[r.Tonemapper.GrainQuantization:1]]
[2022.04.28-20.51.39:829][  0]LogConfig: Setting CVar [[r.LightShaftQuality:1]]
[2022.04.28-20.51.39:829][  0]LogConfig: Setting CVar [[r.Filter.SizeScale:1]]
[2022.04.28-20.51.39:830][  0]LogConfig: Setting CVar [[r.Tonemapper.Quality:5]]
[2022.04.28-20.51.39:830][  0]LogConfig: Setting CVar [[r.DOF.Gather.AccumulatorQuality:1        ; higher gathering accumulator quality]]
[2022.04.28-20.51.39:830][  0]LogConfig: Setting CVar [[r.DOF.Gather.PostfilterMethod:1          ; Median3x3 postfilering method]]
[2022.04.28-20.51.39:830][  0]LogConfig: Setting CVar [[r.DOF.Gather.EnableBokehSettings:0       ; no bokeh simulation when gathering]]
[2022.04.28-20.51.39:830][  0]LogConfig: Setting CVar [[r.DOF.Gather.RingCount:4                 ; medium number of samples when gathering]]
[2022.04.28-20.51.39:830][  0]LogConfig: Setting CVar [[r.DOF.Scatter.ForegroundCompositing:1    ; additive foreground scattering]]
[2022.04.28-20.51.39:830][  0]LogConfig: Setting CVar [[r.DOF.Scatter.BackgroundCompositing:2    ; additive background scattering]]
[2022.04.28-20.51.39:830][  0]LogConfig: Setting CVar [[r.DOF.Scatter.EnableBokehSettings:1      ; bokeh simulation when scattering]]
[2022.04.28-20.51.39:830][  0]LogConfig: Setting CVar [[r.DOF.Scatter.MaxSpriteRatio:0.1         ; only a maximum of 10% of scattered bokeh]]
[2022.04.28-20.51.39:830][  0]LogConfig: Setting CVar [[r.DOF.Recombine.Quality:1                ; cheap slight out of focus]]
[2022.04.28-20.51.39:830][  0]LogConfig: Setting CVar [[r.DOF.Recombine.EnableBokehSettings:0    ; no bokeh simulation on slight out of focus]]
[2022.04.28-20.51.39:830][  0]LogConfig: Setting CVar [[r.DOF.TemporalAAQuality:1                ; more stable temporal accumulation]]
[2022.04.28-20.51.39:830][  0]LogConfig: Setting CVar [[r.DOF.Kernel.MaxForegroundRadius:0.025]]
[2022.04.28-20.51.39:830][  0]LogConfig: Setting CVar [[r.DOF.Kernel.MaxBackgroundRadius:0.025]]
[2022.04.28-20.51.39:830][  0]LogConfig: Applying CVar settings from Section [TextureQuality@3] File [C:/3/MultiShooter/Saved/Config/Windows/Scalability.ini]
[2022.04.28-20.51.39:830][  0]LogConfig: Setting CVar [[r.Streaming.MipBias:0]]
[2022.04.28-20.51.39:830][  0]LogConfig: Setting CVar [[r.Streaming.AmortizeCPUToGPUCopy:0]]
[2022.04.28-20.51.39:830][  0]LogConfig: Setting CVar [[r.Streaming.MaxNumTexturesToStreamPerFrame:0]]
[2022.04.28-20.51.39:830][  0]LogConfig: Setting CVar [[r.Streaming.Boost:1]]
[2022.04.28-20.51.39:830][  0]LogConfig: Setting CVar [[r.MaxAnisotropy:8]]
[2022.04.28-20.51.39:830][  0]LogConfig: Setting CVar [[r.VT.MaxAnisotropy:8]]
[2022.04.28-20.51.39:830][  0]LogConfig: Setting CVar [[r.Streaming.LimitPoolSizeToVRAM:0]]
[2022.04.28-20.51.39:830][  0]LogConfig: Setting CVar [[r.Streaming.PoolSize:1000]]
[2022.04.28-20.51.39:830][  0]LogConfig: Setting CVar [[r.Streaming.MaxEffectiveScreenSize:0]]
[2022.04.28-20.51.39:830][  0]LogConfig: Applying CVar settings from Section [EffectsQuality@3] File [C:/3/MultiShooter/Saved/Config/Windows/Scalability.ini]
[2022.04.28-20.51.39:830][  0]LogConfig: Setting CVar [[r.TranslucencyLightingVolumeDim:64]]
[2022.04.28-20.51.39:830][  0]LogConfig: Setting CVar [[r.RefractionQuality:2]]
[2022.04.28-20.51.39:830][  0]LogConfig: Setting CVar [[r.SSR.Quality:3]]
[2022.04.28-20.51.39:830][  0]LogConfig: Setting CVar [[r.SSR.HalfResSceneColor:0]]
[2022.04.28-20.51.39:830][  0]LogConfig: Setting CVar [[r.SceneColorFormat:4]]
[2022.04.28-20.51.39:830][  0]LogConfig: Setting CVar [[r.DetailMode:2]]
[2022.04.28-20.51.39:830][  0]LogConfig: Setting CVar [[r.TranslucencyVolumeBlur:1]]
[2022.04.28-20.51.39:830][  0]LogConfig: Setting CVar [[r.MaterialQualityLevel:1 ; High quality]]
[2022.04.28-20.51.39:830][  0]LogConfig: Setting CVar [[r.AnisotropicMaterials:1]]
[2022.04.28-20.51.39:830][  0]LogConfig: Setting CVar [[r.SSS.Scale:1]]
[2022.04.28-20.51.39:830][  0]LogConfig: Setting CVar [[r.SSS.SampleSet:2]]
[2022.04.28-20.51.39:830][  0]LogConfig: Setting CVar [[r.SSS.Quality:1]]
[2022.04.28-20.51.39:830][  0]LogConfig: Setting CVar [[r.SSS.HalfRes:0]]
[2022.04.28-20.51.39:830][  0]LogConfig: Setting CVar [[r.SSGI.Quality:3]]
[2022.04.28-20.51.39:830][  0]LogConfig: Setting CVar [[r.EmitterSpawnRateScale:1.0]]
[2022.04.28-20.51.39:830][  0]LogConfig: Setting CVar [[r.ParticleLightQuality:2]]
[2022.04.28-20.51.39:830][  0]LogConfig: Setting CVar [[r.SkyAtmosphere.AerialPerspectiveLUT.FastApplyOnOpaque:1 ; Always have FastSkyLUT 1 in this case to avoid wrong sky]]
[2022.04.28-20.51.39:830][  0]LogConfig: Setting CVar [[r.SkyAtmosphere.AerialPerspectiveLUT.SampleCountMaxPerSlice:4]]
[2022.04.28-20.51.39:830][  0]LogConfig: Setting CVar [[r.SkyAtmosphere.AerialPerspectiveLUT.DepthResolution:16.0]]
[2022.04.28-20.51.39:830][  0]LogConfig: Setting CVar [[r.SkyAtmosphere.FastSkyLUT:1]]
[2022.04.28-20.51.39:830][  0]LogConfig: Setting CVar [[r.SkyAtmosphere.FastSkyLUT.SampleCountMin:4.0]]
[2022.04.28-20.51.39:830][  0]LogConfig: Setting CVar [[r.SkyAtmosphere.FastSkyLUT.SampleCountMax:128.0]]
[2022.04.28-20.51.39:830][  0]LogConfig: Setting CVar [[r.SkyAtmosphere.SampleCountMin:4.0]]
[2022.04.28-20.51.39:830][  0]LogConfig: Setting CVar [[r.SkyAtmosphere.SampleCountMax:128.0]]
[2022.04.28-20.51.39:830][  0]LogConfig: Setting CVar [[r.SkyAtmosphere.TransmittanceLUT.UseSmallFormat:0]]
[2022.04.28-20.51.39:830][  0]LogConfig: Setting CVar [[r.SkyAtmosphere.TransmittanceLUT.SampleCount:10.0]]
[2022.04.28-20.51.39:830][  0]LogConfig: Setting CVar [[r.SkyAtmosphere.MultiScatteringLUT.SampleCount:15.0]]
[2022.04.28-20.51.39:830][  0]LogConfig: Setting CVar [[r.SkyLight.RealTimeReflectionCapture:1]]
[2022.04.28-20.51.39:830][  0]LogConfig: Applying CVar settings from Section [FoliageQuality@3] File [C:/3/MultiShooter/Saved/Config/Windows/Scalability.ini]
[2022.04.28-20.51.39:830][  0]LogConfig: Setting CVar [[foliage.DensityScale:1.0]]
[2022.04.28-20.51.39:830][  0]LogConfig: Setting CVar [[grass.DensityScale:1.0]]
[2022.04.28-20.51.39:830][  0]LogConfig: Applying CVar settings from Section [ShadingQuality@3] File [C:/3/MultiShooter/Saved/Config/Windows/Scalability.ini]
[2022.04.28-20.51.39:830][  0]LogConfig: Setting CVar [[r.HairStrands.SkyLighting.IntegrationType:2]]
[2022.04.28-20.51.39:830][  0]LogConfig: Setting CVar [[r.HairStrands.SkyAO.SampleCount:4]]
[2022.04.28-20.51.39:830][  0]LogConfig: Setting CVar [[r.HairStrands.Visibility.MSAA.SamplePerPixel:4]]
[2022.04.28-20.51.39:830][  0]LogConfig: Applying CVar settings from Section [Startup] File [../../../Engine/Config/ConsoleVariables.ini]
[2022.04.28-20.51.39:831][  0]LogConfig: Setting CVar [[net.UseAdaptiveNetUpdateFrequency:0]]
[2022.04.28-20.51.39:831][  0]LogConfig: Setting CVar [[p.chaos.AllowCreatePhysxBodies:1]]
[2022.04.28-20.51.39:831][  0]LogConfig: Setting CVar [[fx.SkipVectorVMBackendOptimizations:1]]
[2022.04.28-20.51.39:831][  0]LogConfig: Applying CVar settings from Section [ConsoleVariables] File [C:/3/MultiShooter/Saved/Config/Windows/Engine.ini]
[2022.04.28-20.51.39:831][  0]LogConfig: Applying CVar settings from Section [ConsoleVariables] File [C:/3/MultiShooter/Saved/Config/Windows/Editor.ini]
[2022.04.28-20.51.39:831][  0]LogInit: Computer: LAPTOP-K7OCUPB7
[2022.04.28-20.51.39:831][  0]LogInit: User: buryk
[2022.04.28-20.51.39:831][  0]LogInit: CPU Page size=4096, Cores=6
[2022.04.28-20.51.39:831][  0]LogInit: High frequency timer resolution =10.000000 MHz
[2022.04.28-20.51.39:831][  0]LogMemory: Memory total: Physical=15.8GB (16GB approx)
[2022.04.28-20.51.39:831][  0]LogMemory: Platform Memory Stats for Windows
[2022.04.28-20.51.39:831][  0]LogMemory: Process Physical Memory: 146.46 MB used, 146.46 MB peak
[2022.04.28-20.51.39:831][  0]LogMemory: Process Virtual Memory: 123.84 MB used, 123.84 MB peak
[2022.04.28-20.51.39:831][  0]LogMemory: Physical Memory: 9219.10 MB used,  6966.07 MB free, 16185.18 MB total
[2022.04.28-20.51.39:831][  0]LogMemory: Virtual Memory: 134204368.00 MB used,  13361.36 MB free, 134217728.00 MB total
[2022.04.28-20.51.39:837][  0]LogWindows: WindowsPlatformFeatures enabled
[2022.04.28-20.51.39:890][  0]LogInit: Physics initialised using underlying interface: PhysX
[2022.04.28-20.51.39:890][  0]LogInit: Using OS detected language (ru-RU).
[2022.04.28-20.51.39:890][  0]LogInit: Using OS detected locale (ru-RU).
[2022.04.28-20.51.39:895][  0]LogTextLocalizationManager: No specific localization for 'ru-RU' exists, so the 'ru' localization will be used.
[2022.04.28-20.51.39:900][  0]LogTextLocalizationResource: LocRes '../../../Engine/Content/Localization/Editor/ru/Editor.locres' could not be opened for reading!
[2022.04.28-20.51.39:900][  0]LogTextLocalizationResource: LocRes '../../../Engine/Content/Localization/EditorTutorials/ru/EditorTutorials.locres' could not be opened for reading!
[2022.04.28-20.51.39:900][  0]LogTextLocalizationResource: LocRes '../../../Engine/Content/Localization/Keywords/ru/Keywords.locres' could not be opened for reading!
[2022.04.28-20.51.39:901][  0]LogTextLocalizationResource: LocRes '../../../Engine/Content/Localization/Category/ru/Category.locres' could not be opened for reading!
[2022.04.28-20.51.39:901][  0]LogTextLocalizationResource: LocRes '../../../Engine/Content/Localization/ToolTips/ru/ToolTips.locres' could not be opened for reading!
[2022.04.28-20.51.39:901][  0]LogTextLocalizationResource: LocRes '../../../Engine/Content/Localization/PropertyNames/ru/PropertyNames.locres' could not be opened for reading!
[2022.04.28-20.51.39:901][  0]LogTextLocalizationResource: LocRes '../../../Engine/Content/Localization/Engine/ru/Engine.locres' could not be opened for reading!
[2022.04.28-20.51.39:918][  0]LogWindowsTextInputMethodSystem: Display: IME system deactivated.
[2022.04.28-20.51.39:941][  0]LogSlate: New Slate User Created.  User Index 0, Is Virtual User: 0
[2022.04.28-20.51.39:941][  0]LogSlate: Slate User Registered.  User Index 0, Is Virtual User: 0
[2022.04.28-20.51.39:956][  0]LogD3D11RHI: Loaded GFSDK_Aftermath_Lib.x64.dll
[2022.04.28-20.51.39:970][  0]LogHMD: Failed to initialize OpenVR with code 110
[2022.04.28-20.51.39:970][  0]LogD3D11RHI: D3D11 min allowed feature level: 11_0
[2022.04.28-20.51.39:970][  0]LogD3D11RHI: D3D11 max allowed feature level: 11_0
[2022.04.28-20.51.39:970][  0]LogD3D11RHI: D3D11 adapters:
[2022.04.28-20.51.40:093][  0]LogD3D11RHI:    0. 'NVIDIA GeForce GTX 1660 Ti with Max-Q Design' (Feature Level 11_0)
[2022.04.28-20.51.40:093][  0]LogD3D11RHI:       5991/0/8092 MB DedicatedVideo/DedicatedSystem/SharedSystem, Outputs:1, VendorId:0x10de
[2022.04.28-20.51.40:119][  0]LogD3D11RHI:    1. 'Intel(R) UHD Graphics' (Feature Level 11_0)
[2022.04.28-20.51.40:119][  0]LogD3D11RHI:       128/0/8092 MB DedicatedVideo/DedicatedSystem/SharedSystem, Outputs:0, VendorId:0x8086
[2022.04.28-20.51.40:121][  0]LogD3D11RHI:    2. 'Microsoft Basic Render Driver' (Feature Level 11_0)
[2022.04.28-20.51.40:121][  0]LogD3D11RHI:       0/0/8092 MB DedicatedVideo/DedicatedSystem/SharedSystem, Outputs:0, VendorId:0x1414
[2022.04.28-20.51.40:121][  0]LogD3D11RHI: Chosen D3D11 Adapter: 0
[2022.04.28-20.51.40:128][  0]LogD3D11RHI: Creating new Direct3DDevice
[2022.04.28-20.51.40:128][  0]LogD3D11RHI:     GPU DeviceId: 0x2191 (for the marketing name, search the web for "GPU Device Id")
[2022.04.28-20.51.40:128][  0]LogWindows: EnumDisplayDevices:
[2022.04.28-20.51.40:128][  0]LogWindows:    0. 'Intel(R) UHD Graphics' (P:1 D:1)
[2022.04.28-20.51.40:129][  0]LogWindows:    1. 'Intel(R) UHD Graphics' (P:0 D:0)
[2022.04.28-20.51.40:129][  0]LogWindows:    2. 'Intel(R) UHD Graphics' (P:0 D:0)
[2022.04.28-20.51.40:129][  0]LogWindows:    3. 'NVIDIA GeForce GTX 1660 Ti with Max-Q Design' (P:0 D:0)
[2022.04.28-20.51.40:129][  0]LogWindows:    4. 'NVIDIA GeForce GTX 1660 Ti with Max-Q Design' (P:0 D:0)
[2022.04.28-20.51.40:129][  0]LogWindows:    5. 'NVIDIA GeForce GTX 1660 Ti with Max-Q Design' (P:0 D:0)
[2022.04.28-20.51.40:129][  0]LogWindows:    6. 'NVIDIA GeForce GTX 1660 Ti with Max-Q Design' (P:0 D:0)
[2022.04.28-20.51.40:130][  0]LogWindows: DebugString: PrimaryIsNotTheChoosenAdapter PrimaryIsNotTheChoosenAdapter PrimaryIsNotTheChoosenAdapter FoundDriverCount:4 
[2022.04.28-20.51.40:130][  0]LogD3D11RHI:     Adapter Name: NVIDIA GeForce GTX 1660 Ti with Max-Q Design
[2022.04.28-20.51.40:130][  0]LogD3D11RHI:   Driver Version: 497.33 (internal:30.0.14.9733, unified:497.33)
[2022.04.28-20.51.40:130][  0]LogD3D11RHI:      Driver Date: 12-16-2021
[2022.04.28-20.51.40:130][  0]LogRHI: Texture pool is 4193 MB (70% of 5991 MB)
[2022.04.28-20.51.40:195][  0]LogD3D11RHI: RHI has support for 64 bit atomics
[2022.04.28-20.51.40:195][  0]LogD3D11RHI: Async texture creation enabled
[2022.04.28-20.51.40:195][  0]LogD3D11RHI: Array index from any shader is supported
[2022.04.28-20.51.40:217][  0]LogD3D11RHI: GPU Timing Frequency: 1000.000000 (Debug: 2 2)
[2022.04.28-20.51.40:259][  0]LogRHI: GeForceNow SDK initialized: 1
[2022.04.28-20.51.40:568][  0]LogTargetPlatformManager: Display: Loaded TargetPlatform 'WindowsNoEditor'
[2022.04.28-20.51.40:570][  0]LogTargetPlatformManager: Display: Loaded TargetPlatform 'Windows'
[2022.04.28-20.51.40:573][  0]LogTargetPlatformManager: Display: Loaded TargetPlatform 'WindowsClient'
[2022.04.28-20.51.40:575][  0]LogTargetPlatformManager: Display: Loaded TargetPlatform 'WindowsServer'
[2022.04.28-20.51.40:575][  0]LogTargetPlatformManager: Display: Building Assets For Windows
[2022.04.28-20.51.40:579][  0]LogAudioDebug: Display: Lib vorbis DLL was dynamically loaded.
[2022.04.28-20.51.40:609][  0]LogTextureFormatOodle: Display: Oodle Texture 2.9.0 init RDO Off
[2022.04.28-20.51.40:640][  0]LogRendererCore: Ray tracing is disabled. Reason: r.RayTracing=0.
[2022.04.28-20.51.40:640][  0]LogShaderCompilers: Guid format shader working directory is 13 characters bigger than the processId version (../../../../../../3/MultiShooter/Intermediate/Shaders/WorkingDirectory/46432/).
[2022.04.28-20.51.40:640][  0]LogShaderCompilers: Cleaned the shader compiler working directory 'C:/Users/buryk/AppData/Local/Temp/UnrealShaderWorkingDir/11E2EED740B13A2D2BE69A8DDF372FFB/'.
[2022.04.28-20.51.40:640][  0]LogXGEController: Cannot use XGE Controller as Incredibuild is not installed on this machine.
[2022.04.28-20.51.40:640][  0]LogShaderCompilers: Cannot use XGE Shader Compiler as Incredibuild is not installed on this machine.
[2022.04.28-20.51.40:640][  0]LogShaderCompilers: Display: Using Local Shader Compiler.
[2022.04.28-20.51.41:351][  0]LogDerivedDataCache: Display: Max Cache Size: 512 MB
[2022.04.28-20.51.41:407][  0]LogDerivedDataCache: Loaded boot cache 0.06s 95MB C:/Users/buryk/AppData/Local/UnrealEngine/4.27/DerivedDataCache/Boot.ddc.
[2022.04.28-20.51.41:407][  0]LogDerivedDataCache: Display: Loaded Boot cache: C:/Users/buryk/AppData/Local/UnrealEngine/4.27/DerivedDataCache/Boot.ddc
[2022.04.28-20.51.41:407][  0]LogDerivedDataCache: FDerivedDataBackendGraph:  Pak pak cache file ../../../../../../3/MultiShooter/DerivedDataCache/DDC.ddp not found, will not use a pak cache.
[2022.04.28-20.51.41:407][  0]LogDerivedDataCache: Unable to find inner node Pak for hierarchical cache Hierarchy.
[2022.04.28-20.51.41:407][  0]LogDerivedDataCache: FDerivedDataBackendGraph:  CompressedPak pak cache file ../../../../../../3/MultiShooter/DerivedDataCache/Compressed.ddp not found, will not use a pak cache.
[2022.04.28-20.51.41:407][  0]LogDerivedDataCache: Unable to find inner node CompressedPak for hierarchical cache Hierarchy.
[2022.04.28-20.51.41:421][  0]LogDerivedDataCache: Display: Pak cache opened for reading ../../../Engine/DerivedDataCache/Compressed.ddp.
[2022.04.28-20.51.41:422][  0]LogDerivedDataCache: FDerivedDataBackendGraph:  EnterprisePak pak cache file ../../../Enterprise/DerivedDataCache/Compressed.ddp not found, will not use a pak cache.
[2022.04.28-20.51.41:422][  0]LogDerivedDataCache: Unable to find inner node EnterprisePak for hierarchical cache Hierarchy.
[2022.04.28-20.51.41:430][  0]LogDerivedDataCache: Speed tests for C:/Users/buryk/AppData/Local/UnrealEngine/Common/DerivedDataCache took 0.01 seconds
[2022.04.28-20.51.41:430][  0]LogDerivedDataCache: Display: Performance to C:/Users/buryk/AppData/Local/UnrealEngine/Common/DerivedDataCache: Latency=0.03ms. RandomReadSpeed=271.39MBs, RandomWriteSpeed=173.40MBs. Assigned SpeedClass 'Local'
[2022.04.28-20.51.41:431][  0]LogDerivedDataCache: Using Local data cache path C:/Users/buryk/AppData/Local/UnrealEngine/Common/DerivedDataCache: Writable
[2022.04.28-20.51.41:431][  0]LogDerivedDataCache: Shared data cache path not found in *engine.ini, will not use an Shared cache.
[2022.04.28-20.51.41:431][  0]LogDerivedDataCache: Unable to find inner node Shared for hierarchical cache Hierarchy.
[2022.04.28-20.51.41:463][  0]LogSlate: Using FreeType 2.10.0
[2022.04.28-20.51.41:463][  0]LogSlate: SlateFontServices - WITH_FREETYPE: 1, WITH_HARFBUZZ: 1
[2022.04.28-20.51.41:562][  0]LogInit: Using OS detected language (ru-RU).
[2022.04.28-20.51.41:562][  0]LogInit: Using OS detected locale (ru-RU).
[2022.04.28-20.51.41:562][  0]LogTextLocalizationManager: No localization for 'ru-RU' exists, so 'en' will be used for the language.
[2022.04.28-20.51.41:562][  0]LogTextLocalizationManager: No localization for 'ru-RU' exists, so 'en' will be used for the locale.
[2022.04.28-20.51.41:562][  0]LogSlate: FontCache flush requested. Reason: Culture for localization was changed
[2022.04.28-20.51.41:562][  0]LogSlate: FontCache flush requested. Reason: Culture for localization was changed
[2022.04.28-20.51.41:566][  0]LogAssetRegistry: FAssetRegistry took 0.0021 seconds to start up
[2022.04.28-20.51.41:723][  0]LogTextLocalizationManager: Compacting localization data took   0.00ms
[2022.04.28-20.51.41:723][  0]LogPackageLocalizationCache: Processed 27 localized package path(s) for 1 prioritized culture(s) in 0.001401 seconds
[2022.04.28-20.51.41:787][  0]LogInit: Selected Device Profile: [Windows]
[2022.04.28-20.51.41:787][  0]LogInit: Active device profile: [00000159D8059300][00000159D19EAAC0 49] Windows
[2022.04.28-20.51.41:787][  0]LogInit: Profiles: [00000159D8059300][00000159D19EAAC0 49] Windows, [00000159D802A700][00000159D19F2C40 49] WindowsNoEditor, [00000159D805A500][00000159D19F6DC0 49] WindowsServer, [00000159D802B500][00000159D19FAF40 49] WindowsClient, [00000159D805B200][00000159D19FF0C0 49] IOS, [00000159D8029300][00000159D1A03240 49] iPadAir, [00000159D805A900][00000159D19EF380 49] iPadAir2, [00000159D7FD1C00][00000159D1A0B5C0 49] IPadPro, [00000159D7FD1D00][00000159D1A07600 49] iPadAir3, [00000159D802BB00][00000159D1A0F740 49] iPadAir4, [00000159D7FD2C00][00000159D1A178C0 49] iPadMini2, [00000159D8029600][00000159D1A1BA40 49] iPadMini3, [00000159D7FD0B00][00000159D1A1FBC0 49] iPadMini4, [00000159D802AB00][00000159D1A221C0 49] iPadMini5, [00000159D7FFD300][00000159D1A2A480 49] iPhone6, [00000159D7FFD400][00000159D1A264C0 49] iPodTouch6, [00000159D8059600][00000159D1A32780 49] iPhone7, [00000159D805AB00][00000159D1A2E7C0 49] iPodTouch7, [00000159D7FD3B00][00000159D1A36940 49] iPhone5S, [00000159D8059800][00000159D1A3AAC0 49] iPhone6Plus, [00000159D7FD3000][00000159D1A3EC40 49] iPhone6S, [00000159D805A800][00000159D1A42DC0 49] iPhone6SPlus, [00000159D7FD1500][00000159D1A46F40 49] iPhone7Plus, [00000159D8058100][00000159D1A4B0C0 49] iPhoneSE, [00000159D7FD0200][00000159D0231240 49] iPhone8, [00000159D8059700][00000159D02353C0 49] iPhone8Plus, [00000159D7FFC100][00000159D1A13500 49] iPhoneX, [00000159D7FD1800][00000159D0239640 49] iPhoneXS, [00000159D7FFCC00][00000159D023D780 49] iPhoneXSMax, [00000159D7FD3800][00000159D02418C0 49] iPhoneXR, [00000159D7FFFD00][00000159D0249A40 49] iPhone11, [00000159D7FD2800][00000159D024DBC0 49] iPhone11Pro, [00000159D7FFF800][00000159D02501C0 49] iPhone11ProMax, [00000159D7FD0C00][00000159D0254340 49] iPhoneSE2, [00000159D7FFE900][00000159D02584C0 49] iPhone12Mini, [00000159D7FD3F00][00000159D025C640 49] iPhone12, [00000159D8058A00][00000159D02607C0 49] iPhone12Pro, [00000159D7FD3E00][00000159D0264940 49] iPhone12ProMax, [00000159D8058700][00000159D1650AC0 49] iPadPro105, [00000159D7FD1100][00000159D1654C40 49] iPadPro129, [00000159D805AE00][00000159D1658DC0 49] iPadPro97, [00000159D7FD1300][00000159D165CF40 49] iPadPro2_129, [00000159D8058800][00000159D16610C0 49] iPad5, [00000159D7FD2D00][00000159D1665240 49] iPad6, [00000159D805BD00][00000159D16693C0 49] iPad7, [00000159D7FD1200][00000159D166D540 49] iPad8, [00000159D805BC00][00000159D16716C0 49] iPadPro11, [00000159D7FD2500][00000159D0245800 49] iPadPro2_11, [00000159D805B700][00000159D1675940 49] iPadPro3_129, [00000159D7FD3300][00000159D1679A80 49] iPadPro4_129, [00000159D8059100][00000159D1681C00 49] AppleTV, [00000159D7FD2100][00000159D1684200 49] AppleTV4K, [00000159D805AA00][00000159D1688380 49] TVOS, [00000159D7FD1F00][00000159D168C500 49] Mac, [00000159D8059000][00000159D1690680 49] MacClient, [00000159D7FD0E00][00000159D1694800 49] MacNoEditor, [00000159D8059A00][00000159D1698980 49] MacServer, [00000159D7FD2700][00000159D8180B00 49] Linux, [00000159D8058400][00000159D8184C80 49] LinuxAArch64, [00000159D7FD3A00][00000159D8188E00 49] LinuxNoEditor, [00000159D8059F00][00000159D818CF80 49] LinuxAArch64NoEditor, [00000159D7FD3D00][00000159D8191100 49] LinuxClient, [00000159D805B000][00000159D8195280 49] LinuxAArch64Client, [00000159D7FD3C00][00000159D8199400 49] LinuxServer, [00000159D805A200][00000159D819D580 49] LinuxAArch64Server, [00000159D7FD2200][00000159D81A1700 49] Android, [00000159D805B900][00000159D81A5880 49] Android_Low, [00000159D7FD2A00][00000159D167D9C0 49] Android_Mid, [00000159D805AD00][00000159D81A9B00 49] Android_High, [00000159D7FD1E00][00000159D81AC0C0 49] Android_Default, [00000159D8059B00][00000159D81B4240 49] Android_Adreno4xx, [00000159D7FD0A00][00000159D81B83C0 49] Android_Adreno5xx_Low, [00000159D8058600][00000159D81BC540 49] Android_Adreno5xx, [00000159D7FD2600][00000159D81C06C0 49] Android_Adreno6xx, [00000159D805A600][00000159D81C4840 49] Android_Adreno6xx_Vulkan, [00000159D7FD2300][00000159D81C89C0 49] Android_Mali_T6xx, [00000159D8058F00][00000159D81CCB40 49] Android_Mali_T7xx, [00000159D7FD2900][00000159D81D0CC0 49] Android_Mali_T8xx, [00000159D805A400][00000159D81D4E40 49] Android_Mali_G71, [00000159D7FD0900][00000159D81D8FC0 49] Android_Mali_G72, [00000159D805BA00][00000159D81DD140 49] Android_Mali_G72_Vulkan, [00000159D7FD2F00][00000159D81E12C0 49] Android_Mali_G76, [00000159D8059E00][00000159D81E5440 49] Android_Mali_G76_Vulkan, [00000159D8028F00][00000159D81E95C0 49] Android_Mali_G77, [00000159D7FFE100][00000159D81ED740 49] Android_Mali_G77_Vulkan, [00000159D8028D00][00000159D81F18C0 49] Android_Mali_G78, [00000159D7FFF400][00000159D81F5A40 49] Android_Mali_G78_Vulkan, [00000159D8028400][00000159D81B1B80 49] Android_Mali_G710, [00000159D7FFF100][00000159D81F8140 49] Android_Mali_G710_Vulkan, [00000159D8028E00][00000159D81FC280 49] Android_Vulkan_SM5, [00000159D7FFFA00][00000159D82003C0 49] Android_PowerVR_G6xxx, [00000159D802A100][00000159D8208540 49] Android_PowerVR_GT7xxx, [00000159D7FFEF00][00000159D820C6C0 49] Android_PowerVR_GE8xxx, [00000159D802A000][00000159D8210840 49] Android_PowerVR_GM9xxx, [00000159D7FFC900][00000159D82149C0 49] Android_PowerVR_GM9xxx_Vulkan, [00000159D802AF00][00000159D8218B40 49] Android_TegraK1, [00000159D7FFC300][00000159D821CCC0 49] Android_Unknown_Vulkan, [00000159D8028C00][00000159D8220E40 49] Lumin, [00000159D7FFEE00][00000159D8224FC0 49] Lumin_Desktop, [00000159D8029B00][00000159D8229140 49] HoloLens, 
[2022.04.28-20.51.41:826][  0]LogMeshReduction: Using QuadricMeshReduction for automatic static mesh reduction
[2022.04.28-20.51.41:826][  0]LogMeshReduction: Using SimplygonMeshReduction for automatic skeletal mesh reduction
[2022.04.28-20.51.41:826][  0]LogMeshReduction: Using ProxyLODMeshReduction for automatic mesh merging
[2022.04.28-20.51.41:826][  0]LogMeshReduction: No distributed automatic mesh merging module available
[2022.04.28-20.51.41:826][  0]LogMeshMerging: No distributed automatic mesh merging module available
[2022.04.28-20.51.41:925][  0]LogNetVersion: MultiShooter 1.0.0, NetCL: 17155196, EngineNetVer: 17, GameNetVer: 0 (Checksum: 31779901)
[2022.04.28-20.51.42:134][  0]LogTexture: Default maximum texture size for cubemaps generated from long-lat sources has been changed from 512 to unlimited. In order to preserve old behaiour for '/Engine/MapTemplates/Sky/DaylightAmbientCubemap.DaylightAmbientCubemap', its maximum texture size has been explicitly set to 512.
[2022.04.28-20.51.42:181][  0]LogHMD: PokeAHoleMaterial loaded successfully
[2022.04.28-20.51.42:289][  0]LogMoviePlayer: Initializing movie player
[2022.04.28-20.51.42:378][  0]LogNiagaraDebuggerClient: Niagara Debugger Client Initialized | Session: 7D8B6DED4D2477006D249CBEE807028E | Instance: A9BBF374456EFB72282793B3FE7EBB19 (LAPTOP-K7OCUPB7-46432).
[2022.04.28-20.51.42:397][  0]LogCollectionManager: Loaded 0 collections in 0.002177 seconds
[2022.04.28-20.51.42:399][  0]LogFileCache: Scanning file cache for directory 'C:/3/MultiShooter/Saved/Collections/' took 0.00s
[2022.04.28-20.51.42:399][  0]LogFileCache: Scanning file cache for directory 'C:/3/MultiShooter/Content/Developers/buryk/Collections/' took 0.00s
[2022.04.28-20.51.42:399][  0]LogCollectionManager: Fixed up redirectors for 0 collections in 0.000001 seconds (updated 0 objects)
[2022.04.28-20.51.42:490][  0]LogFileCache: Scanning file cache for directory 'C:/3/MultiShooter/Content/Collections/' took 0.00s
[2022.04.28-20.51.42:490][  0]LogStreaming: Warning: Failed to read file '../../../Engine/Content/Editor/Slate/Niagara/MenuSeparator.png' error.
[2022.04.28-20.51.42:490][  0]LogSlate: Could not find file for Slate resource: ../../../Engine/Content/Editor/Slate/Niagara/MenuSeparator.png
[2022.04.28-20.51.42:490][  0]LogStreaming: Warning: Failed to read file '../../../Engine/Content/Editor/Slate/Niagara/Common/Selector.png' error.
[2022.04.28-20.51.42:490][  0]LogSlate: Could not find file for Slate resource: ../../../Engine/Content/Editor/Slate/Niagara/Common/Selector.png
[2022.04.28-20.51.42:490][  0]LogStreaming: Warning: Failed to read file '../../../Engine/Content/Editor/Slate/Niagara/Common/Selection.png' error.
[2022.04.28-20.51.42:490][  0]LogSlate: Could not find file for Slate resource: ../../../Engine/Content/Editor/Slate/Niagara/Common/Selection.png
[2022.04.28-20.51.42:490][  0]LogStreaming: Warning: Failed to read file '../../../Engine/Content/Editor/Slate/Niagara/Common/DropZoneIndicator_Above.png' error.
[2022.04.28-20.51.42:490][  0]LogSlate: Could not find file for Slate resource: ../../../Engine/Content/Editor/Slate/Niagara/Common/DropZoneIndicator_Above.png
[2022.04.28-20.51.42:490][  0]LogStreaming: Warning: Failed to read file '../../../Engine/Content/Editor/Slate/Niagara/Common/DropZoneIndicator_Below.png' error.
[2022.04.28-20.51.42:490][  0]LogSlate: Could not find file for Slate resource: ../../../Engine/Content/Editor/Slate/Niagara/Common/DropZoneIndicator_Below.png
[2022.04.28-20.51.42:490][  0]LogStreaming: Warning: Failed to read file '../../../Engine/Content/Editor/Slate/Niagara/Common/DropZoneIndicator_Onto.png' error.
[2022.04.28-20.51.42:490][  0]LogSlate: Could not find file for Slate resource: ../../../Engine/Content/Editor/Slate/Niagara/Common/DropZoneIndicator_Onto.png
[2022.04.28-20.51.42:490][  0]LogStreaming: Warning: Failed to read file '../../../Engine/Content/Editor/Slate/Niagara/Common/RoundedSelection_16x.png' error.
[2022.04.28-20.51.42:490][  0]LogSlate: Could not find file for Slate resource: ../../../Engine/Content/Editor/Slate/Niagara/Common/RoundedSelection_16x.png
[2022.04.28-20.51.42:490][  0]LogStreaming: Warning: Failed to read file '../../../Engine/Content/Editor/Slate/Niagara/Common/FlatButton.png' error.
[2022.04.28-20.51.42:490][  0]LogSlate: Could not find file for Slate resource: ../../../Engine/Content/Editor/Slate/Niagara/Common/FlatButton.png
[2022.04.28-20.51.42:490][  0]LogImageWrapper: Warning: PNG Warning: Duplicate iCCP chunk
[2022.04.28-20.51.42:490][  0]LogImageWrapper: Warning: PNG Warning: Duplicate iCCP chunk
[2022.04.28-20.51.42:490][  0]LogTcpMessaging: Initializing TcpMessaging bridge
[2022.04.28-20.51.42:493][  0]LogUdpMessaging: Initializing bridge on interface 0.0.0.0:0 to multicast group 230.0.0.1:6666.
[2022.04.28-20.51.42:501][  0]LogPython: Using Python 3.7.7
[2022.04.28-20.51.42:916][  0]SourceControl: Source control is disabled
[2022.04.28-20.51.42:916][  0]SourceControl: Source control is disabled
[2022.04.28-20.51.42:919][  0]SourceControl: Source control is disabled
[2022.04.28-20.51.42:924][  0]LogUProjectInfo: Found projects:
[2022.04.28-20.51.43:022][  0]LogOpenImageDenoise: OIDN starting up
[2022.04.28-20.51.43:028][  0]LogAndroidPermission: UAndroidPermissionCallbackProxy::GetInstance
[2022.04.28-20.51.43:047][  0]LogAudioCaptureCore: Display: No Audio Capture implementations found. Audio input will be silent.
[2022.04.28-20.51.43:047][  0]LogAudioCaptureCore: Display: No Audio Capture implementations found. Audio input will be silent.
[2022.04.28-20.51.43:128][  0]LogOcInput: OculusInput pre-init called
[2022.04.28-20.51.43:135][  0]LogUObjectArray: 22122 objects as part of root set at end of initial load.
[2022.04.28-20.51.43:135][  0]LogUObjectAllocator: 5975648 out of 0 bytes used by permanent object pool.
[2022.04.28-20.51.43:135][  0]LogUObjectArray: CloseDisregardForGC: 0/0 objects in disregard for GC pool
[2022.04.28-20.51.43:170][  0]LogEngine: Initializing Engine...
[2022.04.28-20.51.43:172][  0]LogHMD: Failed to enumerate extensions. Please check that you have a valid OpenXR runtime installed.
[2022.04.28-20.51.43:173][  0]LogHMD: Failed to initialize OpenVR with code 110
[2022.04.28-20.51.43:173][  0]LogMagicLeap: Warning: VR disabled because ZI is not enabled.  To enable, in the editor, Edit -> Project Settings -> Plugins -> Magic Leap Plugin -> Enable Zero Iteration
[2022.04.28-20.51.43:174][  0]LogStats: UGameplayTagsManager::InitializeManager -  0.000 s
[2022.04.28-20.51.43:257][  0]LogInit: Initializing FReadOnlyCVARCache
[2022.04.28-20.51.43:257][  0]LogAudio: Display: Initializing Audio Device Manager...
[2022.04.28-20.51.43:258][  0]LogAudio: Display: Loading Default Audio Settings Objects...
[2022.04.28-20.51.43:259][  0]LogAudio: Display: No default SoundConcurrencyObject specified (or failed to load).
[2022.04.28-20.51.43:259][  0]LogAudio: Display: Audio Device Manager Initialized
[2022.04.28-20.51.43:259][  0]LogAudio: Display: Creating Audio Device:                 Id: 1, Scope: Shared, Realtime: True
[2022.04.28-20.51.43:259][  0]LogAudioMixer: Display: Audio Mixer Platform Settings:
[2022.04.28-20.51.43:259][  0]LogAudioMixer: Display: 	Sample Rate:						  48000
[2022.04.28-20.51.43:259][  0]LogAudioMixer: Display: 	Callback Buffer Frame Size Requested: 1024
[2022.04.28-20.51.43:259][  0]LogAudioMixer: Display: 	Callback Buffer Frame Size To Use:	  1024
[2022.04.28-20.51.43:259][  0]LogAudioMixer: Display: 	Number of buffers to queue:			  2
[2022.04.28-20.51.43:259][  0]LogAudioMixer: Display: 	Max Channels (voices):				  32
[2022.04.28-20.51.43:259][  0]LogAudioMixer: Display: 	Number of Async Source Workers:		  0
[2022.04.28-20.51.43:259][  0]LogAudio: Display: AudioDevice MaxSources: 32
[2022.04.28-20.51.43:259][  0]LogAudio: Display: Audio Spatialization Plugin: None (built-in).
[2022.04.28-20.51.43:259][  0]LogAudio: Display: Audio Reverb Plugin: None (built-in).
[2022.04.28-20.51.43:259][  0]LogAudio: Display: Audio Occlusion Plugin: None (built-in).
[2022.04.28-20.51.43:259][  0]LogAudioMixer: Display: Initializing audio mixer.
[2022.04.28-20.51.43:273][  0]LogAudioMixer: Display: 0: FrontLeft
[2022.04.28-20.51.43:273][  0]LogAudioMixer: Display: 1: FrontRight
[2022.04.28-20.51.43:287][  0]LogAudioMixer: Display: Using Audio Device Speaker (Realtek(R) Audio)
[2022.04.28-20.51.43:292][  0]LogAudioMixer: Display: Initializing Sound Submixes...
[2022.04.28-20.51.43:293][  0]LogAudioMixer: Display: Creating Master Submix 'MasterSubmixDefault'
[2022.04.28-20.51.43:293][  0]LogAudioMixer: Display: Creating Master Submix 'MasterReverbSubmixDefault'
[2022.04.28-20.51.43:294][  0]LogAudioMixer: Display: Creating Master Submix 'MasterEQSubmixDefault'
[2022.04.28-20.51.43:294][  0]LogAudioMixer: FMixerPlatformXAudio2::StartAudioStream() called
[2022.04.28-20.51.43:294][  0]LogAudioMixer: Display: Output buffers initialized: Frames=1024, Channels=2, Samples=2048
[2022.04.28-20.51.43:295][  0]LogAudioMixer: Display: Starting AudioMixerPlatformInterface::RunInternal()
[2022.04.28-20.51.43:295][  0]LogAudioMixer: Display: FMixerPlatformXAudio2::SubmitBuffer() called for the first time
[2022.04.28-20.51.43:295][  0]LogInit: FAudioDevice initialized.
[2022.04.28-20.51.43:296][  0]LogNetVersion: Set ProjectVersion to 1.0.0.0. Version Checksum will be recalculated on next use.
[2022.04.28-20.51.43:296][  0]LogInit: Texture streaming: Enabled
[2022.04.28-20.51.43:342][  0]LogAudio: Display: Audio Device (ID: 1) registered with world 'Untitled'.
[2022.04.28-20.51.43:342][  0]LogSlate: Updating window title bar state: overlay mode, drag disabled, window buttons hidden, title bar hidden
[2022.04.28-20.51.43:343][  0]LogInit: Display: Game Engine Initialized.
[2022.04.28-20.51.43:343][  0]LogNiagaraEditor: GEditor isn't valid! Particle reset commands will not work for Niagara components!
[2022.04.28-20.51.43:434][  0]LogStreaming: Warning: Failed to read file '../../../Engine/Content/Editor/Slate/Niagara/MenuSeparator.png' error.
[2022.04.28-20.51.43:434][  0]LogSlate: Could not find file for Slate resource: ../../../Engine/Content/Editor/Slate/Niagara/MenuSeparator.png
[2022.04.28-20.51.43:434][  0]LogStreaming: Warning: Failed to read file '../../../Engine/Content/Editor/Slate/Niagara/Common/Selector.png' error.
[2022.04.28-20.51.43:434][  0]LogSlate: Could not find file for Slate resource: ../../../Engine/Content/Editor/Slate/Niagara/Common/Selector.png
[2022.04.28-20.51.43:434][  0]LogStreaming: Warning: Failed to read file '../../../Engine/Content/Editor/Slate/Niagara/Common/Selection.png' error.
[2022.04.28-20.51.43:434][  0]LogSlate: Could not find file for Slate resource: ../../../Engine/Content/Editor/Slate/Niagara/Common/Selection.png
[2022.04.28-20.51.43:434][  0]LogStreaming: Warning: Failed to read file '../../../Engine/Content/Editor/Slate/Niagara/Common/DropZoneIndicator_Above.png' error.
[2022.04.28-20.51.43:434][  0]LogSlate: Could not find file for Slate resource: ../../../Engine/Content/Editor/Slate/Niagara/Common/DropZoneIndicator_Above.png
[2022.04.28-20.51.43:434][  0]LogImageWrapper: Warning: PNG Warning: Duplicate iCCP chunk
[2022.04.28-20.51.43:435][  0]LogStreaming: Warning: Failed to read file '../../../Engine/Content/Editor/Slate/Niagara/Common/DropZoneIndicator_Below.png' error.
[2022.04.28-20.51.43:435][  0]LogSlate: Could not find file for Slate resource: ../../../Engine/Content/Editor/Slate/Niagara/Common/DropZoneIndicator_Below.png
[2022.04.28-20.51.43:435][  0]LogStreaming: Warning: Failed to read file '../../../Engine/Content/Editor/Slate/Niagara/Common/DropZoneIndicator_Onto.png' error.
[2022.04.28-20.51.43:435][  0]LogSlate: Could not find file for Slate resource: ../../../Engine/Content/Editor/Slate/Niagara/Common/DropZoneIndicator_Onto.png
[2022.04.28-20.51.43:435][  0]LogStreaming: Warning: Failed to read file '../../../Engine/Content/Editor/Slate/Niagara/Common/RoundedSelection_16x.png' error.
[2022.04.28-20.51.43:435][  0]LogSlate: Could not find file for Slate resource: ../../../Engine/Content/Editor/Slate/Niagara/Common/RoundedSelection_16x.png
[2022.04.28-20.51.43:435][  0]LogStreaming: Warning: Failed to read file '../../../Engine/Content/Editor/Slate/Niagara/Common/FlatButton.png' error.
[2022.04.28-20.51.43:435][  0]LogSlate: Could not find file for Slate resource: ../../../Engine/Content/Editor/Slate/Niagara/Common/FlatButton.png
[2022.04.28-20.51.43:435][  0]LogImageWrapper: Warning: PNG Warning: Duplicate iCCP chunk
[2022.04.28-20.51.43:451][  0]LogInit: Display: Starting Game.
[2022.04.28-20.51.43:451][  0]LogNet: Browse: /Game/MyContent/Maps/Lvl1?Name=Player?Listen
[2022.04.28-20.51.43:451][  0]LogLoad: LoadMap: /Game/MyContent/Maps/Lvl1?Name=Player?Listen
[2022.04.28-20.51.43:451][  0]LogWorld: BeginTearingDown for /Temp/Untitled_0
[2022.04.28-20.51.43:452][  0]LogWorld: UWorld::CleanupWorld for Untitled, bSessionEnded=true, bCleanupResources=true
[2022.04.28-20.51.43:452][  0]LogSlate: InvalidateAllWidgets triggered.  All widgets were invalidated
[2022.04.28-20.51.43:456][  0]LogAudio: Display: Audio Device unregistered from world 'None'.
[2022.04.28-20.51.43:458][  0]LogUObjectHash: Compacting FUObjectHashTables data took   0.71ms
[2022.04.28-20.51.43:576][  0]LogBlueprint: Warning: USimpleConstructionScript::FixupRootNodeParentReferences() - Couldn't find native parent component 'Arrow' for 'Camera' in BlueprintGeneratedClass 'BP_MultiplayerPawn_C' (it may have been removed)
[2022.04.28-20.51.43:576][  0]LogBlueprint: Warning: USimpleConstructionScript::FixupRootNodeParentReferences() - Couldn't find native parent component 'Arrow' for 'Arrow1' in BlueprintGeneratedClass 'BP_MultiplayerPawn_C' (it may have been removed)
[2022.04.28-20.51.43:591][  0]LogAudio: Display: Audio Device (ID: 1) registered with world 'Lvl1'.
[2022.04.28-20.51.43:597][  0]LogAIModule: Creating AISystem for world Lvl1
[2022.04.28-20.51.43:598][  0]LogLoad: Game class is 'BP_GameMode_C'
[2022.04.28-20.51.43:598][  0]LogNet: ReplicationDriverClass is null! Not using ReplicationDriver.
[2022.04.28-20.51.43:598][  0]LogNetCore: DDoS detection status: detection enabled: 0 analytics enabled: 0
[2022.04.28-20.51.43:598][  0]LogInit: WinSock: Socket queue. Rx: 131072 (config 131072) Tx: 131072 (config 131072)
[2022.04.28-20.51.43:598][  0]LogNet: Created socket for bind address: 0.0.0.0 on port 17777
[2022.04.28-20.51.43:598][  0]PacketHandlerLog: Loaded PacketHandler component: Engine.EngineHandlerComponentFactory (StatelessConnectHandlerComponent)
[2022.04.28-20.51.43:598][  0]LogNet: GameNetDriver IpNetDriver_0 IpNetDriver listening on port 17777
[2022.04.28-20.51.43:600][  0]LogWorld: Bringing World /Game/MyContent/Maps/Lvl1.Lvl1 up for play (max tick rate 0) at 2022.04.28-23.51.43
[2022.04.28-20.51.43:600][  0]LogWorld: Bringing up level for play took: 0.001173
[2022.04.28-20.51.43:601][  0]LogOnlineSession: Warning: OSS: No game present to join for session (GameSession)
[2022.04.28-20.51.43:604][  0]LogLoad: Took 0.153166 seconds to LoadMap(/Game/MyContent/Maps/Lvl1)
[2022.04.28-20.51.43:635][  0]LogSlate: Took 0.000211 seconds to synchronously load lazily loaded font '../../../Engine/Content/Slate/Fonts/Roboto-Regular.ttf' (155K)
[2022.04.28-20.51.43:656][  0]LogRenderer: Reallocating scene render targets to support 640x480 Format 10 NumSamples 1 (Frame:1).
[2022.04.28-20.51.43:656][  0]LogInit: Display: Engine is initialized. Leaving FEngineLoop::Init()
[2022.04.28-20.51.43:656][  0]LogLoad: (Engine Initialization) Total time: 5.64 seconds
[2022.04.28-20.51.43:656][  0]LogLoad: (Engine Initialization) Total Blueprint compile time: 0.00 seconds
[2022.04.28-20.51.43:659][  0]LogContentStreaming: Texture pool size now 1000 MB
[2022.04.28-20.51.43:660][  0]LogBlueprintUserMessages: [W_Lifebar_C_0] 0.0
[2022.04.28-20.51.43:661][  0]LogSlate: InvalidateAllWidgets triggered.  All widgets were invalidated
[2022.04.28-20.51.44:582][  0]LogRenderer: Reallocating scene render targets to support 128x128 Format 10 NumSamples 1 (Frame:1).
[2022.04.28-20.52.03:542][  0]LogRenderer: Reallocating scene render targets to support 640x480 Format 10 NumSamples 1 (Frame:2).
[2022.04.28-20.52.03:551][  1]LogNet: UNetDriver::TickDispatch: Very long time between ticks. DeltaTime: 19.90, Realtime: 19.89. IpNetDriver_0
[2022.04.28-20.52.03:551][  1]LogNet: NotifyAcceptingConnection accepted from: 127.0.0.1:59753
[2022.04.28-20.52.03:551][  1]LogHandshake: SendConnectChallenge. Timestamp: 19.895213, Cookie: 253191089075169203255223179001030033152125043017008255060114
[2022.04.28-20.52.03:551][  1]LogNet: NotifyAcceptingConnection accepted from: 127.0.0.1:59753
[2022.04.28-20.52.03:551][  1]LogHandshake: SendConnectChallenge. Timestamp: 19.895213, Cookie: 253191089075169203255223179001030033152125043017008255060114
[2022.04.28-20.52.03:551][  1]LogNet: NotifyAcceptingConnection accepted from: 127.0.0.1:59753
[2022.04.28-20.52.03:551][  1]LogHandshake: SendConnectChallenge. Timestamp: 19.895213, Cookie: 253191089075169203255223179001030033152125043017008255060114
[2022.04.28-20.52.03:551][  1]LogNet: NotifyAcceptingConnection accepted from: 127.0.0.1:59753
[2022.04.28-20.52.03:551][  1]LogHandshake: SendConnectChallenge. Timestamp: 19.895213, Cookie: 253191089075169203255223179001030033152125043017008255060114
[2022.04.28-20.52.03:551][  1]LogNet: NotifyAcceptingConnection accepted from: 127.0.0.1:59753
[2022.04.28-20.52.03:551][  1]LogHandshake: SendConnectChallenge. Timestamp: 19.895213, Cookie: 253191089075169203255223179001030033152125043017008255060114
[2022.04.28-20.52.03:551][  1]LogNet: NotifyAcceptingConnection accepted from: 127.0.0.1:59753
[2022.04.28-20.52.03:552][  1]LogHandshake: SendConnectChallenge. Timestamp: 19.895213, Cookie: 253191089075169203255223179001030033152125043017008255060114
[2022.04.28-20.52.03:552][  1]LogNet: NotifyAcceptingConnection accepted from: 127.0.0.1:59753
[2022.04.28-20.52.03:552][  1]LogHandshake: SendConnectChallenge. Timestamp: 19.895213, Cookie: 253191089075169203255223179001030033152125043017008255060114
[2022.04.28-20.52.03:552][  1]LogNet: NotifyAcceptingConnection accepted from: 127.0.0.1:59753
[2022.04.28-20.52.03:552][  1]LogHandshake: SendConnectChallenge. Timestamp: 19.895213, Cookie: 253191089075169203255223179001030033152125043017008255060114
[2022.04.28-20.52.03:552][  1]LogNet: NotifyAcceptingConnection accepted from: 127.0.0.1:59753
[2022.04.28-20.52.03:552][  1]LogHandshake: SendConnectChallenge. Timestamp: 19.895213, Cookie: 253191089075169203255223179001030033152125043017008255060114
[2022.04.28-20.52.03:552][  1]LogNet: NotifyAcceptingConnection accepted from: 127.0.0.1:59753
[2022.04.28-20.52.03:552][  1]LogHandshake: SendConnectChallenge. Timestamp: 19.895213, Cookie: 253191089075169203255223179001030033152125043017008255060114
[2022.04.28-20.52.03:552][  1]LogNet: NotifyAcceptingConnection accepted from: 127.0.0.1:59753
[2022.04.28-20.52.03:552][  1]LogHandshake: SendConnectChallenge. Timestamp: 19.895213, Cookie: 253191089075169203255223179001030033152125043017008255060114
[2022.04.28-20.52.03:552][  1]LogNet: NotifyAcceptingConnection accepted from: 127.0.0.1:59753
[2022.04.28-20.52.03:552][  1]LogHandshake: SendConnectChallenge. Timestamp: 19.895213, Cookie: 253191089075169203255223179001030033152125043017008255060114
[2022.04.28-20.52.03:553][  1]LogNet: NotifyAcceptingConnection accepted from: 127.0.0.1:59753
[2022.04.28-20.52.03:553][  1]LogHandshake: SendConnectChallenge. Timestamp: 19.895213, Cookie: 253191089075169203255223179001030033152125043017008255060114
[2022.04.28-20.52.03:553][  1]LogNet: NotifyAcceptingConnection accepted from: 127.0.0.1:59753
[2022.04.28-20.52.03:553][  1]LogHandshake: SendConnectChallenge. Timestamp: 19.895213, Cookie: 253191089075169203255223179001030033152125043017008255060114
[2022.04.28-20.52.03:553][  1]LogNet: NotifyAcceptingConnection accepted from: 127.0.0.1:59753
[2022.04.28-20.52.03:553][  1]LogHandshake: SendConnectChallenge. Timestamp: 19.895213, Cookie: 253191089075169203255223179001030033152125043017008255060114
[2022.04.28-20.52.03:553][  1]LogNet: NotifyAcceptingConnection accepted from: 127.0.0.1:59753
[2022.04.28-20.52.03:553][  1]LogHandshake: SendConnectChallenge. Timestamp: 19.895213, Cookie: 253191089075169203255223179001030033152125043017008255060114
[2022.04.28-20.52.03:553][  1]LogNet: NotifyAcceptingConnection accepted from: 127.0.0.1:59753
[2022.04.28-20.52.03:553][  1]LogHandshake: SendConnectChallenge. Timestamp: 19.895213, Cookie: 253191089075169203255223179001030033152125043017008255060114
[2022.04.28-20.52.03:553][  1]LogNet: NotifyAcceptingConnection accepted from: 127.0.0.1:59753
[2022.04.28-20.52.03:553][  1]LogHandshake: SendConnectChallenge. Timestamp: 19.895213, Cookie: 253191089075169203255223179001030033152125043017008255060114
[2022.04.28-20.52.03:553][  1]LogNet: NotifyAcceptingConnection accepted from: 127.0.0.1:59753
[2022.04.28-20.52.03:553][  1]LogHandshake: SendConnectChallenge. Timestamp: 19.895213, Cookie: 253191089075169203255223179001030033152125043017008255060114
[2022.04.28-20.52.03:555][  1]LogSlate: Took 0.000253 seconds to synchronously load lazily loaded font '../../../Engine/Content/Slate/Fonts/Roboto-Regular.ttf' (155K)
[2022.04.28-20.52.03:556][  1]LogBlueprintUserMessages: [W_Lifebar_C_0] 0.0
[2022.04.28-20.52.03:557][  2]LogBlueprintUserMessages: [W_Lifebar_C_0] 0.0
[2022.04.28-20.52.03:568][  3]LogBlueprintUserMessages: [W_Lifebar_C_0] 0.0
[2022.04.28-20.52.03:579][  4]LogBlueprintUserMessages: [W_Lifebar_C_0] 0.0
[2022.04.28-20.52.03:589][  5]LogBlueprintUserMessages: [W_Lifebar_C_0] 0.0
[2022.04.28-20.52.03:599][  6]LogBlueprintUserMessages: [W_Lifebar_C_0] 0.0
[2022.04.28-20.52.03:610][  7]LogBlueprintUserMessages: [W_Lifebar_C_0] 0.0
[2022.04.28-20.52.03:617][  8]LogBlueprintUserMessages: [W_Lifebar_C_0] 0.0
[2022.04.28-20.52.03:628][  9]LogBlueprintUserMessages: [W_Lifebar_C_0] 0.0
[2022.04.28-20.52.03:637][ 10]LogBlueprintUserMessages: [W_Lifebar_C_0] 0.0
[2022.04.28-20.52.03:645][ 11]LogBlueprintUserMessages: [W_Lifebar_C_0] 0.0
[2022.04.28-20.52.03:662][ 12]LogBlueprintUserMessages: [W_Lifebar_C_0] 0.0
[2022.04.28-20.52.03:676][ 13]LogBlueprintUserMessages: [W_Lifebar_C_0] 0.0
[2022.04.28-20.52.03:689][ 14]LogBlueprintUserMessages: [W_Lifebar_C_0] 0.0
[2022.04.28-20.52.03:817][ 15]LogBlueprintUserMessages: [W_Lifebar_C_0] 0.0
[2022.04.28-20.52.03:986][ 16]LogBlueprintUserMessages: [W_Lifebar_C_0] 0.0
[2022.04.28-20.52.04:057][ 17]LogBlueprintUserMessages: [W_Lifebar_C_0] 0.0
[2022.04.28-20.52.04:197][ 18]LogBlueprintUserMessages: [W_Lifebar_C_0] 0.0
[2022.04.28-20.52.04:389][ 19]LogBlueprintUserMessages: [W_Lifebar_C_0] 0.0
[2022.04.28-20.52.04:438][ 20]LogBlueprintUserMessages: [W_Lifebar_C_0] 0.0
[2022.04.28-20.52.04:594][ 21]LogBlueprintUserMessages: [W_Lifebar_C_0] 0.0
[2022.04.28-20.52.04:792][ 22]LogBlueprintUserMessages: [W_Lifebar_C_0] 0.0
[2022.04.28-20.52.04:831][ 23]LogBlueprintUserMessages: [W_Lifebar_C_0] 0.0
[2022.04.28-20.52.05:206][ 24]LogBlueprintUserMessages: [W_Lifebar_C_0] 0.0
[2022.04.28-20.52.05:308][ 25]LogBlueprintUserMessages: [W_Lifebar_C_0] 0.0
[2022.04.28-20.52.05:460][ 26]LogBlueprintUserMessages: [W_Lifebar_C_0] 0.0
[2022.04.28-20.52.05:639][ 27]LogBlueprintUserMessages: [W_Lifebar_C_0] 0.0
[2022.04.28-20.52.05:813][ 28]LogBlueprintUserMessages: [W_Lifebar_C_0] 0.0
[2022.04.28-20.52.06:017][ 29]LogBlueprintUserMessages: [W_Lifebar_C_0] 0.0
[2022.04.28-20.52.06:078][ 30]LogBlueprintUserMessages: [W_Lifebar_C_0] 0.0
[2022.04.28-20.52.06:432][ 31]LogBlueprintUserMessages: [W_Lifebar_C_0] 0.0
[2022.04.28-20.52.06:441][ 32]LogBlueprintUserMessages: [W_Lifebar_C_0] 0.0
[2022.04.28-20.52.06:825][ 33]LogBlueprintUserMessages: [W_Lifebar_C_0] 0.0
[2022.04.28-20.52.06:835][ 34]LogBlueprintUserMessages: [W_Lifebar_C_0] 0.0
[2022.04.28-20.52.06:844][ 35]LogBlueprintUserMessages: [W_Lifebar_C_0] 0.0
[2022.04.28-20.52.06:853][ 36]LogBlueprintUserMessages: [W_Lifebar_C_0] 0.0
[2022.04.28-20.52.06:860][ 37]LogBlueprintUserMessages: [W_Lifebar_C_0] 0.0
[2022.04.28-20.52.06:870][ 38]LogBlueprintUserMessages: [W_Lifebar_C_0] 0.0
[2022.04.28-20.52.06:879][ 39]LogBlueprintUserMessages: [W_Lifebar_C_0] 0.0
[2022.04.28-20.52.06:888][ 40]LogBlueprintUserMessages: [W_Lifebar_C_0] 0.0
[2022.04.28-20.52.06:897][ 41]LogBlueprintUserMessages: [W_Lifebar_C_0] 0.0
[2022.04.28-20.52.06:906][ 42]LogBlueprintUserMessages: [W_Lifebar_C_0] 0.0
[2022.04.28-20.52.06:919][ 43]LogBlueprintUserMessages: [W_Lifebar_C_0] 0.0
[2022.04.28-20.52.06:929][ 44]LogBlueprintUserMessages: [W_Lifebar_C_0] 0.0
[2022.04.28-20.52.06:938][ 45]LogBlueprintUserMessages: [W_Lifebar_C_0] 0.0
[2022.04.28-20.52.06:946][ 46]LogBlueprintUserMessages: [W_Lifebar_C_0] 0.0
[2022.04.28-20.52.06:956][ 47]LogBlueprintUserMessages: [W_Lifebar_C_0] 0.0
[2022.04.28-20.52.06:965][ 48]LogBlueprintUserMessages: [W_Lifebar_C_0] 0.0
[2022.04.28-20.52.06:974][ 49]LogBlueprintUserMessages: [W_Lifebar_C_0] 0.0
[2022.04.28-20.52.06:984][ 50]LogBlueprintUserMessages: [W_Lifebar_C_0] 0.0
[2022.04.28-20.52.06:992][ 51]LogBlueprintUserMessages: [W_Lifebar_C_0] 0.0
[2022.04.28-20.52.07:001][ 52]LogBlueprintUserMessages: [W_Lifebar_C_0] 0.0
[2022.04.28-20.52.07:010][ 53]LogBlueprintUserMessages: [W_Lifebar_C_0] 0.0
[2022.04.28-20.52.07:019][ 54]LogBlueprintUserMessages: [W_Lifebar_C_0] 0.0
[2022.04.28-20.52.07:028][ 55]LogBlueprintUserMessages: [W_Lifebar_C_0] 0.0
[2022.04.28-20.52.07:036][ 56]LogBlueprintUserMessages: [W_Lifebar_C_0] 0.0
[2022.04.28-20.52.07:046][ 57]LogBlueprintUserMessages: [W_Lifebar_C_0] 0.0
[2022.04.28-20.52.07:055][ 58]LogBlueprintUserMessages: [W_Lifebar_C_0] 0.0
[2022.04.28-20.52.07:064][ 59]LogBlueprintUserMessages: [W_Lifebar_C_0] 0.0
[2022.04.28-20.52.07:072][ 60]LogBlueprintUserMessages: [W_Lifebar_C_0] 0.0
[2022.04.28-20.52.07:081][ 61]LogBlueprintUserMessages: [W_Lifebar_C_0] 0.0
[2022.04.28-20.52.07:092][ 62]LogBlueprintUserMessages: [W_Lifebar_C_0] 0.0
[2022.04.28-20.52.07:101][ 63]LogBlueprintUserMessages: [W_Lifebar_C_0] 0.0
[2022.04.28-20.52.07:108][ 64]LogBlueprintUserMessages: [W_Lifebar_C_0] 0.0
[2022.04.28-20.52.07:117][ 65]LogBlueprintUserMessages: [W_Lifebar_C_0] 0.0
[2022.04.28-20.52.07:126][ 66]LogBlueprintUserMessages: [W_Lifebar_C_0] 0.0
[2022.04.28-20.52.07:135][ 67]LogBlueprintUserMessages: [W_Lifebar_C_0] 0.0
[2022.04.28-20.52.07:144][ 68]LogBlueprintUserMessages: [W_Lifebar_C_0] 0.0
[2022.04.28-20.52.07:153][ 69]LogBlueprintUserMessages: [W_Lifebar_C_0] 0.0
[2022.04.28-20.52.07:162][ 70]LogBlueprintUserMessages: [W_Lifebar_C_0] 0.0
[2022.04.28-20.52.07:171][ 71]LogBlueprintUserMessages: [W_Lifebar_C_0] 0.0
[2022.04.28-20.52.07:180][ 72]LogBlueprintUserMessages: [W_Lifebar_C_0] 0.0
[2022.04.28-20.52.07:188][ 73]LogBlueprintUserMessages: [W_Lifebar_C_0] 0.0
[2022.04.28-20.52.07:197][ 74]LogBlueprintUserMessages: [W_Lifebar_C_0] 0.0
[2022.04.28-20.52.07:206][ 75]LogBlueprintUserMessages: [W_Lifebar_C_0] 0.0
[2022.04.28-20.52.07:215][ 76]LogBlueprintUserMessages: [W_Lifebar_C_0] 0.0
[2022.04.28-20.52.07:224][ 77]LogBlueprintUserMessages: [W_Lifebar_C_0] 0.0
[2022.04.28-20.52.07:233][ 78]LogBlueprintUserMessages: [W_Lifebar_C_0] 0.0
[2022.04.28-20.52.07:242][ 79]LogBlueprintUserMessages: [W_Lifebar_C_0] 0.0
[2022.04.28-20.52.07:255][ 80]LogBlueprintUserMessages: [W_Lifebar_C_0] 0.0
[2022.04.28-20.52.07:265][ 81]LogBlueprintUserMessages: [W_Lifebar_C_0] 0.0
[2022.04.28-20.52.07:274][ 82]LogBlueprintUserMessages: [W_Lifebar_C_0] 0.0
[2022.04.28-20.52.07:283][ 83]LogBlueprintUserMessages: [W_Lifebar_C_0] 0.0
[2022.04.28-20.52.07:291][ 84]LogBlueprintUserMessages: [W_Lifebar_C_0] 0.0
[2022.04.28-20.52.07:301][ 85]LogBlueprintUserMessages: [W_Lifebar_C_0] 0.0
[2022.04.28-20.52.07:309][ 86]LogBlueprintUserMessages: [W_Lifebar_C_0] 0.0
[2022.04.28-20.52.07:318][ 87]LogBlueprintUserMessages: [W_Lifebar_C_0] 0.0
[2022.04.28-20.52.07:326][ 88]LogBlueprintUserMessages: [W_Lifebar_C_0] 0.0
[2022.04.28-20.52.07:336][ 89]LogBlueprintUserMessages: [W_Lifebar_C_0] 0.0
[2022.04.28-20.52.07:344][ 90]LogBlueprintUserMessages: [W_Lifebar_C_0] 0.0
[2022.04.28-20.52.07:353][ 91]LogBlueprintUserMessages: [W_Lifebar_C_0] 0.0
[2022.04.28-20.52.07:362][ 92]LogBlueprintUserMessages: [W_Lifebar_C_0] 0.0
[2022.04.28-20.52.07:371][ 93]LogBlueprintUserMessages: [W_Lifebar_C_0] 0.0
[2022.04.28-20.52.07:379][ 94]LogBlueprintUserMessages: [W_Lifebar_C_0] 0.0
[2022.04.28-20.52.07:388][ 95]LogBlueprintUserMessages: [W_Lifebar_C_0] 0.0
[2022.04.28-20.52.07:397][ 96]LogBlueprintUserMessages: [W_Lifebar_C_0] 0.0
[2022.04.28-20.52.07:406][ 97]LogBlueprintUserMessages: [W_Lifebar_C_0] 0.0
[2022.04.28-20.52.07:415][ 98]LogBlueprintUserMessages: [W_Lifebar_C_0] 0.0
[2022.04.28-20.52.07:423][ 99]LogBlueprintUserMessages: [W_Lifebar_C_0] 0.0
[2022.04.28-20.52.07:432][100]LogBlueprintUserMessages: [W_Lifebar_C_0] 0.0
[2022.04.28-20.52.07:441][101]LogBlueprintUserMessages: [W_Lifebar_C_0] 0.0
[2022.04.28-20.52.07:450][102]LogBlueprintUserMessages: [W_Lifebar_C_0] 0.0
[2022.04.28-20.52.07:459][103]LogBlueprintUserMessages: [W_Lifebar_C_0] 0.0
[2022.04.28-20.52.07:467][104]LogBlueprintUserMessages: [W_Lifebar_C_0] 0.0
[2022.04.28-20.52.07:476][105]LogBlueprintUserMessages: [W_Lifebar_C_0] 0.0
[2022.04.28-20.52.07:484][106]LogBlueprintUserMessages: [W_Lifebar_C_0] 0.0
[2022.04.28-20.52.07:493][107]LogBlueprintUserMessages: [W_Lifebar_C_0] 0.0
[2022.04.28-20.52.07:501][108]LogBlueprintUserMessages: [W_Lifebar_C_0] 0.0
[2022.04.28-20.52.07:511][109]LogBlueprintUserMessages: [W_Lifebar_C_0] 0.0
[2022.04.28-20.52.07:519][110]LogBlueprintUserMessages: [W_Lifebar_C_0] 0.0
[2022.04.28-20.52.07:528][111]LogBlueprintUserMessages: [W_Lifebar_C_0] 0.0
[2022.04.28-20.52.07:537][112]LogBlueprintUserMessages: [W_Lifebar_C_0] 0.0
[2022.04.28-20.52.07:546][113]LogBlueprintUserMessages: [W_Lifebar_C_0] 0.0
[2022.04.28-20.52.07:554][114]LogBlueprintUserMessages: [W_Lifebar_C_0] 0.0
[2022.04.28-20.52.07:564][115]LogBlueprintUserMessages: [W_Lifebar_C_0] 0.0
[2022.04.28-20.52.07:572][116]LogBlueprintUserMessages: [W_Lifebar_C_0] 0.0
[2022.04.28-20.52.07:586][117]LogBlueprintUserMessages: [W_Lifebar_C_0] 0.0
[2022.04.28-20.52.07:596][118]LogBlueprintUserMessages: [W_Lifebar_C_0] 0.0
[2022.04.28-20.52.07:606][119]LogBlueprintUserMessages: [W_Lifebar_C_0] 0.0
[2022.04.28-20.52.07:613][120]LogBlueprintUserMessages: [W_Lifebar_C_0] 0.0
[2022.04.28-20.52.07:622][121]LogBlueprintUserMessages: [W_Lifebar_C_0] 0.0
[2022.04.28-20.52.07:631][122]LogBlueprintUserMessages: [W_Lifebar_C_0] 0.0
[2022.04.28-20.52.07:640][123]LogBlueprintUserMessages: [W_Lifebar_C_0] 0.0
[2022.04.28-20.52.07:649][124]LogBlueprintUserMessages: [W_Lifebar_C_0] 0.0
[2022.04.28-20.52.07:658][125]LogBlueprintUserMessages: [W_Lifebar_C_0] 0.0
[2022.04.28-20.52.07:667][126]LogBlueprintUserMessages: [W_Lifebar_C_0] 0.0
[2022.04.28-20.52.07:676][127]LogBlueprintUserMessages: [W_Lifebar_C_0] 0.0
[2022.04.28-20.52.07:685][128]LogBlueprintUserMessages: [W_Lifebar_C_0] 0.0
[2022.04.28-20.52.07:694][129]LogBlueprintUserMessages: [W_Lifebar_C_0] 0.0
[2022.04.28-20.52.07:703][130]LogBlueprintUserMessages: [W_Lifebar_C_0] 0.0
[2022.04.28-20.52.07:712][131]LogBlueprintUserMessages: [W_Lifebar_C_0] 0.0
[2022.04.28-20.52.07:720][132]LogBlueprintUserMessages: [W_Lifebar_C_0] 0.0
[2022.04.28-20.52.07:730][133]LogBlueprintUserMessages: [W_Lifebar_C_0] 0.0
[2022.04.28-20.52.07:738][134]LogBlueprintUserMessages: [W_Lifebar_C_0] 0.0
[2022.04.28-20.52.07:747][135]LogBlueprintUserMessages: [W_Lifebar_C_0] 0.0
[2022.04.28-20.52.07:756][136]LogBlueprintUserMessages: [W_Lifebar_C_0] 0.0
[2022.04.28-20.52.07:765][137]LogBlueprintUserMessages: [W_Lifebar_C_0] 0.0
[2022.04.28-20.52.07:774][138]LogBlueprintUserMessages: [W_Lifebar_C_0] 0.0
[2022.04.28-20.52.07:783][139]LogBlueprintUserMessages: [W_Lifebar_C_0] 0.0
[2022.04.28-20.52.07:791][140]LogBlueprintUserMessages: [W_Lifebar_C_0] 0.0
[2022.04.28-20.52.07:800][141]LogBlueprintUserMessages: [W_Lifebar_C_0] 0.0
[2022.04.28-20.52.07:809][142]LogBlueprintUserMessages: [W_Lifebar_C_0] 0.0
[2022.04.28-20.52.07:818][143]LogBlueprintUserMessages: [W_Lifebar_C_0] 0.0
[2022.04.28-20.52.07:827][144]LogBlueprintUserMessages: [W_Lifebar_C_0] 0.0
[2022.04.28-20.52.07:836][145]LogBlueprintUserMessages: [W_Lifebar_C_0] 0.0
[2022.04.28-20.52.07:844][146]LogBlueprintUserMessages: [W_Lifebar_C_0] 0.0
[2022.04.28-20.52.07:853][147]LogBlueprintUserMessages: [W_Lifebar_C_0] 0.0
[2022.04.28-20.52.07:861][148]LogBlueprintUserMessages: [W_Lifebar_C_0] 0.0
[2022.04.28-20.52.07:870][149]LogBlueprintUserMessages: [W_Lifebar_C_0] 0.0
[2022.04.28-20.52.07:879][150]LogBlueprintUserMessages: [W_Lifebar_C_0] 0.0
[2022.04.28-20.52.07:888][151]LogBlueprintUserMessages: [W_Lifebar_C_0] 0.0
[2022.04.28-20.52.07:897][152]LogBlueprintUserMessages: [W_Lifebar_C_0] 0.0
[2022.04.28-20.52.07:906][153]LogBlueprintUserMessages: [W_Lifebar_C_0] 0.0
[2022.04.28-20.52.07:915][154]LogBlueprintUserMessages: [W_Lifebar_C_0] 0.0
[2022.04.28-20.52.07:930][155]LogBlueprintUserMessages: [W_Lifebar_C_0] 0.0
[2022.04.28-20.52.07:939][156]LogBlueprintUserMessages: [W_Lifebar_C_0] 0.0
[2022.04.28-20.52.07:949][157]LogBlueprintUserMessages: [W_Lifebar_C_0] 0.0
[2022.04.28-20.52.07:957][158]LogBlueprintUserMessages: [W_Lifebar_C_0] 0.0
[2022.04.28-20.52.07:966][159]LogWindowsDesktop: Alt-F4 pressed!
[2022.04.28-20.52.07:983][159]LogSlate: Window 'MultiShooter (64-bit Development PCD3D_SM5) ' being destroyed
[2022.04.28-20.52.07:984][159]LogWindowsTextInputMethodSystem: Display: IME system deactivated.
[2022.04.28-20.52.07:987][159]LogOnlineSession: Warning: OSS: No game present to leave for session (GameSession)
[2022.04.28-20.52.07:987][159]LogSlate: Updating window title bar state: overlay mode, drag disabled, window buttons hidden, title bar hidden
[2022.04.28-20.52.07:987][159]LogEngine: All Windows Closed
[2022.04.28-20.52.07:987][159]LogWindows: FPlatformMisc::RequestExit(0)
[2022.04.28-20.52.07:987][159]LogWindows: FPlatformMisc::RequestExitWithStatus(0, 0)
[2022.04.28-20.52.07:987][159]LogCore: Engine exit requested (reason: Win RequestExit)
[2022.04.28-20.52.07:987][160]LogCore: Engine exit requested (reason: EngineExit() was called; note: exit was already requested)
[2022.04.28-20.52.07:987][160]LogInit: Display: PreExit Game.
[2022.04.28-20.52.07:998][160]LogWorld: BeginTearingDown for /Game/MyContent/Maps/Lvl1
[2022.04.28-20.52.07:998][160]LogNet: World NetDriver shutdown IpNetDriver_0 [GameNetDriver]
[2022.04.28-20.52.07:998][160]LogNet: DestroyNamedNetDriver IpNetDriver_0 [GameNetDriver]
[2022.04.28-20.52.07:998][160]LogExit: GameNetDriver IpNetDriver_0 shut down
[2022.04.28-20.52.07:998][160]LogWorld: UWorld::CleanupWorld for Lvl1, bSessionEnded=true, bCleanupResources=true
[2022.04.28-20.52.07:998][160]LogSlate: InvalidateAllWidgets triggered.  All widgets were invalidated
[2022.04.28-20.52.08:189][160]LogAudio: Display: Beginning Audio Device Manager Shutdown (Module: AudioMixerXAudio2)...
[2022.04.28-20.52.08:189][160]LogAudio: Display: Destroying 1 Remaining Audio Device(s)...
[2022.04.28-20.52.08:189][160]LogAudio: Display: Audio Device unregistered from world 'Lvl1'.
[2022.04.28-20.52.08:190][160]LogAudioMixer: FMixerPlatformXAudio2::StopAudioStream() called
[2022.04.28-20.52.08:191][160]LogAudioMixer: FMixerPlatformXAudio2::StopAudioStream() called
[2022.04.28-20.52.08:193][160]LogAudio: Display: Audio Device Manager Shutdown
[2022.04.28-20.52.08:195][160]LogExit: Preparing to exit.
[2022.04.28-20.52.08:199][160]LogSlate: Updating window title bar state: overlay mode, drag disabled, window buttons hidden, title bar hidden
[2022.04.28-20.52.08:201][160]LogUObjectHash: Compacting FUObjectHashTables data took   0.68ms
