Log file open, 04/28/22 23:44:20
LogWindows: Failed to load 'aqProf.dll' (GetLastError=126)
LogWindows: File 'aqProf.dll' does not exist
LogWindows: Failed to load 'VtuneApi.dll' (GetLastError=126)
LogWindows: File 'VtuneApi.dll' does not exist
LogWindows: Failed to load 'VtuneApi32e.dll' (GetLastError=126)
LogWindows: File 'VtuneApi32e.dll' does not exist
LogConsoleResponse: Display: Failed to find resolution value strings in scalability ini. Falling back to default.
LogConsoleResponse: Display: Failed to find resolution value strings in scalability ini. Falling back to default.
LogInit: Display: Running engine for game: MultiShooter
LogPlatformFile: Not using cached read wrapper
LogTaskGraph: Started task graph with 5 named threads and 35 total threads with 3 sets of task threads.
LogStats: Stats thread started at 0.266981
LogICUInternationalization: ICU TimeZone Detection - Raw Offset: +3:00, Platform Override: ''
LogInit: Display: Loading text-based GConfig....
LogPluginManager: Mounting plugin MeshPainting
LogPluginManager: Mounting plugin XGEController
LogPluginManager: Mounting plugin Paper2D
LogPluginManager: Mounting plugin AISupport
LogPluginManager: Mounting plugin LiveLink
LogPluginManager: Mounting plugin AlembicImporter
LogPluginManager: Mounting plugin GameplayCameras
LogPluginManager: Mounting plugin CameraShakePreviewer
LogPluginManager: Mounting plugin AutomationUtils
LogPluginManager: Mounting plugin BackChannel
LogPluginManager: Mounting plugin CLionSourceCodeAccess
LogPluginManager: Mounting plugin ChaosCloth
LogPluginManager: Mounting plugin DatasmithContent
LogPluginManager: Mounting plugin GitSourceControl
LogPluginManager: Mounting plugin ChaosClothEditor
LogPluginManager: Mounting plugin EnvironmentQueryEditor
LogPluginManager: Mounting plugin ChaosEditor
LogPluginManager: Mounting plugin KDevelopSourceCodeAccess
LogPluginManager: Mounting plugin ChaosSolverPlugin
LogPluginManager: Mounting plugin ChaosNiagara
LogPluginManager: Mounting plugin PerforceSourceControl
LogPluginManager: Mounting plugin CodeLiteSourceCodeAccess
LogPluginManager: Mounting plugin PluginUtils
LogPluginManager: Mounting plugin VariantManagerContent
LogPluginManager: Mounting plugin PropertyAccessNode
LogPluginManager: Mounting plugin PlasticSourceControl
LogPluginManager: Mounting plugin RiderSourceCodeAccess
LogPluginManager: Mounting plugin CharacterAI
LogPluginManager: Mounting plugin SubversionSourceControl
LogPluginManager: Mounting plugin PixWinPlugin
LogPluginManager: Mounting plugin TextureFormatOodle
LogPluginManager: Mounting plugin AnimationSharing
LogPluginManager: Mounting plugin UObjectPlugin
LogPluginManager: Mounting plugin VisualStudioCodeSourceCodeAccess
LogPluginManager: Mounting plugin XCodeSourceCodeAccess
LogPluginManager: Mounting plugin OodleData
LogPluginManager: Mounting plugin AssetManagerEditor
LogPluginManager: Mounting plugin VisualStudioSourceCodeAccess
LogPluginManager: Mounting plugin OodleNetwork
LogPluginManager: Mounting plugin CryptoKeys
LogPluginManager: Mounting plugin CurveEditorTools
LogPluginManager: Mounting plugin GameplayTagsEditor
LogPluginManager: Mounting plugin FacialAnimation
LogPluginManager: Mounting plugin DataValidation
LogPluginManager: Mounting plugin MacGraphicsSwitching
LogPluginManager: Mounting plugin MaterialAnalyzer
LogPluginManager: Mounting plugin GeometryMode
LogPluginManager: Mounting plugin PluginBrowser
LogPluginManager: Mounting plugin MobileLauncherProfileWizard
LogPluginManager: Mounting plugin SpeedTreeImporter
LogPluginManager: Mounting plugin GeometryCache
LogPluginManager: Mounting plugin GeometryCollectionPlugin
LogPluginManager: Mounting plugin GeometryProcessing
LogPluginManager: Mounting plugin NullSourceCodeAccess
LogPluginManager: Mounting plugin MotoSynth
LogPluginManager: Mounting plugin OpenImageDenoise
LogPluginManager: Mounting plugin PlanarCut
LogPluginManager: Mounting plugin PlatformCrypto
LogPluginManager: Mounting plugin ProxyLODPlugin
LogPluginManager: Mounting plugin PythonScriptPlugin
LogPluginManager: Mounting plugin LightPropagationVolume
LogPluginManager: Mounting plugin LuminPlatformFeatures
LogPluginManager: Mounting plugin Niagara
LogPluginManager: Mounting plugin SkeletalReduction
LogPluginManager: Mounting plugin MagicLeap
LogPluginManager: Mounting plugin MagicLeapLightEstimation
LogPluginManager: Mounting plugin MagicLeapMedia
LogPluginManager: Mounting plugin MagicLeapPassableWorld
LogPluginManager: Mounting plugin MLSDK
LogPluginManager: Mounting plugin AndroidMedia
LogPluginManager: Mounting plugin AvfMedia
LogPluginManager: Mounting plugin ImgMedia
LogPluginManager: Mounting plugin MediaCompositing
LogPluginManager: Mounting plugin MediaPlayerEditor
LogPluginManager: Mounting plugin WebMMedia
LogPluginManager: Mounting plugin WmfMedia
LogPluginManager: Mounting plugin TcpMessaging
LogPluginManager: Mounting plugin ActorSequence
LogPluginManager: Mounting plugin UdpMessaging
LogPluginManager: Mounting plugin MatineeToLevelSequence
LogPluginManager: Mounting plugin TemplateSequence
LogPluginManager: Mounting plugin LevelSequenceEditor
LogPluginManager: Mounting plugin OnlineSubsystem
LogPluginManager: Mounting plugin OnlineSubsystemNull
LogPluginManager: Mounting plugin OnlineSubsystemUtils
LogPluginManager: Mounting plugin LauncherChunkInstaller
LogPluginManager: Mounting plugin AndroidMoviePlayer
LogPluginManager: Mounting plugin AndroidPermission
LogPluginManager: Mounting plugin AndroidDeviceProfileSelector
LogPluginManager: Mounting plugin AppleImageUtils
LogPluginManager: Mounting plugin ArchVisCharacter
LogPluginManager: Mounting plugin AssetTags
LogPluginManager: Mounting plugin AudioCapture
LogPluginManager: Mounting plugin AudioSynesthesia
LogPluginManager: Mounting plugin CableComponent
LogPluginManager: Mounting plugin ChunkDownloader
LogPluginManager: Mounting plugin EditableMesh
LogPluginManager: Mounting plugin ExampleDeviceProfileSelector
LogPluginManager: Mounting plugin ActorLayerUtilities
LogPluginManager: Mounting plugin CustomMeshComponent
LogPluginManager: Mounting plugin ScreenshotTools
LogPluginManager: Mounting plugin Takes
LogPluginManager: Mounting plugin GooglePAD
LogPluginManager: Mounting plugin IOSDeviceProfileSelector
LogPluginManager: Mounting plugin LinuxDeviceProfileSelector
LogPluginManager: Mounting plugin LocationServicesBPLibrary
LogPluginManager: Mounting plugin GoogleCloudMessaging
LogPluginManager: Mounting plugin MobilePatchingUtils
LogPluginManager: Mounting plugin OpenXREyeTracker
LogPluginManager: Mounting plugin OpenXRHandTracking
LogPluginManager: Mounting plugin PostSplashScreen
LogPluginManager: Mounting plugin OpenXR
LogPluginManager: Mounting plugin ProceduralMeshComponent
LogPluginManager: Mounting plugin PropertyAccessEditor
LogPluginManager: Mounting plugin RuntimePhysXCooking
LogPluginManager: Mounting plugin SoundFields
LogPluginManager: Mounting plugin AppleMoviePlayer
LogPluginManager: Mounting plugin Synthesis
LogPluginManager: Mounting plugin SignificanceManager
LogPluginManager: Mounting plugin WebMMoviePlayer
LogPluginManager: Mounting plugin WindowsMoviePlayer
LogPluginManager: Mounting plugin PhysXVehicles
LogPluginManager: Mounting plugin ContentBrowserAssetDataSource
LogPluginManager: Mounting plugin ContentBrowserClassDataSource
LogPluginManager: Mounting plugin ContentBrowserFileDataSource
LogPluginManager: Mounting plugin OnlineSubsystemGooglePlay
LogPluginManager: Mounting plugin OnlineSubsystemIOS
LogPluginManager: Mounting plugin OculusVR
LogPluginManager: Mounting plugin SteamVR
PixWinPlugin: PIX capture plugin failed to initialize! Check that the process is launched from PIX.
LogInit: Using libcurl 7.55.1-DEV
LogInit:  - built for x86_64-pc-win32
LogInit:  - supports SSL with OpenSSL/1.1.1
LogInit:  - supports HTTP deflate (compression) using libz 1.2.8
LogInit:  - other features:
LogInit:      CURL_VERSION_SSL
LogInit:      CURL_VERSION_LIBZ
LogInit:      CURL_VERSION_IPV6
LogInit:      CURL_VERSION_ASYNCHDNS
LogInit:      CURL_VERSION_LARGEFILE
LogInit:      CURL_VERSION_IDN
LogInit:  CurlRequestOptions (configurable via config and command line):
LogInit:  - bVerifyPeer = true  - Libcurl will verify peer certificate
LogInit:  - bUseHttpProxy = false  - Libcurl will NOT use HTTP proxy
LogInit:  - bDontReuseConnections = false  - Libcurl will reuse connections
LogInit:  - MaxHostConnections = 16  - Libcurl will limit the number of connections to a host
LogInit:  - LocalHostAddr = Default
LogInit:  - BufferSize = 65536
LogOnline: OSS: Creating online subsystem instance for: NULL
LogInit: WinSock: version 1.1 (2.2), MaxSocks=32767, MaxUdp=65467
LogOnline: OSS: TryLoadSubsystemAndSetDefault: Loaded subsystem for module [NULL]
LogOculusPluginWrapper: OculusPlugin initialized successfully
LogHMD: Failed initializing OVRPlugin 1.59.0
LogInit: Build: ++UE4+Release-4.27-CL-17155196
LogInit: Engine Version: 4.27.0-17155196+++UE4+Release-4.27
LogInit: Compatible Engine Version: 4.27.0-17155196+++UE4+Release-4.27
LogInit: Net CL: 17155196
LogInit: OS: Windows 10 (Release 2009) (), CPU: Intel(R) Core(TM) i7-10750H CPU @ 2.60GHz, GPU: Intel(R) UHD Graphics
LogInit: Compiled (64-bit): Aug 13 2021 06:13:13
LogInit: Compiled with Visual C++: 19.24.28315.00
LogInit: Build Configuration: Development
LogInit: Branch Name: ++UE4+Release-4.27
LogInit: Command Line:  /Game/MyContent/Maps/Lvl1?Listen -game -PIEVIACONSOLE -Multiprocess GameUserSettingsINI=C:/3/MultiShooter/Saved/Config/Windows/PIEGameUserSettings0.ini -MultiprocessSaveConfig -forcepassthrough -messaging -SessionName="Play in Standalone Game" -port=17777 -windowed -WinX=0 -WinY=24 SAVEWINPOS=1 -ResX=640 -ResY=480
LogInit: Base Directory: C:/Program Files/Epic Games/UE_4.27/Engine/Binaries/Win64/
LogInit: Allocator: TBB
LogInit: Installed Engine Build: 1
LogDevObjectVersion: Number of dev versions registered: 29
LogDevObjectVersion:   Dev-Blueprints (B0D832E4-1F89-4F0D-ACCF-7EB736FD4AA2): 10
LogDevObjectVersion:   Dev-Build (E1C64328-A22C-4D53-A36C-8E866417BD8C): 0
LogDevObjectVersion:   Dev-Core (375EC13C-06E4-48FB-B500-84F0262A717E): 4
LogDevObjectVersion:   Dev-Editor (E4B068ED-F494-42E9-A231-DA0B2E46BB41): 40
LogDevObjectVersion:   Dev-Framework (CFFC743F-43B0-4480-9391-14DF171D2073): 37
LogDevObjectVersion:   Dev-Mobile (B02B49B5-BB20-44E9-A304-32B752E40360): 3
LogDevObjectVersion:   Dev-Networking (A4E4105C-59A1-49B5-A7C5-40C4547EDFEE): 0
LogDevObjectVersion:   Dev-Online (39C831C9-5AE6-47DC-9A44-9C173E1C8E7C): 0
LogDevObjectVersion:   Dev-Physics (78F01B33-EBEA-4F98-B9B4-84EACCB95AA2): 14
LogDevObjectVersion:   Dev-Platform (6631380F-2D4D-43E0-8009-CF276956A95A): 0
LogDevObjectVersion:   Dev-Rendering (12F88B9F-8875-4AFC-A67C-D90C383ABD29): 45
LogDevObjectVersion:   Dev-Sequencer (7B5AE74C-D270-4C10-A958-57980B212A5A): 13
LogDevObjectVersion:   Dev-VR (D7296918-1DD6-4BDD-9DE2-64A83CC13884): 3
LogDevObjectVersion:   Dev-LoadTimes (C2A15278-BFE7-4AFE-6C17-90FF531DF755): 1
LogDevObjectVersion:   Private-Geometry (6EACA3D4-40EC-4CC1-B786-8BED09428FC5): 3
LogDevObjectVersion:   Dev-AnimPhys (29E575DD-E0A3-4627-9D10-D276232CDCEA): 17
LogDevObjectVersion:   Dev-Anim (AF43A65D-7FD3-4947-9873-3E8ED9C1BB05): 15
LogDevObjectVersion:   Dev-ReflectionCapture (6B266CEC-1EC7-4B8F-A30B-E4D90942FC07): 1
LogDevObjectVersion:   Dev-Automation (0DF73D61-A23F-47EA-B727-89E90C41499A): 1
LogDevObjectVersion:   FortniteMain (601D1886-AC64-4F84-AA16-D3DE0DEAC7D6): 47
LogDevObjectVersion:   FortniteRelease (E7086368-6B23-4C58-8439-1B7016265E91): 1
LogDevObjectVersion:   Dev-Enterprise (9DFFBCD6-494F-0158-E221-12823C92A888): 10
LogDevObjectVersion:   Dev-Niagara (F2AED0AC-9AFE-416F-8664-AA7FFA26D6FC): 1
LogDevObjectVersion:   Dev-Destruction (174F1F0B-B4C6-45A5-B13F-2EE8D0FB917D): 10
LogDevObjectVersion:   Dev-Physics-Ext (35F94A83-E258-406C-A318-09F59610247C): 41
LogDevObjectVersion:   Dev-PhysicsMaterial-Chaos (B68FC16E-8B1B-42E2-B453-215C058844FE): 1
LogDevObjectVersion:   Dev-CineCamera (B2E18506-4273-CFC2-A54E-F4BB758BBA07): 1
LogDevObjectVersion:   Dev-VirtualProduction (64F58936-FD1B-42BA-BA96-7289D5D0FA4E): 1
LogDevObjectVersion:   Dev-MediaFramework (6F0ED827-A609-4895-9C91-998D90180EA4): 2
LogInit: Presizing for max 25165824 objects, including 0 objects not considered by GC, pre-allocating 0 bytes for permanent pool.
LogConfig: Applying CVar settings from Section [/Script/Engine.StreamingSettings] File [C:/3/MultiShooter/Saved/Config/Windows/Engine.ini]
LogConfig: Setting CVar [[s.MinBulkDataSizeForAsyncLoading:131072]]
LogConfig: Setting CVar [[s.AsyncLoadingThreadEnabled:0]]
LogConfig: Setting CVar [[s.EventDrivenLoaderEnabled:1]]
LogConfig: Setting CVar [[s.WarnIfTimeLimitExceeded:0]]
LogConfig: Setting CVar [[s.TimeLimitExceededMultiplier:1.5]]
LogConfig: Setting CVar [[s.TimeLimitExceededMinTime:0.005]]
LogConfig: Setting CVar [[s.UseBackgroundLevelStreaming:1]]
LogConfig: Setting CVar [[s.PriorityAsyncLoadingExtraTime:15.0]]
LogConfig: Setting CVar [[s.LevelStreamingActorsUpdateTimeLimit:5.0]]
LogConfig: Setting CVar [[s.PriorityLevelStreamingActorsUpdateExtraTime:5.0]]
LogConfig: Setting CVar [[s.LevelStreamingComponentsRegistrationGranularity:10]]
LogConfig: Setting CVar [[s.UnregisterComponentsTimeLimit:1.0]]
LogConfig: Setting CVar [[s.LevelStreamingComponentsUnregistrationGranularity:5]]
LogConfig: Setting CVar [[s.FlushStreamingOnExit:1]]
LogInit: Object subsystem initialized
LogConfig: Setting CVar [[con.DebugEarlyDefault:1]]
LogConfig: Setting CVar [[r.setres:1280x720]]
[2022.04.28-20.44.20:974][  0]LogConfig: Setting CVar [[con.DebugEarlyDefault:1]]
[2022.04.28-20.44.20:974][  0]LogConfig: Setting CVar [[r.setres:1280x720]]
[2022.04.28-20.44.20:974][  0]LogConfig: Applying CVar settings from Section [/Script/Engine.RendererSettings] File [C:/3/MultiShooter/Saved/Config/Windows/Engine.ini]
[2022.04.28-20.44.20:974][  0]LogConfig: Setting CVar [[r.GPUCrashDebugging:0]]
[2022.04.28-20.44.20:974][  0]LogConfig: Applying CVar settings from Section [/Script/Engine.RendererOverrideSettings] File [C:/3/MultiShooter/Saved/Config/Windows/Engine.ini]
[2022.04.28-20.44.20:974][  0]LogConfig: Applying CVar settings from Section [/Script/Engine.StreamingSettings] File [C:/3/MultiShooter/Saved/Config/Windows/Engine.ini]
[2022.04.28-20.44.20:974][  0]LogConfig: Setting CVar [[s.MinBulkDataSizeForAsyncLoading:131072]]
[2022.04.28-20.44.20:974][  0]LogConfig: Setting CVar [[s.AsyncLoadingThreadEnabled:0]]
[2022.04.28-20.44.20:974][  0]LogConfig: Setting CVar [[s.EventDrivenLoaderEnabled:1]]
[2022.04.28-20.44.20:974][  0]LogConfig: Setting CVar [[s.WarnIfTimeLimitExceeded:0]]
[2022.04.28-20.44.20:974][  0]LogConfig: Setting CVar [[s.TimeLimitExceededMultiplier:1.5]]
[2022.04.28-20.44.20:974][  0]LogConfig: Setting CVar [[s.TimeLimitExceededMinTime:0.005]]
[2022.04.28-20.44.20:974][  0]LogConfig: Setting CVar [[s.UseBackgroundLevelStreaming:1]]
[2022.04.28-20.44.20:974][  0]LogConfig: Setting CVar [[s.PriorityAsyncLoadingExtraTime:15.0]]
[2022.04.28-20.44.20:974][  0]LogConfig: Setting CVar [[s.LevelStreamingActorsUpdateTimeLimit:5.0]]
[2022.04.28-20.44.20:974][  0]LogConfig: Setting CVar [[s.PriorityLevelStreamingActorsUpdateExtraTime:5.0]]
[2022.04.28-20.44.20:974][  0]LogConfig: Setting CVar [[s.LevelStreamingComponentsRegistrationGranularity:10]]
[2022.04.28-20.44.20:974][  0]LogConfig: Setting CVar [[s.UnregisterComponentsTimeLimit:1.0]]
[2022.04.28-20.44.20:974][  0]LogConfig: Setting CVar [[s.LevelStreamingComponentsUnregistrationGranularity:5]]
[2022.04.28-20.44.20:974][  0]LogConfig: Setting CVar [[s.FlushStreamingOnExit:1]]
[2022.04.28-20.44.20:974][  0]LogConfig: Applying CVar settings from Section [/Script/Engine.GarbageCollectionSettings] File [C:/3/MultiShooter/Saved/Config/Windows/Engine.ini]
[2022.04.28-20.44.20:974][  0]LogConfig: Setting CVar [[gc.MaxObjectsNotConsideredByGC:1]]
[2022.04.28-20.44.20:974][  0]LogConfig: Setting CVar [[gc.SizeOfPermanentObjectPool:0]]
[2022.04.28-20.44.20:974][  0]LogConfig: Setting CVar [[gc.FlushStreamingOnGC:0]]
[2022.04.28-20.44.20:974][  0]LogConfig: Setting CVar [[gc.NumRetriesBeforeForcingGC:10]]
[2022.04.28-20.44.20:974][  0]LogConfig: Setting CVar [[gc.AllowParallelGC:1]]
[2022.04.28-20.44.20:974][  0]LogConfig: Setting CVar [[gc.TimeBetweenPurgingPendingKillObjects:61.1]]
[2022.04.28-20.44.20:974][  0]LogConfig: Setting CVar [[gc.MaxObjectsInEditor:25165824]]
[2022.04.28-20.44.20:974][  0]LogConfig: Setting CVar [[gc.IncrementalBeginDestroyEnabled:1]]
[2022.04.28-20.44.20:974][  0]LogConfig: Setting CVar [[gc.CreateGCClusters:1]]
[2022.04.28-20.44.20:974][  0]LogConfig: Setting CVar [[gc.MinGCClusterSize:5]]
[2022.04.28-20.44.20:974][  0]LogConfig: Setting CVar [[gc.ActorClusteringEnabled:0]]
[2022.04.28-20.44.20:974][  0]LogConfig: Setting CVar [[gc.BlueprintClusteringEnabled:0]]
[2022.04.28-20.44.20:974][  0]LogConfig: Setting CVar [[gc.UseDisregardForGCOnDedicatedServers:0]]
[2022.04.28-20.44.20:974][  0]LogConfig: Setting CVar [[gc.MultithreadedDestructionEnabled:1]]
[2022.04.28-20.44.20:974][  0]LogConfig: Applying CVar settings from Section [/Script/Engine.NetworkSettings] File [C:/3/MultiShooter/Saved/Config/Windows/Engine.ini]
[2022.04.28-20.44.20:974][  0]LogConfig: Applying CVar settings from Section [/Script/UnrealEd.CookerSettings] File [C:/3/MultiShooter/Saved/Config/Windows/Engine.ini]
[2022.04.28-20.44.20:989][  0]LogConfig: Applying CVar settings from Section [ViewDistanceQuality@3] File [C:/3/MultiShooter/Saved/Config/Windows/Scalability.ini]
[2022.04.28-20.44.20:989][  0]LogConfig: Setting CVar [[r.SkeletalMeshLODBias:0]]
[2022.04.28-20.44.20:989][  0]LogConfig: Setting CVar [[r.ViewDistanceScale:1.0]]
[2022.04.28-20.44.20:989][  0]LogConfig: Applying CVar settings from Section [AntiAliasingQuality@3] File [C:/3/MultiShooter/Saved/Config/Windows/Scalability.ini]
[2022.04.28-20.44.20:989][  0]LogConfig: Setting CVar [[r.PostProcessAAQuality:4]]
[2022.04.28-20.44.20:989][  0]LogConfig: Applying CVar settings from Section [ShadowQuality@3] File [C:/3/MultiShooter/Saved/Config/Windows/Scalability.ini]
[2022.04.28-20.44.20:989][  0]LogConfig: Setting CVar [[r.LightFunctionQuality:1]]
[2022.04.28-20.44.20:989][  0]LogConfig: Setting CVar [[r.ShadowQuality:5]]
[2022.04.28-20.44.20:989][  0]LogConfig: Setting CVar [[r.Shadow.CSM.MaxCascades:10]]
[2022.04.28-20.44.20:989][  0]LogConfig: Setting CVar [[r.Shadow.MaxResolution:2048]]
[2022.04.28-20.44.20:989][  0]LogConfig: Setting CVar [[r.Shadow.MaxCSMResolution:2048]]
[2022.04.28-20.44.20:989][  0]LogConfig: Setting CVar [[r.Shadow.RadiusThreshold:0.01]]
[2022.04.28-20.44.20:989][  0]LogConfig: Setting CVar [[r.Shadow.DistanceScale:1.0]]
[2022.04.28-20.44.20:989][  0]LogConfig: Setting CVar [[r.Shadow.CSM.TransitionScale:1.0]]
[2022.04.28-20.44.20:989][  0]LogConfig: Setting CVar [[r.Shadow.PreShadowResolutionFactor:1.0]]
[2022.04.28-20.44.20:989][  0]LogConfig: Setting CVar [[r.DistanceFieldShadowing:1]]
[2022.04.28-20.44.20:989][  0]LogConfig: Setting CVar [[r.DistanceFieldAO:1]]
[2022.04.28-20.44.20:989][  0]LogConfig: Setting CVar [[r.AOQuality:2]]
[2022.04.28-20.44.20:989][  0]LogConfig: Setting CVar [[r.VolumetricFog:1]]
[2022.04.28-20.44.20:989][  0]LogConfig: Setting CVar [[r.VolumetricFog.GridPixelSize:8]]
[2022.04.28-20.44.20:989][  0]LogConfig: Setting CVar [[r.VolumetricFog.GridSizeZ:128]]
[2022.04.28-20.44.20:989][  0]LogConfig: Setting CVar [[r.VolumetricFog.HistoryMissSupersampleCount:4]]
[2022.04.28-20.44.20:989][  0]LogConfig: Setting CVar [[r.LightMaxDrawDistanceScale:1]]
[2022.04.28-20.44.20:989][  0]LogConfig: Setting CVar [[r.CapsuleShadows:1]]
[2022.04.28-20.44.20:989][  0]LogConfig: Applying CVar settings from Section [PostProcessQuality@3] File [C:/3/MultiShooter/Saved/Config/Windows/Scalability.ini]
[2022.04.28-20.44.20:989][  0]LogConfig: Setting CVar [[r.MotionBlurQuality:4]]
[2022.04.28-20.44.20:989][  0]LogConfig: Setting CVar [[r.AmbientOcclusionMipLevelFactor:0.4]]
[2022.04.28-20.44.20:989][  0]LogConfig: Setting CVar [[r.AmbientOcclusionMaxQuality:100]]
[2022.04.28-20.44.20:989][  0]LogConfig: Setting CVar [[r.AmbientOcclusionLevels:-1]]
[2022.04.28-20.44.20:989][  0]LogConfig: Setting CVar [[r.AmbientOcclusionRadiusScale:1.0]]
[2022.04.28-20.44.20:989][  0]LogConfig: Setting CVar [[r.DepthOfFieldQuality:2]]
[2022.04.28-20.44.20:989][  0]LogConfig: Setting CVar [[r.RenderTargetPoolMin:400]]
[2022.04.28-20.44.20:989][  0]LogConfig: Setting CVar [[r.LensFlareQuality:2]]
[2022.04.28-20.44.20:989][  0]LogConfig: Setting CVar [[r.SceneColorFringeQuality:1]]
[2022.04.28-20.44.20:989][  0]LogConfig: Setting CVar [[r.EyeAdaptationQuality:2]]
[2022.04.28-20.44.20:989][  0]LogConfig: Setting CVar [[r.BloomQuality:5]]
[2022.04.28-20.44.20:989][  0]LogConfig: Setting CVar [[r.FastBlurThreshold:100]]
[2022.04.28-20.44.20:989][  0]LogConfig: Setting CVar [[r.Upscale.Quality:3]]
[2022.04.28-20.44.20:989][  0]LogConfig: Setting CVar [[r.Tonemapper.GrainQuantization:1]]
[2022.04.28-20.44.20:989][  0]LogConfig: Setting CVar [[r.LightShaftQuality:1]]
[2022.04.28-20.44.20:989][  0]LogConfig: Setting CVar [[r.Filter.SizeScale:1]]
[2022.04.28-20.44.20:989][  0]LogConfig: Setting CVar [[r.Tonemapper.Quality:5]]
[2022.04.28-20.44.20:989][  0]LogConfig: Setting CVar [[r.DOF.Gather.AccumulatorQuality:1        ; higher gathering accumulator quality]]
[2022.04.28-20.44.20:989][  0]LogConfig: Setting CVar [[r.DOF.Gather.PostfilterMethod:1          ; Median3x3 postfilering method]]
[2022.04.28-20.44.20:989][  0]LogConfig: Setting CVar [[r.DOF.Gather.EnableBokehSettings:0       ; no bokeh simulation when gathering]]
[2022.04.28-20.44.20:989][  0]LogConfig: Setting CVar [[r.DOF.Gather.RingCount:4                 ; medium number of samples when gathering]]
[2022.04.28-20.44.20:989][  0]LogConfig: Setting CVar [[r.DOF.Scatter.ForegroundCompositing:1    ; additive foreground scattering]]
[2022.04.28-20.44.20:989][  0]LogConfig: Setting CVar [[r.DOF.Scatter.BackgroundCompositing:2    ; additive background scattering]]
[2022.04.28-20.44.20:989][  0]LogConfig: Setting CVar [[r.DOF.Scatter.EnableBokehSettings:1      ; bokeh simulation when scattering]]
[2022.04.28-20.44.20:989][  0]LogConfig: Setting CVar [[r.DOF.Scatter.MaxSpriteRatio:0.1         ; only a maximum of 10% of scattered bokeh]]
[2022.04.28-20.44.20:990][  0]LogConfig: Setting CVar [[r.DOF.Recombine.Quality:1                ; cheap slight out of focus]]
[2022.04.28-20.44.20:990][  0]LogConfig: Setting CVar [[r.DOF.Recombine.EnableBokehSettings:0    ; no bokeh simulation on slight out of focus]]
[2022.04.28-20.44.20:990][  0]LogConfig: Setting CVar [[r.DOF.TemporalAAQuality:1                ; more stable temporal accumulation]]
[2022.04.28-20.44.20:990][  0]LogConfig: Setting CVar [[r.DOF.Kernel.MaxForegroundRadius:0.025]]
[2022.04.28-20.44.20:990][  0]LogConfig: Setting CVar [[r.DOF.Kernel.MaxBackgroundRadius:0.025]]
[2022.04.28-20.44.20:990][  0]LogConfig: Applying CVar settings from Section [TextureQuality@3] File [C:/3/MultiShooter/Saved/Config/Windows/Scalability.ini]
[2022.04.28-20.44.20:990][  0]LogConfig: Setting CVar [[r.Streaming.MipBias:0]]
[2022.04.28-20.44.20:990][  0]LogConfig: Setting CVar [[r.Streaming.AmortizeCPUToGPUCopy:0]]
[2022.04.28-20.44.20:990][  0]LogConfig: Setting CVar [[r.Streaming.MaxNumTexturesToStreamPerFrame:0]]
[2022.04.28-20.44.20:990][  0]LogConfig: Setting CVar [[r.Streaming.Boost:1]]
[2022.04.28-20.44.20:990][  0]LogConfig: Setting CVar [[r.MaxAnisotropy:8]]
[2022.04.28-20.44.20:990][  0]LogConfig: Setting CVar [[r.VT.MaxAnisotropy:8]]
[2022.04.28-20.44.20:990][  0]LogConfig: Setting CVar [[r.Streaming.LimitPoolSizeToVRAM:0]]
[2022.04.28-20.44.20:990][  0]LogConfig: Setting CVar [[r.Streaming.PoolSize:1000]]
[2022.04.28-20.44.20:990][  0]LogConfig: Setting CVar [[r.Streaming.MaxEffectiveScreenSize:0]]
[2022.04.28-20.44.20:990][  0]LogConfig: Applying CVar settings from Section [EffectsQuality@3] File [C:/3/MultiShooter/Saved/Config/Windows/Scalability.ini]
[2022.04.28-20.44.20:990][  0]LogConfig: Setting CVar [[r.TranslucencyLightingVolumeDim:64]]
[2022.04.28-20.44.20:990][  0]LogConfig: Setting CVar [[r.RefractionQuality:2]]
[2022.04.28-20.44.20:990][  0]LogConfig: Setting CVar [[r.SSR.Quality:3]]
[2022.04.28-20.44.20:990][  0]LogConfig: Setting CVar [[r.SSR.HalfResSceneColor:0]]
[2022.04.28-20.44.20:990][  0]LogConfig: Setting CVar [[r.SceneColorFormat:4]]
[2022.04.28-20.44.20:990][  0]LogConfig: Setting CVar [[r.DetailMode:2]]
[2022.04.28-20.44.20:990][  0]LogConfig: Setting CVar [[r.TranslucencyVolumeBlur:1]]
[2022.04.28-20.44.20:990][  0]LogConfig: Setting CVar [[r.MaterialQualityLevel:1 ; High quality]]
[2022.04.28-20.44.20:990][  0]LogConfig: Setting CVar [[r.AnisotropicMaterials:1]]
[2022.04.28-20.44.20:990][  0]LogConfig: Setting CVar [[r.SSS.Scale:1]]
[2022.04.28-20.44.20:990][  0]LogConfig: Setting CVar [[r.SSS.SampleSet:2]]
[2022.04.28-20.44.20:990][  0]LogConfig: Setting CVar [[r.SSS.Quality:1]]
[2022.04.28-20.44.20:990][  0]LogConfig: Setting CVar [[r.SSS.HalfRes:0]]
[2022.04.28-20.44.20:990][  0]LogConfig: Setting CVar [[r.SSGI.Quality:3]]
[2022.04.28-20.44.20:990][  0]LogConfig: Setting CVar [[r.EmitterSpawnRateScale:1.0]]
[2022.04.28-20.44.20:990][  0]LogConfig: Setting CVar [[r.ParticleLightQuality:2]]
[2022.04.28-20.44.20:990][  0]LogConfig: Setting CVar [[r.SkyAtmosphere.AerialPerspectiveLUT.FastApplyOnOpaque:1 ; Always have FastSkyLUT 1 in this case to avoid wrong sky]]
[2022.04.28-20.44.20:990][  0]LogConfig: Setting CVar [[r.SkyAtmosphere.AerialPerspectiveLUT.SampleCountMaxPerSlice:4]]
[2022.04.28-20.44.20:990][  0]LogConfig: Setting CVar [[r.SkyAtmosphere.AerialPerspectiveLUT.DepthResolution:16.0]]
[2022.04.28-20.44.20:990][  0]LogConfig: Setting CVar [[r.SkyAtmosphere.FastSkyLUT:1]]
[2022.04.28-20.44.20:990][  0]LogConfig: Setting CVar [[r.SkyAtmosphere.FastSkyLUT.SampleCountMin:4.0]]
[2022.04.28-20.44.20:990][  0]LogConfig: Setting CVar [[r.SkyAtmosphere.FastSkyLUT.SampleCountMax:128.0]]
[2022.04.28-20.44.20:990][  0]LogConfig: Setting CVar [[r.SkyAtmosphere.SampleCountMin:4.0]]
[2022.04.28-20.44.20:990][  0]LogConfig: Setting CVar [[r.SkyAtmosphere.SampleCountMax:128.0]]
[2022.04.28-20.44.20:990][  0]LogConfig: Setting CVar [[r.SkyAtmosphere.TransmittanceLUT.UseSmallFormat:0]]
[2022.04.28-20.44.20:990][  0]LogConfig: Setting CVar [[r.SkyAtmosphere.TransmittanceLUT.SampleCount:10.0]]
[2022.04.28-20.44.20:990][  0]LogConfig: Setting CVar [[r.SkyAtmosphere.MultiScatteringLUT.SampleCount:15.0]]
[2022.04.28-20.44.20:990][  0]LogConfig: Setting CVar [[r.SkyLight.RealTimeReflectionCapture:1]]
[2022.04.28-20.44.20:990][  0]LogConfig: Applying CVar settings from Section [FoliageQuality@3] File [C:/3/MultiShooter/Saved/Config/Windows/Scalability.ini]
[2022.04.28-20.44.20:990][  0]LogConfig: Setting CVar [[foliage.DensityScale:1.0]]
[2022.04.28-20.44.20:990][  0]LogConfig: Setting CVar [[grass.DensityScale:1.0]]
[2022.04.28-20.44.20:990][  0]LogConfig: Applying CVar settings from Section [ShadingQuality@3] File [C:/3/MultiShooter/Saved/Config/Windows/Scalability.ini]
[2022.04.28-20.44.20:990][  0]LogConfig: Setting CVar [[r.HairStrands.SkyLighting.IntegrationType:2]]
[2022.04.28-20.44.20:990][  0]LogConfig: Setting CVar [[r.HairStrands.SkyAO.SampleCount:4]]
[2022.04.28-20.44.20:990][  0]LogConfig: Setting CVar [[r.HairStrands.Visibility.MSAA.SamplePerPixel:4]]
[2022.04.28-20.44.20:990][  0]LogInit: Selected Device Profile: [Windows]
[2022.04.28-20.44.20:990][  0]LogInit: Applying CVar settings loaded from the selected device profile: [Windows]
[2022.04.28-20.44.20:990][  0]LogHAL: Display: Platform has ~ 16 GB [16971386880 / 17179869184 / 16], which maps to Larger [LargestMinGB=32, LargerMinGB=12, DefaultMinGB=8, SmallerMinGB=6, SmallestMinGB=0)
[2022.04.28-20.44.20:990][  0]LogInit: Going up to parent DeviceProfile []
[2022.04.28-20.44.20:990][  0]LogConfig: Applying CVar settings from Section [ViewDistanceQuality@3] File [C:/3/MultiShooter/Saved/Config/Windows/Scalability.ini]
[2022.04.28-20.44.20:990][  0]LogConfig: Setting CVar [[r.SkeletalMeshLODBias:0]]
[2022.04.28-20.44.20:990][  0]LogConfig: Setting CVar [[r.ViewDistanceScale:1.0]]
[2022.04.28-20.44.20:990][  0]LogConfig: Applying CVar settings from Section [AntiAliasingQuality@3] File [C:/3/MultiShooter/Saved/Config/Windows/Scalability.ini]
[2022.04.28-20.44.20:990][  0]LogConfig: Setting CVar [[r.PostProcessAAQuality:4]]
[2022.04.28-20.44.20:990][  0]LogConfig: Applying CVar settings from Section [ShadowQuality@3] File [C:/3/MultiShooter/Saved/Config/Windows/Scalability.ini]
[2022.04.28-20.44.20:990][  0]LogConfig: Setting CVar [[r.LightFunctionQuality:1]]
[2022.04.28-20.44.20:990][  0]LogConfig: Setting CVar [[r.ShadowQuality:5]]
[2022.04.28-20.44.20:990][  0]LogConfig: Setting CVar [[r.Shadow.CSM.MaxCascades:10]]
[2022.04.28-20.44.20:990][  0]LogConfig: Setting CVar [[r.Shadow.MaxResolution:2048]]
[2022.04.28-20.44.20:990][  0]LogConfig: Setting CVar [[r.Shadow.MaxCSMResolution:2048]]
[2022.04.28-20.44.20:990][  0]LogConfig: Setting CVar [[r.Shadow.RadiusThreshold:0.01]]
[2022.04.28-20.44.20:990][  0]LogConfig: Setting CVar [[r.Shadow.DistanceScale:1.0]]
[2022.04.28-20.44.20:990][  0]LogConfig: Setting CVar [[r.Shadow.CSM.TransitionScale:1.0]]
[2022.04.28-20.44.20:990][  0]LogConfig: Setting CVar [[r.Shadow.PreShadowResolutionFactor:1.0]]
[2022.04.28-20.44.20:990][  0]LogConfig: Setting CVar [[r.DistanceFieldShadowing:1]]
[2022.04.28-20.44.20:990][  0]LogConfig: Setting CVar [[r.DistanceFieldAO:1]]
[2022.04.28-20.44.20:990][  0]LogConfig: Setting CVar [[r.AOQuality:2]]
[2022.04.28-20.44.20:990][  0]LogConfig: Setting CVar [[r.VolumetricFog:1]]
[2022.04.28-20.44.20:990][  0]LogConfig: Setting CVar [[r.VolumetricFog.GridPixelSize:8]]
[2022.04.28-20.44.20:990][  0]LogConfig: Setting CVar [[r.VolumetricFog.GridSizeZ:128]]
[2022.04.28-20.44.20:991][  0]LogConfig: Setting CVar [[r.VolumetricFog.HistoryMissSupersampleCount:4]]
[2022.04.28-20.44.20:991][  0]LogConfig: Setting CVar [[r.LightMaxDrawDistanceScale:1]]
[2022.04.28-20.44.20:991][  0]LogConfig: Setting CVar [[r.CapsuleShadows:1]]
[2022.04.28-20.44.20:991][  0]LogConfig: Applying CVar settings from Section [PostProcessQuality@3] File [C:/3/MultiShooter/Saved/Config/Windows/Scalability.ini]
[2022.04.28-20.44.20:991][  0]LogConfig: Setting CVar [[r.MotionBlurQuality:4]]
[2022.04.28-20.44.20:991][  0]LogConfig: Setting CVar [[r.AmbientOcclusionMipLevelFactor:0.4]]
[2022.04.28-20.44.20:991][  0]LogConfig: Setting CVar [[r.AmbientOcclusionMaxQuality:100]]
[2022.04.28-20.44.20:991][  0]LogConfig: Setting CVar [[r.AmbientOcclusionLevels:-1]]
[2022.04.28-20.44.20:991][  0]LogConfig: Setting CVar [[r.AmbientOcclusionRadiusScale:1.0]]
[2022.04.28-20.44.20:991][  0]LogConfig: Setting CVar [[r.DepthOfFieldQuality:2]]
[2022.04.28-20.44.20:991][  0]LogConfig: Setting CVar [[r.RenderTargetPoolMin:400]]
[2022.04.28-20.44.20:991][  0]LogConfig: Setting CVar [[r.LensFlareQuality:2]]
[2022.04.28-20.44.20:991][  0]LogConfig: Setting CVar [[r.SceneColorFringeQuality:1]]
[2022.04.28-20.44.20:991][  0]LogConfig: Setting CVar [[r.EyeAdaptationQuality:2]]
[2022.04.28-20.44.20:991][  0]LogConfig: Setting CVar [[r.BloomQuality:5]]
[2022.04.28-20.44.20:991][  0]LogConfig: Setting CVar [[r.FastBlurThreshold:100]]
[2022.04.28-20.44.20:991][  0]LogConfig: Setting CVar [[r.Upscale.Quality:3]]
[2022.04.28-20.44.20:991][  0]LogConfig: Setting CVar [[r.Tonemapper.GrainQuantization:1]]
[2022.04.28-20.44.20:991][  0]LogConfig: Setting CVar [[r.LightShaftQuality:1]]
[2022.04.28-20.44.20:991][  0]LogConfig: Setting CVar [[r.Filter.SizeScale:1]]
[2022.04.28-20.44.20:991][  0]LogConfig: Setting CVar [[r.Tonemapper.Quality:5]]
[2022.04.28-20.44.20:991][  0]LogConfig: Setting CVar [[r.DOF.Gather.AccumulatorQuality:1        ; higher gathering accumulator quality]]
[2022.04.28-20.44.20:991][  0]LogConfig: Setting CVar [[r.DOF.Gather.PostfilterMethod:1          ; Median3x3 postfilering method]]
[2022.04.28-20.44.20:991][  0]LogConfig: Setting CVar [[r.DOF.Gather.EnableBokehSettings:0       ; no bokeh simulation when gathering]]
[2022.04.28-20.44.20:991][  0]LogConfig: Setting CVar [[r.DOF.Gather.RingCount:4                 ; medium number of samples when gathering]]
[2022.04.28-20.44.20:991][  0]LogConfig: Setting CVar [[r.DOF.Scatter.ForegroundCompositing:1    ; additive foreground scattering]]
[2022.04.28-20.44.20:991][  0]LogConfig: Setting CVar [[r.DOF.Scatter.BackgroundCompositing:2    ; additive background scattering]]
[2022.04.28-20.44.20:991][  0]LogConfig: Setting CVar [[r.DOF.Scatter.EnableBokehSettings:1      ; bokeh simulation when scattering]]
[2022.04.28-20.44.20:991][  0]LogConfig: Setting CVar [[r.DOF.Scatter.MaxSpriteRatio:0.1         ; only a maximum of 10% of scattered bokeh]]
[2022.04.28-20.44.20:991][  0]LogConfig: Setting CVar [[r.DOF.Recombine.Quality:1                ; cheap slight out of focus]]
[2022.04.28-20.44.20:991][  0]LogConfig: Setting CVar [[r.DOF.Recombine.EnableBokehSettings:0    ; no bokeh simulation on slight out of focus]]
[2022.04.28-20.44.20:991][  0]LogConfig: Setting CVar [[r.DOF.TemporalAAQuality:1                ; more stable temporal accumulation]]
[2022.04.28-20.44.20:991][  0]LogConfig: Setting CVar [[r.DOF.Kernel.MaxForegroundRadius:0.025]]
[2022.04.28-20.44.20:991][  0]LogConfig: Setting CVar [[r.DOF.Kernel.MaxBackgroundRadius:0.025]]
[2022.04.28-20.44.20:991][  0]LogConfig: Applying CVar settings from Section [TextureQuality@3] File [C:/3/MultiShooter/Saved/Config/Windows/Scalability.ini]
[2022.04.28-20.44.20:991][  0]LogConfig: Setting CVar [[r.Streaming.MipBias:0]]
[2022.04.28-20.44.20:991][  0]LogConfig: Setting CVar [[r.Streaming.AmortizeCPUToGPUCopy:0]]
[2022.04.28-20.44.20:991][  0]LogConfig: Setting CVar [[r.Streaming.MaxNumTexturesToStreamPerFrame:0]]
[2022.04.28-20.44.20:991][  0]LogConfig: Setting CVar [[r.Streaming.Boost:1]]
[2022.04.28-20.44.20:991][  0]LogConfig: Setting CVar [[r.MaxAnisotropy:8]]
[2022.04.28-20.44.20:991][  0]LogConfig: Setting CVar [[r.VT.MaxAnisotropy:8]]
[2022.04.28-20.44.20:991][  0]LogConfig: Setting CVar [[r.Streaming.LimitPoolSizeToVRAM:0]]
[2022.04.28-20.44.20:991][  0]LogConfig: Setting CVar [[r.Streaming.PoolSize:1000]]
[2022.04.28-20.44.20:991][  0]LogConfig: Setting CVar [[r.Streaming.MaxEffectiveScreenSize:0]]
[2022.04.28-20.44.20:991][  0]LogConfig: Applying CVar settings from Section [EffectsQuality@3] File [C:/3/MultiShooter/Saved/Config/Windows/Scalability.ini]
[2022.04.28-20.44.20:991][  0]LogConfig: Setting CVar [[r.TranslucencyLightingVolumeDim:64]]
[2022.04.28-20.44.20:991][  0]LogConfig: Setting CVar [[r.RefractionQuality:2]]
[2022.04.28-20.44.20:991][  0]LogConfig: Setting CVar [[r.SSR.Quality:3]]
[2022.04.28-20.44.20:991][  0]LogConfig: Setting CVar [[r.SSR.HalfResSceneColor:0]]
[2022.04.28-20.44.20:991][  0]LogConfig: Setting CVar [[r.SceneColorFormat:4]]
[2022.04.28-20.44.20:991][  0]LogConfig: Setting CVar [[r.DetailMode:2]]
[2022.04.28-20.44.20:991][  0]LogConfig: Setting CVar [[r.TranslucencyVolumeBlur:1]]
[2022.04.28-20.44.20:991][  0]LogConfig: Setting CVar [[r.MaterialQualityLevel:1 ; High quality]]
[2022.04.28-20.44.20:991][  0]LogConfig: Setting CVar [[r.AnisotropicMaterials:1]]
[2022.04.28-20.44.20:991][  0]LogConfig: Setting CVar [[r.SSS.Scale:1]]
[2022.04.28-20.44.20:991][  0]LogConfig: Setting CVar [[r.SSS.SampleSet:2]]
[2022.04.28-20.44.20:991][  0]LogConfig: Setting CVar [[r.SSS.Quality:1]]
[2022.04.28-20.44.20:991][  0]LogConfig: Setting CVar [[r.SSS.HalfRes:0]]
[2022.04.28-20.44.20:991][  0]LogConfig: Setting CVar [[r.SSGI.Quality:3]]
[2022.04.28-20.44.20:991][  0]LogConfig: Setting CVar [[r.EmitterSpawnRateScale:1.0]]
[2022.04.28-20.44.20:991][  0]LogConfig: Setting CVar [[r.ParticleLightQuality:2]]
[2022.04.28-20.44.20:991][  0]LogConfig: Setting CVar [[r.SkyAtmosphere.AerialPerspectiveLUT.FastApplyOnOpaque:1 ; Always have FastSkyLUT 1 in this case to avoid wrong sky]]
[2022.04.28-20.44.20:991][  0]LogConfig: Setting CVar [[r.SkyAtmosphere.AerialPerspectiveLUT.SampleCountMaxPerSlice:4]]
[2022.04.28-20.44.20:991][  0]LogConfig: Setting CVar [[r.SkyAtmosphere.AerialPerspectiveLUT.DepthResolution:16.0]]
[2022.04.28-20.44.20:991][  0]LogConfig: Setting CVar [[r.SkyAtmosphere.FastSkyLUT:1]]
[2022.04.28-20.44.20:991][  0]LogConfig: Setting CVar [[r.SkyAtmosphere.FastSkyLUT.SampleCountMin:4.0]]
[2022.04.28-20.44.20:991][  0]LogConfig: Setting CVar [[r.SkyAtmosphere.FastSkyLUT.SampleCountMax:128.0]]
[2022.04.28-20.44.20:991][  0]LogConfig: Setting CVar [[r.SkyAtmosphere.SampleCountMin:4.0]]
[2022.04.28-20.44.20:991][  0]LogConfig: Setting CVar [[r.SkyAtmosphere.SampleCountMax:128.0]]
[2022.04.28-20.44.20:991][  0]LogConfig: Setting CVar [[r.SkyAtmosphere.TransmittanceLUT.UseSmallFormat:0]]
[2022.04.28-20.44.20:991][  0]LogConfig: Setting CVar [[r.SkyAtmosphere.TransmittanceLUT.SampleCount:10.0]]
[2022.04.28-20.44.20:991][  0]LogConfig: Setting CVar [[r.SkyAtmosphere.MultiScatteringLUT.SampleCount:15.0]]
[2022.04.28-20.44.20:991][  0]LogConfig: Setting CVar [[r.SkyLight.RealTimeReflectionCapture:1]]
[2022.04.28-20.44.20:991][  0]LogConfig: Applying CVar settings from Section [FoliageQuality@3] File [C:/3/MultiShooter/Saved/Config/Windows/Scalability.ini]
[2022.04.28-20.44.20:991][  0]LogConfig: Setting CVar [[foliage.DensityScale:1.0]]
[2022.04.28-20.44.20:991][  0]LogConfig: Setting CVar [[grass.DensityScale:1.0]]
[2022.04.28-20.44.20:991][  0]LogConfig: Applying CVar settings from Section [ShadingQuality@3] File [C:/3/MultiShooter/Saved/Config/Windows/Scalability.ini]
[2022.04.28-20.44.20:991][  0]LogConfig: Setting CVar [[r.HairStrands.SkyLighting.IntegrationType:2]]
[2022.04.28-20.44.20:991][  0]LogConfig: Setting CVar [[r.HairStrands.SkyAO.SampleCount:4]]
[2022.04.28-20.44.20:991][  0]LogConfig: Setting CVar [[r.HairStrands.Visibility.MSAA.SamplePerPixel:4]]
[2022.04.28-20.44.20:991][  0]LogConfig: Applying CVar settings from Section [Startup] File [../../../Engine/Config/ConsoleVariables.ini]
[2022.04.28-20.44.20:992][  0]LogConfig: Setting CVar [[net.UseAdaptiveNetUpdateFrequency:0]]
[2022.04.28-20.44.20:992][  0]LogConfig: Setting CVar [[p.chaos.AllowCreatePhysxBodies:1]]
[2022.04.28-20.44.20:992][  0]LogConfig: Setting CVar [[fx.SkipVectorVMBackendOptimizations:1]]
[2022.04.28-20.44.20:992][  0]LogConfig: Applying CVar settings from Section [ConsoleVariables] File [C:/3/MultiShooter/Saved/Config/Windows/Engine.ini]
[2022.04.28-20.44.20:992][  0]LogConfig: Applying CVar settings from Section [ConsoleVariables] File [C:/3/MultiShooter/Saved/Config/Windows/Editor.ini]
[2022.04.28-20.44.20:993][  0]LogInit: Computer: LAPTOP-K7OCUPB7
[2022.04.28-20.44.20:993][  0]LogInit: User: buryk
[2022.04.28-20.44.20:993][  0]LogInit: CPU Page size=4096, Cores=6
[2022.04.28-20.44.20:993][  0]LogInit: High frequency timer resolution =10.000000 MHz
[2022.04.28-20.44.20:993][  0]LogMemory: Memory total: Physical=15.8GB (16GB approx)
[2022.04.28-20.44.20:993][  0]LogMemory: Platform Memory Stats for Windows
[2022.04.28-20.44.20:993][  0]LogMemory: Process Physical Memory: 146.47 MB used, 146.47 MB peak
[2022.04.28-20.44.20:993][  0]LogMemory: Process Virtual Memory: 129.96 MB used, 129.96 MB peak
[2022.04.28-20.44.20:993][  0]LogMemory: Physical Memory: 9175.90 MB used,  7009.27 MB free, 16185.18 MB total
[2022.04.28-20.44.20:993][  0]LogMemory: Virtual Memory: 134203672.00 MB used,  14058.83 MB free, 134217728.00 MB total
[2022.04.28-20.44.20:999][  0]LogWindows: WindowsPlatformFeatures enabled
[2022.04.28-20.44.21:051][  0]LogInit: Physics initialised using underlying interface: PhysX
[2022.04.28-20.44.21:051][  0]LogInit: Using OS detected language (ru-RU).
[2022.04.28-20.44.21:051][  0]LogInit: Using OS detected locale (ru-RU).
[2022.04.28-20.44.21:056][  0]LogTextLocalizationManager: No specific localization for 'ru-RU' exists, so the 'ru' localization will be used.
[2022.04.28-20.44.21:061][  0]LogTextLocalizationResource: LocRes '../../../Engine/Content/Localization/Editor/ru/Editor.locres' could not be opened for reading!
[2022.04.28-20.44.21:061][  0]LogTextLocalizationResource: LocRes '../../../Engine/Content/Localization/EditorTutorials/ru/EditorTutorials.locres' could not be opened for reading!
[2022.04.28-20.44.21:061][  0]LogTextLocalizationResource: LocRes '../../../Engine/Content/Localization/Keywords/ru/Keywords.locres' could not be opened for reading!
[2022.04.28-20.44.21:061][  0]LogTextLocalizationResource: LocRes '../../../Engine/Content/Localization/Category/ru/Category.locres' could not be opened for reading!
[2022.04.28-20.44.21:061][  0]LogTextLocalizationResource: LocRes '../../../Engine/Content/Localization/ToolTips/ru/ToolTips.locres' could not be opened for reading!
[2022.04.28-20.44.21:062][  0]LogTextLocalizationResource: LocRes '../../../Engine/Content/Localization/PropertyNames/ru/PropertyNames.locres' could not be opened for reading!
[2022.04.28-20.44.21:062][  0]LogTextLocalizationResource: LocRes '../../../Engine/Content/Localization/Engine/ru/Engine.locres' could not be opened for reading!
[2022.04.28-20.44.21:073][  0]LogWindowsTextInputMethodSystem: Display: IME system deactivated.
[2022.04.28-20.44.21:102][  0]LogSlate: New Slate User Created.  User Index 0, Is Virtual User: 0
[2022.04.28-20.44.21:102][  0]LogSlate: Slate User Registered.  User Index 0, Is Virtual User: 0
[2022.04.28-20.44.21:124][  0]LogD3D11RHI: Loaded GFSDK_Aftermath_Lib.x64.dll
[2022.04.28-20.44.21:138][  0]LogHMD: Failed to initialize OpenVR with code 110
[2022.04.28-20.44.21:138][  0]LogD3D11RHI: D3D11 min allowed feature level: 11_0
[2022.04.28-20.44.21:138][  0]LogD3D11RHI: D3D11 max allowed feature level: 11_0
[2022.04.28-20.44.21:138][  0]LogD3D11RHI: D3D11 adapters:
[2022.04.28-20.44.21:243][  0]LogD3D11RHI:    0. 'NVIDIA GeForce GTX 1660 Ti with Max-Q Design' (Feature Level 11_0)
[2022.04.28-20.44.21:243][  0]LogD3D11RHI:       5991/0/8092 MB DedicatedVideo/DedicatedSystem/SharedSystem, Outputs:1, VendorId:0x10de
[2022.04.28-20.44.21:270][  0]LogD3D11RHI:    1. 'Intel(R) UHD Graphics' (Feature Level 11_0)
[2022.04.28-20.44.21:270][  0]LogD3D11RHI:       128/0/8092 MB DedicatedVideo/DedicatedSystem/SharedSystem, Outputs:0, VendorId:0x8086
[2022.04.28-20.44.21:272][  0]LogD3D11RHI:    2. 'Microsoft Basic Render Driver' (Feature Level 11_0)
[2022.04.28-20.44.21:272][  0]LogD3D11RHI:       0/0/8092 MB DedicatedVideo/DedicatedSystem/SharedSystem, Outputs:0, VendorId:0x1414
[2022.04.28-20.44.21:272][  0]LogD3D11RHI: Chosen D3D11 Adapter: 0
[2022.04.28-20.44.21:280][  0]LogD3D11RHI: Creating new Direct3DDevice
[2022.04.28-20.44.21:280][  0]LogD3D11RHI:     GPU DeviceId: 0x2191 (for the marketing name, search the web for "GPU Device Id")
[2022.04.28-20.44.21:280][  0]LogWindows: EnumDisplayDevices:
[2022.04.28-20.44.21:280][  0]LogWindows:    0. 'Intel(R) UHD Graphics' (P:1 D:1)
[2022.04.28-20.44.21:281][  0]LogWindows:    1. 'Intel(R) UHD Graphics' (P:0 D:0)
[2022.04.28-20.44.21:281][  0]LogWindows:    2. 'Intel(R) UHD Graphics' (P:0 D:0)
[2022.04.28-20.44.21:281][  0]LogWindows:    3. 'NVIDIA GeForce GTX 1660 Ti with Max-Q Design' (P:0 D:0)
[2022.04.28-20.44.21:281][  0]LogWindows:    4. 'NVIDIA GeForce GTX 1660 Ti with Max-Q Design' (P:0 D:0)
[2022.04.28-20.44.21:281][  0]LogWindows:    5. 'NVIDIA GeForce GTX 1660 Ti with Max-Q Design' (P:0 D:0)
[2022.04.28-20.44.21:282][  0]LogWindows:    6. 'NVIDIA GeForce GTX 1660 Ti with Max-Q Design' (P:0 D:0)
[2022.04.28-20.44.21:282][  0]LogWindows: DebugString: PrimaryIsNotTheChoosenAdapter PrimaryIsNotTheChoosenAdapter PrimaryIsNotTheChoosenAdapter FoundDriverCount:4 
[2022.04.28-20.44.21:282][  0]LogD3D11RHI:     Adapter Name: NVIDIA GeForce GTX 1660 Ti with Max-Q Design
[2022.04.28-20.44.21:282][  0]LogD3D11RHI:   Driver Version: 497.33 (internal:30.0.14.9733, unified:497.33)
[2022.04.28-20.44.21:282][  0]LogD3D11RHI:      Driver Date: 12-16-2021
[2022.04.28-20.44.21:282][  0]LogRHI: Texture pool is 4193 MB (70% of 5991 MB)
[2022.04.28-20.44.21:348][  0]LogD3D11RHI: RHI has support for 64 bit atomics
[2022.04.28-20.44.21:348][  0]LogD3D11RHI: Async texture creation enabled
[2022.04.28-20.44.21:348][  0]LogD3D11RHI: Array index from any shader is supported
[2022.04.28-20.44.21:371][  0]LogD3D11RHI: GPU Timing Frequency: 1000.000000 (Debug: 2 2)
[2022.04.28-20.44.21:413][  0]LogRHI: GeForceNow SDK initialized: 1
[2022.04.28-20.44.21:691][  0]LogTargetPlatformManager: Display: Loaded TargetPlatform 'WindowsNoEditor'
[2022.04.28-20.44.21:696][  0]LogTargetPlatformManager: Display: Loaded TargetPlatform 'Windows'
[2022.04.28-20.44.21:701][  0]LogTargetPlatformManager: Display: Loaded TargetPlatform 'WindowsClient'
[2022.04.28-20.44.21:705][  0]LogTargetPlatformManager: Display: Loaded TargetPlatform 'WindowsServer'
[2022.04.28-20.44.21:705][  0]LogTargetPlatformManager: Display: Building Assets For Windows
[2022.04.28-20.44.21:716][  0]LogAudioDebug: Display: Lib vorbis DLL was dynamically loaded.
[2022.04.28-20.44.21:752][  0]LogTextureFormatOodle: Display: Oodle Texture 2.9.0 init RDO Off
[2022.04.28-20.44.21:785][  0]LogRendererCore: Ray tracing is disabled. Reason: r.RayTracing=0.
[2022.04.28-20.44.21:785][  0]LogShaderCompilers: Guid format shader working directory is 13 characters bigger than the processId version (../../../../../../3/MultiShooter/Intermediate/Shaders/WorkingDirectory/40776/).
[2022.04.28-20.44.21:786][  0]LogShaderCompilers: Cleaned the shader compiler working directory 'C:/Users/buryk/AppData/Local/Temp/UnrealShaderWorkingDir/51CF68554A596AEF1A34B0B94105F3A3/'.
[2022.04.28-20.44.21:786][  0]LogXGEController: Cannot use XGE Controller as Incredibuild is not installed on this machine.
[2022.04.28-20.44.21:786][  0]LogShaderCompilers: Cannot use XGE Shader Compiler as Incredibuild is not installed on this machine.
[2022.04.28-20.44.21:786][  0]LogShaderCompilers: Display: Using Local Shader Compiler.
[2022.04.28-20.44.22:497][  0]LogDerivedDataCache: Display: Max Cache Size: 512 MB
[2022.04.28-20.44.22:547][  0]LogDerivedDataCache: Loaded boot cache 0.05s 95MB C:/Users/buryk/AppData/Local/UnrealEngine/4.27/DerivedDataCache/Boot.ddc.
[2022.04.28-20.44.22:547][  0]LogDerivedDataCache: Display: Loaded Boot cache: C:/Users/buryk/AppData/Local/UnrealEngine/4.27/DerivedDataCache/Boot.ddc
[2022.04.28-20.44.22:547][  0]LogDerivedDataCache: FDerivedDataBackendGraph:  Pak pak cache file ../../../../../../3/MultiShooter/DerivedDataCache/DDC.ddp not found, will not use a pak cache.
[2022.04.28-20.44.22:547][  0]LogDerivedDataCache: Unable to find inner node Pak for hierarchical cache Hierarchy.
[2022.04.28-20.44.22:548][  0]LogDerivedDataCache: FDerivedDataBackendGraph:  CompressedPak pak cache file ../../../../../../3/MultiShooter/DerivedDataCache/Compressed.ddp not found, will not use a pak cache.
[2022.04.28-20.44.22:548][  0]LogDerivedDataCache: Unable to find inner node CompressedPak for hierarchical cache Hierarchy.
[2022.04.28-20.44.22:563][  0]LogDerivedDataCache: Display: Pak cache opened for reading ../../../Engine/DerivedDataCache/Compressed.ddp.
[2022.04.28-20.44.22:563][  0]LogDerivedDataCache: FDerivedDataBackendGraph:  EnterprisePak pak cache file ../../../Enterprise/DerivedDataCache/Compressed.ddp not found, will not use a pak cache.
[2022.04.28-20.44.22:564][  0]LogDerivedDataCache: Unable to find inner node EnterprisePak for hierarchical cache Hierarchy.
[2022.04.28-20.44.22:574][  0]LogDerivedDataCache: Speed tests for C:/Users/buryk/AppData/Local/UnrealEngine/Common/DerivedDataCache took 0.01 seconds
[2022.04.28-20.44.22:574][  0]LogDerivedDataCache: Display: Performance to C:/Users/buryk/AppData/Local/UnrealEngine/Common/DerivedDataCache: Latency=0.04ms. RandomReadSpeed=240.58MBs, RandomWriteSpeed=155.22MBs. Assigned SpeedClass 'Local'
[2022.04.28-20.44.22:575][  0]LogDerivedDataCache: Using Local data cache path C:/Users/buryk/AppData/Local/UnrealEngine/Common/DerivedDataCache: Writable
[2022.04.28-20.44.22:575][  0]LogDerivedDataCache: Shared data cache path not found in *engine.ini, will not use an Shared cache.
[2022.04.28-20.44.22:575][  0]LogDerivedDataCache: Unable to find inner node Shared for hierarchical cache Hierarchy.
[2022.04.28-20.44.22:607][  0]LogSlate: Using FreeType 2.10.0
[2022.04.28-20.44.22:607][  0]LogSlate: SlateFontServices - WITH_FREETYPE: 1, WITH_HARFBUZZ: 1
[2022.04.28-20.44.22:694][  0]LogInit: Using OS detected language (ru-RU).
[2022.04.28-20.44.22:694][  0]LogInit: Using OS detected locale (ru-RU).
[2022.04.28-20.44.22:694][  0]LogTextLocalizationManager: No localization for 'ru-RU' exists, so 'en' will be used for the language.
[2022.04.28-20.44.22:695][  0]LogTextLocalizationManager: No localization for 'ru-RU' exists, so 'en' will be used for the locale.
[2022.04.28-20.44.22:695][  0]LogSlate: FontCache flush requested. Reason: Culture for localization was changed
[2022.04.28-20.44.22:695][  0]LogSlate: FontCache flush requested. Reason: Culture for localization was changed
[2022.04.28-20.44.22:697][  0]LogAssetRegistry: FAssetRegistry took 0.0017 seconds to start up
[2022.04.28-20.44.22:850][  0]LogTextLocalizationManager: Compacting localization data took   0.00ms
[2022.04.28-20.44.22:850][  0]LogPackageLocalizationCache: Processed 27 localized package path(s) for 1 prioritized culture(s) in 0.001306 seconds
[2022.04.28-20.44.22:911][  0]LogInit: Selected Device Profile: [Windows]
[2022.04.28-20.44.22:911][  0]LogInit: Active device profile: [000001A158B3D300][000001A1586404C0 49] Windows
[2022.04.28-20.44.22:911][  0]LogInit: Profiles: [000001A158B3D300][000001A1586404C0 49] Windows, [000001A158B1A700][000001A158648640 49] WindowsNoEditor, [000001A158B3E500][000001A15864C7C0 49] WindowsServer, [000001A158B1B500][000001A159660940 49] WindowsClient, [000001A158B3F200][000001A159664AC0 49] IOS, [000001A158B19300][000001A159668C40 49] iPadAir, [000001A158B3E900][000001A15966CDC0 49] iPadAir2, [000001A158AB9C00][000001A159675080 49] IPadPro, [000001A158AB9D00][000001A1596710C0 49] iPadAir3, [000001A158B1BB00][000001A159679240 49] iPadAir4, [000001A158ABAC00][000001A158645380 49] iPadMini2, [000001A158B19600][000001A15967D4C0 49] iPadMini3, [000001A158AB8B00][000001A159681600 49] iPadMini4, [000001A158B1AB00][000001A159685740 49] iPadMini5, [000001A158AC9300][000001A159691A00 49] iPhone6, [000001A158AC9400][000001A15968DA40 49] iPodTouch6, [000001A158B3D600][000001A159698180 49] iPhone7, [000001A158B3EB00][000001A1596941C0 49] iPodTouch7, [000001A158ABBB00][000001A15969C340 49] iPhone5S, [000001A158B3D800][000001A1596A04C0 49] iPhone6Plus, [000001A158ABB000][000001A1596A4640 49] iPhone6S, [000001A158B3E800][000001A1596A87C0 49] iPhone6SPlus, [000001A158AB9500][000001A1596AC940 49] iPhone7Plus, [000001A158B3C100][000001A1596B0AC0 49] iPhoneSE, [000001A158AB8200][000001A1596B4C40 49] iPhone8, [000001A158B3D700][000001A1596B8DC0 49] iPhone8Plus, [000001A158AC8100][000001A1596BCF40 49] iPhoneX, [000001A158AB9800][000001A1596C10C0 49] iPhoneXS, [000001A158AC8C00][000001A1596C5240 49] iPhoneXSMax, [000001A158ABB800][000001A1596C93C0 49] iPhoneXR, [000001A158ACBD00][000001A159689500 49] iPhone11, [000001A158ABA800][000001A1596CD640 49] iPhone11Pro, [000001A158ACB800][000001A1596D1780 49] iPhone11ProMax, [000001A158AB8C00][000001A1596D58C0 49] iPhoneSE2, [000001A158ACA900][000001A1596DDA40 49] iPhone12Mini, [000001A158ABBF00][000001A1596E1BC0 49] iPhone12, [000001A158B3CA00][000001A1596E41C0 49] iPhone12Pro, [000001A158ABBE00][000001A1596E8340 49] iPhone12ProMax, [000001A158B3C700][000001A1596EC4C0 49] iPadPro105, [000001A158AB9100][000001A1596F0640 49] iPadPro129, [000001A158B3EE00][000001A1596F47C0 49] iPadPro97, [000001A158AB9300][000001A1596F8940 49] iPadPro2_129, [000001A158B3C800][000001A1596FCAC0 49] iPad5, [000001A158ABAD00][000001A159700C40 49] iPad6, [000001A158B3FD00][000001A159704DC0 49] iPad7, [000001A158AB9200][000001A159708F40 49] iPad8, [000001A158B3FC00][000001A15970D0C0 49] iPadPro11, [000001A158ABA500][000001A159711240 49] iPadPro2_11, [000001A158B3F700][000001A1597153C0 49] iPadPro3_129, [000001A158ABB300][000001A159719540 49] iPadPro4_129, [000001A158B3D100][000001A15971D6C0 49] AppleTV, [000001A158ABA100][000001A1596D9800 49] AppleTV4K, [000001A158B3EA00][000001A159721940 49] TVOS, [000001A158AB9F00][000001A159725A80 49] Mac, [000001A158B3D000][000001A15972DC00 49] MacClient, [000001A158AB8E00][000001A159730200 49] MacNoEditor, [000001A158B3DA00][000001A159734380 49] MacServer, [000001A158ABA700][000001A159738500 49] Linux, [000001A158B3C400][000001A15973C680 49] LinuxAArch64, [000001A158ABBA00][000001A159740800 49] LinuxNoEditor, [000001A158B3DF00][000001A159744980 49] LinuxAArch64NoEditor, [000001A158ABBD00][000001A159748B00 49] LinuxClient, [000001A158B3F000][000001A15974CC80 49] LinuxAArch64Client, [000001A158ABBC00][000001A159750E00 49] LinuxServer, [000001A158B3E200][000001A159754F80 49] LinuxAArch64Server, [000001A158ABA200][000001A159759100 49] Android, [000001A158B3F900][000001A15975D280 49] Android_Low, [000001A158ABAA00][000001A159761400 49] Android_Mid, [000001A158B3ED00][000001A159765580 49] Android_High, [000001A158AB9E00][000001A159769700 49] Android_Default, [000001A158B3DB00][000001A15976D880 49] Android_Adreno4xx, [000001A158AB8A00][000001A1597299C0 49] Android_Adreno5xx_Low, [000001A158B3C600][000001A159771B00 49] Android_Adreno5xx, [000001A158ABA600][000001A1597740C0 49] Android_Adreno6xx, [000001A158B3E600][000001A15977C240 49] Android_Adreno6xx_Vulkan, [000001A158ABA300][000001A1597803C0 49] Android_Mali_T6xx, [000001A158B3CF00][000001A159784540 49] Android_Mali_T7xx, [000001A158ABA900][000001A1597886C0 49] Android_Mali_T8xx, [000001A158B3E400][000001A15978C840 49] Android_Mali_G71, [000001A158AB8900][000001A1597909C0 49] Android_Mali_G72, [000001A158B3FA00][000001A159794B40 49] Android_Mali_G72_Vulkan, [000001A158ABAF00][000001A159798CC0 49] Android_Mali_G76, [000001A158B3DE00][000001A15979CE40 49] Android_Mali_G76_Vulkan, [000001A158B18F00][000001A1597A0FC0 49] Android_Mali_G77, [000001A158ACA100][000001A1597A5140 49] Android_Mali_G77_Vulkan, [000001A158B18D00][000001A1597A92C0 49] Android_Mali_G78, [000001A158ACB400][000001A1597AD440 49] Android_Mali_G78_Vulkan, [000001A158B18400][000001A1597B15C0 49] Android_Mali_G710, [000001A158ACB100][000001A1597B5740 49] Android_Mali_G710_Vulkan, [000001A158B18E00][000001A1597B98C0 49] Android_Vulkan_SM5, [000001A158ACBA00][000001A1597BDA40 49] Android_PowerVR_G6xxx, [000001A158B1A100][000001A159779B80 49] Android_PowerVR_GT7xxx, [000001A158ACAF00][000001A1597C0140 49] Android_PowerVR_GE8xxx, [000001A158B1A000][000001A1597C4280 49] Android_PowerVR_GM9xxx, [000001A158AC8900][000001A1597C83C0 49] Android_PowerVR_GM9xxx_Vulkan, [000001A158B1AF00][000001A1597D0540 49] Android_TegraK1, [000001A158AC8300][000001A1597D46C0 49] Android_Unknown_Vulkan, [000001A158B18C00][000001A1597D8840 49] Lumin, [000001A158ACAE00][000001A1597DC9C0 49] Lumin_Desktop, [000001A158B19B00][000001A1597E0B40 49] HoloLens, 
[2022.04.28-20.44.23:011][  0]LogMeshReduction: Using QuadricMeshReduction for automatic static mesh reduction
[2022.04.28-20.44.23:011][  0]LogMeshReduction: Using SimplygonMeshReduction for automatic skeletal mesh reduction
[2022.04.28-20.44.23:011][  0]LogMeshReduction: Using ProxyLODMeshReduction for automatic mesh merging
[2022.04.28-20.44.23:011][  0]LogMeshReduction: No distributed automatic mesh merging module available
[2022.04.28-20.44.23:011][  0]LogMeshMerging: No distributed automatic mesh merging module available
[2022.04.28-20.44.23:026][  0]LogNetVersion: MultiShooter 1.0.0, NetCL: 17155196, EngineNetVer: 17, GameNetVer: 0 (Checksum: 31779901)
[2022.04.28-20.44.23:232][  0]LogTexture: Default maximum texture size for cubemaps generated from long-lat sources has been changed from 512 to unlimited. In order to preserve old behaiour for '/Engine/MapTemplates/Sky/DaylightAmbientCubemap.DaylightAmbientCubemap', its maximum texture size has been explicitly set to 512.
[2022.04.28-20.44.23:277][  0]LogHMD: PokeAHoleMaterial loaded successfully
[2022.04.28-20.44.23:378][  0]LogMoviePlayer: Initializing movie player
[2022.04.28-20.44.23:459][  0]LogPython: Using Python 3.7.7
[2022.04.28-20.44.23:831][  0]LogNiagaraDebuggerClient: Niagara Debugger Client Initialized | Session: DEE73F024ED6082E09EC4EADA3F8A09A | Instance: E3A42B68442CB1F668041DB05D0982BD (LAPTOP-K7OCUPB7-40776).
[2022.04.28-20.44.23:845][  0]LogCollectionManager: Loaded 0 collections in 0.002043 seconds
[2022.04.28-20.44.23:847][  0]LogFileCache: Scanning file cache for directory 'C:/3/MultiShooter/Saved/Collections/' took 0.00s
[2022.04.28-20.44.23:847][  0]LogFileCache: Scanning file cache for directory 'C:/3/MultiShooter/Content/Developers/buryk/Collections/' took 0.00s
[2022.04.28-20.44.23:847][  0]LogFileCache: Scanning file cache for directory 'C:/3/MultiShooter/Content/Collections/' took 0.00s
[2022.04.28-20.44.23:847][  0]LogCollectionManager: Fixed up redirectors for 0 collections in 0.000001 seconds (updated 0 objects)
[2022.04.28-20.44.23:933][  0]LogStreaming: Warning: Failed to read file '../../../Engine/Content/Editor/Slate/Niagara/MenuSeparator.png' error.
[2022.04.28-20.44.23:933][  0]LogSlate: Could not find file for Slate resource: ../../../Engine/Content/Editor/Slate/Niagara/MenuSeparator.png
[2022.04.28-20.44.23:934][  0]LogStreaming: Warning: Failed to read file '../../../Engine/Content/Editor/Slate/Niagara/Common/Selector.png' error.
[2022.04.28-20.44.23:934][  0]LogSlate: Could not find file for Slate resource: ../../../Engine/Content/Editor/Slate/Niagara/Common/Selector.png
[2022.04.28-20.44.23:934][  0]LogStreaming: Warning: Failed to read file '../../../Engine/Content/Editor/Slate/Niagara/Common/Selection.png' error.
[2022.04.28-20.44.23:934][  0]LogSlate: Could not find file for Slate resource: ../../../Engine/Content/Editor/Slate/Niagara/Common/Selection.png
[2022.04.28-20.44.23:934][  0]LogStreaming: Warning: Failed to read file '../../../Engine/Content/Editor/Slate/Niagara/Common/DropZoneIndicator_Onto.png' error.
[2022.04.28-20.44.23:934][  0]LogStreaming: Warning: Failed to read file '../../../Engine/Content/Editor/Slate/Niagara/Common/DropZoneIndicator_Above.png' error.
[2022.04.28-20.44.23:934][  0]LogSlate: Could not find file for Slate resource: ../../../Engine/Content/Editor/Slate/Niagara/Common/DropZoneIndicator_Onto.png
[2022.04.28-20.44.23:934][  0]LogSlate: Could not find file for Slate resource: ../../../Engine/Content/Editor/Slate/Niagara/Common/DropZoneIndicator_Above.png
[2022.04.28-20.44.23:934][  0]LogImageWrapper: Warning: PNG Warning: Duplicate iCCP chunk
[2022.04.28-20.44.23:934][  0]LogStreaming: Warning: Failed to read file '../../../Engine/Content/Editor/Slate/Niagara/Common/DropZoneIndicator_Below.png' error.
[2022.04.28-20.44.23:934][  0]LogSlate: Could not find file for Slate resource: ../../../Engine/Content/Editor/Slate/Niagara/Common/DropZoneIndicator_Below.png
[2022.04.28-20.44.23:934][  0]LogStreaming: Warning: Failed to read file '../../../Engine/Content/Editor/Slate/Niagara/Common/RoundedSelection_16x.png' error.
[2022.04.28-20.44.23:934][  0]LogSlate: Could not find file for Slate resource: ../../../Engine/Content/Editor/Slate/Niagara/Common/RoundedSelection_16x.png
[2022.04.28-20.44.23:934][  0]LogStreaming: Warning: Failed to read file '../../../Engine/Content/Editor/Slate/Niagara/Common/FlatButton.png' error.
[2022.04.28-20.44.23:934][  0]LogSlate: Could not find file for Slate resource: ../../../Engine/Content/Editor/Slate/Niagara/Common/FlatButton.png
[2022.04.28-20.44.23:934][  0]LogImageWrapper: Warning: PNG Warning: Duplicate iCCP chunk
[2022.04.28-20.44.23:934][  0]LogTcpMessaging: Initializing TcpMessaging bridge
[2022.04.28-20.44.23:940][  0]LogUdpMessaging: Initializing bridge on interface 0.0.0.0:0 to multicast group 230.0.0.1:6666.
[2022.04.28-20.44.24:046][  0]SourceControl: Source control is disabled
[2022.04.28-20.44.24:046][  0]SourceControl: Source control is disabled
[2022.04.28-20.44.24:047][  0]SourceControl: Source control is disabled
[2022.04.28-20.44.24:049][  0]LogUProjectInfo: Found projects:
[2022.04.28-20.44.24:091][  0]LogOpenImageDenoise: OIDN starting up
[2022.04.28-20.44.24:139][  0]LogAndroidPermission: UAndroidPermissionCallbackProxy::GetInstance
[2022.04.28-20.44.24:146][  0]LogAudioCaptureCore: Display: No Audio Capture implementations found. Audio input will be silent.
[2022.04.28-20.44.24:146][  0]LogAudioCaptureCore: Display: No Audio Capture implementations found. Audio input will be silent.
[2022.04.28-20.44.24:202][  0]LogOcInput: OculusInput pre-init called
[2022.04.28-20.44.24:210][  0]LogUObjectArray: 22122 objects as part of root set at end of initial load.
[2022.04.28-20.44.24:210][  0]LogUObjectAllocator: 5975648 out of 0 bytes used by permanent object pool.
[2022.04.28-20.44.24:210][  0]LogUObjectArray: CloseDisregardForGC: 0/0 objects in disregard for GC pool
[2022.04.28-20.44.24:249][  0]LogEngine: Initializing Engine...
[2022.04.28-20.44.24:252][  0]LogHMD: Failed to enumerate extensions. Please check that you have a valid OpenXR runtime installed.
[2022.04.28-20.44.24:252][  0]LogHMD: Failed to initialize OpenVR with code 110
[2022.04.28-20.44.24:252][  0]LogMagicLeap: Warning: VR disabled because ZI is not enabled.  To enable, in the editor, Edit -> Project Settings -> Plugins -> Magic Leap Plugin -> Enable Zero Iteration
[2022.04.28-20.44.24:253][  0]LogStats: UGameplayTagsManager::InitializeManager -  0.000 s
[2022.04.28-20.44.24:341][  0]LogInit: Initializing FReadOnlyCVARCache
[2022.04.28-20.44.24:341][  0]LogAudio: Display: Initializing Audio Device Manager...
[2022.04.28-20.44.24:345][  0]LogAudio: Display: Loading Default Audio Settings Objects...
[2022.04.28-20.44.24:346][  0]LogAudio: Display: No default SoundConcurrencyObject specified (or failed to load).
[2022.04.28-20.44.24:346][  0]LogAudio: Display: Audio Device Manager Initialized
[2022.04.28-20.44.24:346][  0]LogAudio: Display: Creating Audio Device:                 Id: 1, Scope: Shared, Realtime: True
[2022.04.28-20.44.24:346][  0]LogAudioMixer: Display: Audio Mixer Platform Settings:
[2022.04.28-20.44.24:346][  0]LogAudioMixer: Display: 	Sample Rate:						  48000
[2022.04.28-20.44.24:346][  0]LogAudioMixer: Display: 	Callback Buffer Frame Size Requested: 1024
[2022.04.28-20.44.24:346][  0]LogAudioMixer: Display: 	Callback Buffer Frame Size To Use:	  1024
[2022.04.28-20.44.24:346][  0]LogAudioMixer: Display: 	Number of buffers to queue:			  2
[2022.04.28-20.44.24:346][  0]LogAudioMixer: Display: 	Max Channels (voices):				  32
[2022.04.28-20.44.24:346][  0]LogAudioMixer: Display: 	Number of Async Source Workers:		  0
[2022.04.28-20.44.24:346][  0]LogAudio: Display: AudioDevice MaxSources: 32
[2022.04.28-20.44.24:346][  0]LogAudio: Display: Audio Spatialization Plugin: None (built-in).
[2022.04.28-20.44.24:346][  0]LogAudio: Display: Audio Reverb Plugin: None (built-in).
[2022.04.28-20.44.24:346][  0]LogAudio: Display: Audio Occlusion Plugin: None (built-in).
[2022.04.28-20.44.24:346][  0]LogAudioMixer: Display: Initializing audio mixer.
[2022.04.28-20.44.24:364][  0]LogAudioMixer: Display: 0: FrontLeft
[2022.04.28-20.44.24:364][  0]LogAudioMixer: Display: 1: FrontRight
[2022.04.28-20.44.24:380][  0]LogAudioMixer: Display: Using Audio Device Speaker (Realtek(R) Audio)
[2022.04.28-20.44.24:385][  0]LogAudioMixer: Display: Initializing Sound Submixes...
[2022.04.28-20.44.24:387][  0]LogAudioMixer: Display: Creating Master Submix 'MasterSubmixDefault'
[2022.04.28-20.44.24:387][  0]LogAudioMixer: Display: Creating Master Submix 'MasterReverbSubmixDefault'
[2022.04.28-20.44.24:387][  0]LogAudioMixer: Display: Creating Master Submix 'MasterEQSubmixDefault'
[2022.04.28-20.44.24:387][  0]LogAudioMixer: FMixerPlatformXAudio2::StartAudioStream() called
[2022.04.28-20.44.24:387][  0]LogAudioMixer: Display: Output buffers initialized: Frames=1024, Channels=2, Samples=2048
[2022.04.28-20.44.24:388][  0]LogAudioMixer: Display: Starting AudioMixerPlatformInterface::RunInternal()
[2022.04.28-20.44.24:388][  0]LogAudioMixer: Display: FMixerPlatformXAudio2::SubmitBuffer() called for the first time
[2022.04.28-20.44.24:388][  0]LogInit: FAudioDevice initialized.
[2022.04.28-20.44.24:389][  0]LogNetVersion: Set ProjectVersion to 1.0.0.0. Version Checksum will be recalculated on next use.
[2022.04.28-20.44.24:390][  0]LogInit: Texture streaming: Enabled
[2022.04.28-20.44.24:449][  0]LogAudio: Display: Audio Device (ID: 1) registered with world 'Untitled'.
[2022.04.28-20.44.24:449][  0]LogSlate: Updating window title bar state: overlay mode, drag disabled, window buttons hidden, title bar hidden
[2022.04.28-20.44.24:449][  0]LogInit: Display: Game Engine Initialized.
[2022.04.28-20.44.24:449][  0]LogNiagaraEditor: GEditor isn't valid! Particle reset commands will not work for Niagara components!
[2022.04.28-20.44.24:553][  0]LogStreaming: Warning: Failed to read file '../../../Engine/Content/Editor/Slate/Niagara/MenuSeparator.png' error.
[2022.04.28-20.44.24:553][  0]LogSlate: Could not find file for Slate resource: ../../../Engine/Content/Editor/Slate/Niagara/MenuSeparator.png
[2022.04.28-20.44.24:553][  0]LogStreaming: Warning: Failed to read file '../../../Engine/Content/Editor/Slate/Niagara/Common/Selector.png' error.
[2022.04.28-20.44.24:553][  0]LogSlate: Could not find file for Slate resource: ../../../Engine/Content/Editor/Slate/Niagara/Common/Selector.png
[2022.04.28-20.44.24:553][  0]LogStreaming: Warning: Failed to read file '../../../Engine/Content/Editor/Slate/Niagara/Common/Selection.png' error.
[2022.04.28-20.44.24:553][  0]LogSlate: Could not find file for Slate resource: ../../../Engine/Content/Editor/Slate/Niagara/Common/Selection.png
[2022.04.28-20.44.24:553][  0]LogStreaming: Warning: Failed to read file '../../../Engine/Content/Editor/Slate/Niagara/Common/DropZoneIndicator_Above.png' error.
[2022.04.28-20.44.24:553][  0]LogStreaming: Warning: Failed to read file '../../../Engine/Content/Editor/Slate/Niagara/Common/DropZoneIndicator_Below.png' error.
[2022.04.28-20.44.24:553][  0]LogSlate: Could not find file for Slate resource: ../../../Engine/Content/Editor/Slate/Niagara/Common/DropZoneIndicator_Below.png
[2022.04.28-20.44.24:553][  0]LogSlate: Could not find file for Slate resource: ../../../Engine/Content/Editor/Slate/Niagara/Common/DropZoneIndicator_Above.png
[2022.04.28-20.44.24:553][  0]LogStreaming: Warning: Failed to read file '../../../Engine/Content/Editor/Slate/Niagara/Common/DropZoneIndicator_Onto.png' error.
[2022.04.28-20.44.24:553][  0]LogSlate: Could not find file for Slate resource: ../../../Engine/Content/Editor/Slate/Niagara/Common/DropZoneIndicator_Onto.png
[2022.04.28-20.44.24:553][  0]LogStreaming: Warning: Failed to read file '../../../Engine/Content/Editor/Slate/Niagara/Common/RoundedSelection_16x.png' error.
[2022.04.28-20.44.24:553][  0]LogSlate: Could not find file for Slate resource: ../../../Engine/Content/Editor/Slate/Niagara/Common/RoundedSelection_16x.png
[2022.04.28-20.44.24:553][  0]LogStreaming: Warning: Failed to read file '../../../Engine/Content/Editor/Slate/Niagara/Common/FlatButton.png' error.
[2022.04.28-20.44.24:553][  0]LogSlate: Could not find file for Slate resource: ../../../Engine/Content/Editor/Slate/Niagara/Common/FlatButton.png
[2022.04.28-20.44.24:553][  0]LogImageWrapper: Warning: PNG Warning: Duplicate iCCP chunk
[2022.04.28-20.44.24:553][  0]LogImageWrapper: Warning: PNG Warning: Duplicate iCCP chunk
[2022.04.28-20.44.24:553][  0]LogInit: Display: Starting Game.
[2022.04.28-20.44.24:554][  0]LogNet: Browse: /Game/MyContent/Maps/Lvl1?Name=Player?Listen
[2022.04.28-20.44.24:554][  0]LogLoad: LoadMap: /Game/MyContent/Maps/Lvl1?Name=Player?Listen
[2022.04.28-20.44.24:554][  0]LogWorld: BeginTearingDown for /Temp/Untitled_0
[2022.04.28-20.44.24:555][  0]LogWorld: UWorld::CleanupWorld for Untitled, bSessionEnded=true, bCleanupResources=true
[2022.04.28-20.44.24:555][  0]LogSlate: InvalidateAllWidgets triggered.  All widgets were invalidated
[2022.04.28-20.44.24:558][  0]LogAudio: Display: Audio Device unregistered from world 'None'.
[2022.04.28-20.44.24:560][  0]LogUObjectHash: Compacting FUObjectHashTables data took   0.67ms
[2022.04.28-20.44.24:667][  0]LogBlueprint: Warning: USimpleConstructionScript::FixupRootNodeParentReferences() - Couldn't find native parent component 'Arrow' for 'Camera' in BlueprintGeneratedClass 'BP_MultiplayerPawn_C' (it may have been removed)
[2022.04.28-20.44.24:667][  0]LogBlueprint: Warning: USimpleConstructionScript::FixupRootNodeParentReferences() - Couldn't find native parent component 'Arrow' for 'Arrow1' in BlueprintGeneratedClass 'BP_MultiplayerPawn_C' (it may have been removed)
[2022.04.28-20.44.24:689][  0]LogAudio: Display: Audio Device (ID: 1) registered with world 'Lvl1'.
[2022.04.28-20.44.24:695][  0]LogAIModule: Creating AISystem for world Lvl1
[2022.04.28-20.44.24:695][  0]LogLoad: Game class is 'BP_GameMode_C'
[2022.04.28-20.44.24:696][  0]LogNet: ReplicationDriverClass is null! Not using ReplicationDriver.
[2022.04.28-20.44.24:696][  0]LogNetCore: DDoS detection status: detection enabled: 0 analytics enabled: 0
[2022.04.28-20.44.24:696][  0]LogInit: WinSock: Socket queue. Rx: 131072 (config 131072) Tx: 131072 (config 131072)
[2022.04.28-20.44.24:696][  0]LogNet: Created socket for bind address: 0.0.0.0 on port 17777
[2022.04.28-20.44.24:696][  0]PacketHandlerLog: Loaded PacketHandler component: Engine.EngineHandlerComponentFactory (StatelessConnectHandlerComponent)
[2022.04.28-20.44.24:696][  0]LogNet: GameNetDriver IpNetDriver_0 IpNetDriver listening on port 17777
[2022.04.28-20.44.24:698][  0]LogWorld: Bringing World /Game/MyContent/Maps/Lvl1.Lvl1 up for play (max tick rate 0) at 2022.04.28-23.44.24
[2022.04.28-20.44.24:698][  0]LogWorld: Bringing up level for play took: 0.001196
[2022.04.28-20.44.24:698][  0]LogOnlineSession: Warning: OSS: No game present to join for session (GameSession)
[2022.04.28-20.44.24:701][  0]LogLoad: Took 0.147541 seconds to LoadMap(/Game/MyContent/Maps/Lvl1)
[2022.04.28-20.44.24:733][  0]LogSlate: Took 0.000129 seconds to synchronously load lazily loaded font '../../../Engine/Content/Slate/Fonts/Roboto-Regular.ttf' (155K)
[2022.04.28-20.44.24:759][  0]LogRenderer: Reallocating scene render targets to support 640x480 Format 10 NumSamples 1 (Frame:1).
[2022.04.28-20.44.24:759][  0]LogInit: Display: Engine is initialized. Leaving FEngineLoop::Init()
[2022.04.28-20.44.24:759][  0]LogLoad: (Engine Initialization) Total time: 5.45 seconds
[2022.04.28-20.44.24:759][  0]LogLoad: (Engine Initialization) Total Blueprint compile time: 0.00 seconds
[2022.04.28-20.44.24:762][  0]LogContentStreaming: Texture pool size now 1000 MB
[2022.04.28-20.44.24:763][  0]LogBlueprintUserMessages: [W_Lifebar_C_0] 0.0
[2022.04.28-20.44.24:764][  0]LogSlate: InvalidateAllWidgets triggered.  All widgets were invalidated
[2022.04.28-20.44.25:514][  0]LogRenderer: Reallocating scene render targets to support 128x128 Format 10 NumSamples 1 (Frame:1).
[2022.04.28-20.44.42:156][  0]LogD3D11RHI: GetQueryData is taking a very long time (5.0 s) (00000000)
[2022.04.28-20.44.44:652][  0]LogRenderer: Reallocating scene render targets to support 640x480 Format 10 NumSamples 1 (Frame:2).
[2022.04.28-20.44.44:662][  1]LogNet: UNetDriver::TickDispatch: Very long time between ticks. DeltaTime: 19.90, Realtime: 19.90. IpNetDriver_0
[2022.04.28-20.44.44:662][  1]LogNet: NotifyAcceptingConnection accepted from: 127.0.0.1:60585
[2022.04.28-20.44.44:662][  1]LogHandshake: SendConnectChallenge. Timestamp: 19.902982, Cookie: 099222000248189068164021160039048140189000143134175220231145
[2022.04.28-20.44.44:662][  1]LogNet: NotifyAcceptingConnection accepted from: 127.0.0.1:60585
[2022.04.28-20.44.44:662][  1]LogHandshake: SendConnectChallenge. Timestamp: 19.902982, Cookie: 099222000248189068164021160039048140189000143134175220231145
[2022.04.28-20.44.44:662][  1]LogNet: NotifyAcceptingConnection accepted from: 127.0.0.1:60585
[2022.04.28-20.44.44:662][  1]LogHandshake: SendConnectChallenge. Timestamp: 19.902982, Cookie: 099222000248189068164021160039048140189000143134175220231145
[2022.04.28-20.44.44:662][  1]LogNet: NotifyAcceptingConnection accepted from: 127.0.0.1:60585
[2022.04.28-20.44.44:662][  1]LogHandshake: SendConnectChallenge. Timestamp: 19.902982, Cookie: 099222000248189068164021160039048140189000143134175220231145
[2022.04.28-20.44.44:662][  1]LogNet: NotifyAcceptingConnection accepted from: 127.0.0.1:60585
[2022.04.28-20.44.44:662][  1]LogHandshake: SendConnectChallenge. Timestamp: 19.902982, Cookie: 099222000248189068164021160039048140189000143134175220231145
[2022.04.28-20.44.44:662][  1]LogNet: NotifyAcceptingConnection accepted from: 127.0.0.1:60585
[2022.04.28-20.44.44:663][  1]LogHandshake: SendConnectChallenge. Timestamp: 19.902982, Cookie: 099222000248189068164021160039048140189000143134175220231145
[2022.04.28-20.44.44:663][  1]LogNet: NotifyAcceptingConnection accepted from: 127.0.0.1:60585
[2022.04.28-20.44.44:663][  1]LogHandshake: SendConnectChallenge. Timestamp: 19.902982, Cookie: 099222000248189068164021160039048140189000143134175220231145
[2022.04.28-20.44.44:663][  1]LogNet: NotifyAcceptingConnection accepted from: 127.0.0.1:60585
[2022.04.28-20.44.44:663][  1]LogHandshake: SendConnectChallenge. Timestamp: 19.902982, Cookie: 099222000248189068164021160039048140189000143134175220231145
[2022.04.28-20.44.44:663][  1]LogNet: NotifyAcceptingConnection accepted from: 127.0.0.1:60585
[2022.04.28-20.44.44:663][  1]LogHandshake: SendConnectChallenge. Timestamp: 19.902982, Cookie: 099222000248189068164021160039048140189000143134175220231145
[2022.04.28-20.44.44:663][  1]LogNet: NotifyAcceptingConnection accepted from: 127.0.0.1:60585
[2022.04.28-20.44.44:663][  1]LogHandshake: SendConnectChallenge. Timestamp: 19.902982, Cookie: 099222000248189068164021160039048140189000143134175220231145
[2022.04.28-20.44.44:663][  1]LogNet: NotifyAcceptingConnection accepted from: 127.0.0.1:60585
[2022.04.28-20.44.44:663][  1]LogHandshake: SendConnectChallenge. Timestamp: 19.902982, Cookie: 099222000248189068164021160039048140189000143134175220231145
[2022.04.28-20.44.44:663][  1]LogNet: NotifyAcceptingConnection accepted from: 127.0.0.1:60585
[2022.04.28-20.44.44:663][  1]LogHandshake: SendConnectChallenge. Timestamp: 19.902982, Cookie: 099222000248189068164021160039048140189000143134175220231145
[2022.04.28-20.44.44:663][  1]LogNet: NotifyAcceptingConnection accepted from: 127.0.0.1:60585
[2022.04.28-20.44.44:663][  1]LogHandshake: SendConnectChallenge. Timestamp: 19.902982, Cookie: 099222000248189068164021160039048140189000143134175220231145
[2022.04.28-20.44.44:663][  1]LogNet: NotifyAcceptingConnection accepted from: 127.0.0.1:60585
[2022.04.28-20.44.44:663][  1]LogHandshake: SendConnectChallenge. Timestamp: 19.902982, Cookie: 099222000248189068164021160039048140189000143134175220231145
[2022.04.28-20.44.44:663][  1]LogNet: NotifyAcceptingConnection accepted from: 127.0.0.1:60585
[2022.04.28-20.44.44:663][  1]LogHandshake: SendConnectChallenge. Timestamp: 19.902982, Cookie: 099222000248189068164021160039048140189000143134175220231145
[2022.04.28-20.44.44:663][  1]LogNet: NotifyAcceptingConnection accepted from: 127.0.0.1:60585
[2022.04.28-20.44.44:663][  1]LogHandshake: SendConnectChallenge. Timestamp: 19.902982, Cookie: 099222000248189068164021160039048140189000143134175220231145
[2022.04.28-20.44.44:663][  1]LogNet: NotifyAcceptingConnection accepted from: 127.0.0.1:60585
[2022.04.28-20.44.44:663][  1]LogHandshake: SendConnectChallenge. Timestamp: 19.902982, Cookie: 099222000248189068164021160039048140189000143134175220231145
[2022.04.28-20.44.44:663][  1]LogNet: NotifyAcceptingConnection accepted from: 127.0.0.1:60585
[2022.04.28-20.44.44:663][  1]LogHandshake: SendConnectChallenge. Timestamp: 19.902982, Cookie: 099222000248189068164021160039048140189000143134175220231145
[2022.04.28-20.44.44:663][  1]LogNet: NotifyAcceptingConnection accepted from: 127.0.0.1:60585
[2022.04.28-20.44.44:663][  1]LogHandshake: SendConnectChallenge. Timestamp: 19.902982, Cookie: 099222000248189068164021160039048140189000143134175220231145
[2022.04.28-20.44.44:665][  1]LogSlate: Took 0.000274 seconds to synchronously load lazily loaded font '../../../Engine/Content/Slate/Fonts/Roboto-Regular.ttf' (155K)
[2022.04.28-20.44.44:665][  1]LogBlueprintUserMessages: [W_Lifebar_C_0] 0.0
[2022.04.28-20.44.44:667][  2]LogBlueprintUserMessages: [W_Lifebar_C_0] 0.0
[2022.04.28-20.44.44:675][  3]LogBlueprintUserMessages: [W_Lifebar_C_0] 0.0
[2022.04.28-20.44.44:685][  4]LogBlueprintUserMessages: [W_Lifebar_C_0] 0.0
[2022.04.28-20.44.44:694][  5]LogBlueprintUserMessages: [W_Lifebar_C_0] 0.0
[2022.04.28-20.44.44:704][  6]LogBlueprintUserMessages: [W_Lifebar_C_0] 0.0
[2022.04.28-20.44.44:713][  7]LogBlueprintUserMessages: [W_Lifebar_C_0] 0.0
[2022.04.28-20.44.44:724][  8]LogBlueprintUserMessages: [W_Lifebar_C_0] 0.0
[2022.04.28-20.44.44:732][  9]LogBlueprintUserMessages: [W_Lifebar_C_0] 0.0
[2022.04.28-20.44.44:742][ 10]LogBlueprintUserMessages: [W_Lifebar_C_0] 0.0
[2022.04.28-20.44.44:752][ 11]LogBlueprintUserMessages: [W_Lifebar_C_0] 0.0
[2022.04.28-20.44.44:764][ 12]LogBlueprintUserMessages: [W_Lifebar_C_0] 0.0
[2022.04.28-20.44.44:778][ 13]LogBlueprintUserMessages: [W_Lifebar_C_0] 0.0
[2022.04.28-20.44.44:794][ 14]LogBlueprintUserMessages: [W_Lifebar_C_0] 0.0
[2022.04.28-20.44.44:846][ 15]LogBlueprintUserMessages: [W_Lifebar_C_0] 0.0
[2022.04.28-20.44.44:935][ 16]LogBlueprintUserMessages: [W_Lifebar_C_0] 0.0
[2022.04.28-20.44.45:164][ 17]LogBlueprintUserMessages: [W_Lifebar_C_0] 0.0
[2022.04.28-20.44.45:203][ 18]LogBlueprintUserMessages: [W_Lifebar_C_0] 0.0
[2022.04.28-20.44.45:507][ 19]LogBlueprintUserMessages: [W_Lifebar_C_0] 0.0
[2022.04.28-20.44.45:526][ 20]LogBlueprintUserMessages: [W_Lifebar_C_0] 0.0
[2022.04.28-20.44.45:817][ 21]LogBlueprintUserMessages: [W_Lifebar_C_0] 0.0
[2022.04.28-20.44.46:020][ 22]LogBlueprintUserMessages: [W_Lifebar_C_0] 0.0
[2022.04.28-20.44.46:209][ 23]LogBlueprintUserMessages: [W_Lifebar_C_0] 0.0
[2022.04.28-20.44.46:239][ 24]LogBlueprintUserMessages: [W_Lifebar_C_0] 0.0
[2022.04.28-20.44.46:535][ 25]LogBlueprintUserMessages: [W_Lifebar_C_0] 0.0
[2022.04.28-20.44.46:729][ 26]LogBlueprintUserMessages: [W_Lifebar_C_0] 0.0
[2022.04.28-20.44.46:740][ 27]LogBlueprintUserMessages: [W_Lifebar_C_0] 0.0
[2022.04.28-20.44.46:946][ 28]LogBlueprintUserMessages: [W_Lifebar_C_0] 0.0
[2022.04.28-20.44.46:979][ 29]LogBlueprintUserMessages: [W_Lifebar_C_0] 0.0
[2022.04.28-20.44.46:987][ 30]LogBlueprintUserMessages: [W_Lifebar_C_0] 0.0
[2022.04.28-20.44.46:996][ 31]LogBlueprintUserMessages: [W_Lifebar_C_0] 0.0
[2022.04.28-20.44.47:009][ 32]LogBlueprintUserMessages: [W_Lifebar_C_0] 0.0
[2022.04.28-20.44.47:020][ 33]LogBlueprintUserMessages: [W_Lifebar_C_0] 0.0
[2022.04.28-20.44.47:032][ 34]LogBlueprintUserMessages: [W_Lifebar_C_0] 0.0
[2022.04.28-20.44.47:041][ 35]LogBlueprintUserMessages: [W_Lifebar_C_0] 0.0
[2022.04.28-20.44.47:054][ 36]LogBlueprintUserMessages: [W_Lifebar_C_0] 0.0
[2022.04.28-20.44.47:075][ 37]LogBlueprintUserMessages: [W_Lifebar_C_0] 0.0
[2022.04.28-20.44.47:096][ 38]LogBlueprintUserMessages: [W_Lifebar_C_0] 0.0
[2022.04.28-20.44.47:117][ 39]LogBlueprintUserMessages: [W_Lifebar_C_0] 0.0
[2022.04.28-20.44.47:138][ 40]LogBlueprintUserMessages: [W_Lifebar_C_0] 0.0
[2022.04.28-20.44.47:158][ 41]LogBlueprintUserMessages: [W_Lifebar_C_0] 0.0
[2022.04.28-20.44.47:172][ 42]LogBlueprintUserMessages: [W_Lifebar_C_0] 0.0
[2022.04.28-20.44.47:181][ 43]LogBlueprintUserMessages: [W_Lifebar_C_0] 0.0
[2022.04.28-20.44.47:190][ 44]LogBlueprintUserMessages: [W_Lifebar_C_0] 0.0
[2022.04.28-20.44.47:199][ 45]LogBlueprintUserMessages: [W_Lifebar_C_0] 0.0
[2022.04.28-20.44.47:208][ 46]LogBlueprintUserMessages: [W_Lifebar_C_0] 0.0
[2022.04.28-20.44.47:217][ 47]LogBlueprintUserMessages: [W_Lifebar_C_0] 0.0
[2022.04.28-20.44.47:226][ 48]LogBlueprintUserMessages: [W_Lifebar_C_0] 0.0
[2022.04.28-20.44.47:235][ 49]LogBlueprintUserMessages: [W_Lifebar_C_0] 0.0
[2022.04.28-20.44.47:243][ 50]LogBlueprintUserMessages: [W_Lifebar_C_0] 0.0
[2022.04.28-20.44.47:252][ 51]LogBlueprintUserMessages: [W_Lifebar_C_0] 0.0
[2022.04.28-20.44.47:261][ 52]LogBlueprintUserMessages: [W_Lifebar_C_0] 0.0
[2022.04.28-20.44.47:270][ 53]LogBlueprintUserMessages: [W_Lifebar_C_0] 0.0
[2022.04.28-20.44.47:279][ 54]LogBlueprintUserMessages: [W_Lifebar_C_0] 0.0
[2022.04.28-20.44.47:288][ 55]LogBlueprintUserMessages: [W_Lifebar_C_0] 0.0
[2022.04.28-20.44.47:297][ 56]LogBlueprintUserMessages: [W_Lifebar_C_0] 0.0
[2022.04.28-20.44.47:307][ 57]LogBlueprintUserMessages: [W_Lifebar_C_0] 0.0
[2022.04.28-20.44.47:315][ 58]LogBlueprintUserMessages: [W_Lifebar_C_0] 0.0
[2022.04.28-20.44.47:324][ 59]LogBlueprintUserMessages: [W_Lifebar_C_0] 0.0
[2022.04.28-20.44.47:333][ 60]LogBlueprintUserMessages: [W_Lifebar_C_0] 0.0
[2022.04.28-20.44.47:345][ 61]LogBlueprintUserMessages: [W_Lifebar_C_0] 0.0
[2022.04.28-20.44.47:355][ 62]LogBlueprintUserMessages: [W_Lifebar_C_0] 0.0
[2022.04.28-20.44.47:363][ 63]LogBlueprintUserMessages: [W_Lifebar_C_0] 0.0
[2022.04.28-20.44.47:373][ 64]LogBlueprintUserMessages: [W_Lifebar_C_0] 0.0
[2022.04.28-20.44.47:382][ 65]LogBlueprintUserMessages: [W_Lifebar_C_0] 0.0
[2022.04.28-20.44.47:390][ 66]LogBlueprintUserMessages: [W_Lifebar_C_0] 0.0
[2022.04.28-20.44.47:399][ 67]LogBlueprintUserMessages: [W_Lifebar_C_0] 0.0
[2022.04.28-20.44.47:408][ 68]LogBlueprintUserMessages: [W_Lifebar_C_0] 0.0
[2022.04.28-20.44.47:417][ 69]LogBlueprintUserMessages: [W_Lifebar_C_0] 0.0
[2022.04.28-20.44.47:426][ 70]LogBlueprintUserMessages: [W_Lifebar_C_0] 0.0
[2022.04.28-20.44.47:434][ 71]LogBlueprintUserMessages: [W_Lifebar_C_0] 0.0
[2022.04.28-20.44.47:443][ 72]LogBlueprintUserMessages: [W_Lifebar_C_0] 0.0
[2022.04.28-20.44.47:452][ 73]LogBlueprintUserMessages: [W_Lifebar_C_0] 0.0
[2022.04.28-20.44.47:461][ 74]LogBlueprintUserMessages: [W_Lifebar_C_0] 0.0
[2022.04.28-20.44.47:470][ 75]LogBlueprintUserMessages: [W_Lifebar_C_0] 0.0
[2022.04.28-20.44.47:479][ 76]LogBlueprintUserMessages: [W_Lifebar_C_0] 0.0
[2022.04.28-20.44.47:488][ 77]LogBlueprintUserMessages: [W_Lifebar_C_0] 0.0
[2022.04.28-20.44.47:497][ 78]LogBlueprintUserMessages: [W_Lifebar_C_0] 0.0
[2022.04.28-20.44.47:506][ 79]LogBlueprintUserMessages: [W_Lifebar_C_0] 0.0
[2022.04.28-20.44.47:514][ 80]LogBlueprintUserMessages: [W_Lifebar_C_0] 0.0
[2022.04.28-20.44.47:523][ 81]LogBlueprintUserMessages: [W_Lifebar_C_0] 0.0
[2022.04.28-20.44.47:532][ 82]LogBlueprintUserMessages: [W_Lifebar_C_0] 0.0
[2022.04.28-20.44.47:541][ 83]LogBlueprintUserMessages: [W_Lifebar_C_0] 0.0
[2022.04.28-20.44.47:550][ 84]LogBlueprintUserMessages: [W_Lifebar_C_0] 0.0
[2022.04.28-20.44.47:559][ 85]LogBlueprintUserMessages: [W_Lifebar_C_0] 0.0
[2022.04.28-20.44.47:568][ 86]LogBlueprintUserMessages: [W_Lifebar_C_0] 0.0
[2022.04.28-20.44.47:576][ 87]LogBlueprintUserMessages: [W_Lifebar_C_0] 0.0
[2022.04.28-20.44.47:584][ 88]LogBlueprintUserMessages: [W_Lifebar_C_0] 0.0
[2022.04.28-20.44.47:592][ 89]LogBlueprintUserMessages: [W_Lifebar_C_0] 0.0
[2022.04.28-20.44.47:602][ 90]LogBlueprintUserMessages: [W_Lifebar_C_0] 0.0
[2022.04.28-20.44.47:611][ 91]LogBlueprintUserMessages: [W_Lifebar_C_0] 0.0
[2022.04.28-20.44.47:619][ 92]LogBlueprintUserMessages: [W_Lifebar_C_0] 0.0
[2022.04.28-20.44.47:629][ 93]LogBlueprintUserMessages: [W_Lifebar_C_0] 0.0
[2022.04.28-20.44.47:638][ 94]LogBlueprintUserMessages: [W_Lifebar_C_0] 0.0
[2022.04.28-20.44.47:646][ 95]LogBlueprintUserMessages: [W_Lifebar_C_0] 0.0
[2022.04.28-20.44.47:655][ 96]LogBlueprintUserMessages: [W_Lifebar_C_0] 0.0
[2022.04.28-20.44.47:664][ 97]LogBlueprintUserMessages: [W_Lifebar_C_0] 0.0
[2022.04.28-20.44.47:677][ 98]LogBlueprintUserMessages: [W_Lifebar_C_0] 0.0
[2022.04.28-20.44.47:689][ 99]LogBlueprintUserMessages: [W_Lifebar_C_0] 0.0
[2022.04.28-20.44.47:699][100]LogBlueprintUserMessages: [W_Lifebar_C_0] 0.0
[2022.04.28-20.44.47:707][101]LogBlueprintUserMessages: [W_Lifebar_C_0] 0.0
[2022.04.28-20.44.47:716][102]LogBlueprintUserMessages: [W_Lifebar_C_0] 0.0
[2022.04.28-20.44.47:724][103]LogBlueprintUserMessages: [W_Lifebar_C_0] 0.0
[2022.04.28-20.44.47:733][104]LogBlueprintUserMessages: [W_Lifebar_C_0] 0.0
[2022.04.28-20.44.47:743][105]LogBlueprintUserMessages: [W_Lifebar_C_0] 0.0
[2022.04.28-20.44.47:751][106]LogBlueprintUserMessages: [W_Lifebar_C_0] 0.0
[2022.04.28-20.44.47:760][107]LogBlueprintUserMessages: [W_Lifebar_C_0] 0.0
[2022.04.28-20.44.47:769][108]LogBlueprintUserMessages: [W_Lifebar_C_0] 0.0
[2022.04.28-20.44.47:778][109]LogBlueprintUserMessages: [W_Lifebar_C_0] 0.0
[2022.04.28-20.44.47:787][110]LogBlueprintUserMessages: [W_Lifebar_C_0] 0.0
[2022.04.28-20.44.47:796][111]LogBlueprintUserMessages: [W_Lifebar_C_0] 0.0
[2022.04.28-20.44.47:805][112]LogBlueprintUserMessages: [W_Lifebar_C_0] 0.0
[2022.04.28-20.44.47:814][113]LogBlueprintUserMessages: [W_Lifebar_C_0] 0.0
[2022.04.28-20.44.47:823][114]LogBlueprintUserMessages: [W_Lifebar_C_0] 0.0
[2022.04.28-20.44.47:832][115]LogBlueprintUserMessages: [W_Lifebar_C_0] 0.0
[2022.04.28-20.44.47:842][116]LogBlueprintUserMessages: [W_Lifebar_C_0] 0.0
[2022.04.28-20.44.47:851][117]LogBlueprintUserMessages: [W_Lifebar_C_0] 0.0
[2022.04.28-20.44.47:860][118]LogBlueprintUserMessages: [W_Lifebar_C_0] 0.0
[2022.04.28-20.44.47:869][119]LogBlueprintUserMessages: [W_Lifebar_C_0] 0.0
[2022.04.28-20.44.47:878][120]LogBlueprintUserMessages: [W_Lifebar_C_0] 0.0
[2022.04.28-20.44.47:887][121]LogBlueprintUserMessages: [W_Lifebar_C_0] 0.0
[2022.04.28-20.44.47:896][122]LogBlueprintUserMessages: [W_Lifebar_C_0] 0.0
[2022.04.28-20.44.47:905][123]LogBlueprintUserMessages: [W_Lifebar_C_0] 0.0
[2022.04.28-20.44.47:914][124]LogBlueprintUserMessages: [W_Lifebar_C_0] 0.0
[2022.04.28-20.44.47:923][125]LogBlueprintUserMessages: [W_Lifebar_C_0] 0.0
[2022.04.28-20.44.47:932][126]LogBlueprintUserMessages: [W_Lifebar_C_0] 0.0
[2022.04.28-20.44.47:941][127]LogBlueprintUserMessages: [W_Lifebar_C_0] 0.0
[2022.04.28-20.44.47:950][128]LogBlueprintUserMessages: [W_Lifebar_C_0] 0.0
[2022.04.28-20.44.47:958][129]LogBlueprintUserMessages: [W_Lifebar_C_0] 0.0
[2022.04.28-20.44.47:967][130]LogBlueprintUserMessages: [W_Lifebar_C_0] 0.0
[2022.04.28-20.44.47:976][131]LogBlueprintUserMessages: [W_Lifebar_C_0] 0.0
[2022.04.28-20.44.47:984][132]LogBlueprintUserMessages: [W_Lifebar_C_0] 0.0
[2022.04.28-20.44.47:994][133]LogBlueprintUserMessages: [W_Lifebar_C_0] 0.0
[2022.04.28-20.44.48:003][134]LogBlueprintUserMessages: [W_Lifebar_C_0] 0.0
[2022.04.28-20.44.48:012][135]LogBlueprintUserMessages: [W_Lifebar_C_0] 0.0
[2022.04.28-20.44.48:022][136]LogBlueprintUserMessages: [W_Lifebar_C_0] 0.0
[2022.04.28-20.44.48:033][137]LogWindowsDesktop: Alt-F4 pressed!
[2022.04.28-20.44.48:052][137]LogSlate: Window 'MultiShooter (64-bit Development PCD3D_SM5) ' being destroyed
[2022.04.28-20.44.48:052][137]LogWindowsTextInputMethodSystem: Display: IME system deactivated.
[2022.04.28-20.44.48:055][137]LogOnlineSession: Warning: OSS: No game present to leave for session (GameSession)
[2022.04.28-20.44.48:055][137]LogSlate: Updating window title bar state: overlay mode, drag disabled, window buttons hidden, title bar hidden
[2022.04.28-20.44.48:055][137]LogEngine: All Windows Closed
[2022.04.28-20.44.48:055][137]LogWindows: FPlatformMisc::RequestExit(0)
[2022.04.28-20.44.48:055][137]LogWindows: FPlatformMisc::RequestExitWithStatus(0, 0)
[2022.04.28-20.44.48:055][137]LogCore: Engine exit requested (reason: Win RequestExit)
[2022.04.28-20.44.48:056][138]LogCore: Engine exit requested (reason: EngineExit() was called; note: exit was already requested)
[2022.04.28-20.44.48:056][138]LogInit: Display: PreExit Game.
[2022.04.28-20.44.48:067][138]LogWorld: BeginTearingDown for /Game/MyContent/Maps/Lvl1
[2022.04.28-20.44.48:067][138]LogNet: World NetDriver shutdown IpNetDriver_0 [GameNetDriver]
[2022.04.28-20.44.48:067][138]LogNet: DestroyNamedNetDriver IpNetDriver_0 [GameNetDriver]
[2022.04.28-20.44.48:067][138]LogExit: GameNetDriver IpNetDriver_0 shut down
[2022.04.28-20.44.48:067][138]LogWorld: UWorld::CleanupWorld for Lvl1, bSessionEnded=true, bCleanupResources=true
[2022.04.28-20.44.48:067][138]LogSlate: InvalidateAllWidgets triggered.  All widgets were invalidated
[2022.04.28-20.44.48:262][138]LogAudio: Display: Beginning Audio Device Manager Shutdown (Module: AudioMixerXAudio2)...
[2022.04.28-20.44.48:262][138]LogAudio: Display: Destroying 1 Remaining Audio Device(s)...
[2022.04.28-20.44.48:263][138]LogAudio: Display: Audio Device unregistered from world 'Lvl1'.
[2022.04.28-20.44.48:285][138]LogAudioMixer: FMixerPlatformXAudio2::StopAudioStream() called
[2022.04.28-20.44.48:286][138]LogAudioMixer: FMixerPlatformXAudio2::StopAudioStream() called
[2022.04.28-20.44.48:288][138]LogAudio: Display: Audio Device Manager Shutdown
[2022.04.28-20.44.48:290][138]LogExit: Preparing to exit.
[2022.04.28-20.44.48:961][138]LogSlate: Updating window title bar state: overlay mode, drag disabled, window buttons hidden, title bar hidden
[2022.04.28-20.44.48:963][138]LogUObjectHash: Compacting FUObjectHashTables data took   1.35ms
