Log file open, 04/29/22 01:14:04
LogWindows: Failed to load 'aqProf.dll' (GetLastError=126)
LogWindows: File 'aqProf.dll' does not exist
LogWindows: Failed to load 'VtuneApi.dll' (GetLastError=126)
LogWindows: File 'VtuneApi.dll' does not exist
LogWindows: Failed to load 'VtuneApi32e.dll' (GetLastError=126)
LogWindows: File 'VtuneApi32e.dll' does not exist
LogConsoleResponse: Display: Failed to find resolution value strings in scalability ini. Falling back to default.
LogConsoleResponse: Display: Failed to find resolution value strings in scalability ini. Falling back to default.
LogInit: Display: Running engine for game: MultiShooter
LogPlatformFile: Not using cached read wrapper
LogTaskGraph: Started task graph with 5 named threads and 35 total threads with 3 sets of task threads.
LogStats: Stats thread started at 0.218261
LogICUInternationalization: ICU TimeZone Detection - Raw Offset: +3:00, Platform Override: ''
LogInit: Display: Loading text-based GConfig....
LogPluginManager: Mounting plugin MeshPainting
LogPluginManager: Mounting plugin XGEController
LogPluginManager: Mounting plugin Paper2D
LogPluginManager: Mounting plugin AISupport
LogPluginManager: Mounting plugin EnvironmentQueryEditor
LogPluginManager: Mounting plugin LightPropagationVolume
LogPluginManager: Mounting plugin CameraShakePreviewer
LogPluginManager: Mounting plugin GameplayCameras
LogPluginManager: Mounting plugin OodleData
LogPluginManager: Mounting plugin AssetManagerEditor
LogPluginManager: Mounting plugin CryptoKeys
LogPluginManager: Mounting plugin CurveEditorTools
LogPluginManager: Mounting plugin FacialAnimation
LogPluginManager: Mounting plugin GeometryMode
LogPluginManager: Mounting plugin GameplayTagsEditor
LogPluginManager: Mounting plugin MacGraphicsSwitching
LogPluginManager: Mounting plugin MaterialAnalyzer
LogPluginManager: Mounting plugin MobileLauncherProfileWizard
LogPluginManager: Mounting plugin PluginBrowser
LogPluginManager: Mounting plugin SpeedTreeImporter
LogPluginManager: Mounting plugin AnimationSharing
LogPluginManager: Mounting plugin CLionSourceCodeAccess
LogPluginManager: Mounting plugin CodeLiteSourceCodeAccess
LogPluginManager: Mounting plugin GitSourceControl
LogPluginManager: Mounting plugin KDevelopSourceCodeAccess
LogPluginManager: Mounting plugin NullSourceCodeAccess
LogPluginManager: Mounting plugin PixWinPlugin
LogPluginManager: Mounting plugin PerforceSourceControl
LogPluginManager: Mounting plugin PlasticSourceControl
LogPluginManager: Mounting plugin PropertyAccessNode
LogPluginManager: Mounting plugin PluginUtils
LogPluginManager: Mounting plugin RiderSourceCodeAccess
LogPluginManager: Mounting plugin SubversionSourceControl
LogPluginManager: Mounting plugin TextureFormatOodle
LogPluginManager: Mounting plugin VisualStudioCodeSourceCodeAccess
LogPluginManager: Mounting plugin VisualStudioSourceCodeAccess
LogPluginManager: Mounting plugin XCodeSourceCodeAccess
LogPluginManager: Mounting plugin UObjectPlugin
LogPluginManager: Mounting plugin DatasmithContent
LogPluginManager: Mounting plugin VariantManagerContent
LogPluginManager: Mounting plugin Niagara
LogPluginManager: Mounting plugin LuminPlatformFeatures
LogPluginManager: Mounting plugin MagicLeap
LogPluginManager: Mounting plugin AlembicImporter
LogPluginManager: Mounting plugin AutomationUtils
LogPluginManager: Mounting plugin BackChannel
LogPluginManager: Mounting plugin ChaosClothEditor
LogPluginManager: Mounting plugin ChaosCloth
LogPluginManager: Mounting plugin ChaosEditor
LogPluginManager: Mounting plugin ChaosNiagara
LogPluginManager: Mounting plugin ChaosSolverPlugin
LogPluginManager: Mounting plugin CharacterAI
LogPluginManager: Mounting plugin MagicLeapLightEstimation
LogPluginManager: Mounting plugin MagicLeapMedia
LogPluginManager: Mounting plugin MagicLeapPassableWorld
LogPluginManager: Mounting plugin DataValidation
LogPluginManager: Mounting plugin MLSDK
LogPluginManager: Mounting plugin AndroidMedia
LogPluginManager: Mounting plugin AvfMedia
LogPluginManager: Mounting plugin ImgMedia
LogPluginManager: Mounting plugin MediaCompositing
LogPluginManager: Mounting plugin MediaPlayerEditor
LogPluginManager: Mounting plugin WebMMedia
LogPluginManager: Mounting plugin WmfMedia
LogPluginManager: Mounting plugin GeometryCache
LogPluginManager: Mounting plugin GeometryCollectionPlugin
LogPluginManager: Mounting plugin GeometryProcessing
LogPluginManager: Mounting plugin MotoSynth
LogPluginManager: Mounting plugin OpenImageDenoise
LogPluginManager: Mounting plugin PlanarCut
LogPluginManager: Mounting plugin PlatformCrypto
LogPluginManager: Mounting plugin ProxyLODPlugin
LogPluginManager: Mounting plugin PythonScriptPlugin
LogPluginManager: Mounting plugin ActorSequence
LogPluginManager: Mounting plugin LevelSequenceEditor
LogPluginManager: Mounting plugin TemplateSequence
LogPluginManager: Mounting plugin SkeletalReduction
LogPluginManager: Mounting plugin TcpMessaging
LogPluginManager: Mounting plugin UdpMessaging
LogPluginManager: Mounting plugin OnlineSubsystem
LogPluginManager: Mounting plugin MatineeToLevelSequence
LogPluginManager: Mounting plugin OnlineSubsystemNull
LogPluginManager: Mounting plugin OnlineSubsystemUtils
LogPluginManager: Mounting plugin LauncherChunkInstaller
LogPluginManager: Mounting plugin ActorLayerUtilities
LogPluginManager: Mounting plugin AndroidMoviePlayer
LogPluginManager: Mounting plugin AndroidDeviceProfileSelector
LogPluginManager: Mounting plugin AndroidPermission
LogPluginManager: Mounting plugin AppleImageUtils
LogPluginManager: Mounting plugin AppleMoviePlayer
LogPluginManager: Mounting plugin ArchVisCharacter
LogPluginManager: Mounting plugin AssetTags
LogPluginManager: Mounting plugin AudioCapture
LogPluginManager: Mounting plugin AudioSynesthesia
LogPluginManager: Mounting plugin CableComponent
LogPluginManager: Mounting plugin ChunkDownloader
LogPluginManager: Mounting plugin CustomMeshComponent
LogPluginManager: Mounting plugin EditableMesh
LogPluginManager: Mounting plugin ExampleDeviceProfileSelector
LogPluginManager: Mounting plugin GoogleCloudMessaging
LogPluginManager: Mounting plugin GooglePAD
LogPluginManager: Mounting plugin IOSDeviceProfileSelector
LogPluginManager: Mounting plugin LinuxDeviceProfileSelector
LogPluginManager: Mounting plugin LocationServicesBPLibrary
LogPluginManager: Mounting plugin MobilePatchingUtils
LogPluginManager: Mounting plugin OpenXREyeTracker
LogPluginManager: Mounting plugin ScreenshotTools
LogPluginManager: Mounting plugin OpenXRHandTracking
LogPluginManager: Mounting plugin PhysXVehicles
LogPluginManager: Mounting plugin PostSplashScreen
LogPluginManager: Mounting plugin PropertyAccessEditor
LogPluginManager: Mounting plugin OpenXR
LogPluginManager: Mounting plugin RuntimePhysXCooking
LogPluginManager: Mounting plugin SignificanceManager
LogPluginManager: Mounting plugin SoundFields
LogPluginManager: Mounting plugin Synthesis
LogPluginManager: Mounting plugin ProceduralMeshComponent
LogPluginManager: Mounting plugin WebMMoviePlayer
LogPluginManager: Mounting plugin Takes
LogPluginManager: Mounting plugin WindowsMoviePlayer
LogPluginManager: Mounting plugin LiveLink
LogPluginManager: Mounting plugin OodleNetwork
LogPluginManager: Mounting plugin ContentBrowserAssetDataSource
LogPluginManager: Mounting plugin ContentBrowserClassDataSource
LogPluginManager: Mounting plugin ContentBrowserFileDataSource
LogPluginManager: Mounting plugin OnlineSubsystemGooglePlay
LogPluginManager: Mounting plugin OnlineSubsystemIOS
LogPluginManager: Mounting plugin OculusVR
LogPluginManager: Mounting plugin SteamVR
PixWinPlugin: PIX capture plugin failed to initialize! Check that the process is launched from PIX.
LogInit: Using libcurl 7.55.1-DEV
LogInit:  - built for x86_64-pc-win32
LogInit:  - supports SSL with OpenSSL/1.1.1
LogInit:  - supports HTTP deflate (compression) using libz 1.2.8
LogInit:  - other features:
LogInit:      CURL_VERSION_SSL
LogInit:      CURL_VERSION_LIBZ
LogInit:      CURL_VERSION_IPV6
LogInit:      CURL_VERSION_ASYNCHDNS
LogInit:      CURL_VERSION_LARGEFILE
LogInit:      CURL_VERSION_IDN
LogInit:  CurlRequestOptions (configurable via config and command line):
LogInit:  - bVerifyPeer = true  - Libcurl will verify peer certificate
LogInit:  - bUseHttpProxy = false  - Libcurl will NOT use HTTP proxy
LogInit:  - bDontReuseConnections = false  - Libcurl will reuse connections
LogInit:  - MaxHostConnections = 16  - Libcurl will limit the number of connections to a host
LogInit:  - LocalHostAddr = Default
LogInit:  - BufferSize = 65536
LogOnline: OSS: Creating online subsystem instance for: NULL
LogInit: WinSock: version 1.1 (2.2), MaxSocks=32767, MaxUdp=65467
LogOnline: OSS: TryLoadSubsystemAndSetDefault: Loaded subsystem for module [NULL]
LogOculusPluginWrapper: OculusPlugin initialized successfully
LogHMD: Failed initializing OVRPlugin 1.59.0
LogInit: Build: ++UE4+Release-4.27-CL-17155196
LogInit: Engine Version: 4.27.0-17155196+++UE4+Release-4.27
LogInit: Compatible Engine Version: 4.27.0-17155196+++UE4+Release-4.27
LogInit: Net CL: 17155196
LogInit: OS: Windows 10 (Release 2009) (), CPU: Intel(R) Core(TM) i7-10750H CPU @ 2.60GHz, GPU: Intel(R) UHD Graphics
LogInit: Compiled (64-bit): Aug 13 2021 06:13:13
LogInit: Compiled with Visual C++: 19.24.28315.00
LogInit: Build Configuration: Development
LogInit: Branch Name: ++UE4+Release-4.27
LogInit: Command Line:  127.0.0.1:17777 -game -PIEVIACONSOLE -Multiprocess GameUserSettingsINI=C:/3/MultiShooter/Saved/Config/Windows/PIEGameUserSettings1.ini -MultiprocessSaveConfig -forcepassthrough -messaging -SessionName="Play in Standalone Game" -windowed -WinX=0 -WinY=24 SAVEWINPOS=1 -ResX=640 -ResY=480
LogInit: Base Directory: C:/Program Files/Epic Games/UE_4.27/Engine/Binaries/Win64/
LogInit: Allocator: TBB
LogInit: Installed Engine Build: 1
LogDevObjectVersion: Number of dev versions registered: 29
LogDevObjectVersion:   Dev-Blueprints (B0D832E4-1F89-4F0D-ACCF-7EB736FD4AA2): 10
LogDevObjectVersion:   Dev-Build (E1C64328-A22C-4D53-A36C-8E866417BD8C): 0
LogDevObjectVersion:   Dev-Core (375EC13C-06E4-48FB-B500-84F0262A717E): 4
LogDevObjectVersion:   Dev-Editor (E4B068ED-F494-42E9-A231-DA0B2E46BB41): 40
LogDevObjectVersion:   Dev-Framework (CFFC743F-43B0-4480-9391-14DF171D2073): 37
LogDevObjectVersion:   Dev-Mobile (B02B49B5-BB20-44E9-A304-32B752E40360): 3
LogDevObjectVersion:   Dev-Networking (A4E4105C-59A1-49B5-A7C5-40C4547EDFEE): 0
LogDevObjectVersion:   Dev-Online (39C831C9-5AE6-47DC-9A44-9C173E1C8E7C): 0
LogDevObjectVersion:   Dev-Physics (78F01B33-EBEA-4F98-B9B4-84EACCB95AA2): 14
LogDevObjectVersion:   Dev-Platform (6631380F-2D4D-43E0-8009-CF276956A95A): 0
LogDevObjectVersion:   Dev-Rendering (12F88B9F-8875-4AFC-A67C-D90C383ABD29): 45
LogDevObjectVersion:   Dev-Sequencer (7B5AE74C-D270-4C10-A958-57980B212A5A): 13
LogDevObjectVersion:   Dev-VR (D7296918-1DD6-4BDD-9DE2-64A83CC13884): 3
LogDevObjectVersion:   Dev-LoadTimes (C2A15278-BFE7-4AFE-6C17-90FF531DF755): 1
LogDevObjectVersion:   Private-Geometry (6EACA3D4-40EC-4CC1-B786-8BED09428FC5): 3
LogDevObjectVersion:   Dev-AnimPhys (29E575DD-E0A3-4627-9D10-D276232CDCEA): 17
LogDevObjectVersion:   Dev-Anim (AF43A65D-7FD3-4947-9873-3E8ED9C1BB05): 15
LogDevObjectVersion:   Dev-ReflectionCapture (6B266CEC-1EC7-4B8F-A30B-E4D90942FC07): 1
LogDevObjectVersion:   Dev-Automation (0DF73D61-A23F-47EA-B727-89E90C41499A): 1
LogDevObjectVersion:   FortniteMain (601D1886-AC64-4F84-AA16-D3DE0DEAC7D6): 47
LogDevObjectVersion:   FortniteRelease (E7086368-6B23-4C58-8439-1B7016265E91): 1
LogDevObjectVersion:   Dev-Enterprise (9DFFBCD6-494F-0158-E221-12823C92A888): 10
LogDevObjectVersion:   Dev-Niagara (F2AED0AC-9AFE-416F-8664-AA7FFA26D6FC): 1
LogDevObjectVersion:   Dev-Destruction (174F1F0B-B4C6-45A5-B13F-2EE8D0FB917D): 10
LogDevObjectVersion:   Dev-Physics-Ext (35F94A83-E258-406C-A318-09F59610247C): 41
LogDevObjectVersion:   Dev-PhysicsMaterial-Chaos (B68FC16E-8B1B-42E2-B453-215C058844FE): 1
LogDevObjectVersion:   Dev-CineCamera (B2E18506-4273-CFC2-A54E-F4BB758BBA07): 1
LogDevObjectVersion:   Dev-VirtualProduction (64F58936-FD1B-42BA-BA96-7289D5D0FA4E): 1
LogDevObjectVersion:   Dev-MediaFramework (6F0ED827-A609-4895-9C91-998D90180EA4): 2
LogInit: Presizing for max 25165824 objects, including 0 objects not considered by GC, pre-allocating 0 bytes for permanent pool.
LogConfig: Applying CVar settings from Section [/Script/Engine.StreamingSettings] File [C:/3/MultiShooter/Saved/Config/Windows/Engine.ini]
LogConfig: Setting CVar [[s.MinBulkDataSizeForAsyncLoading:131072]]
LogConfig: Setting CVar [[s.AsyncLoadingThreadEnabled:0]]
LogConfig: Setting CVar [[s.EventDrivenLoaderEnabled:1]]
LogConfig: Setting CVar [[s.WarnIfTimeLimitExceeded:0]]
LogConfig: Setting CVar [[s.TimeLimitExceededMultiplier:1.5]]
LogConfig: Setting CVar [[s.TimeLimitExceededMinTime:0.005]]
LogConfig: Setting CVar [[s.UseBackgroundLevelStreaming:1]]
LogConfig: Setting CVar [[s.PriorityAsyncLoadingExtraTime:15.0]]
LogConfig: Setting CVar [[s.LevelStreamingActorsUpdateTimeLimit:5.0]]
LogConfig: Setting CVar [[s.PriorityLevelStreamingActorsUpdateExtraTime:5.0]]
LogConfig: Setting CVar [[s.LevelStreamingComponentsRegistrationGranularity:10]]
LogConfig: Setting CVar [[s.UnregisterComponentsTimeLimit:1.0]]
LogConfig: Setting CVar [[s.LevelStreamingComponentsUnregistrationGranularity:5]]
LogConfig: Setting CVar [[s.FlushStreamingOnExit:1]]
LogInit: Object subsystem initialized
LogConfig: Setting CVar [[con.DebugEarlyDefault:1]]
LogConfig: Setting CVar [[r.setres:1280x720]]
[2022.04.28-22.14.04:849][  0]LogConfig: Setting CVar [[con.DebugEarlyDefault:1]]
[2022.04.28-22.14.04:849][  0]LogConfig: Setting CVar [[r.setres:1280x720]]
[2022.04.28-22.14.04:849][  0]LogConfig: Applying CVar settings from Section [/Script/Engine.RendererSettings] File [C:/3/MultiShooter/Saved/Config/Windows/Engine.ini]
[2022.04.28-22.14.04:849][  0]LogConfig: Setting CVar [[r.GPUCrashDebugging:0]]
[2022.04.28-22.14.04:849][  0]LogConfig: Applying CVar settings from Section [/Script/Engine.RendererOverrideSettings] File [C:/3/MultiShooter/Saved/Config/Windows/Engine.ini]
[2022.04.28-22.14.04:849][  0]LogConfig: Applying CVar settings from Section [/Script/Engine.StreamingSettings] File [C:/3/MultiShooter/Saved/Config/Windows/Engine.ini]
[2022.04.28-22.14.04:849][  0]LogConfig: Setting CVar [[s.MinBulkDataSizeForAsyncLoading:131072]]
[2022.04.28-22.14.04:849][  0]LogConfig: Setting CVar [[s.AsyncLoadingThreadEnabled:0]]
[2022.04.28-22.14.04:849][  0]LogConfig: Setting CVar [[s.EventDrivenLoaderEnabled:1]]
[2022.04.28-22.14.04:849][  0]LogConfig: Setting CVar [[s.WarnIfTimeLimitExceeded:0]]
[2022.04.28-22.14.04:849][  0]LogConfig: Setting CVar [[s.TimeLimitExceededMultiplier:1.5]]
[2022.04.28-22.14.04:849][  0]LogConfig: Setting CVar [[s.TimeLimitExceededMinTime:0.005]]
[2022.04.28-22.14.04:849][  0]LogConfig: Setting CVar [[s.UseBackgroundLevelStreaming:1]]
[2022.04.28-22.14.04:849][  0]LogConfig: Setting CVar [[s.PriorityAsyncLoadingExtraTime:15.0]]
[2022.04.28-22.14.04:849][  0]LogConfig: Setting CVar [[s.LevelStreamingActorsUpdateTimeLimit:5.0]]
[2022.04.28-22.14.04:849][  0]LogConfig: Setting CVar [[s.PriorityLevelStreamingActorsUpdateExtraTime:5.0]]
[2022.04.28-22.14.04:849][  0]LogConfig: Setting CVar [[s.LevelStreamingComponentsRegistrationGranularity:10]]
[2022.04.28-22.14.04:849][  0]LogConfig: Setting CVar [[s.UnregisterComponentsTimeLimit:1.0]]
[2022.04.28-22.14.04:850][  0]LogConfig: Setting CVar [[s.LevelStreamingComponentsUnregistrationGranularity:5]]
[2022.04.28-22.14.04:850][  0]LogConfig: Setting CVar [[s.FlushStreamingOnExit:1]]
[2022.04.28-22.14.04:850][  0]LogConfig: Applying CVar settings from Section [/Script/Engine.GarbageCollectionSettings] File [C:/3/MultiShooter/Saved/Config/Windows/Engine.ini]
[2022.04.28-22.14.04:850][  0]LogConfig: Setting CVar [[gc.MaxObjectsNotConsideredByGC:1]]
[2022.04.28-22.14.04:850][  0]LogConfig: Setting CVar [[gc.SizeOfPermanentObjectPool:0]]
[2022.04.28-22.14.04:850][  0]LogConfig: Setting CVar [[gc.FlushStreamingOnGC:0]]
[2022.04.28-22.14.04:850][  0]LogConfig: Setting CVar [[gc.NumRetriesBeforeForcingGC:10]]
[2022.04.28-22.14.04:850][  0]LogConfig: Setting CVar [[gc.AllowParallelGC:1]]
[2022.04.28-22.14.04:850][  0]LogConfig: Setting CVar [[gc.TimeBetweenPurgingPendingKillObjects:61.1]]
[2022.04.28-22.14.04:850][  0]LogConfig: Setting CVar [[gc.MaxObjectsInEditor:25165824]]
[2022.04.28-22.14.04:850][  0]LogConfig: Setting CVar [[gc.IncrementalBeginDestroyEnabled:1]]
[2022.04.28-22.14.04:850][  0]LogConfig: Setting CVar [[gc.CreateGCClusters:1]]
[2022.04.28-22.14.04:850][  0]LogConfig: Setting CVar [[gc.MinGCClusterSize:5]]
[2022.04.28-22.14.04:850][  0]LogConfig: Setting CVar [[gc.ActorClusteringEnabled:0]]
[2022.04.28-22.14.04:850][  0]LogConfig: Setting CVar [[gc.BlueprintClusteringEnabled:0]]
[2022.04.28-22.14.04:850][  0]LogConfig: Setting CVar [[gc.UseDisregardForGCOnDedicatedServers:0]]
[2022.04.28-22.14.04:850][  0]LogConfig: Setting CVar [[gc.MultithreadedDestructionEnabled:1]]
[2022.04.28-22.14.04:850][  0]LogConfig: Applying CVar settings from Section [/Script/Engine.NetworkSettings] File [C:/3/MultiShooter/Saved/Config/Windows/Engine.ini]
[2022.04.28-22.14.04:850][  0]LogConfig: Applying CVar settings from Section [/Script/UnrealEd.CookerSettings] File [C:/3/MultiShooter/Saved/Config/Windows/Engine.ini]
[2022.04.28-22.14.04:863][  0]LogConfig: Applying CVar settings from Section [ViewDistanceQuality@3] File [C:/3/MultiShooter/Saved/Config/Windows/Scalability.ini]
[2022.04.28-22.14.04:863][  0]LogConfig: Setting CVar [[r.SkeletalMeshLODBias:0]]
[2022.04.28-22.14.04:863][  0]LogConfig: Setting CVar [[r.ViewDistanceScale:1.0]]
[2022.04.28-22.14.04:863][  0]LogConfig: Applying CVar settings from Section [AntiAliasingQuality@3] File [C:/3/MultiShooter/Saved/Config/Windows/Scalability.ini]
[2022.04.28-22.14.04:863][  0]LogConfig: Setting CVar [[r.PostProcessAAQuality:4]]
[2022.04.28-22.14.04:863][  0]LogConfig: Applying CVar settings from Section [ShadowQuality@3] File [C:/3/MultiShooter/Saved/Config/Windows/Scalability.ini]
[2022.04.28-22.14.04:863][  0]LogConfig: Setting CVar [[r.LightFunctionQuality:1]]
[2022.04.28-22.14.04:863][  0]LogConfig: Setting CVar [[r.ShadowQuality:5]]
[2022.04.28-22.14.04:863][  0]LogConfig: Setting CVar [[r.Shadow.CSM.MaxCascades:10]]
[2022.04.28-22.14.04:863][  0]LogConfig: Setting CVar [[r.Shadow.MaxResolution:2048]]
[2022.04.28-22.14.04:863][  0]LogConfig: Setting CVar [[r.Shadow.MaxCSMResolution:2048]]
[2022.04.28-22.14.04:863][  0]LogConfig: Setting CVar [[r.Shadow.RadiusThreshold:0.01]]
[2022.04.28-22.14.04:863][  0]LogConfig: Setting CVar [[r.Shadow.DistanceScale:1.0]]
[2022.04.28-22.14.04:863][  0]LogConfig: Setting CVar [[r.Shadow.CSM.TransitionScale:1.0]]
[2022.04.28-22.14.04:863][  0]LogConfig: Setting CVar [[r.Shadow.PreShadowResolutionFactor:1.0]]
[2022.04.28-22.14.04:863][  0]LogConfig: Setting CVar [[r.DistanceFieldShadowing:1]]
[2022.04.28-22.14.04:863][  0]LogConfig: Setting CVar [[r.DistanceFieldAO:1]]
[2022.04.28-22.14.04:863][  0]LogConfig: Setting CVar [[r.AOQuality:2]]
[2022.04.28-22.14.04:863][  0]LogConfig: Setting CVar [[r.VolumetricFog:1]]
[2022.04.28-22.14.04:863][  0]LogConfig: Setting CVar [[r.VolumetricFog.GridPixelSize:8]]
[2022.04.28-22.14.04:863][  0]LogConfig: Setting CVar [[r.VolumetricFog.GridSizeZ:128]]
[2022.04.28-22.14.04:863][  0]LogConfig: Setting CVar [[r.VolumetricFog.HistoryMissSupersampleCount:4]]
[2022.04.28-22.14.04:863][  0]LogConfig: Setting CVar [[r.LightMaxDrawDistanceScale:1]]
[2022.04.28-22.14.04:863][  0]LogConfig: Setting CVar [[r.CapsuleShadows:1]]
[2022.04.28-22.14.04:863][  0]LogConfig: Applying CVar settings from Section [PostProcessQuality@3] File [C:/3/MultiShooter/Saved/Config/Windows/Scalability.ini]
[2022.04.28-22.14.04:863][  0]LogConfig: Setting CVar [[r.MotionBlurQuality:4]]
[2022.04.28-22.14.04:863][  0]LogConfig: Setting CVar [[r.AmbientOcclusionMipLevelFactor:0.4]]
[2022.04.28-22.14.04:863][  0]LogConfig: Setting CVar [[r.AmbientOcclusionMaxQuality:100]]
[2022.04.28-22.14.04:863][  0]LogConfig: Setting CVar [[r.AmbientOcclusionLevels:-1]]
[2022.04.28-22.14.04:863][  0]LogConfig: Setting CVar [[r.AmbientOcclusionRadiusScale:1.0]]
[2022.04.28-22.14.04:863][  0]LogConfig: Setting CVar [[r.DepthOfFieldQuality:2]]
[2022.04.28-22.14.04:863][  0]LogConfig: Setting CVar [[r.RenderTargetPoolMin:400]]
[2022.04.28-22.14.04:863][  0]LogConfig: Setting CVar [[r.LensFlareQuality:2]]
[2022.04.28-22.14.04:863][  0]LogConfig: Setting CVar [[r.SceneColorFringeQuality:1]]
[2022.04.28-22.14.04:863][  0]LogConfig: Setting CVar [[r.EyeAdaptationQuality:2]]
[2022.04.28-22.14.04:863][  0]LogConfig: Setting CVar [[r.BloomQuality:5]]
[2022.04.28-22.14.04:863][  0]LogConfig: Setting CVar [[r.FastBlurThreshold:100]]
[2022.04.28-22.14.04:863][  0]LogConfig: Setting CVar [[r.Upscale.Quality:3]]
[2022.04.28-22.14.04:863][  0]LogConfig: Setting CVar [[r.Tonemapper.GrainQuantization:1]]
[2022.04.28-22.14.04:863][  0]LogConfig: Setting CVar [[r.LightShaftQuality:1]]
[2022.04.28-22.14.04:863][  0]LogConfig: Setting CVar [[r.Filter.SizeScale:1]]
[2022.04.28-22.14.04:863][  0]LogConfig: Setting CVar [[r.Tonemapper.Quality:5]]
[2022.04.28-22.14.04:863][  0]LogConfig: Setting CVar [[r.DOF.Gather.AccumulatorQuality:1        ; higher gathering accumulator quality]]
[2022.04.28-22.14.04:863][  0]LogConfig: Setting CVar [[r.DOF.Gather.PostfilterMethod:1          ; Median3x3 postfilering method]]
[2022.04.28-22.14.04:863][  0]LogConfig: Setting CVar [[r.DOF.Gather.EnableBokehSettings:0       ; no bokeh simulation when gathering]]
[2022.04.28-22.14.04:863][  0]LogConfig: Setting CVar [[r.DOF.Gather.RingCount:4                 ; medium number of samples when gathering]]
[2022.04.28-22.14.04:863][  0]LogConfig: Setting CVar [[r.DOF.Scatter.ForegroundCompositing:1    ; additive foreground scattering]]
[2022.04.28-22.14.04:863][  0]LogConfig: Setting CVar [[r.DOF.Scatter.BackgroundCompositing:2    ; additive background scattering]]
[2022.04.28-22.14.04:863][  0]LogConfig: Setting CVar [[r.DOF.Scatter.EnableBokehSettings:1      ; bokeh simulation when scattering]]
[2022.04.28-22.14.04:863][  0]LogConfig: Setting CVar [[r.DOF.Scatter.MaxSpriteRatio:0.1         ; only a maximum of 10% of scattered bokeh]]
[2022.04.28-22.14.04:863][  0]LogConfig: Setting CVar [[r.DOF.Recombine.Quality:1                ; cheap slight out of focus]]
[2022.04.28-22.14.04:863][  0]LogConfig: Setting CVar [[r.DOF.Recombine.EnableBokehSettings:0    ; no bokeh simulation on slight out of focus]]
[2022.04.28-22.14.04:863][  0]LogConfig: Setting CVar [[r.DOF.TemporalAAQuality:1                ; more stable temporal accumulation]]
[2022.04.28-22.14.04:863][  0]LogConfig: Setting CVar [[r.DOF.Kernel.MaxForegroundRadius:0.025]]
[2022.04.28-22.14.04:863][  0]LogConfig: Setting CVar [[r.DOF.Kernel.MaxBackgroundRadius:0.025]]
[2022.04.28-22.14.04:863][  0]LogConfig: Applying CVar settings from Section [TextureQuality@3] File [C:/3/MultiShooter/Saved/Config/Windows/Scalability.ini]
[2022.04.28-22.14.04:863][  0]LogConfig: Setting CVar [[r.Streaming.MipBias:0]]
[2022.04.28-22.14.04:863][  0]LogConfig: Setting CVar [[r.Streaming.AmortizeCPUToGPUCopy:0]]
[2022.04.28-22.14.04:863][  0]LogConfig: Setting CVar [[r.Streaming.MaxNumTexturesToStreamPerFrame:0]]
[2022.04.28-22.14.04:863][  0]LogConfig: Setting CVar [[r.Streaming.Boost:1]]
[2022.04.28-22.14.04:863][  0]LogConfig: Setting CVar [[r.MaxAnisotropy:8]]
[2022.04.28-22.14.04:864][  0]LogConfig: Setting CVar [[r.VT.MaxAnisotropy:8]]
[2022.04.28-22.14.04:864][  0]LogConfig: Setting CVar [[r.Streaming.LimitPoolSizeToVRAM:0]]
[2022.04.28-22.14.04:864][  0]LogConfig: Setting CVar [[r.Streaming.PoolSize:1000]]
[2022.04.28-22.14.04:864][  0]LogConfig: Setting CVar [[r.Streaming.MaxEffectiveScreenSize:0]]
[2022.04.28-22.14.04:864][  0]LogConfig: Applying CVar settings from Section [EffectsQuality@3] File [C:/3/MultiShooter/Saved/Config/Windows/Scalability.ini]
[2022.04.28-22.14.04:864][  0]LogConfig: Setting CVar [[r.TranslucencyLightingVolumeDim:64]]
[2022.04.28-22.14.04:864][  0]LogConfig: Setting CVar [[r.RefractionQuality:2]]
[2022.04.28-22.14.04:864][  0]LogConfig: Setting CVar [[r.SSR.Quality:3]]
[2022.04.28-22.14.04:864][  0]LogConfig: Setting CVar [[r.SSR.HalfResSceneColor:0]]
[2022.04.28-22.14.04:864][  0]LogConfig: Setting CVar [[r.SceneColorFormat:4]]
[2022.04.28-22.14.04:864][  0]LogConfig: Setting CVar [[r.DetailMode:2]]
[2022.04.28-22.14.04:864][  0]LogConfig: Setting CVar [[r.TranslucencyVolumeBlur:1]]
[2022.04.28-22.14.04:864][  0]LogConfig: Setting CVar [[r.MaterialQualityLevel:1 ; High quality]]
[2022.04.28-22.14.04:864][  0]LogConfig: Setting CVar [[r.AnisotropicMaterials:1]]
[2022.04.28-22.14.04:864][  0]LogConfig: Setting CVar [[r.SSS.Scale:1]]
[2022.04.28-22.14.04:864][  0]LogConfig: Setting CVar [[r.SSS.SampleSet:2]]
[2022.04.28-22.14.04:864][  0]LogConfig: Setting CVar [[r.SSS.Quality:1]]
[2022.04.28-22.14.04:864][  0]LogConfig: Setting CVar [[r.SSS.HalfRes:0]]
[2022.04.28-22.14.04:864][  0]LogConfig: Setting CVar [[r.SSGI.Quality:3]]
[2022.04.28-22.14.04:864][  0]LogConfig: Setting CVar [[r.EmitterSpawnRateScale:1.0]]
[2022.04.28-22.14.04:864][  0]LogConfig: Setting CVar [[r.ParticleLightQuality:2]]
[2022.04.28-22.14.04:864][  0]LogConfig: Setting CVar [[r.SkyAtmosphere.AerialPerspectiveLUT.FastApplyOnOpaque:1 ; Always have FastSkyLUT 1 in this case to avoid wrong sky]]
[2022.04.28-22.14.04:864][  0]LogConfig: Setting CVar [[r.SkyAtmosphere.AerialPerspectiveLUT.SampleCountMaxPerSlice:4]]
[2022.04.28-22.14.04:864][  0]LogConfig: Setting CVar [[r.SkyAtmosphere.AerialPerspectiveLUT.DepthResolution:16.0]]
[2022.04.28-22.14.04:864][  0]LogConfig: Setting CVar [[r.SkyAtmosphere.FastSkyLUT:1]]
[2022.04.28-22.14.04:864][  0]LogConfig: Setting CVar [[r.SkyAtmosphere.FastSkyLUT.SampleCountMin:4.0]]
[2022.04.28-22.14.04:864][  0]LogConfig: Setting CVar [[r.SkyAtmosphere.FastSkyLUT.SampleCountMax:128.0]]
[2022.04.28-22.14.04:864][  0]LogConfig: Setting CVar [[r.SkyAtmosphere.SampleCountMin:4.0]]
[2022.04.28-22.14.04:864][  0]LogConfig: Setting CVar [[r.SkyAtmosphere.SampleCountMax:128.0]]
[2022.04.28-22.14.04:864][  0]LogConfig: Setting CVar [[r.SkyAtmosphere.TransmittanceLUT.UseSmallFormat:0]]
[2022.04.28-22.14.04:864][  0]LogConfig: Setting CVar [[r.SkyAtmosphere.TransmittanceLUT.SampleCount:10.0]]
[2022.04.28-22.14.04:864][  0]LogConfig: Setting CVar [[r.SkyAtmosphere.MultiScatteringLUT.SampleCount:15.0]]
[2022.04.28-22.14.04:864][  0]LogConfig: Setting CVar [[r.SkyLight.RealTimeReflectionCapture:1]]
[2022.04.28-22.14.04:864][  0]LogConfig: Applying CVar settings from Section [FoliageQuality@3] File [C:/3/MultiShooter/Saved/Config/Windows/Scalability.ini]
[2022.04.28-22.14.04:864][  0]LogConfig: Setting CVar [[foliage.DensityScale:1.0]]
[2022.04.28-22.14.04:864][  0]LogConfig: Setting CVar [[grass.DensityScale:1.0]]
[2022.04.28-22.14.04:864][  0]LogConfig: Applying CVar settings from Section [ShadingQuality@3] File [C:/3/MultiShooter/Saved/Config/Windows/Scalability.ini]
[2022.04.28-22.14.04:864][  0]LogConfig: Setting CVar [[r.HairStrands.SkyLighting.IntegrationType:2]]
[2022.04.28-22.14.04:864][  0]LogConfig: Setting CVar [[r.HairStrands.SkyAO.SampleCount:4]]
[2022.04.28-22.14.04:864][  0]LogConfig: Setting CVar [[r.HairStrands.Visibility.MSAA.SamplePerPixel:4]]
[2022.04.28-22.14.04:864][  0]LogInit: Selected Device Profile: [Windows]
[2022.04.28-22.14.04:864][  0]LogInit: Applying CVar settings loaded from the selected device profile: [Windows]
[2022.04.28-22.14.04:864][  0]LogHAL: Display: Platform has ~ 16 GB [16971386880 / 17179869184 / 16], which maps to Larger [LargestMinGB=32, LargerMinGB=12, DefaultMinGB=8, SmallerMinGB=6, SmallestMinGB=0)
[2022.04.28-22.14.04:864][  0]LogInit: Going up to parent DeviceProfile []
[2022.04.28-22.14.04:864][  0]LogConfig: Applying CVar settings from Section [ViewDistanceQuality@3] File [C:/3/MultiShooter/Saved/Config/Windows/Scalability.ini]
[2022.04.28-22.14.04:864][  0]LogConfig: Setting CVar [[r.SkeletalMeshLODBias:0]]
[2022.04.28-22.14.04:864][  0]LogConfig: Setting CVar [[r.ViewDistanceScale:1.0]]
[2022.04.28-22.14.04:864][  0]LogConfig: Applying CVar settings from Section [AntiAliasingQuality@3] File [C:/3/MultiShooter/Saved/Config/Windows/Scalability.ini]
[2022.04.28-22.14.04:864][  0]LogConfig: Setting CVar [[r.PostProcessAAQuality:4]]
[2022.04.28-22.14.04:864][  0]LogConfig: Applying CVar settings from Section [ShadowQuality@3] File [C:/3/MultiShooter/Saved/Config/Windows/Scalability.ini]
[2022.04.28-22.14.04:864][  0]LogConfig: Setting CVar [[r.LightFunctionQuality:1]]
[2022.04.28-22.14.04:864][  0]LogConfig: Setting CVar [[r.ShadowQuality:5]]
[2022.04.28-22.14.04:864][  0]LogConfig: Setting CVar [[r.Shadow.CSM.MaxCascades:10]]
[2022.04.28-22.14.04:864][  0]LogConfig: Setting CVar [[r.Shadow.MaxResolution:2048]]
[2022.04.28-22.14.04:864][  0]LogConfig: Setting CVar [[r.Shadow.MaxCSMResolution:2048]]
[2022.04.28-22.14.04:864][  0]LogConfig: Setting CVar [[r.Shadow.RadiusThreshold:0.01]]
[2022.04.28-22.14.04:864][  0]LogConfig: Setting CVar [[r.Shadow.DistanceScale:1.0]]
[2022.04.28-22.14.04:864][  0]LogConfig: Setting CVar [[r.Shadow.CSM.TransitionScale:1.0]]
[2022.04.28-22.14.04:864][  0]LogConfig: Setting CVar [[r.Shadow.PreShadowResolutionFactor:1.0]]
[2022.04.28-22.14.04:864][  0]LogConfig: Setting CVar [[r.DistanceFieldShadowing:1]]
[2022.04.28-22.14.04:864][  0]LogConfig: Setting CVar [[r.DistanceFieldAO:1]]
[2022.04.28-22.14.04:864][  0]LogConfig: Setting CVar [[r.AOQuality:2]]
[2022.04.28-22.14.04:864][  0]LogConfig: Setting CVar [[r.VolumetricFog:1]]
[2022.04.28-22.14.04:864][  0]LogConfig: Setting CVar [[r.VolumetricFog.GridPixelSize:8]]
[2022.04.28-22.14.04:864][  0]LogConfig: Setting CVar [[r.VolumetricFog.GridSizeZ:128]]
[2022.04.28-22.14.04:864][  0]LogConfig: Setting CVar [[r.VolumetricFog.HistoryMissSupersampleCount:4]]
[2022.04.28-22.14.04:864][  0]LogConfig: Setting CVar [[r.LightMaxDrawDistanceScale:1]]
[2022.04.28-22.14.04:864][  0]LogConfig: Setting CVar [[r.CapsuleShadows:1]]
[2022.04.28-22.14.04:864][  0]LogConfig: Applying CVar settings from Section [PostProcessQuality@3] File [C:/3/MultiShooter/Saved/Config/Windows/Scalability.ini]
[2022.04.28-22.14.04:864][  0]LogConfig: Setting CVar [[r.MotionBlurQuality:4]]
[2022.04.28-22.14.04:864][  0]LogConfig: Setting CVar [[r.AmbientOcclusionMipLevelFactor:0.4]]
[2022.04.28-22.14.04:864][  0]LogConfig: Setting CVar [[r.AmbientOcclusionMaxQuality:100]]
[2022.04.28-22.14.04:864][  0]LogConfig: Setting CVar [[r.AmbientOcclusionLevels:-1]]
[2022.04.28-22.14.04:864][  0]LogConfig: Setting CVar [[r.AmbientOcclusionRadiusScale:1.0]]
[2022.04.28-22.14.04:864][  0]LogConfig: Setting CVar [[r.DepthOfFieldQuality:2]]
[2022.04.28-22.14.04:864][  0]LogConfig: Setting CVar [[r.RenderTargetPoolMin:400]]
[2022.04.28-22.14.04:864][  0]LogConfig: Setting CVar [[r.LensFlareQuality:2]]
[2022.04.28-22.14.04:864][  0]LogConfig: Setting CVar [[r.SceneColorFringeQuality:1]]
[2022.04.28-22.14.04:864][  0]LogConfig: Setting CVar [[r.EyeAdaptationQuality:2]]
[2022.04.28-22.14.04:864][  0]LogConfig: Setting CVar [[r.BloomQuality:5]]
[2022.04.28-22.14.04:864][  0]LogConfig: Setting CVar [[r.FastBlurThreshold:100]]
[2022.04.28-22.14.04:864][  0]LogConfig: Setting CVar [[r.Upscale.Quality:3]]
[2022.04.28-22.14.04:864][  0]LogConfig: Setting CVar [[r.Tonemapper.GrainQuantization:1]]
[2022.04.28-22.14.04:864][  0]LogConfig: Setting CVar [[r.LightShaftQuality:1]]
[2022.04.28-22.14.04:864][  0]LogConfig: Setting CVar [[r.Filter.SizeScale:1]]
[2022.04.28-22.14.04:864][  0]LogConfig: Setting CVar [[r.Tonemapper.Quality:5]]
[2022.04.28-22.14.04:864][  0]LogConfig: Setting CVar [[r.DOF.Gather.AccumulatorQuality:1        ; higher gathering accumulator quality]]
[2022.04.28-22.14.04:864][  0]LogConfig: Setting CVar [[r.DOF.Gather.PostfilterMethod:1          ; Median3x3 postfilering method]]
[2022.04.28-22.14.04:864][  0]LogConfig: Setting CVar [[r.DOF.Gather.EnableBokehSettings:0       ; no bokeh simulation when gathering]]
[2022.04.28-22.14.04:864][  0]LogConfig: Setting CVar [[r.DOF.Gather.RingCount:4                 ; medium number of samples when gathering]]
[2022.04.28-22.14.04:864][  0]LogConfig: Setting CVar [[r.DOF.Scatter.ForegroundCompositing:1    ; additive foreground scattering]]
[2022.04.28-22.14.04:864][  0]LogConfig: Setting CVar [[r.DOF.Scatter.BackgroundCompositing:2    ; additive background scattering]]
[2022.04.28-22.14.04:864][  0]LogConfig: Setting CVar [[r.DOF.Scatter.EnableBokehSettings:1      ; bokeh simulation when scattering]]
[2022.04.28-22.14.04:864][  0]LogConfig: Setting CVar [[r.DOF.Scatter.MaxSpriteRatio:0.1         ; only a maximum of 10% of scattered bokeh]]
[2022.04.28-22.14.04:864][  0]LogConfig: Setting CVar [[r.DOF.Recombine.Quality:1                ; cheap slight out of focus]]
[2022.04.28-22.14.04:864][  0]LogConfig: Setting CVar [[r.DOF.Recombine.EnableBokehSettings:0    ; no bokeh simulation on slight out of focus]]
[2022.04.28-22.14.04:864][  0]LogConfig: Setting CVar [[r.DOF.TemporalAAQuality:1                ; more stable temporal accumulation]]
[2022.04.28-22.14.04:864][  0]LogConfig: Setting CVar [[r.DOF.Kernel.MaxForegroundRadius:0.025]]
[2022.04.28-22.14.04:865][  0]LogConfig: Setting CVar [[r.DOF.Kernel.MaxBackgroundRadius:0.025]]
[2022.04.28-22.14.04:865][  0]LogConfig: Applying CVar settings from Section [TextureQuality@3] File [C:/3/MultiShooter/Saved/Config/Windows/Scalability.ini]
[2022.04.28-22.14.04:865][  0]LogConfig: Setting CVar [[r.Streaming.MipBias:0]]
[2022.04.28-22.14.04:865][  0]LogConfig: Setting CVar [[r.Streaming.AmortizeCPUToGPUCopy:0]]
[2022.04.28-22.14.04:865][  0]LogConfig: Setting CVar [[r.Streaming.MaxNumTexturesToStreamPerFrame:0]]
[2022.04.28-22.14.04:865][  0]LogConfig: Setting CVar [[r.Streaming.Boost:1]]
[2022.04.28-22.14.04:865][  0]LogConfig: Setting CVar [[r.MaxAnisotropy:8]]
[2022.04.28-22.14.04:865][  0]LogConfig: Setting CVar [[r.VT.MaxAnisotropy:8]]
[2022.04.28-22.14.04:865][  0]LogConfig: Setting CVar [[r.Streaming.LimitPoolSizeToVRAM:0]]
[2022.04.28-22.14.04:865][  0]LogConfig: Setting CVar [[r.Streaming.PoolSize:1000]]
[2022.04.28-22.14.04:865][  0]LogConfig: Setting CVar [[r.Streaming.MaxEffectiveScreenSize:0]]
[2022.04.28-22.14.04:865][  0]LogConfig: Applying CVar settings from Section [EffectsQuality@3] File [C:/3/MultiShooter/Saved/Config/Windows/Scalability.ini]
[2022.04.28-22.14.04:865][  0]LogConfig: Setting CVar [[r.TranslucencyLightingVolumeDim:64]]
[2022.04.28-22.14.04:865][  0]LogConfig: Setting CVar [[r.RefractionQuality:2]]
[2022.04.28-22.14.04:865][  0]LogConfig: Setting CVar [[r.SSR.Quality:3]]
[2022.04.28-22.14.04:865][  0]LogConfig: Setting CVar [[r.SSR.HalfResSceneColor:0]]
[2022.04.28-22.14.04:865][  0]LogConfig: Setting CVar [[r.SceneColorFormat:4]]
[2022.04.28-22.14.04:865][  0]LogConfig: Setting CVar [[r.DetailMode:2]]
[2022.04.28-22.14.04:865][  0]LogConfig: Setting CVar [[r.TranslucencyVolumeBlur:1]]
[2022.04.28-22.14.04:865][  0]LogConfig: Setting CVar [[r.MaterialQualityLevel:1 ; High quality]]
[2022.04.28-22.14.04:865][  0]LogConfig: Setting CVar [[r.AnisotropicMaterials:1]]
[2022.04.28-22.14.04:865][  0]LogConfig: Setting CVar [[r.SSS.Scale:1]]
[2022.04.28-22.14.04:865][  0]LogConfig: Setting CVar [[r.SSS.SampleSet:2]]
[2022.04.28-22.14.04:865][  0]LogConfig: Setting CVar [[r.SSS.Quality:1]]
[2022.04.28-22.14.04:865][  0]LogConfig: Setting CVar [[r.SSS.HalfRes:0]]
[2022.04.28-22.14.04:865][  0]LogConfig: Setting CVar [[r.SSGI.Quality:3]]
[2022.04.28-22.14.04:865][  0]LogConfig: Setting CVar [[r.EmitterSpawnRateScale:1.0]]
[2022.04.28-22.14.04:865][  0]LogConfig: Setting CVar [[r.ParticleLightQuality:2]]
[2022.04.28-22.14.04:865][  0]LogConfig: Setting CVar [[r.SkyAtmosphere.AerialPerspectiveLUT.FastApplyOnOpaque:1 ; Always have FastSkyLUT 1 in this case to avoid wrong sky]]
[2022.04.28-22.14.04:865][  0]LogConfig: Setting CVar [[r.SkyAtmosphere.AerialPerspectiveLUT.SampleCountMaxPerSlice:4]]
[2022.04.28-22.14.04:865][  0]LogConfig: Setting CVar [[r.SkyAtmosphere.AerialPerspectiveLUT.DepthResolution:16.0]]
[2022.04.28-22.14.04:865][  0]LogConfig: Setting CVar [[r.SkyAtmosphere.FastSkyLUT:1]]
[2022.04.28-22.14.04:865][  0]LogConfig: Setting CVar [[r.SkyAtmosphere.FastSkyLUT.SampleCountMin:4.0]]
[2022.04.28-22.14.04:865][  0]LogConfig: Setting CVar [[r.SkyAtmosphere.FastSkyLUT.SampleCountMax:128.0]]
[2022.04.28-22.14.04:865][  0]LogConfig: Setting CVar [[r.SkyAtmosphere.SampleCountMin:4.0]]
[2022.04.28-22.14.04:865][  0]LogConfig: Setting CVar [[r.SkyAtmosphere.SampleCountMax:128.0]]
[2022.04.28-22.14.04:865][  0]LogConfig: Setting CVar [[r.SkyAtmosphere.TransmittanceLUT.UseSmallFormat:0]]
[2022.04.28-22.14.04:865][  0]LogConfig: Setting CVar [[r.SkyAtmosphere.TransmittanceLUT.SampleCount:10.0]]
[2022.04.28-22.14.04:865][  0]LogConfig: Setting CVar [[r.SkyAtmosphere.MultiScatteringLUT.SampleCount:15.0]]
[2022.04.28-22.14.04:865][  0]LogConfig: Setting CVar [[r.SkyLight.RealTimeReflectionCapture:1]]
[2022.04.28-22.14.04:865][  0]LogConfig: Applying CVar settings from Section [FoliageQuality@3] File [C:/3/MultiShooter/Saved/Config/Windows/Scalability.ini]
[2022.04.28-22.14.04:865][  0]LogConfig: Setting CVar [[foliage.DensityScale:1.0]]
[2022.04.28-22.14.04:865][  0]LogConfig: Setting CVar [[grass.DensityScale:1.0]]
[2022.04.28-22.14.04:865][  0]LogConfig: Applying CVar settings from Section [ShadingQuality@3] File [C:/3/MultiShooter/Saved/Config/Windows/Scalability.ini]
[2022.04.28-22.14.04:865][  0]LogConfig: Setting CVar [[r.HairStrands.SkyLighting.IntegrationType:2]]
[2022.04.28-22.14.04:865][  0]LogConfig: Setting CVar [[r.HairStrands.SkyAO.SampleCount:4]]
[2022.04.28-22.14.04:865][  0]LogConfig: Setting CVar [[r.HairStrands.Visibility.MSAA.SamplePerPixel:4]]
[2022.04.28-22.14.04:865][  0]LogConfig: Applying CVar settings from Section [Startup] File [../../../Engine/Config/ConsoleVariables.ini]
[2022.04.28-22.14.04:866][  0]LogConfig: Setting CVar [[net.UseAdaptiveNetUpdateFrequency:0]]
[2022.04.28-22.14.04:866][  0]LogConfig: Setting CVar [[p.chaos.AllowCreatePhysxBodies:1]]
[2022.04.28-22.14.04:866][  0]LogConfig: Setting CVar [[fx.SkipVectorVMBackendOptimizations:1]]
[2022.04.28-22.14.04:866][  0]LogConfig: Applying CVar settings from Section [ConsoleVariables] File [C:/3/MultiShooter/Saved/Config/Windows/Engine.ini]
[2022.04.28-22.14.04:866][  0]LogConfig: Applying CVar settings from Section [ConsoleVariables] File [C:/3/MultiShooter/Saved/Config/Windows/Editor.ini]
[2022.04.28-22.14.04:866][  0]LogInit: Computer: LAPTOP-K7OCUPB7
[2022.04.28-22.14.04:866][  0]LogInit: User: buryk
[2022.04.28-22.14.04:866][  0]LogInit: CPU Page size=4096, Cores=6
[2022.04.28-22.14.04:866][  0]LogInit: High frequency timer resolution =10.000000 MHz
[2022.04.28-22.14.04:866][  0]LogMemory: Memory total: Physical=15.8GB (16GB approx)
[2022.04.28-22.14.04:866][  0]LogMemory: Platform Memory Stats for Windows
[2022.04.28-22.14.04:866][  0]LogMemory: Process Physical Memory: 144.50 MB used, 144.50 MB peak
[2022.04.28-22.14.04:866][  0]LogMemory: Process Virtual Memory: 131.98 MB used, 131.98 MB peak
[2022.04.28-22.14.04:866][  0]LogMemory: Physical Memory: 9669.02 MB used,  6516.16 MB free, 16185.18 MB total
[2022.04.28-22.14.04:866][  0]LogMemory: Virtual Memory: 134203432.00 MB used,  14299.22 MB free, 134217728.00 MB total
[2022.04.28-22.14.04:871][  0]LogWindows: WindowsPlatformFeatures enabled
[2022.04.28-22.14.04:917][  0]LogInit: Physics initialised using underlying interface: PhysX
[2022.04.28-22.14.04:918][  0]LogInit: Using OS detected language (ru-RU).
[2022.04.28-22.14.04:918][  0]LogInit: Using OS detected locale (ru-RU).
[2022.04.28-22.14.04:922][  0]LogTextLocalizationManager: No specific localization for 'ru-RU' exists, so the 'ru' localization will be used.
[2022.04.28-22.14.04:926][  0]LogTextLocalizationResource: LocRes '../../../Engine/Content/Localization/Editor/ru/Editor.locres' could not be opened for reading!
[2022.04.28-22.14.04:926][  0]LogTextLocalizationResource: LocRes '../../../Engine/Content/Localization/EditorTutorials/ru/EditorTutorials.locres' could not be opened for reading!
[2022.04.28-22.14.04:926][  0]LogTextLocalizationResource: LocRes '../../../Engine/Content/Localization/Keywords/ru/Keywords.locres' could not be opened for reading!
[2022.04.28-22.14.04:926][  0]LogTextLocalizationResource: LocRes '../../../Engine/Content/Localization/Category/ru/Category.locres' could not be opened for reading!
[2022.04.28-22.14.04:926][  0]LogTextLocalizationResource: LocRes '../../../Engine/Content/Localization/ToolTips/ru/ToolTips.locres' could not be opened for reading!
[2022.04.28-22.14.04:926][  0]LogTextLocalizationResource: LocRes '../../../Engine/Content/Localization/PropertyNames/ru/PropertyNames.locres' could not be opened for reading!
[2022.04.28-22.14.04:926][  0]LogTextLocalizationResource: LocRes '../../../Engine/Content/Localization/Engine/ru/Engine.locres' could not be opened for reading!
[2022.04.28-22.14.04:940][  0]LogWindowsTextInputMethodSystem: Display: IME system deactivated.
[2022.04.28-22.14.04:969][  0]LogSlate: New Slate User Created.  User Index 0, Is Virtual User: 0
[2022.04.28-22.14.04:969][  0]LogSlate: Slate User Registered.  User Index 0, Is Virtual User: 0
[2022.04.28-22.14.04:990][  0]LogD3D11RHI: Loaded GFSDK_Aftermath_Lib.x64.dll
[2022.04.28-22.14.05:004][  0]LogHMD: Failed to initialize OpenVR with code 110
[2022.04.28-22.14.05:004][  0]LogD3D11RHI: D3D11 min allowed feature level: 11_0
[2022.04.28-22.14.05:004][  0]LogD3D11RHI: D3D11 max allowed feature level: 11_0
[2022.04.28-22.14.05:004][  0]LogD3D11RHI: D3D11 adapters:
[2022.04.28-22.14.05:118][  0]LogD3D11RHI:    0. 'NVIDIA GeForce GTX 1660 Ti with Max-Q Design' (Feature Level 11_0)
[2022.04.28-22.14.05:118][  0]LogD3D11RHI:       5991/0/8092 MB DedicatedVideo/DedicatedSystem/SharedSystem, Outputs:1, VendorId:0x10de
[2022.04.28-22.14.05:144][  0]LogD3D11RHI:    1. 'Intel(R) UHD Graphics' (Feature Level 11_0)
[2022.04.28-22.14.05:144][  0]LogD3D11RHI:       128/0/8092 MB DedicatedVideo/DedicatedSystem/SharedSystem, Outputs:0, VendorId:0x8086
[2022.04.28-22.14.05:146][  0]LogD3D11RHI:    2. 'Microsoft Basic Render Driver' (Feature Level 11_0)
[2022.04.28-22.14.05:146][  0]LogD3D11RHI:       0/0/8092 MB DedicatedVideo/DedicatedSystem/SharedSystem, Outputs:0, VendorId:0x1414
[2022.04.28-22.14.05:146][  0]LogD3D11RHI: Chosen D3D11 Adapter: 0
[2022.04.28-22.14.05:154][  0]LogD3D11RHI: Creating new Direct3DDevice
[2022.04.28-22.14.05:154][  0]LogD3D11RHI:     GPU DeviceId: 0x2191 (for the marketing name, search the web for "GPU Device Id")
[2022.04.28-22.14.05:154][  0]LogWindows: EnumDisplayDevices:
[2022.04.28-22.14.05:155][  0]LogWindows:    0. 'Intel(R) UHD Graphics' (P:1 D:1)
[2022.04.28-22.14.05:155][  0]LogWindows:    1. 'Intel(R) UHD Graphics' (P:0 D:0)
[2022.04.28-22.14.05:155][  0]LogWindows:    2. 'Intel(R) UHD Graphics' (P:0 D:0)
[2022.04.28-22.14.05:155][  0]LogWindows:    3. 'NVIDIA GeForce GTX 1660 Ti with Max-Q Design' (P:0 D:0)
[2022.04.28-22.14.05:155][  0]LogWindows:    4. 'NVIDIA GeForce GTX 1660 Ti with Max-Q Design' (P:0 D:0)
[2022.04.28-22.14.05:156][  0]LogWindows:    5. 'NVIDIA GeForce GTX 1660 Ti with Max-Q Design' (P:0 D:0)
[2022.04.28-22.14.05:156][  0]LogWindows:    6. 'NVIDIA GeForce GTX 1660 Ti with Max-Q Design' (P:0 D:0)
[2022.04.28-22.14.05:156][  0]LogWindows: DebugString: PrimaryIsNotTheChoosenAdapter PrimaryIsNotTheChoosenAdapter PrimaryIsNotTheChoosenAdapter FoundDriverCount:4 
[2022.04.28-22.14.05:156][  0]LogD3D11RHI:     Adapter Name: NVIDIA GeForce GTX 1660 Ti with Max-Q Design
[2022.04.28-22.14.05:156][  0]LogD3D11RHI:   Driver Version: 497.33 (internal:30.0.14.9733, unified:497.33)
[2022.04.28-22.14.05:156][  0]LogD3D11RHI:      Driver Date: 12-16-2021
[2022.04.28-22.14.05:156][  0]LogRHI: Texture pool is 4193 MB (70% of 5991 MB)
[2022.04.28-22.14.05:210][  0]LogD3D11RHI: RHI has support for 64 bit atomics
[2022.04.28-22.14.05:210][  0]LogD3D11RHI: Async texture creation enabled
[2022.04.28-22.14.05:210][  0]LogD3D11RHI: Array index from any shader is supported
[2022.04.28-22.14.05:229][  0]LogD3D11RHI: GPU Timing Frequency: 1000.000000 (Debug: 2 2)
[2022.04.28-22.14.05:267][  0]LogRHI: GeForceNow SDK initialized: 1
[2022.04.28-22.14.05:535][  0]LogTargetPlatformManager: Display: Loaded TargetPlatform 'WindowsNoEditor'
[2022.04.28-22.14.05:539][  0]LogTargetPlatformManager: Display: Loaded TargetPlatform 'Windows'
[2022.04.28-22.14.05:544][  0]LogTargetPlatformManager: Display: Loaded TargetPlatform 'WindowsClient'
[2022.04.28-22.14.05:549][  0]LogTargetPlatformManager: Display: Loaded TargetPlatform 'WindowsServer'
[2022.04.28-22.14.05:549][  0]LogTargetPlatformManager: Display: Building Assets For Windows
[2022.04.28-22.14.05:556][  0]LogAudioDebug: Display: Lib vorbis DLL was dynamically loaded.
[2022.04.28-22.14.05:589][  0]LogTextureFormatOodle: Display: Oodle Texture 2.9.0 init RDO Off
[2022.04.28-22.14.05:620][  0]LogRendererCore: Ray tracing is disabled. Reason: r.RayTracing=0.
[2022.04.28-22.14.05:620][  0]LogShaderCompilers: Guid format shader working directory is 13 characters bigger than the processId version (../../../../../../3/MultiShooter/Intermediate/Shaders/WorkingDirectory/40900/).
[2022.04.28-22.14.05:621][  0]LogShaderCompilers: Cleaned the shader compiler working directory 'C:/Users/buryk/AppData/Local/Temp/UnrealShaderWorkingDir/A27F1BAC4C7212378A26C0852D25980E/'.
[2022.04.28-22.14.05:621][  0]LogXGEController: Cannot use XGE Controller as Incredibuild is not installed on this machine.
[2022.04.28-22.14.05:621][  0]LogShaderCompilers: Cannot use XGE Shader Compiler as Incredibuild is not installed on this machine.
[2022.04.28-22.14.05:621][  0]LogShaderCompilers: Display: Using Local Shader Compiler.
[2022.04.28-22.14.06:322][  0]LogDerivedDataCache: Display: Max Cache Size: 512 MB
[2022.04.28-22.14.06:380][  0]LogDerivedDataCache: Loaded boot cache 0.06s 95MB C:/Users/buryk/AppData/Local/UnrealEngine/4.27/DerivedDataCache/Boot.ddc.
[2022.04.28-22.14.06:380][  0]LogDerivedDataCache: Display: Loaded Boot cache: C:/Users/buryk/AppData/Local/UnrealEngine/4.27/DerivedDataCache/Boot.ddc
[2022.04.28-22.14.06:380][  0]LogDerivedDataCache: FDerivedDataBackendGraph:  Pak pak cache file ../../../../../../3/MultiShooter/DerivedDataCache/DDC.ddp not found, will not use a pak cache.
[2022.04.28-22.14.06:380][  0]LogDerivedDataCache: Unable to find inner node Pak for hierarchical cache Hierarchy.
[2022.04.28-22.14.06:380][  0]LogDerivedDataCache: FDerivedDataBackendGraph:  CompressedPak pak cache file ../../../../../../3/MultiShooter/DerivedDataCache/Compressed.ddp not found, will not use a pak cache.
[2022.04.28-22.14.06:380][  0]LogDerivedDataCache: Unable to find inner node CompressedPak for hierarchical cache Hierarchy.
[2022.04.28-22.14.06:395][  0]LogDerivedDataCache: Display: Pak cache opened for reading ../../../Engine/DerivedDataCache/Compressed.ddp.
[2022.04.28-22.14.06:395][  0]LogDerivedDataCache: FDerivedDataBackendGraph:  EnterprisePak pak cache file ../../../Enterprise/DerivedDataCache/Compressed.ddp not found, will not use a pak cache.
[2022.04.28-22.14.06:395][  0]LogDerivedDataCache: Unable to find inner node EnterprisePak for hierarchical cache Hierarchy.
[2022.04.28-22.14.06:405][  0]LogDerivedDataCache: Speed tests for C:/Users/buryk/AppData/Local/UnrealEngine/Common/DerivedDataCache took 0.01 seconds
[2022.04.28-22.14.06:405][  0]LogDerivedDataCache: Display: Performance to C:/Users/buryk/AppData/Local/UnrealEngine/Common/DerivedDataCache: Latency=0.03ms. RandomReadSpeed=248.24MBs, RandomWriteSpeed=176.07MBs. Assigned SpeedClass 'Local'
[2022.04.28-22.14.06:405][  0]LogDerivedDataCache: Using Local data cache path C:/Users/buryk/AppData/Local/UnrealEngine/Common/DerivedDataCache: Writable
[2022.04.28-22.14.06:405][  0]LogDerivedDataCache: Shared data cache path not found in *engine.ini, will not use an Shared cache.
[2022.04.28-22.14.06:405][  0]LogDerivedDataCache: Unable to find inner node Shared for hierarchical cache Hierarchy.
[2022.04.28-22.14.06:436][  0]LogSlate: Using FreeType 2.10.0
[2022.04.28-22.14.06:437][  0]LogSlate: SlateFontServices - WITH_FREETYPE: 1, WITH_HARFBUZZ: 1
[2022.04.28-22.14.06:528][  0]LogInit: Using OS detected language (ru-RU).
[2022.04.28-22.14.06:529][  0]LogInit: Using OS detected locale (ru-RU).
[2022.04.28-22.14.06:529][  0]LogTextLocalizationManager: No localization for 'ru-RU' exists, so 'en' will be used for the language.
[2022.04.28-22.14.06:529][  0]LogTextLocalizationManager: No localization for 'ru-RU' exists, so 'en' will be used for the locale.
[2022.04.28-22.14.06:529][  0]LogSlate: FontCache flush requested. Reason: Culture for localization was changed
[2022.04.28-22.14.06:529][  0]LogSlate: FontCache flush requested. Reason: Culture for localization was changed
[2022.04.28-22.14.06:531][  0]LogAssetRegistry: FAssetRegistry took 0.0017 seconds to start up
[2022.04.28-22.14.06:676][  0]LogTextLocalizationManager: Compacting localization data took   0.00ms
[2022.04.28-22.14.06:676][  0]LogPackageLocalizationCache: Processed 27 localized package path(s) for 1 prioritized culture(s) in 0.001151 seconds
[2022.04.28-22.14.06:736][  0]LogInit: Selected Device Profile: [Windows]
[2022.04.28-22.14.06:736][  0]LogInit: Active device profile: [0000016789F05300][0000016782817BC0 49] Windows
[2022.04.28-22.14.06:736][  0]LogInit: Profiles: [0000016789F05300][0000016782817BC0 49] Windows, [0000016789EEA600][000001678AAA61C0 49] WindowsNoEditor, [0000016789F06500][000001678AAAA340 49] WindowsServer, [0000016789EEB400][000001678AAAE4C0 49] WindowsClient, [0000016789F07200][000001678AAB2640 49] IOS, [0000016789EEBD00][000001678AAB67C0 49] iPadAir, [0000016789F06900][000001678AABA940 49] iPadAir2, [0000016789E89C00][000001678AAC2C00 49] IPadPro, [0000016789E89D00][000001678AABEC40 49] iPadAir3, [0000016789EEBA00][000001678AAC6DC0 49] iPadAir4, [0000016789E8AC00][000001678AACAF40 49] iPadMini2, [0000016789EE9500][000001678AACF0C0 49] iPadMini3, [0000016789E88B00][000001678AAD3240 49] iPadMini4, [0000016789EEAA00][000001678281B380 49] iPadMini5, [0000016789EB1300][000001678AADB5C0 49] iPhone6, [0000016789EB1400][000001678AAD7600 49] iPodTouch6, [0000016789F05600][000001678AAE7880 49] iPhone7, [0000016789F06B00][000001678AADF8C0 49] iPodTouch7, [0000016789E8BB00][000001678AAEBA40 49] iPhone5S, [0000016789F05800][000001678AAEFBC0 49] iPhone6Plus, [0000016789E8B000][000001678AAF21C0 49] iPhone6S, [0000016789F06800][000001678AAF6340 49] iPhone6SPlus, [0000016789E89500][000001678AAFA4C0 49] iPhone7Plus, [0000016789F04100][000001678AAFE640 49] iPhoneSE, [0000016789E88200][000001678AB027C0 49] iPhone8, [0000016789F05700][000001678AB06940 49] iPhone8Plus, [0000016789EB0100][000001678AB0AAC0 49] iPhoneX, [0000016789E89800][000001678AB0EC40 49] iPhoneXS, [0000016789EB0C00][000001678AB12DC0 49] iPhoneXSMax, [0000016789E8B800][000001678AB16F40 49] iPhoneXR, [0000016789EB3D00][000001678AB1B0C0 49] iPhone11, [0000016789E8A800][000001678AB1F240 49] iPhone11Pro, [0000016789EB3800][000001678AB233C0 49] iPhone11ProMax, [0000016789E88C00][000001678AAE3500 49] iPhoneSE2, [0000016789EB2900][000001678AB27640 49] iPhone12Mini, [0000016789E8BF00][000001678AB2B780 49] iPhone12, [0000016789F04A00][000001678AB2F8C0 49] iPhone12Pro, [0000016789E8BE00][000001678AB37A40 49] iPhone12ProMax, [0000016789F04700][000001678AB3BBC0 49] iPadPro105, [0000016789E89100][000001678AB3E1C0 49] iPadPro129, [0000016789F06E00][000001678AB42340 49] iPadPro97, [0000016789E89300][000001678AB464C0 49] iPadPro2_129, [0000016789F04800][000001678AB4A640 49] iPad5, [0000016789E8AD00][000001678AB4E7C0 49] iPad6, [0000016789F07D00][000001678AB52940 49] iPad7, [0000016789E89200][000001678AB56AC0 49] iPad8, [0000016789F07C00][000001678AB5AC40 49] iPadPro11, [0000016789E8A500][000001678AB5EDC0 49] iPadPro2_11, [0000016789F07700][000001678AB62F40 49] iPadPro3_129, [0000016789E8B300][000001678AB670C0 49] iPadPro4_129, [0000016789F05100][000001678AB6B240 49] AppleTV, [0000016789E8A100][000001678AB6F3C0 49] AppleTV4K, [0000016789F06A00][000001678AB73540 49] TVOS, [0000016789E89F00][000001678AB776C0 49] Mac, [0000016789F05000][000001678AB33800 49] MacClient, [0000016789E88E00][000001678AB7B940 49] MacNoEditor, [0000016789F05A00][000001678AB7FA80 49] MacServer, [0000016789E8A700][000001678AB87C00 49] Linux, [0000016789F04400][000001678AB8A200 49] LinuxAArch64, [0000016789E8BA00][000001678AB8E380 49] LinuxNoEditor, [0000016789F05F00][000001678AB92500 49] LinuxAArch64NoEditor, [0000016789E8BD00][000001678AB96680 49] LinuxClient, [0000016789F07000][000001678AB9A800 49] LinuxAArch64Client, [0000016789E8BC00][000001678AB9E980 49] LinuxServer, [0000016789F06200][000001678ABA2B00 49] LinuxAArch64Server, [0000016789E8A200][000001678ABA6C80 49] Android, [0000016789F07900][000001678ABAAE00 49] Android_Low, [0000016789E8AA00][000001678ABAEF80 49] Android_Mid, [0000016789F06D00][000001678ABB3100 49] Android_High, [0000016789E89E00][000001678ABB7280 49] Android_Default, [0000016789F05B00][000001678ABBB400 49] Android_Adreno4xx, [0000016789E88A00][000001678ABBF580 49] Android_Adreno5xx_Low, [0000016789F04600][000001678ABC3700 49] Android_Adreno5xx, [0000016789E8A600][000001678ABC7880 49] Android_Adreno6xx, [0000016789F06600][000001678AB839C0 49] Android_Adreno6xx_Vulkan, [0000016789E8A300][000001678ABCBB00 49] Android_Mali_T6xx, [0000016789F04F00][000001678ABCE0C0 49] Android_Mali_T7xx, [0000016789E8A900][000001678ABD6240 49] Android_Mali_T8xx, [0000016789F06400][000001678ABDA3C0 49] Android_Mali_G71, [0000016789E88900][000001678ABDE540 49] Android_Mali_G72, [0000016789F07A00][000001678ABE26C0 49] Android_Mali_G72_Vulkan, [0000016789E8AF00][000001678ABE6840 49] Android_Mali_G76, [0000016789F05E00][000001678ABEA9C0 49] Android_Mali_G76_Vulkan, [0000016789EE8F00][000001678ABEEB40 49] Android_Mali_G77, [0000016789EB2100][000001678ABF2CC0 49] Android_Mali_G77_Vulkan, [0000016789EE8D00][000001678ABF6E40 49] Android_Mali_G78, [0000016789EB3400][000001678ABFAFC0 49] Android_Mali_G78_Vulkan, [0000016789EE8400][000001678ABFF140 49] Android_Mali_G710, [0000016789EB3100][000001678AC032C0 49] Android_Mali_G710_Vulkan, [0000016789EE8E00][000001678AC07440 49] Android_Vulkan_SM5, [0000016789EB3A00][000001678AC0B5C0 49] Android_PowerVR_G6xxx, [0000016789EEA000][000001678AC0F740 49] Android_PowerVR_GT7xxx, [0000016789EB2F00][000001678AC138C0 49] Android_PowerVR_GE8xxx, [0000016789EE9F00][000001678AC17A40 49] Android_PowerVR_GM9xxx, [0000016789EB0900][000001678ABD3B80 49] Android_PowerVR_GM9xxx_Vulkan, [0000016789EEAE00][000001678AC1A140 49] Android_TegraK1, [0000016789EB0300][000001678AC1E280 49] Android_Unknown_Vulkan, [0000016789EE8C00][000001678AC223C0 49] Lumin, [0000016789EB2E00][000001678AC2A540 49] Lumin_Desktop, [0000016789EE9A00][000001678AC2E6C0 49] HoloLens, 
[2022.04.28-22.14.06:777][  0]LogMeshReduction: Using QuadricMeshReduction for automatic static mesh reduction
[2022.04.28-22.14.06:777][  0]LogMeshReduction: Using SimplygonMeshReduction for automatic skeletal mesh reduction
[2022.04.28-22.14.06:777][  0]LogMeshReduction: Using ProxyLODMeshReduction for automatic mesh merging
[2022.04.28-22.14.06:777][  0]LogMeshReduction: No distributed automatic mesh merging module available
[2022.04.28-22.14.06:777][  0]LogMeshMerging: No distributed automatic mesh merging module available
[2022.04.28-22.14.06:867][  0]LogNetVersion: MultiShooter 1.0.0, NetCL: 17155196, EngineNetVer: 17, GameNetVer: 0 (Checksum: 31779901)
[2022.04.28-22.14.07:077][  0]LogTexture: Default maximum texture size for cubemaps generated from long-lat sources has been changed from 512 to unlimited. In order to preserve old behaiour for '/Engine/MapTemplates/Sky/DaylightAmbientCubemap.DaylightAmbientCubemap', its maximum texture size has been explicitly set to 512.
[2022.04.28-22.14.07:124][  0]LogHMD: PokeAHoleMaterial loaded successfully
[2022.04.28-22.14.07:225][  0]LogMoviePlayer: Initializing movie player
[2022.04.28-22.14.07:314][  0]LogNiagaraDebuggerClient: Niagara Debugger Client Initialized | Session: C3E5A22D405C0AE5AF1D8F95851EF757 | Instance: 30FFBA574452F532BBC14689997411BB (LAPTOP-K7OCUPB7-40900).
[2022.04.28-22.14.07:335][  0]LogCollectionManager: Loaded 0 collections in 0.003034 seconds
[2022.04.28-22.14.07:336][  0]LogFileCache: Scanning file cache for directory 'C:/3/MultiShooter/Saved/Collections/' took 0.00s
[2022.04.28-22.14.07:336][  0]LogFileCache: Scanning file cache for directory 'C:/3/MultiShooter/Content/Developers/buryk/Collections/' took 0.00s
[2022.04.28-22.14.07:336][  0]LogCollectionManager: Fixed up redirectors for 0 collections in 0.000001 seconds (updated 0 objects)
[2022.04.28-22.14.07:339][  0]LogFileCache: Scanning file cache for directory 'C:/3/MultiShooter/Content/Collections/' took 0.00s
[2022.04.28-22.14.07:339][  0]LogStreaming: Warning: Failed to read file '../../../Engine/Content/Editor/Slate/Niagara/MenuSeparator.png' error.
[2022.04.28-22.14.07:339][  0]LogSlate: Could not find file for Slate resource: ../../../Engine/Content/Editor/Slate/Niagara/MenuSeparator.png
[2022.04.28-22.14.07:339][  0]LogStreaming: Warning: Failed to read file '../../../Engine/Content/Editor/Slate/Niagara/Common/Selector.png' error.
[2022.04.28-22.14.07:339][  0]LogSlate: Could not find file for Slate resource: ../../../Engine/Content/Editor/Slate/Niagara/Common/Selector.png
[2022.04.28-22.14.07:339][  0]LogImageWrapper: Warning: PNG Warning: Duplicate iCCP chunk
[2022.04.28-22.14.07:339][  0]LogStreaming: Warning: Failed to read file '../../../Engine/Content/Editor/Slate/Niagara/Common/Selection.png' error.
[2022.04.28-22.14.07:339][  0]LogSlate: Could not find file for Slate resource: ../../../Engine/Content/Editor/Slate/Niagara/Common/Selection.png
[2022.04.28-22.14.07:339][  0]LogStreaming: Warning: Failed to read file '../../../Engine/Content/Editor/Slate/Niagara/Common/DropZoneIndicator_Above.png' error.
[2022.04.28-22.14.07:339][  0]LogSlate: Could not find file for Slate resource: ../../../Engine/Content/Editor/Slate/Niagara/Common/DropZoneIndicator_Above.png
[2022.04.28-22.14.07:339][  0]LogStreaming: Warning: Failed to read file '../../../Engine/Content/Editor/Slate/Niagara/Common/DropZoneIndicator_Onto.png' error.
[2022.04.28-22.14.07:339][  0]LogSlate: Could not find file for Slate resource: ../../../Engine/Content/Editor/Slate/Niagara/Common/DropZoneIndicator_Onto.png
[2022.04.28-22.14.07:339][  0]LogStreaming: Warning: Failed to read file '../../../Engine/Content/Editor/Slate/Niagara/Common/DropZoneIndicator_Below.png' error.
[2022.04.28-22.14.07:339][  0]LogSlate: Could not find file for Slate resource: ../../../Engine/Content/Editor/Slate/Niagara/Common/DropZoneIndicator_Below.png
[2022.04.28-22.14.07:339][  0]LogStreaming: Warning: Failed to read file '../../../Engine/Content/Editor/Slate/Niagara/Common/RoundedSelection_16x.png' error.
[2022.04.28-22.14.07:339][  0]LogSlate: Could not find file for Slate resource: ../../../Engine/Content/Editor/Slate/Niagara/Common/RoundedSelection_16x.png
[2022.04.28-22.14.07:339][  0]LogStreaming: Warning: Failed to read file '../../../Engine/Content/Editor/Slate/Niagara/Common/FlatButton.png' error.
[2022.04.28-22.14.07:339][  0]LogSlate: Could not find file for Slate resource: ../../../Engine/Content/Editor/Slate/Niagara/Common/FlatButton.png
[2022.04.28-22.14.07:339][  0]LogImageWrapper: Warning: PNG Warning: Duplicate iCCP chunk
[2022.04.28-22.14.07:429][  0]LogPython: Using Python 3.7.7
[2022.04.28-22.14.07:815][  0]LogTcpMessaging: Initializing TcpMessaging bridge
[2022.04.28-22.14.07:816][  0]LogUdpMessaging: Initializing bridge on interface 0.0.0.0:0 to multicast group 230.0.0.1:6666.
[2022.04.28-22.14.07:866][  0]SourceControl: Source control is disabled
[2022.04.28-22.14.07:866][  0]SourceControl: Source control is disabled
[2022.04.28-22.14.07:868][  0]SourceControl: Source control is disabled
[2022.04.28-22.14.07:871][  0]LogUProjectInfo: Found projects:
[2022.04.28-22.14.07:997][  0]LogOpenImageDenoise: OIDN starting up
[2022.04.28-22.14.08:003][  0]LogAndroidPermission: UAndroidPermissionCallbackProxy::GetInstance
[2022.04.28-22.14.08:031][  0]LogAudioCaptureCore: Display: No Audio Capture implementations found. Audio input will be silent.
[2022.04.28-22.14.08:031][  0]LogAudioCaptureCore: Display: No Audio Capture implementations found. Audio input will be silent.
[2022.04.28-22.14.08:104][  0]LogOcInput: OculusInput pre-init called
[2022.04.28-22.14.08:112][  0]LogUObjectArray: 22122 objects as part of root set at end of initial load.
[2022.04.28-22.14.08:112][  0]LogUObjectAllocator: 5975648 out of 0 bytes used by permanent object pool.
[2022.04.28-22.14.08:112][  0]LogUObjectArray: CloseDisregardForGC: 0/0 objects in disregard for GC pool
[2022.04.28-22.14.08:146][  0]LogEngine: Initializing Engine...
[2022.04.28-22.14.08:149][  0]LogHMD: Failed to enumerate extensions. Please check that you have a valid OpenXR runtime installed.
[2022.04.28-22.14.08:149][  0]LogHMD: Failed to initialize OpenVR with code 110
[2022.04.28-22.14.08:149][  0]LogMagicLeap: Warning: VR disabled because ZI is not enabled.  To enable, in the editor, Edit -> Project Settings -> Plugins -> Magic Leap Plugin -> Enable Zero Iteration
[2022.04.28-22.14.08:150][  0]LogStats: UGameplayTagsManager::InitializeManager -  0.000 s
[2022.04.28-22.14.08:235][  0]LogInit: Initializing FReadOnlyCVARCache
[2022.04.28-22.14.08:235][  0]LogAudio: Display: Initializing Audio Device Manager...
[2022.04.28-22.14.08:237][  0]LogAudio: Display: Loading Default Audio Settings Objects...
[2022.04.28-22.14.08:237][  0]LogAudio: Display: No default SoundConcurrencyObject specified (or failed to load).
[2022.04.28-22.14.08:238][  0]LogAudio: Display: Audio Device Manager Initialized
[2022.04.28-22.14.08:238][  0]LogAudio: Display: Creating Audio Device:                 Id: 1, Scope: Shared, Realtime: True
[2022.04.28-22.14.08:238][  0]LogAudioMixer: Display: Audio Mixer Platform Settings:
[2022.04.28-22.14.08:238][  0]LogAudioMixer: Display: 	Sample Rate:						  48000
[2022.04.28-22.14.08:238][  0]LogAudioMixer: Display: 	Callback Buffer Frame Size Requested: 1024
[2022.04.28-22.14.08:238][  0]LogAudioMixer: Display: 	Callback Buffer Frame Size To Use:	  1024
[2022.04.28-22.14.08:238][  0]LogAudioMixer: Display: 	Number of buffers to queue:			  2
[2022.04.28-22.14.08:238][  0]LogAudioMixer: Display: 	Max Channels (voices):				  32
[2022.04.28-22.14.08:238][  0]LogAudioMixer: Display: 	Number of Async Source Workers:		  0
[2022.04.28-22.14.08:238][  0]LogAudio: Display: AudioDevice MaxSources: 32
[2022.04.28-22.14.08:238][  0]LogAudio: Display: Audio Spatialization Plugin: None (built-in).
[2022.04.28-22.14.08:238][  0]LogAudio: Display: Audio Reverb Plugin: None (built-in).
[2022.04.28-22.14.08:238][  0]LogAudio: Display: Audio Occlusion Plugin: None (built-in).
[2022.04.28-22.14.08:238][  0]LogAudioMixer: Display: Initializing audio mixer.
[2022.04.28-22.14.08:251][  0]LogAudioMixer: Display: 0: FrontLeft
[2022.04.28-22.14.08:251][  0]LogAudioMixer: Display: 1: FrontRight
[2022.04.28-22.14.08:264][  0]LogAudioMixer: Display: Using Audio Device Speaker (Realtek(R) Audio)
[2022.04.28-22.14.08:270][  0]LogAudioMixer: Display: Initializing Sound Submixes...
[2022.04.28-22.14.08:271][  0]LogAudioMixer: Display: Creating Master Submix 'MasterSubmixDefault'
[2022.04.28-22.14.08:271][  0]LogAudioMixer: Display: Creating Master Submix 'MasterReverbSubmixDefault'
[2022.04.28-22.14.08:272][  0]LogAudioMixer: Display: Creating Master Submix 'MasterEQSubmixDefault'
[2022.04.28-22.14.08:272][  0]LogAudioMixer: FMixerPlatformXAudio2::StartAudioStream() called
[2022.04.28-22.14.08:272][  0]LogAudioMixer: Display: Output buffers initialized: Frames=1024, Channels=2, Samples=2048
[2022.04.28-22.14.08:272][  0]LogAudioMixer: Display: Starting AudioMixerPlatformInterface::RunInternal()
[2022.04.28-22.14.08:272][  0]LogAudioMixer: Display: FMixerPlatformXAudio2::SubmitBuffer() called for the first time
[2022.04.28-22.14.08:272][  0]LogInit: FAudioDevice initialized.
[2022.04.28-22.14.08:273][  0]LogNetVersion: Set ProjectVersion to 1.0.0.0. Version Checksum will be recalculated on next use.
[2022.04.28-22.14.08:275][  0]LogInit: Texture streaming: Enabled
[2022.04.28-22.14.08:321][  0]LogAudio: Display: Audio Device (ID: 1) registered with world 'Untitled'.
[2022.04.28-22.14.08:321][  0]LogSlate: Updating window title bar state: overlay mode, drag disabled, window buttons hidden, title bar hidden
[2022.04.28-22.14.08:321][  0]LogInit: Display: Game Engine Initialized.
[2022.04.28-22.14.08:321][  0]LogNiagaraEditor: GEditor isn't valid! Particle reset commands will not work for Niagara components!
[2022.04.28-22.14.08:424][  0]LogStreaming: Warning: Failed to read file '../../../Engine/Content/Editor/Slate/Niagara/MenuSeparator.png' error.
[2022.04.28-22.14.08:424][  0]LogSlate: Could not find file for Slate resource: ../../../Engine/Content/Editor/Slate/Niagara/MenuSeparator.png
[2022.04.28-22.14.08:424][  0]LogStreaming: Warning: Failed to read file '../../../Engine/Content/Editor/Slate/Niagara/Common/Selector.png' error.
[2022.04.28-22.14.08:424][  0]LogSlate: Could not find file for Slate resource: ../../../Engine/Content/Editor/Slate/Niagara/Common/Selector.png
[2022.04.28-22.14.08:424][  0]LogStreaming: Warning: Failed to read file '../../../Engine/Content/Editor/Slate/Niagara/Common/Selection.png' error.
[2022.04.28-22.14.08:424][  0]LogSlate: Could not find file for Slate resource: ../../../Engine/Content/Editor/Slate/Niagara/Common/Selection.png
[2022.04.28-22.14.08:425][  0]LogStreaming: Warning: Failed to read file '../../../Engine/Content/Editor/Slate/Niagara/Common/DropZoneIndicator_Above.png' error.
[2022.04.28-22.14.08:425][  0]LogSlate: Could not find file for Slate resource: ../../../Engine/Content/Editor/Slate/Niagara/Common/DropZoneIndicator_Above.png
[2022.04.28-22.14.08:425][  0]LogStreaming: Warning: Failed to read file '../../../Engine/Content/Editor/Slate/Niagara/Common/DropZoneIndicator_Onto.png' error.
[2022.04.28-22.14.08:425][  0]LogSlate: Could not find file for Slate resource: ../../../Engine/Content/Editor/Slate/Niagara/Common/DropZoneIndicator_Onto.png
[2022.04.28-22.14.08:425][  0]LogStreaming: Warning: Failed to read file '../../../Engine/Content/Editor/Slate/Niagara/Common/DropZoneIndicator_Below.png' error.
[2022.04.28-22.14.08:425][  0]LogSlate: Could not find file for Slate resource: ../../../Engine/Content/Editor/Slate/Niagara/Common/DropZoneIndicator_Below.png
[2022.04.28-22.14.08:425][  0]LogStreaming: Warning: Failed to read file '../../../Engine/Content/Editor/Slate/Niagara/Common/RoundedSelection_16x.png' error.
[2022.04.28-22.14.08:425][  0]LogSlate: Could not find file for Slate resource: ../../../Engine/Content/Editor/Slate/Niagara/Common/RoundedSelection_16x.png
[2022.04.28-22.14.08:425][  0]LogStreaming: Warning: Failed to read file '../../../Engine/Content/Editor/Slate/Niagara/Common/FlatButton.png' error.
[2022.04.28-22.14.08:425][  0]LogSlate: Could not find file for Slate resource: ../../../Engine/Content/Editor/Slate/Niagara/Common/FlatButton.png
[2022.04.28-22.14.08:425][  0]LogImageWrapper: Warning: PNG Warning: Duplicate iCCP chunk
[2022.04.28-22.14.08:425][  0]LogImageWrapper: Warning: PNG Warning: Duplicate iCCP chunk
[2022.04.28-22.14.08:425][  0]LogInit: Display: Starting Game.
[2022.04.28-22.14.08:425][  0]LogNet: Browse: 127.0.0.1:17777/Game/StarterContent/Maps/Minimal_Default?Name=Player
[2022.04.28-22.14.08:425][  0]LogInit: WinSock: Socket queue. Rx: 32768 (config 32768) Tx: 32768 (config 32768)
[2022.04.28-22.14.08:425][  0]LogNet: Created socket for bind address: 0.0.0.0 on port 0
[2022.04.28-22.14.08:425][  0]PacketHandlerLog: Loaded PacketHandler component: Engine.EngineHandlerComponentFactory (StatelessConnectHandlerComponent)
[2022.04.28-22.14.08:425][  0]LogNet: Game client on port 17777, rate 100000
[2022.04.28-22.14.08:473][  0]LogInit: Display: Engine is initialized. Leaving FEngineLoop::Init()
[2022.04.28-22.14.08:473][  0]LogLoad: (Engine Initialization) Total time: 5.03 seconds
[2022.04.28-22.14.08:473][  0]LogLoad: (Engine Initialization) Total Blueprint compile time: 0.00 seconds
[2022.04.28-22.14.08:476][  0]LogContentStreaming: Texture pool size now 1000 MB
[2022.04.28-22.14.08:478][  0]LogSlate: InvalidateAllWidgets triggered.  All widgets were invalidated
[2022.04.28-22.14.28:481][585]LogNet: Warning: UNetConnection::Tick: Connection TIMED OUT. Closing connection.. Elapsed: 20.01, Real: 20.01, Good: 20.01, DriverTime: 20.01, Threshold: 20.00, [UNetConnection] RemoteAddr: 127.0.0.1:17777, Name: IpConnection_0, Driver: PendingNetDriver IpNetDriver_0, IsServer: NO, PC: NULL, Owner: NULL, UniqueId: INVALID
[2022.04.28-22.14.28:481][585]LogNet: Error: UEngine::BroadcastNetworkFailure: FailureType = ConnectionTimeout, ErrorString = UNetConnection::Tick: Connection TIMED OUT. Closing connection.. Elapsed: 20.01, Real: 20.01, Good: 20.01, DriverTime: 20.01, Threshold: 20.00, [UNetConnection] RemoteAddr: 127.0.0.1:17777, Name: IpConnection_0, Driver: PendingNetDriver IpNetDriver_0, IsServer: NO, PC: NULL, Owner: NULL, UniqueId: INVALID, Driver = PendingNetDriver IpNetDriver_0
[2022.04.28-22.14.28:481][585]LogNet: Warning: Network Failure: PendingNetDriver[ConnectionTimeout]: UNetConnection::Tick: Connection TIMED OUT. Closing connection.. Elapsed: 20.01, Real: 20.01, Good: 20.01, DriverTime: 20.01, Threshold: 20.00, [UNetConnection] RemoteAddr: 127.0.0.1:17777, Name: IpConnection_0, Driver: PendingNetDriver IpNetDriver_0, IsServer: NO, PC: NULL, Owner: NULL, UniqueId: INVALID
[2022.04.28-22.14.28:481][585]LogNet: NetworkFailure: ConnectionTimeout, Error: 'UNetConnection::Tick: Connection TIMED OUT. Closing connection.. Elapsed: 20.01, Real: 20.01, Good: 20.01, DriverTime: 20.01, Threshold: 20.00, [UNetConnection] RemoteAddr: 127.0.0.1:17777, Name: IpConnection_0, Driver: PendingNetDriver IpNetDriver_0, IsServer: NO, PC: NULL, Owner: NULL, UniqueId: INVALID'
[2022.04.28-22.14.28:481][585]LogNet: UNetConnection::Close: [UNetConnection] RemoteAddr: 127.0.0.1:17777, Name: IpConnection_0, Driver: PendingNetDriver IpNetDriver_0, IsServer: NO, PC: NULL, Owner: NULL, UniqueId: INVALID, Channels: 2, Time: 2022.04.28-22.14.28
[2022.04.28-22.14.28:481][585]LogNet: UChannel::Close: Sending CloseBunch. ChIndex == 0. Name: [UChannel] ChIndex: 0, Closing: 0 [UNetConnection] RemoteAddr: 127.0.0.1:17777, Name: IpConnection_0, Driver: PendingNetDriver IpNetDriver_0, IsServer: NO, PC: NULL, Owner: NULL, UniqueId: INVALID
[2022.04.28-22.14.28:482][585]LogNet: DestroyNamedNetDriver IpNetDriver_0 [PendingNetDriver]
[2022.04.28-22.14.28:482][585]LogExit: PendingNetDriver IpNetDriver_0 shut down
[2022.04.28-22.14.28:482][586]LogNet: Browse: /Game/StarterContent/Maps/Minimal_Default?closed
[2022.04.28-22.14.28:482][586]LogNet: Connection failed; returning to Entry
[2022.04.28-22.14.28:482][586]LogLoad: LoadMap: /Game/StarterContent/Maps/Minimal_Default?closed
[2022.04.28-22.14.28:482][586]LogWorld: BeginTearingDown for /Temp/Untitled_0
[2022.04.28-22.14.28:483][586]LogWorld: UWorld::CleanupWorld for Untitled, bSessionEnded=true, bCleanupResources=true
[2022.04.28-22.14.28:483][586]LogSlate: InvalidateAllWidgets triggered.  All widgets were invalidated
[2022.04.28-22.14.28:486][586]LogAudio: Display: Audio Device unregistered from world 'None'.
[2022.04.28-22.14.28:486][586]LogNet: UChannel::CleanUp: ChIndex == 0. Closing connection. [UChannel] ChIndex: 0, Closing: 0 [UNetConnection] RemoteAddr: 127.0.0.1:17777, Name: None, Driver: PendingNetDriver None, IsServer: NO, PC: NULL, Owner: NULL, UniqueId: INVALID
[2022.04.28-22.14.28:487][586]LogNet: UNetConnection::PendingConnectionLost. [UNetConnection] RemoteAddr: 127.0.0.1:17777, Name: None, Driver: PendingNetDriver None, IsServer: YES, PC: NULL, Owner: NULL, UniqueId: INVALID bPendingDestroy=0 
[2022.04.28-22.14.28:488][586]LogUObjectHash: Compacting FUObjectHashTables data took   0.68ms
[2022.04.28-22.14.28:616][586]LogAudio: Display: Audio Device (ID: 1) registered with world 'Minimal_Default'.
[2022.04.28-22.14.28:621][586]LogAIModule: Creating AISystem for world Minimal_Default
[2022.04.28-22.14.28:622][586]LogLoad: Game class is 'GameModeBase'
[2022.04.28-22.14.28:624][586]LogWorld: Bringing World /Game/StarterContent/Maps/Minimal_Default.Minimal_Default up for play (max tick rate 0) at 2022.04.29-01.14.28
[2022.04.28-22.14.28:624][586]LogWorld: Bringing up level for play took: 0.001962
[2022.04.28-22.14.28:628][586]LogSlate: Took 0.000184 seconds to synchronously load lazily loaded font '../../../Engine/Content/Slate/Fonts/Roboto-Regular.ttf' (155K)
[2022.04.28-22.14.28:628][586]LogLoad: Took 0.145026 seconds to LoadMap(/Game/StarterContent/Maps/Minimal_Default)
[2022.04.28-22.14.28:632][586]LogRenderer: Reallocating scene render targets to support 640x480 Format 10 NumSamples 1 (Frame:1).
[2022.04.28-22.14.28:653][586]LogUObjectHash: Compacting FUObjectHashTables data took   1.71ms
[2022.04.28-22.14.28:655][588]LogRenderer: Reallocating scene render targets to support 128x128 Format 10 NumSamples 1 (Frame:1).
[2022.04.28-22.14.28:709][588]LogRenderer: Reallocating scene render targets to support 640x480 Format 10 NumSamples 1 (Frame:2).
[2022.04.28-22.14.35:658][925]LogWindowsDesktop: Alt-F4 pressed!
[2022.04.28-22.14.35:677][925]LogSlate: Window 'MultiShooter (64-bit Development PCD3D_SM5) ' being destroyed
[2022.04.28-22.14.35:677][925]LogWindowsTextInputMethodSystem: Display: IME system deactivated.
[2022.04.28-22.14.35:680][925]LogSlate: Updating window title bar state: overlay mode, drag disabled, window buttons hidden, title bar hidden
[2022.04.28-22.14.35:681][925]LogEngine: All Windows Closed
[2022.04.28-22.14.35:681][925]LogWindows: FPlatformMisc::RequestExit(0)
[2022.04.28-22.14.35:681][925]LogWindows: FPlatformMisc::RequestExitWithStatus(0, 0)
[2022.04.28-22.14.35:681][925]LogCore: Engine exit requested (reason: Win RequestExit)
[2022.04.28-22.14.35:681][926]LogCore: Engine exit requested (reason: EngineExit() was called; note: exit was already requested)
[2022.04.28-22.14.35:681][926]LogInit: Display: PreExit Game.
[2022.04.28-22.14.35:692][926]LogWorld: BeginTearingDown for /Game/StarterContent/Maps/Minimal_Default
[2022.04.28-22.14.35:692][926]LogWorld: UWorld::CleanupWorld for Minimal_Default, bSessionEnded=true, bCleanupResources=true
[2022.04.28-22.14.35:692][926]LogSlate: InvalidateAllWidgets triggered.  All widgets were invalidated
[2022.04.28-22.14.36:167][926]LogAudio: Display: Beginning Audio Device Manager Shutdown (Module: AudioMixerXAudio2)...
[2022.04.28-22.14.36:167][926]LogAudio: Display: Destroying 1 Remaining Audio Device(s)...
[2022.04.28-22.14.36:167][926]LogAudio: Display: Audio Device unregistered from world 'Minimal_Default'.
[2022.04.28-22.14.36:199][926]LogAudioMixer: FMixerPlatformXAudio2::StopAudioStream() called
[2022.04.28-22.14.36:200][926]LogAudioMixer: FMixerPlatformXAudio2::StopAudioStream() called
[2022.04.28-22.14.36:203][926]LogAudio: Display: Audio Device Manager Shutdown
[2022.04.28-22.14.36:205][926]LogExit: Preparing to exit.
[2022.04.28-22.14.36:838][926]LogSlate: Updating window title bar state: overlay mode, drag disabled, window buttons hidden, title bar hidden
[2022.04.28-22.14.36:838][926]LogUObjectHash: Compacting FUObjectHashTables data took   0.56ms
[2022.04.28-22.14.36:865][926]LogMoviePlayer: Shutting down movie player
[2022.04.28-22.14.37:030][926]LogDemo: Cleaned up 0 splitscreen connections with owner deletion
[2022.04.28-22.14.37:032][926]LogExit: Game engine shut down
[2022.04.28-22.14.37:069][926]LogExit: Object subsystem successfully closed.
[2022.04.28-22.14.37:079][926]LogShaderCompilers: Display: === FShaderJobCache stats ===
[2022.04.28-22.14.37:079][926]LogShaderCompilers: Display: Total job queries 0, among them cache hits 0 (0.00%)
[2022.04.28-22.14.37:079][926]LogShaderCompilers: Display: Tracking 0 distinct input hashes that result in 0 distinct outputs (0.00%)
[2022.04.28-22.14.37:079][926]LogShaderCompilers: Display: RAM used: 0.00 MB (0.00 GB) of 819.20 MB (0.80 GB) budget. Usage: 0.00%
[2022.04.28-22.14.37:079][926]LogShaderCompilers: Display: ================================================
[2022.04.28-22.14.37:087][926]LogShaderCompilers: Display: Shaders left to compile 0
[2022.04.28-22.14.37:109][926]LogModuleManager: Shutting down and abandoning module Voice (560)
[2022.04.28-22.14.37:109][926]LogModuleManager: Shutting down and abandoning module AIModule (558)
[2022.04.28-22.14.37:109][926]LogModuleManager: Shutting down and abandoning module GameplayDebugger (557)
[2022.04.28-22.14.37:109][926]LogModuleManager: Shutting down and abandoning module AITestSuite (555)
[2022.04.28-22.14.37:109][926]LogModuleManager: Shutting down and abandoning module NavigationSystem (553)
[2022.04.28-22.14.37:109][926]LogModuleManager: Shutting down and abandoning module SequenceRecorderSections (548)
[2022.04.28-22.14.37:109][926]LogModuleManager: Shutting down and abandoning module SequenceRecorder (546)
[2022.04.28-22.14.37:109][926]LogModuleManager: Shutting down and abandoning module AutomationController (544)
[2022.04.28-22.14.37:109][926]LogModuleManager: Shutting down and abandoning module AutomationWorker (542)
[2022.04.28-22.14.37:109][926]LogModuleManager: Shutting down and abandoning module SteamVREditor (540)
[2022.04.28-22.14.37:109][926]LogModuleManager: Shutting down and abandoning module ToolMenus (539)
[2022.04.28-22.14.37:109][926]LogModuleManager: Shutting down and abandoning module OculusMR (536)
[2022.04.28-22.14.37:109][926]LogModuleManager: Shutting down and abandoning module TakeRecorderSources (534)
[2022.04.28-22.14.37:109][926]LogModuleManager: Shutting down and abandoning module TakeRecorder (533)
[2022.04.28-22.14.37:109][926]LogModuleManager: Shutting down and abandoning module TakeTrackRecorders (530)
[2022.04.28-22.14.37:109][926]LogModuleManager: Shutting down and abandoning module TakesCore (528)
[2022.04.28-22.14.37:109][926]LogModuleManager: Shutting down and abandoning module OpenXRInput (526)
[2022.04.28-22.14.37:109][926]LogModuleManager: Shutting down and abandoning module PlanarCut (524)
[2022.04.28-22.14.37:109][926]LogModuleManager: Shutting down and abandoning module WmfMediaFactory (522)
[2022.04.28-22.14.37:109][926]LogModuleManager: Shutting down and abandoning module WebMMediaFactory (520)
[2022.04.28-22.14.37:109][926]LogModuleManager: Shutting down and abandoning module WebMMedia (518)
[2022.04.28-22.14.37:109][926]LogModuleManager: Shutting down and abandoning module OpenExrWrapper (516)
[2022.04.28-22.14.37:109][926]LogModuleManager: Shutting down and abandoning module ImgMediaFactory (514)
[2022.04.28-22.14.37:109][926]LogModuleManager: Shutting down and abandoning module AvfMediaFactory (512)
[2022.04.28-22.14.37:109][926]LogModuleManager: Shutting down and abandoning module MagicLeapMediaCodecFactory (510)
[2022.04.28-22.14.37:109][926]LogModuleManager: Shutting down and abandoning module MagicLeapMediaFactory (508)
[2022.04.28-22.14.37:109][926]LogModuleManager: Shutting down and abandoning module CharacterAI (506)
[2022.04.28-22.14.37:109][926]LogModuleManager: Shutting down and abandoning module SessionServices (504)
[2022.04.28-22.14.37:109][926]LogModuleManager: Shutting down and abandoning module MovieSceneCapture (502)
[2022.04.28-22.14.37:109][926]LogModuleManager: Shutting down and abandoning module LiveCoding (500)
[2022.04.28-22.14.37:109][926]LogModuleManager: Shutting down and abandoning module LevelSequence (498)
[2022.04.28-22.14.37:109][926]LogModuleManager: Shutting down and abandoning module MovieSceneTracks (496)
[2022.04.28-22.14.37:109][926]LogModuleManager: Shutting down and abandoning module MovieScene (494)
[2022.04.28-22.14.37:109][926]LogModuleManager: Shutting down and abandoning module StreamingPauseRendering (492)
[2022.04.28-22.14.37:110][926]LogModuleManager: Shutting down and abandoning module PortalServices (490)
[2022.04.28-22.14.37:110][926]LogModuleManager: Shutting down and abandoning module PortalRpc (488)
[2022.04.28-22.14.37:110][926]LogModuleManager: Shutting down and abandoning module MessagingRpc (486)
[2022.04.28-22.14.37:110][926]LogModuleManager: Shutting down and abandoning module AudioMixerXAudio2 (484)
[2022.04.28-22.14.37:110][926]LogModuleManager: Shutting down and abandoning module AudioMixerCore (483)
[2022.04.28-22.14.37:110][926]LogModuleManager: Shutting down and abandoning module ImageWriteQueue (480)
[2022.04.28-22.14.37:112][926]LogModuleManager: Shutting down and abandoning module ProfilerService (478)
[2022.04.28-22.14.37:169][926]LogModuleManager: Shutting down and abandoning module TaskGraph (476)
[2022.04.28-22.14.37:169][926]LogModuleManager: Shutting down and abandoning module OculusInput (474)
[2022.04.28-22.14.37:169][926]LogModuleManager: Shutting down and abandoning module OodleNetworkHandlerComponent (472)
[2022.04.28-22.14.37:169][926]LogModuleManager: Shutting down and abandoning module LiveLinkSequencer (470)
[2022.04.28-22.14.37:169][926]LogModuleManager: Shutting down and abandoning module LiveLinkMovieScene (468)
[2022.04.28-22.14.37:169][926]LogModuleManager: Shutting down and abandoning module LiveLinkGraphNode (466)
[2022.04.28-22.14.37:169][926]LogModuleManager: Shutting down and abandoning module LiveLinkComponents (464)
[2022.04.28-22.14.37:169][926]LogModuleManager: Shutting down and abandoning module LiveLink (462)
