Log file open, 04/28/22 23:19:07
LogWindows: Failed to load 'aqProf.dll' (GetLastError=126)
LogWindows: File 'aqProf.dll' does not exist
LogWindows: Failed to load 'VtuneApi.dll' (GetLastError=126)
LogWindows: File 'VtuneApi.dll' does not exist
LogWindows: Failed to load 'VtuneApi32e.dll' (GetLastError=126)
LogWindows: File 'VtuneApi32e.dll' does not exist
LogConsoleResponse: Display: Failed to find resolution value strings in scalability ini. Falling back to default.
LogConsoleResponse: Display: Failed to find resolution value strings in scalability ini. Falling back to default.
LogInit: Display: Running engine for game: MultiShooter
LogPlatformFile: Not using cached read wrapper
LogTaskGraph: Started task graph with 5 named threads and 35 total threads with 3 sets of task threads.
LogStats: Stats thread started at 0.328051
LogICUInternationalization: ICU TimeZone Detection - Raw Offset: +3:00, Platform Override: ''
LogInit: Display: Loading text-based GConfig....
LogPluginManager: Mounting plugin XGEController
LogPluginManager: Mounting plugin MeshPainting
LogPluginManager: Mounting plugin Paper2D
LogPluginManager: Mounting plugin AISupport
LogPluginManager: Mounting plugin EnvironmentQueryEditor
LogPluginManager: Mounting plugin LightPropagationVolume
LogPluginManager: Mounting plugin CameraShakePreviewer
LogPluginManager: Mounting plugin GameplayCameras
LogPluginManager: Mounting plugin LiveLink
LogPluginManager: Mounting plugin AnimationSharing
LogPluginManager: Mounting plugin CLionSourceCodeAccess
LogPluginManager: Mounting plugin CodeLiteSourceCodeAccess
LogPluginManager: Mounting plugin GitSourceControl
LogPluginManager: Mounting plugin KDevelopSourceCodeAccess
LogPluginManager: Mounting plugin NullSourceCodeAccess
LogPluginManager: Mounting plugin PixWinPlugin
LogPluginManager: Mounting plugin OodleData
LogPluginManager: Mounting plugin OodleNetwork
LogPluginManager: Mounting plugin PlasticSourceControl
LogPluginManager: Mounting plugin PluginUtils
LogPluginManager: Mounting plugin PropertyAccessNode
LogPluginManager: Mounting plugin SubversionSourceControl
LogPluginManager: Mounting plugin RiderSourceCodeAccess
LogPluginManager: Mounting plugin TextureFormatOodle
LogPluginManager: Mounting plugin UObjectPlugin
LogPluginManager: Mounting plugin VisualStudioCodeSourceCodeAccess
LogPluginManager: Mounting plugin XCodeSourceCodeAccess
LogPluginManager: Mounting plugin AssetManagerEditor
LogPluginManager: Mounting plugin CurveEditorTools
LogPluginManager: Mounting plugin CryptoKeys
LogPluginManager: Mounting plugin DataValidation
LogPluginManager: Mounting plugin FacialAnimation
LogPluginManager: Mounting plugin PerforceSourceControl
LogPluginManager: Mounting plugin GameplayTagsEditor
LogPluginManager: Mounting plugin GeometryMode
LogPluginManager: Mounting plugin MacGraphicsSwitching
LogPluginManager: Mounting plugin MaterialAnalyzer
LogPluginManager: Mounting plugin PluginBrowser
LogPluginManager: Mounting plugin SpeedTreeImporter
LogPluginManager: Mounting plugin DatasmithContent
LogPluginManager: Mounting plugin VariantManagerContent
LogPluginManager: Mounting plugin AlembicImporter
LogPluginManager: Mounting plugin MobileLauncherProfileWizard
LogPluginManager: Mounting plugin AutomationUtils
LogPluginManager: Mounting plugin BackChannel
LogPluginManager: Mounting plugin ChaosCloth
LogPluginManager: Mounting plugin ChaosClothEditor
LogPluginManager: Mounting plugin ChaosEditor
LogPluginManager: Mounting plugin ChaosNiagara
LogPluginManager: Mounting plugin ChaosSolverPlugin
LogPluginManager: Mounting plugin VisualStudioSourceCodeAccess
LogPluginManager: Mounting plugin CharacterAI
LogPluginManager: Mounting plugin Niagara
LogPluginManager: Mounting plugin LuminPlatformFeatures
LogPluginManager: Mounting plugin MagicLeap
LogPluginManager: Mounting plugin MagicLeapLightEstimation
LogPluginManager: Mounting plugin MagicLeapMedia
LogPluginManager: Mounting plugin MagicLeapPassableWorld
LogPluginManager: Mounting plugin MLSDK
LogPluginManager: Mounting plugin AvfMedia
LogPluginManager: Mounting plugin ImgMedia
LogPluginManager: Mounting plugin MediaCompositing
LogPluginManager: Mounting plugin WebMMedia
LogPluginManager: Mounting plugin WmfMedia
LogPluginManager: Mounting plugin TcpMessaging
LogPluginManager: Mounting plugin UdpMessaging
LogPluginManager: Mounting plugin OnlineSubsystem
LogPluginManager: Mounting plugin OnlineSubsystemNull
LogPluginManager: Mounting plugin OnlineSubsystemUtils
LogPluginManager: Mounting plugin LauncherChunkInstaller
LogPluginManager: Mounting plugin MatineeToLevelSequence
LogPluginManager: Mounting plugin ActorSequence
LogPluginManager: Mounting plugin TemplateSequence
LogPluginManager: Mounting plugin LevelSequenceEditor
LogPluginManager: Mounting plugin ScreenshotTools
LogPluginManager: Mounting plugin Takes
LogPluginManager: Mounting plugin ActorLayerUtilities
LogPluginManager: Mounting plugin AndroidDeviceProfileSelector
LogPluginManager: Mounting plugin AndroidPermission
LogPluginManager: Mounting plugin AppleImageUtils
LogPluginManager: Mounting plugin AppleMoviePlayer
LogPluginManager: Mounting plugin AndroidMoviePlayer
LogPluginManager: Mounting plugin AssetTags
LogPluginManager: Mounting plugin AudioCapture
LogPluginManager: Mounting plugin AudioSynesthesia
LogPluginManager: Mounting plugin CableComponent
LogPluginManager: Mounting plugin CustomMeshComponent
LogPluginManager: Mounting plugin ChunkDownloader
LogPluginManager: Mounting plugin EditableMesh
LogPluginManager: Mounting plugin ExampleDeviceProfileSelector
LogPluginManager: Mounting plugin ArchVisCharacter
LogPluginManager: Mounting plugin GoogleCloudMessaging
LogPluginManager: Mounting plugin GooglePAD
LogPluginManager: Mounting plugin LinuxDeviceProfileSelector
LogPluginManager: Mounting plugin IOSDeviceProfileSelector
LogPluginManager: Mounting plugin LocationServicesBPLibrary
LogPluginManager: Mounting plugin MobilePatchingUtils
LogPluginManager: Mounting plugin OpenXR
LogPluginManager: Mounting plugin OpenXREyeTracker
LogPluginManager: Mounting plugin OpenXRHandTracking
LogPluginManager: Mounting plugin PhysXVehicles
LogPluginManager: Mounting plugin PostSplashScreen
LogPluginManager: Mounting plugin ProceduralMeshComponent
LogPluginManager: Mounting plugin PropertyAccessEditor
LogPluginManager: Mounting plugin SignificanceManager
LogPluginManager: Mounting plugin SoundFields
LogPluginManager: Mounting plugin RuntimePhysXCooking
LogPluginManager: Mounting plugin Synthesis
LogPluginManager: Mounting plugin WebMMoviePlayer
LogPluginManager: Mounting plugin WindowsMoviePlayer
LogPluginManager: Mounting plugin GeometryCache
LogPluginManager: Mounting plugin GeometryCollectionPlugin
LogPluginManager: Mounting plugin MotoSynth
LogPluginManager: Mounting plugin OpenImageDenoise
LogPluginManager: Mounting plugin PlanarCut
LogPluginManager: Mounting plugin PlatformCrypto
LogPluginManager: Mounting plugin ProxyLODPlugin
LogPluginManager: Mounting plugin PythonScriptPlugin
LogPluginManager: Mounting plugin SkeletalReduction
LogPluginManager: Mounting plugin GeometryProcessing
LogPluginManager: Mounting plugin AndroidMedia
LogPluginManager: Mounting plugin MediaPlayerEditor
LogPluginManager: Mounting plugin ContentBrowserAssetDataSource
LogPluginManager: Mounting plugin ContentBrowserClassDataSource
LogPluginManager: Mounting plugin ContentBrowserFileDataSource
LogPluginManager: Mounting plugin OnlineSubsystemGooglePlay
LogPluginManager: Mounting plugin OnlineSubsystemIOS
LogPluginManager: Mounting plugin SteamVR
LogPluginManager: Mounting plugin OculusVR
PixWinPlugin: PIX capture plugin failed to initialize! Check that the process is launched from PIX.
LogInit: Using libcurl 7.55.1-DEV
LogInit:  - built for x86_64-pc-win32
LogInit:  - supports SSL with OpenSSL/1.1.1
LogInit:  - supports HTTP deflate (compression) using libz 1.2.8
LogInit:  - other features:
LogInit:      CURL_VERSION_SSL
LogInit:      CURL_VERSION_LIBZ
LogInit:      CURL_VERSION_IPV6
LogInit:      CURL_VERSION_ASYNCHDNS
LogInit:      CURL_VERSION_LARGEFILE
LogInit:      CURL_VERSION_IDN
LogInit:  CurlRequestOptions (configurable via config and command line):
LogInit:  - bVerifyPeer = true  - Libcurl will verify peer certificate
LogInit:  - bUseHttpProxy = false  - Libcurl will NOT use HTTP proxy
LogInit:  - bDontReuseConnections = false  - Libcurl will reuse connections
LogInit:  - MaxHostConnections = 16  - Libcurl will limit the number of connections to a host
LogInit:  - LocalHostAddr = Default
LogInit:  - BufferSize = 65536
LogOnline: OSS: Creating online subsystem instance for: NULL
LogInit: WinSock: version 1.1 (2.2), MaxSocks=32767, MaxUdp=65467
LogOnline: OSS: TryLoadSubsystemAndSetDefault: Loaded subsystem for module [NULL]
LogOculusPluginWrapper: OculusPlugin initialized successfully
LogHMD: Failed initializing OVRPlugin 1.59.0
LogInit: Build: ++UE4+Release-4.27-CL-17155196
LogInit: Engine Version: 4.27.0-17155196+++UE4+Release-4.27
LogInit: Compatible Engine Version: 4.27.0-17155196+++UE4+Release-4.27
LogInit: Net CL: 17155196
LogInit: OS: Windows 10 (Release 2009) (), CPU: Intel(R) Core(TM) i7-10750H CPU @ 2.60GHz, GPU: Intel(R) UHD Graphics
LogInit: Compiled (64-bit): Aug 13 2021 06:13:13
LogInit: Compiled with Visual C++: 19.24.28315.00
LogInit: Build Configuration: Development
LogInit: Branch Name: ++UE4+Release-4.27
LogInit: Command Line:  127.0.0.1:17777 -game -PIEVIACONSOLE -Multiprocess GameUserSettingsINI=C:/3/MultiShooter/Saved/Config/Windows/PIEGameUserSettings2.ini -MultiprocessSaveConfig -forcepassthrough -messaging -SessionName="Play in Standalone Game" -windowed -WinX=640 -WinY=24 SAVEWINPOS=1 -ResX=640 -ResY=480
LogInit: Base Directory: C:/Program Files/Epic Games/UE_4.27/Engine/Binaries/Win64/
LogInit: Allocator: TBB
LogInit: Installed Engine Build: 1
LogDevObjectVersion: Number of dev versions registered: 29
LogDevObjectVersion:   Dev-Blueprints (B0D832E4-1F89-4F0D-ACCF-7EB736FD4AA2): 10
LogDevObjectVersion:   Dev-Build (E1C64328-A22C-4D53-A36C-8E866417BD8C): 0
LogDevObjectVersion:   Dev-Core (375EC13C-06E4-48FB-B500-84F0262A717E): 4
LogDevObjectVersion:   Dev-Editor (E4B068ED-F494-42E9-A231-DA0B2E46BB41): 40
LogDevObjectVersion:   Dev-Framework (CFFC743F-43B0-4480-9391-14DF171D2073): 37
LogDevObjectVersion:   Dev-Mobile (B02B49B5-BB20-44E9-A304-32B752E40360): 3
LogDevObjectVersion:   Dev-Networking (A4E4105C-59A1-49B5-A7C5-40C4547EDFEE): 0
LogDevObjectVersion:   Dev-Online (39C831C9-5AE6-47DC-9A44-9C173E1C8E7C): 0
LogDevObjectVersion:   Dev-Physics (78F01B33-EBEA-4F98-B9B4-84EACCB95AA2): 14
LogDevObjectVersion:   Dev-Platform (6631380F-2D4D-43E0-8009-CF276956A95A): 0
LogDevObjectVersion:   Dev-Rendering (12F88B9F-8875-4AFC-A67C-D90C383ABD29): 45
LogDevObjectVersion:   Dev-Sequencer (7B5AE74C-D270-4C10-A958-57980B212A5A): 13
LogDevObjectVersion:   Dev-VR (D7296918-1DD6-4BDD-9DE2-64A83CC13884): 3
LogDevObjectVersion:   Dev-LoadTimes (C2A15278-BFE7-4AFE-6C17-90FF531DF755): 1
LogDevObjectVersion:   Private-Geometry (6EACA3D4-40EC-4CC1-B786-8BED09428FC5): 3
LogDevObjectVersion:   Dev-AnimPhys (29E575DD-E0A3-4627-9D10-D276232CDCEA): 17
LogDevObjectVersion:   Dev-Anim (AF43A65D-7FD3-4947-9873-3E8ED9C1BB05): 15
LogDevObjectVersion:   Dev-ReflectionCapture (6B266CEC-1EC7-4B8F-A30B-E4D90942FC07): 1
LogDevObjectVersion:   Dev-Automation (0DF73D61-A23F-47EA-B727-89E90C41499A): 1
LogDevObjectVersion:   FortniteMain (601D1886-AC64-4F84-AA16-D3DE0DEAC7D6): 47
LogDevObjectVersion:   FortniteRelease (E7086368-6B23-4C58-8439-1B7016265E91): 1
LogDevObjectVersion:   Dev-Enterprise (9DFFBCD6-494F-0158-E221-12823C92A888): 10
LogDevObjectVersion:   Dev-Niagara (F2AED0AC-9AFE-416F-8664-AA7FFA26D6FC): 1
LogDevObjectVersion:   Dev-Destruction (174F1F0B-B4C6-45A5-B13F-2EE8D0FB917D): 10
LogDevObjectVersion:   Dev-Physics-Ext (35F94A83-E258-406C-A318-09F59610247C): 41
LogDevObjectVersion:   Dev-PhysicsMaterial-Chaos (B68FC16E-8B1B-42E2-B453-215C058844FE): 1
LogDevObjectVersion:   Dev-CineCamera (B2E18506-4273-CFC2-A54E-F4BB758BBA07): 1
LogDevObjectVersion:   Dev-VirtualProduction (64F58936-FD1B-42BA-BA96-7289D5D0FA4E): 1
LogDevObjectVersion:   Dev-MediaFramework (6F0ED827-A609-4895-9C91-998D90180EA4): 2
LogInit: Presizing for max 25165824 objects, including 0 objects not considered by GC, pre-allocating 0 bytes for permanent pool.
LogConfig: Applying CVar settings from Section [/Script/Engine.StreamingSettings] File [C:/3/MultiShooter/Saved/Config/Windows/Engine.ini]
LogConfig: Setting CVar [[s.MinBulkDataSizeForAsyncLoading:131072]]
LogConfig: Setting CVar [[s.AsyncLoadingThreadEnabled:0]]
LogConfig: Setting CVar [[s.EventDrivenLoaderEnabled:1]]
LogConfig: Setting CVar [[s.WarnIfTimeLimitExceeded:0]]
LogConfig: Setting CVar [[s.TimeLimitExceededMultiplier:1.5]]
LogConfig: Setting CVar [[s.TimeLimitExceededMinTime:0.005]]
LogConfig: Setting CVar [[s.UseBackgroundLevelStreaming:1]]
LogConfig: Setting CVar [[s.PriorityAsyncLoadingExtraTime:15.0]]
LogConfig: Setting CVar [[s.LevelStreamingActorsUpdateTimeLimit:5.0]]
LogConfig: Setting CVar [[s.PriorityLevelStreamingActorsUpdateExtraTime:5.0]]
LogConfig: Setting CVar [[s.LevelStreamingComponentsRegistrationGranularity:10]]
LogConfig: Setting CVar [[s.UnregisterComponentsTimeLimit:1.0]]
LogConfig: Setting CVar [[s.LevelStreamingComponentsUnregistrationGranularity:5]]
LogConfig: Setting CVar [[s.FlushStreamingOnExit:1]]
LogInit: Object subsystem initialized
LogConfig: Setting CVar [[con.DebugEarlyDefault:1]]
LogConfig: Setting CVar [[r.setres:1280x720]]
[2022.04.28-20.19.08:672][  0]LogConfig: Setting CVar [[con.DebugEarlyDefault:1]]
[2022.04.28-20.19.08:672][  0]LogConfig: Setting CVar [[r.setres:1280x720]]
[2022.04.28-20.19.08:672][  0]LogConfig: Applying CVar settings from Section [/Script/Engine.RendererSettings] File [C:/3/MultiShooter/Saved/Config/Windows/Engine.ini]
[2022.04.28-20.19.08:672][  0]LogConfig: Setting CVar [[r.GPUCrashDebugging:0]]
[2022.04.28-20.19.08:672][  0]LogConfig: Applying CVar settings from Section [/Script/Engine.RendererOverrideSettings] File [C:/3/MultiShooter/Saved/Config/Windows/Engine.ini]
[2022.04.28-20.19.08:672][  0]LogConfig: Applying CVar settings from Section [/Script/Engine.StreamingSettings] File [C:/3/MultiShooter/Saved/Config/Windows/Engine.ini]
[2022.04.28-20.19.08:672][  0]LogConfig: Setting CVar [[s.MinBulkDataSizeForAsyncLoading:131072]]
[2022.04.28-20.19.08:672][  0]LogConfig: Setting CVar [[s.AsyncLoadingThreadEnabled:0]]
[2022.04.28-20.19.08:672][  0]LogConfig: Setting CVar [[s.EventDrivenLoaderEnabled:1]]
[2022.04.28-20.19.08:672][  0]LogConfig: Setting CVar [[s.WarnIfTimeLimitExceeded:0]]
[2022.04.28-20.19.08:672][  0]LogConfig: Setting CVar [[s.TimeLimitExceededMultiplier:1.5]]
[2022.04.28-20.19.08:672][  0]LogConfig: Setting CVar [[s.TimeLimitExceededMinTime:0.005]]
[2022.04.28-20.19.08:672][  0]LogConfig: Setting CVar [[s.UseBackgroundLevelStreaming:1]]
[2022.04.28-20.19.08:672][  0]LogConfig: Setting CVar [[s.PriorityAsyncLoadingExtraTime:15.0]]
[2022.04.28-20.19.08:672][  0]LogConfig: Setting CVar [[s.LevelStreamingActorsUpdateTimeLimit:5.0]]
[2022.04.28-20.19.08:672][  0]LogConfig: Setting CVar [[s.PriorityLevelStreamingActorsUpdateExtraTime:5.0]]
[2022.04.28-20.19.08:672][  0]LogConfig: Setting CVar [[s.LevelStreamingComponentsRegistrationGranularity:10]]
[2022.04.28-20.19.08:672][  0]LogConfig: Setting CVar [[s.UnregisterComponentsTimeLimit:1.0]]
[2022.04.28-20.19.08:672][  0]LogConfig: Setting CVar [[s.LevelStreamingComponentsUnregistrationGranularity:5]]
[2022.04.28-20.19.08:672][  0]LogConfig: Setting CVar [[s.FlushStreamingOnExit:1]]
[2022.04.28-20.19.08:672][  0]LogConfig: Applying CVar settings from Section [/Script/Engine.GarbageCollectionSettings] File [C:/3/MultiShooter/Saved/Config/Windows/Engine.ini]
[2022.04.28-20.19.08:672][  0]LogConfig: Setting CVar [[gc.MaxObjectsNotConsideredByGC:1]]
[2022.04.28-20.19.08:672][  0]LogConfig: Setting CVar [[gc.SizeOfPermanentObjectPool:0]]
[2022.04.28-20.19.08:672][  0]LogConfig: Setting CVar [[gc.FlushStreamingOnGC:0]]
[2022.04.28-20.19.08:672][  0]LogConfig: Setting CVar [[gc.NumRetriesBeforeForcingGC:10]]
[2022.04.28-20.19.08:672][  0]LogConfig: Setting CVar [[gc.AllowParallelGC:1]]
[2022.04.28-20.19.08:672][  0]LogConfig: Setting CVar [[gc.TimeBetweenPurgingPendingKillObjects:61.1]]
[2022.04.28-20.19.08:672][  0]LogConfig: Setting CVar [[gc.MaxObjectsInEditor:25165824]]
[2022.04.28-20.19.08:672][  0]LogConfig: Setting CVar [[gc.IncrementalBeginDestroyEnabled:1]]
[2022.04.28-20.19.08:672][  0]LogConfig: Setting CVar [[gc.CreateGCClusters:1]]
[2022.04.28-20.19.08:672][  0]LogConfig: Setting CVar [[gc.MinGCClusterSize:5]]
[2022.04.28-20.19.08:672][  0]LogConfig: Setting CVar [[gc.ActorClusteringEnabled:0]]
[2022.04.28-20.19.08:672][  0]LogConfig: Setting CVar [[gc.BlueprintClusteringEnabled:0]]
[2022.04.28-20.19.08:672][  0]LogConfig: Setting CVar [[gc.UseDisregardForGCOnDedicatedServers:0]]
[2022.04.28-20.19.08:672][  0]LogConfig: Setting CVar [[gc.MultithreadedDestructionEnabled:1]]
[2022.04.28-20.19.08:672][  0]LogConfig: Applying CVar settings from Section [/Script/Engine.NetworkSettings] File [C:/3/MultiShooter/Saved/Config/Windows/Engine.ini]
[2022.04.28-20.19.08:672][  0]LogConfig: Applying CVar settings from Section [/Script/UnrealEd.CookerSettings] File [C:/3/MultiShooter/Saved/Config/Windows/Engine.ini]
[2022.04.28-20.19.08:686][  0]LogConfig: Applying CVar settings from Section [ViewDistanceQuality@3] File [C:/3/MultiShooter/Saved/Config/Windows/Scalability.ini]
[2022.04.28-20.19.08:687][  0]LogConfig: Setting CVar [[r.SkeletalMeshLODBias:0]]
[2022.04.28-20.19.08:687][  0]LogConfig: Setting CVar [[r.ViewDistanceScale:1.0]]
[2022.04.28-20.19.08:687][  0]LogConfig: Applying CVar settings from Section [AntiAliasingQuality@3] File [C:/3/MultiShooter/Saved/Config/Windows/Scalability.ini]
[2022.04.28-20.19.08:687][  0]LogConfig: Setting CVar [[r.PostProcessAAQuality:4]]
[2022.04.28-20.19.08:687][  0]LogConfig: Applying CVar settings from Section [ShadowQuality@3] File [C:/3/MultiShooter/Saved/Config/Windows/Scalability.ini]
[2022.04.28-20.19.08:687][  0]LogConfig: Setting CVar [[r.LightFunctionQuality:1]]
[2022.04.28-20.19.08:687][  0]LogConfig: Setting CVar [[r.ShadowQuality:5]]
[2022.04.28-20.19.08:687][  0]LogConfig: Setting CVar [[r.Shadow.CSM.MaxCascades:10]]
[2022.04.28-20.19.08:687][  0]LogConfig: Setting CVar [[r.Shadow.MaxResolution:2048]]
[2022.04.28-20.19.08:687][  0]LogConfig: Setting CVar [[r.Shadow.MaxCSMResolution:2048]]
[2022.04.28-20.19.08:687][  0]LogConfig: Setting CVar [[r.Shadow.RadiusThreshold:0.01]]
[2022.04.28-20.19.08:687][  0]LogConfig: Setting CVar [[r.Shadow.DistanceScale:1.0]]
[2022.04.28-20.19.08:687][  0]LogConfig: Setting CVar [[r.Shadow.CSM.TransitionScale:1.0]]
[2022.04.28-20.19.08:687][  0]LogConfig: Setting CVar [[r.Shadow.PreShadowResolutionFactor:1.0]]
[2022.04.28-20.19.08:687][  0]LogConfig: Setting CVar [[r.DistanceFieldShadowing:1]]
[2022.04.28-20.19.08:687][  0]LogConfig: Setting CVar [[r.DistanceFieldAO:1]]
[2022.04.28-20.19.08:687][  0]LogConfig: Setting CVar [[r.AOQuality:2]]
[2022.04.28-20.19.08:687][  0]LogConfig: Setting CVar [[r.VolumetricFog:1]]
[2022.04.28-20.19.08:687][  0]LogConfig: Setting CVar [[r.VolumetricFog.GridPixelSize:8]]
[2022.04.28-20.19.08:687][  0]LogConfig: Setting CVar [[r.VolumetricFog.GridSizeZ:128]]
[2022.04.28-20.19.08:687][  0]LogConfig: Setting CVar [[r.VolumetricFog.HistoryMissSupersampleCount:4]]
[2022.04.28-20.19.08:687][  0]LogConfig: Setting CVar [[r.LightMaxDrawDistanceScale:1]]
[2022.04.28-20.19.08:687][  0]LogConfig: Setting CVar [[r.CapsuleShadows:1]]
[2022.04.28-20.19.08:687][  0]LogConfig: Applying CVar settings from Section [PostProcessQuality@3] File [C:/3/MultiShooter/Saved/Config/Windows/Scalability.ini]
[2022.04.28-20.19.08:687][  0]LogConfig: Setting CVar [[r.MotionBlurQuality:4]]
[2022.04.28-20.19.08:687][  0]LogConfig: Setting CVar [[r.AmbientOcclusionMipLevelFactor:0.4]]
[2022.04.28-20.19.08:687][  0]LogConfig: Setting CVar [[r.AmbientOcclusionMaxQuality:100]]
[2022.04.28-20.19.08:687][  0]LogConfig: Setting CVar [[r.AmbientOcclusionLevels:-1]]
[2022.04.28-20.19.08:687][  0]LogConfig: Setting CVar [[r.AmbientOcclusionRadiusScale:1.0]]
[2022.04.28-20.19.08:687][  0]LogConfig: Setting CVar [[r.DepthOfFieldQuality:2]]
[2022.04.28-20.19.08:687][  0]LogConfig: Setting CVar [[r.RenderTargetPoolMin:400]]
[2022.04.28-20.19.08:687][  0]LogConfig: Setting CVar [[r.LensFlareQuality:2]]
[2022.04.28-20.19.08:687][  0]LogConfig: Setting CVar [[r.SceneColorFringeQuality:1]]
[2022.04.28-20.19.08:687][  0]LogConfig: Setting CVar [[r.EyeAdaptationQuality:2]]
[2022.04.28-20.19.08:687][  0]LogConfig: Setting CVar [[r.BloomQuality:5]]
[2022.04.28-20.19.08:687][  0]LogConfig: Setting CVar [[r.FastBlurThreshold:100]]
[2022.04.28-20.19.08:687][  0]LogConfig: Setting CVar [[r.Upscale.Quality:3]]
[2022.04.28-20.19.08:687][  0]LogConfig: Setting CVar [[r.Tonemapper.GrainQuantization:1]]
[2022.04.28-20.19.08:687][  0]LogConfig: Setting CVar [[r.LightShaftQuality:1]]
[2022.04.28-20.19.08:687][  0]LogConfig: Setting CVar [[r.Filter.SizeScale:1]]
[2022.04.28-20.19.08:687][  0]LogConfig: Setting CVar [[r.Tonemapper.Quality:5]]
[2022.04.28-20.19.08:687][  0]LogConfig: Setting CVar [[r.DOF.Gather.AccumulatorQuality:1        ; higher gathering accumulator quality]]
[2022.04.28-20.19.08:687][  0]LogConfig: Setting CVar [[r.DOF.Gather.PostfilterMethod:1          ; Median3x3 postfilering method]]
[2022.04.28-20.19.08:687][  0]LogConfig: Setting CVar [[r.DOF.Gather.EnableBokehSettings:0       ; no bokeh simulation when gathering]]
[2022.04.28-20.19.08:687][  0]LogConfig: Setting CVar [[r.DOF.Gather.RingCount:4                 ; medium number of samples when gathering]]
[2022.04.28-20.19.08:687][  0]LogConfig: Setting CVar [[r.DOF.Scatter.ForegroundCompositing:1    ; additive foreground scattering]]
[2022.04.28-20.19.08:687][  0]LogConfig: Setting CVar [[r.DOF.Scatter.BackgroundCompositing:2    ; additive background scattering]]
[2022.04.28-20.19.08:687][  0]LogConfig: Setting CVar [[r.DOF.Scatter.EnableBokehSettings:1      ; bokeh simulation when scattering]]
[2022.04.28-20.19.08:687][  0]LogConfig: Setting CVar [[r.DOF.Scatter.MaxSpriteRatio:0.1         ; only a maximum of 10% of scattered bokeh]]
[2022.04.28-20.19.08:687][  0]LogConfig: Setting CVar [[r.DOF.Recombine.Quality:1                ; cheap slight out of focus]]
[2022.04.28-20.19.08:687][  0]LogConfig: Setting CVar [[r.DOF.Recombine.EnableBokehSettings:0    ; no bokeh simulation on slight out of focus]]
[2022.04.28-20.19.08:687][  0]LogConfig: Setting CVar [[r.DOF.TemporalAAQuality:1                ; more stable temporal accumulation]]
[2022.04.28-20.19.08:687][  0]LogConfig: Setting CVar [[r.DOF.Kernel.MaxForegroundRadius:0.025]]
[2022.04.28-20.19.08:687][  0]LogConfig: Setting CVar [[r.DOF.Kernel.MaxBackgroundRadius:0.025]]
[2022.04.28-20.19.08:687][  0]LogConfig: Applying CVar settings from Section [TextureQuality@3] File [C:/3/MultiShooter/Saved/Config/Windows/Scalability.ini]
[2022.04.28-20.19.08:687][  0]LogConfig: Setting CVar [[r.Streaming.MipBias:0]]
[2022.04.28-20.19.08:687][  0]LogConfig: Setting CVar [[r.Streaming.AmortizeCPUToGPUCopy:0]]
[2022.04.28-20.19.08:687][  0]LogConfig: Setting CVar [[r.Streaming.MaxNumTexturesToStreamPerFrame:0]]
[2022.04.28-20.19.08:687][  0]LogConfig: Setting CVar [[r.Streaming.Boost:1]]
[2022.04.28-20.19.08:687][  0]LogConfig: Setting CVar [[r.MaxAnisotropy:8]]
[2022.04.28-20.19.08:687][  0]LogConfig: Setting CVar [[r.VT.MaxAnisotropy:8]]
[2022.04.28-20.19.08:687][  0]LogConfig: Setting CVar [[r.Streaming.LimitPoolSizeToVRAM:0]]
[2022.04.28-20.19.08:687][  0]LogConfig: Setting CVar [[r.Streaming.PoolSize:1000]]
[2022.04.28-20.19.08:687][  0]LogConfig: Setting CVar [[r.Streaming.MaxEffectiveScreenSize:0]]
[2022.04.28-20.19.08:687][  0]LogConfig: Applying CVar settings from Section [EffectsQuality@3] File [C:/3/MultiShooter/Saved/Config/Windows/Scalability.ini]
[2022.04.28-20.19.08:687][  0]LogConfig: Setting CVar [[r.TranslucencyLightingVolumeDim:64]]
[2022.04.28-20.19.08:687][  0]LogConfig: Setting CVar [[r.RefractionQuality:2]]
[2022.04.28-20.19.08:687][  0]LogConfig: Setting CVar [[r.SSR.Quality:3]]
[2022.04.28-20.19.08:687][  0]LogConfig: Setting CVar [[r.SSR.HalfResSceneColor:0]]
[2022.04.28-20.19.08:687][  0]LogConfig: Setting CVar [[r.SceneColorFormat:4]]
[2022.04.28-20.19.08:687][  0]LogConfig: Setting CVar [[r.DetailMode:2]]
[2022.04.28-20.19.08:687][  0]LogConfig: Setting CVar [[r.TranslucencyVolumeBlur:1]]
[2022.04.28-20.19.08:687][  0]LogConfig: Setting CVar [[r.MaterialQualityLevel:1 ; High quality]]
[2022.04.28-20.19.08:687][  0]LogConfig: Setting CVar [[r.AnisotropicMaterials:1]]
[2022.04.28-20.19.08:687][  0]LogConfig: Setting CVar [[r.SSS.Scale:1]]
[2022.04.28-20.19.08:687][  0]LogConfig: Setting CVar [[r.SSS.SampleSet:2]]
[2022.04.28-20.19.08:687][  0]LogConfig: Setting CVar [[r.SSS.Quality:1]]
[2022.04.28-20.19.08:687][  0]LogConfig: Setting CVar [[r.SSS.HalfRes:0]]
[2022.04.28-20.19.08:687][  0]LogConfig: Setting CVar [[r.SSGI.Quality:3]]
[2022.04.28-20.19.08:687][  0]LogConfig: Setting CVar [[r.EmitterSpawnRateScale:1.0]]
[2022.04.28-20.19.08:687][  0]LogConfig: Setting CVar [[r.ParticleLightQuality:2]]
[2022.04.28-20.19.08:687][  0]LogConfig: Setting CVar [[r.SkyAtmosphere.AerialPerspectiveLUT.FastApplyOnOpaque:1 ; Always have FastSkyLUT 1 in this case to avoid wrong sky]]
[2022.04.28-20.19.08:687][  0]LogConfig: Setting CVar [[r.SkyAtmosphere.AerialPerspectiveLUT.SampleCountMaxPerSlice:4]]
[2022.04.28-20.19.08:687][  0]LogConfig: Setting CVar [[r.SkyAtmosphere.AerialPerspectiveLUT.DepthResolution:16.0]]
[2022.04.28-20.19.08:687][  0]LogConfig: Setting CVar [[r.SkyAtmosphere.FastSkyLUT:1]]
[2022.04.28-20.19.08:687][  0]LogConfig: Setting CVar [[r.SkyAtmosphere.FastSkyLUT.SampleCountMin:4.0]]
[2022.04.28-20.19.08:687][  0]LogConfig: Setting CVar [[r.SkyAtmosphere.FastSkyLUT.SampleCountMax:128.0]]
[2022.04.28-20.19.08:688][  0]LogConfig: Setting CVar [[r.SkyAtmosphere.SampleCountMin:4.0]]
[2022.04.28-20.19.08:688][  0]LogConfig: Setting CVar [[r.SkyAtmosphere.SampleCountMax:128.0]]
[2022.04.28-20.19.08:688][  0]LogConfig: Setting CVar [[r.SkyAtmosphere.TransmittanceLUT.UseSmallFormat:0]]
[2022.04.28-20.19.08:688][  0]LogConfig: Setting CVar [[r.SkyAtmosphere.TransmittanceLUT.SampleCount:10.0]]
[2022.04.28-20.19.08:688][  0]LogConfig: Setting CVar [[r.SkyAtmosphere.MultiScatteringLUT.SampleCount:15.0]]
[2022.04.28-20.19.08:688][  0]LogConfig: Setting CVar [[r.SkyLight.RealTimeReflectionCapture:1]]
[2022.04.28-20.19.08:688][  0]LogConfig: Applying CVar settings from Section [FoliageQuality@3] File [C:/3/MultiShooter/Saved/Config/Windows/Scalability.ini]
[2022.04.28-20.19.08:688][  0]LogConfig: Setting CVar [[foliage.DensityScale:1.0]]
[2022.04.28-20.19.08:688][  0]LogConfig: Setting CVar [[grass.DensityScale:1.0]]
[2022.04.28-20.19.08:688][  0]LogConfig: Applying CVar settings from Section [ShadingQuality@3] File [C:/3/MultiShooter/Saved/Config/Windows/Scalability.ini]
[2022.04.28-20.19.08:688][  0]LogConfig: Setting CVar [[r.HairStrands.SkyLighting.IntegrationType:2]]
[2022.04.28-20.19.08:688][  0]LogConfig: Setting CVar [[r.HairStrands.SkyAO.SampleCount:4]]
[2022.04.28-20.19.08:688][  0]LogConfig: Setting CVar [[r.HairStrands.Visibility.MSAA.SamplePerPixel:4]]
[2022.04.28-20.19.08:688][  0]LogInit: Selected Device Profile: [Windows]
[2022.04.28-20.19.08:688][  0]LogInit: Applying CVar settings loaded from the selected device profile: [Windows]
[2022.04.28-20.19.08:688][  0]LogHAL: Display: Platform has ~ 16 GB [16971386880 / 17179869184 / 16], which maps to Larger [LargestMinGB=32, LargerMinGB=12, DefaultMinGB=8, SmallerMinGB=6, SmallestMinGB=0)
[2022.04.28-20.19.08:688][  0]LogInit: Going up to parent DeviceProfile []
[2022.04.28-20.19.08:688][  0]LogConfig: Applying CVar settings from Section [ViewDistanceQuality@3] File [C:/3/MultiShooter/Saved/Config/Windows/Scalability.ini]
[2022.04.28-20.19.08:688][  0]LogConfig: Setting CVar [[r.SkeletalMeshLODBias:0]]
[2022.04.28-20.19.08:688][  0]LogConfig: Setting CVar [[r.ViewDistanceScale:1.0]]
[2022.04.28-20.19.08:688][  0]LogConfig: Applying CVar settings from Section [AntiAliasingQuality@3] File [C:/3/MultiShooter/Saved/Config/Windows/Scalability.ini]
[2022.04.28-20.19.08:688][  0]LogConfig: Setting CVar [[r.PostProcessAAQuality:4]]
[2022.04.28-20.19.08:688][  0]LogConfig: Applying CVar settings from Section [ShadowQuality@3] File [C:/3/MultiShooter/Saved/Config/Windows/Scalability.ini]
[2022.04.28-20.19.08:688][  0]LogConfig: Setting CVar [[r.LightFunctionQuality:1]]
[2022.04.28-20.19.08:688][  0]LogConfig: Setting CVar [[r.ShadowQuality:5]]
[2022.04.28-20.19.08:688][  0]LogConfig: Setting CVar [[r.Shadow.CSM.MaxCascades:10]]
[2022.04.28-20.19.08:688][  0]LogConfig: Setting CVar [[r.Shadow.MaxResolution:2048]]
[2022.04.28-20.19.08:688][  0]LogConfig: Setting CVar [[r.Shadow.MaxCSMResolution:2048]]
[2022.04.28-20.19.08:688][  0]LogConfig: Setting CVar [[r.Shadow.RadiusThreshold:0.01]]
[2022.04.28-20.19.08:688][  0]LogConfig: Setting CVar [[r.Shadow.DistanceScale:1.0]]
[2022.04.28-20.19.08:688][  0]LogConfig: Setting CVar [[r.Shadow.CSM.TransitionScale:1.0]]
[2022.04.28-20.19.08:688][  0]LogConfig: Setting CVar [[r.Shadow.PreShadowResolutionFactor:1.0]]
[2022.04.28-20.19.08:688][  0]LogConfig: Setting CVar [[r.DistanceFieldShadowing:1]]
[2022.04.28-20.19.08:688][  0]LogConfig: Setting CVar [[r.DistanceFieldAO:1]]
[2022.04.28-20.19.08:688][  0]LogConfig: Setting CVar [[r.AOQuality:2]]
[2022.04.28-20.19.08:688][  0]LogConfig: Setting CVar [[r.VolumetricFog:1]]
[2022.04.28-20.19.08:688][  0]LogConfig: Setting CVar [[r.VolumetricFog.GridPixelSize:8]]
[2022.04.28-20.19.08:688][  0]LogConfig: Setting CVar [[r.VolumetricFog.GridSizeZ:128]]
[2022.04.28-20.19.08:688][  0]LogConfig: Setting CVar [[r.VolumetricFog.HistoryMissSupersampleCount:4]]
[2022.04.28-20.19.08:688][  0]LogConfig: Setting CVar [[r.LightMaxDrawDistanceScale:1]]
[2022.04.28-20.19.08:688][  0]LogConfig: Setting CVar [[r.CapsuleShadows:1]]
[2022.04.28-20.19.08:688][  0]LogConfig: Applying CVar settings from Section [PostProcessQuality@3] File [C:/3/MultiShooter/Saved/Config/Windows/Scalability.ini]
[2022.04.28-20.19.08:688][  0]LogConfig: Setting CVar [[r.MotionBlurQuality:4]]
[2022.04.28-20.19.08:688][  0]LogConfig: Setting CVar [[r.AmbientOcclusionMipLevelFactor:0.4]]
[2022.04.28-20.19.08:688][  0]LogConfig: Setting CVar [[r.AmbientOcclusionMaxQuality:100]]
[2022.04.28-20.19.08:688][  0]LogConfig: Setting CVar [[r.AmbientOcclusionLevels:-1]]
[2022.04.28-20.19.08:688][  0]LogConfig: Setting CVar [[r.AmbientOcclusionRadiusScale:1.0]]
[2022.04.28-20.19.08:688][  0]LogConfig: Setting CVar [[r.DepthOfFieldQuality:2]]
[2022.04.28-20.19.08:688][  0]LogConfig: Setting CVar [[r.RenderTargetPoolMin:400]]
[2022.04.28-20.19.08:688][  0]LogConfig: Setting CVar [[r.LensFlareQuality:2]]
[2022.04.28-20.19.08:688][  0]LogConfig: Setting CVar [[r.SceneColorFringeQuality:1]]
[2022.04.28-20.19.08:688][  0]LogConfig: Setting CVar [[r.EyeAdaptationQuality:2]]
[2022.04.28-20.19.08:688][  0]LogConfig: Setting CVar [[r.BloomQuality:5]]
[2022.04.28-20.19.08:688][  0]LogConfig: Setting CVar [[r.FastBlurThreshold:100]]
[2022.04.28-20.19.08:688][  0]LogConfig: Setting CVar [[r.Upscale.Quality:3]]
[2022.04.28-20.19.08:688][  0]LogConfig: Setting CVar [[r.Tonemapper.GrainQuantization:1]]
[2022.04.28-20.19.08:688][  0]LogConfig: Setting CVar [[r.LightShaftQuality:1]]
[2022.04.28-20.19.08:688][  0]LogConfig: Setting CVar [[r.Filter.SizeScale:1]]
[2022.04.28-20.19.08:689][  0]LogConfig: Setting CVar [[r.Tonemapper.Quality:5]]
[2022.04.28-20.19.08:689][  0]LogConfig: Setting CVar [[r.DOF.Gather.AccumulatorQuality:1        ; higher gathering accumulator quality]]
[2022.04.28-20.19.08:689][  0]LogConfig: Setting CVar [[r.DOF.Gather.PostfilterMethod:1          ; Median3x3 postfilering method]]
[2022.04.28-20.19.08:689][  0]LogConfig: Setting CVar [[r.DOF.Gather.EnableBokehSettings:0       ; no bokeh simulation when gathering]]
[2022.04.28-20.19.08:689][  0]LogConfig: Setting CVar [[r.DOF.Gather.RingCount:4                 ; medium number of samples when gathering]]
[2022.04.28-20.19.08:689][  0]LogConfig: Setting CVar [[r.DOF.Scatter.ForegroundCompositing:1    ; additive foreground scattering]]
[2022.04.28-20.19.08:689][  0]LogConfig: Setting CVar [[r.DOF.Scatter.BackgroundCompositing:2    ; additive background scattering]]
[2022.04.28-20.19.08:689][  0]LogConfig: Setting CVar [[r.DOF.Scatter.EnableBokehSettings:1      ; bokeh simulation when scattering]]
[2022.04.28-20.19.08:689][  0]LogConfig: Setting CVar [[r.DOF.Scatter.MaxSpriteRatio:0.1         ; only a maximum of 10% of scattered bokeh]]
[2022.04.28-20.19.08:689][  0]LogConfig: Setting CVar [[r.DOF.Recombine.Quality:1                ; cheap slight out of focus]]
[2022.04.28-20.19.08:689][  0]LogConfig: Setting CVar [[r.DOF.Recombine.EnableBokehSettings:0    ; no bokeh simulation on slight out of focus]]
[2022.04.28-20.19.08:689][  0]LogConfig: Setting CVar [[r.DOF.TemporalAAQuality:1                ; more stable temporal accumulation]]
[2022.04.28-20.19.08:689][  0]LogConfig: Setting CVar [[r.DOF.Kernel.MaxForegroundRadius:0.025]]
[2022.04.28-20.19.08:689][  0]LogConfig: Setting CVar [[r.DOF.Kernel.MaxBackgroundRadius:0.025]]
[2022.04.28-20.19.08:689][  0]LogConfig: Applying CVar settings from Section [TextureQuality@3] File [C:/3/MultiShooter/Saved/Config/Windows/Scalability.ini]
[2022.04.28-20.19.08:689][  0]LogConfig: Setting CVar [[r.Streaming.MipBias:0]]
[2022.04.28-20.19.08:689][  0]LogConfig: Setting CVar [[r.Streaming.AmortizeCPUToGPUCopy:0]]
[2022.04.28-20.19.08:689][  0]LogConfig: Setting CVar [[r.Streaming.MaxNumTexturesToStreamPerFrame:0]]
[2022.04.28-20.19.08:689][  0]LogConfig: Setting CVar [[r.Streaming.Boost:1]]
[2022.04.28-20.19.08:689][  0]LogConfig: Setting CVar [[r.MaxAnisotropy:8]]
[2022.04.28-20.19.08:689][  0]LogConfig: Setting CVar [[r.VT.MaxAnisotropy:8]]
[2022.04.28-20.19.08:689][  0]LogConfig: Setting CVar [[r.Streaming.LimitPoolSizeToVRAM:0]]
[2022.04.28-20.19.08:689][  0]LogConfig: Setting CVar [[r.Streaming.PoolSize:1000]]
[2022.04.28-20.19.08:689][  0]LogConfig: Setting CVar [[r.Streaming.MaxEffectiveScreenSize:0]]
[2022.04.28-20.19.08:689][  0]LogConfig: Applying CVar settings from Section [EffectsQuality@3] File [C:/3/MultiShooter/Saved/Config/Windows/Scalability.ini]
[2022.04.28-20.19.08:689][  0]LogConfig: Setting CVar [[r.TranslucencyLightingVolumeDim:64]]
[2022.04.28-20.19.08:689][  0]LogConfig: Setting CVar [[r.RefractionQuality:2]]
[2022.04.28-20.19.08:689][  0]LogConfig: Setting CVar [[r.SSR.Quality:3]]
[2022.04.28-20.19.08:689][  0]LogConfig: Setting CVar [[r.SSR.HalfResSceneColor:0]]
[2022.04.28-20.19.08:689][  0]LogConfig: Setting CVar [[r.SceneColorFormat:4]]
[2022.04.28-20.19.08:689][  0]LogConfig: Setting CVar [[r.DetailMode:2]]
[2022.04.28-20.19.08:689][  0]LogConfig: Setting CVar [[r.TranslucencyVolumeBlur:1]]
[2022.04.28-20.19.08:689][  0]LogConfig: Setting CVar [[r.MaterialQualityLevel:1 ; High quality]]
[2022.04.28-20.19.08:689][  0]LogConfig: Setting CVar [[r.AnisotropicMaterials:1]]
[2022.04.28-20.19.08:689][  0]LogConfig: Setting CVar [[r.SSS.Scale:1]]
[2022.04.28-20.19.08:689][  0]LogConfig: Setting CVar [[r.SSS.SampleSet:2]]
[2022.04.28-20.19.08:689][  0]LogConfig: Setting CVar [[r.SSS.Quality:1]]
[2022.04.28-20.19.08:689][  0]LogConfig: Setting CVar [[r.SSS.HalfRes:0]]
[2022.04.28-20.19.08:689][  0]LogConfig: Setting CVar [[r.SSGI.Quality:3]]
[2022.04.28-20.19.08:689][  0]LogConfig: Setting CVar [[r.EmitterSpawnRateScale:1.0]]
[2022.04.28-20.19.08:689][  0]LogConfig: Setting CVar [[r.ParticleLightQuality:2]]
[2022.04.28-20.19.08:689][  0]LogConfig: Setting CVar [[r.SkyAtmosphere.AerialPerspectiveLUT.FastApplyOnOpaque:1 ; Always have FastSkyLUT 1 in this case to avoid wrong sky]]
[2022.04.28-20.19.08:689][  0]LogConfig: Setting CVar [[r.SkyAtmosphere.AerialPerspectiveLUT.SampleCountMaxPerSlice:4]]
[2022.04.28-20.19.08:689][  0]LogConfig: Setting CVar [[r.SkyAtmosphere.AerialPerspectiveLUT.DepthResolution:16.0]]
[2022.04.28-20.19.08:689][  0]LogConfig: Setting CVar [[r.SkyAtmosphere.FastSkyLUT:1]]
[2022.04.28-20.19.08:689][  0]LogConfig: Setting CVar [[r.SkyAtmosphere.FastSkyLUT.SampleCountMin:4.0]]
[2022.04.28-20.19.08:689][  0]LogConfig: Setting CVar [[r.SkyAtmosphere.FastSkyLUT.SampleCountMax:128.0]]
[2022.04.28-20.19.08:689][  0]LogConfig: Setting CVar [[r.SkyAtmosphere.SampleCountMin:4.0]]
[2022.04.28-20.19.08:689][  0]LogConfig: Setting CVar [[r.SkyAtmosphere.SampleCountMax:128.0]]
[2022.04.28-20.19.08:689][  0]LogConfig: Setting CVar [[r.SkyAtmosphere.TransmittanceLUT.UseSmallFormat:0]]
[2022.04.28-20.19.08:689][  0]LogConfig: Setting CVar [[r.SkyAtmosphere.TransmittanceLUT.SampleCount:10.0]]
[2022.04.28-20.19.08:689][  0]LogConfig: Setting CVar [[r.SkyAtmosphere.MultiScatteringLUT.SampleCount:15.0]]
[2022.04.28-20.19.08:689][  0]LogConfig: Setting CVar [[r.SkyLight.RealTimeReflectionCapture:1]]
[2022.04.28-20.19.08:689][  0]LogConfig: Applying CVar settings from Section [FoliageQuality@3] File [C:/3/MultiShooter/Saved/Config/Windows/Scalability.ini]
[2022.04.28-20.19.08:689][  0]LogConfig: Setting CVar [[foliage.DensityScale:1.0]]
[2022.04.28-20.19.08:689][  0]LogConfig: Setting CVar [[grass.DensityScale:1.0]]
[2022.04.28-20.19.08:689][  0]LogConfig: Applying CVar settings from Section [ShadingQuality@3] File [C:/3/MultiShooter/Saved/Config/Windows/Scalability.ini]
[2022.04.28-20.19.08:689][  0]LogConfig: Setting CVar [[r.HairStrands.SkyLighting.IntegrationType:2]]
[2022.04.28-20.19.08:689][  0]LogConfig: Setting CVar [[r.HairStrands.SkyAO.SampleCount:4]]
[2022.04.28-20.19.08:689][  0]LogConfig: Setting CVar [[r.HairStrands.Visibility.MSAA.SamplePerPixel:4]]
[2022.04.28-20.19.08:689][  0]LogConfig: Applying CVar settings from Section [Startup] File [../../../Engine/Config/ConsoleVariables.ini]
[2022.04.28-20.19.08:690][  0]LogConfig: Setting CVar [[net.UseAdaptiveNetUpdateFrequency:0]]
[2022.04.28-20.19.08:690][  0]LogConfig: Setting CVar [[p.chaos.AllowCreatePhysxBodies:1]]
[2022.04.28-20.19.08:690][  0]LogConfig: Setting CVar [[fx.SkipVectorVMBackendOptimizations:1]]
[2022.04.28-20.19.08:690][  0]LogConfig: Applying CVar settings from Section [ConsoleVariables] File [C:/3/MultiShooter/Saved/Config/Windows/Engine.ini]
[2022.04.28-20.19.08:690][  0]LogConfig: Applying CVar settings from Section [ConsoleVariables] File [C:/3/MultiShooter/Saved/Config/Windows/Editor.ini]
[2022.04.28-20.19.08:690][  0]LogInit: Computer: LAPTOP-K7OCUPB7
[2022.04.28-20.19.08:690][  0]LogInit: User: buryk
[2022.04.28-20.19.08:690][  0]LogInit: CPU Page size=4096, Cores=6
[2022.04.28-20.19.08:690][  0]LogInit: High frequency timer resolution =10.000000 MHz
[2022.04.28-20.19.08:690][  0]LogMemory: Memory total: Physical=15.8GB (16GB approx)
[2022.04.28-20.19.08:690][  0]LogMemory: Platform Memory Stats for Windows
[2022.04.28-20.19.08:690][  0]LogMemory: Process Physical Memory: 143.94 MB used, 143.95 MB peak
[2022.04.28-20.19.08:690][  0]LogMemory: Process Virtual Memory: 131.93 MB used, 131.93 MB peak
[2022.04.28-20.19.08:690][  0]LogMemory: Physical Memory: 9300.15 MB used,  6885.03 MB free, 16185.18 MB total
[2022.04.28-20.19.08:690][  0]LogMemory: Virtual Memory: 134202136.00 MB used,  15590.10 MB free, 134217728.00 MB total
[2022.04.28-20.19.08:693][  0]LogWindows: WindowsPlatformFeatures enabled
[2022.04.28-20.19.08:738][  0]LogInit: Physics initialised using underlying interface: PhysX
[2022.04.28-20.19.08:738][  0]LogInit: Using OS detected language (ru-RU).
[2022.04.28-20.19.08:738][  0]LogInit: Using OS detected locale (ru-RU).
[2022.04.28-20.19.08:742][  0]LogTextLocalizationManager: No specific localization for 'ru-RU' exists, so the 'ru' localization will be used.
[2022.04.28-20.19.08:747][  0]LogTextLocalizationResource: LocRes '../../../Engine/Content/Localization/Editor/ru/Editor.locres' could not be opened for reading!
[2022.04.28-20.19.08:747][  0]LogTextLocalizationResource: LocRes '../../../Engine/Content/Localization/EditorTutorials/ru/EditorTutorials.locres' could not be opened for reading!
[2022.04.28-20.19.08:747][  0]LogTextLocalizationResource: LocRes '../../../Engine/Content/Localization/Keywords/ru/Keywords.locres' could not be opened for reading!
[2022.04.28-20.19.08:747][  0]LogTextLocalizationResource: LocRes '../../../Engine/Content/Localization/Category/ru/Category.locres' could not be opened for reading!
[2022.04.28-20.19.08:747][  0]LogTextLocalizationResource: LocRes '../../../Engine/Content/Localization/ToolTips/ru/ToolTips.locres' could not be opened for reading!
[2022.04.28-20.19.08:748][  0]LogTextLocalizationResource: LocRes '../../../Engine/Content/Localization/PropertyNames/ru/PropertyNames.locres' could not be opened for reading!
[2022.04.28-20.19.08:748][  0]LogTextLocalizationResource: LocRes '../../../Engine/Content/Localization/Engine/ru/Engine.locres' could not be opened for reading!
[2022.04.28-20.19.08:757][  0]LogWindowsTextInputMethodSystem: Display: IME system deactivated.
[2022.04.28-20.19.08:793][  0]LogSlate: New Slate User Created.  User Index 0, Is Virtual User: 0
[2022.04.28-20.19.08:793][  0]LogSlate: Slate User Registered.  User Index 0, Is Virtual User: 0
[2022.04.28-20.19.08:824][  0]LogD3D11RHI: Loaded GFSDK_Aftermath_Lib.x64.dll
[2022.04.28-20.19.08:846][  0]LogHMD: Failed to initialize OpenVR with code 110
[2022.04.28-20.19.08:846][  0]LogD3D11RHI: D3D11 min allowed feature level: 11_0
[2022.04.28-20.19.08:846][  0]LogD3D11RHI: D3D11 max allowed feature level: 11_0
[2022.04.28-20.19.08:846][  0]LogD3D11RHI: D3D11 adapters:
[2022.04.28-20.19.09:030][  0]LogD3D11RHI:    0. 'NVIDIA GeForce GTX 1660 Ti with Max-Q Design' (Feature Level 11_0)
[2022.04.28-20.19.09:030][  0]LogD3D11RHI:       5991/0/8092 MB DedicatedVideo/DedicatedSystem/SharedSystem, Outputs:1, VendorId:0x10de
[2022.04.28-20.19.09:060][  0]LogD3D11RHI:    1. 'Intel(R) UHD Graphics' (Feature Level 11_0)
[2022.04.28-20.19.09:060][  0]LogD3D11RHI:       128/0/8092 MB DedicatedVideo/DedicatedSystem/SharedSystem, Outputs:0, VendorId:0x8086
[2022.04.28-20.19.09:062][  0]LogD3D11RHI:    2. 'Microsoft Basic Render Driver' (Feature Level 11_0)
[2022.04.28-20.19.09:062][  0]LogD3D11RHI:       0/0/8092 MB DedicatedVideo/DedicatedSystem/SharedSystem, Outputs:0, VendorId:0x1414
[2022.04.28-20.19.09:062][  0]LogD3D11RHI: Chosen D3D11 Adapter: 0
[2022.04.28-20.19.09:071][  0]LogD3D11RHI: Creating new Direct3DDevice
[2022.04.28-20.19.09:071][  0]LogD3D11RHI:     GPU DeviceId: 0x2191 (for the marketing name, search the web for "GPU Device Id")
[2022.04.28-20.19.09:071][  0]LogWindows: EnumDisplayDevices:
[2022.04.28-20.19.09:071][  0]LogWindows:    0. 'Intel(R) UHD Graphics' (P:1 D:1)
[2022.04.28-20.19.09:072][  0]LogWindows:    1. 'Intel(R) UHD Graphics' (P:0 D:0)
[2022.04.28-20.19.09:072][  0]LogWindows:    2. 'Intel(R) UHD Graphics' (P:0 D:0)
[2022.04.28-20.19.09:072][  0]LogWindows:    3. 'NVIDIA GeForce GTX 1660 Ti with Max-Q Design' (P:0 D:0)
[2022.04.28-20.19.09:072][  0]LogWindows:    4. 'NVIDIA GeForce GTX 1660 Ti with Max-Q Design' (P:0 D:0)
[2022.04.28-20.19.09:073][  0]LogWindows:    5. 'NVIDIA GeForce GTX 1660 Ti with Max-Q Design' (P:0 D:0)
[2022.04.28-20.19.09:073][  0]LogWindows:    6. 'NVIDIA GeForce GTX 1660 Ti with Max-Q Design' (P:0 D:0)
[2022.04.28-20.19.09:073][  0]LogWindows: DebugString: PrimaryIsNotTheChoosenAdapter PrimaryIsNotTheChoosenAdapter PrimaryIsNotTheChoosenAdapter FoundDriverCount:4 
[2022.04.28-20.19.09:073][  0]LogD3D11RHI:     Adapter Name: NVIDIA GeForce GTX 1660 Ti with Max-Q Design
[2022.04.28-20.19.09:073][  0]LogD3D11RHI:   Driver Version: 497.33 (internal:30.0.14.9733, unified:497.33)
[2022.04.28-20.19.09:073][  0]LogD3D11RHI:      Driver Date: 12-16-2021
[2022.04.28-20.19.09:073][  0]LogRHI: Texture pool is 4193 MB (70% of 5991 MB)
[2022.04.28-20.19.09:146][  0]LogD3D11RHI: RHI has support for 64 bit atomics
[2022.04.28-20.19.09:146][  0]LogD3D11RHI: Async texture creation enabled
[2022.04.28-20.19.09:146][  0]LogD3D11RHI: Array index from any shader is supported
[2022.04.28-20.19.09:171][  0]LogD3D11RHI: GPU Timing Frequency: 1000.000000 (Debug: 2 2)
[2022.04.28-20.19.09:221][  0]LogRHI: GeForceNow SDK initialized: 1
[2022.04.28-20.19.09:566][  0]LogTargetPlatformManager: Display: Loaded TargetPlatform 'WindowsNoEditor'
[2022.04.28-20.19.09:569][  0]LogTargetPlatformManager: Display: Loaded TargetPlatform 'Windows'
[2022.04.28-20.19.09:573][  0]LogTargetPlatformManager: Display: Loaded TargetPlatform 'WindowsClient'
[2022.04.28-20.19.09:577][  0]LogTargetPlatformManager: Display: Loaded TargetPlatform 'WindowsServer'
[2022.04.28-20.19.09:577][  0]LogTargetPlatformManager: Display: Building Assets For Windows
[2022.04.28-20.19.09:581][  0]LogAudioDebug: Display: Lib vorbis DLL was dynamically loaded.
[2022.04.28-20.19.09:624][  0]LogTextureFormatOodle: Display: Oodle Texture 2.9.0 init RDO Off
[2022.04.28-20.19.09:664][  0]LogRendererCore: Ray tracing is disabled. Reason: r.RayTracing=0.
[2022.04.28-20.19.09:664][  0]LogShaderCompilers: Guid format shader working directory is 13 characters bigger than the processId version (../../../../../../3/MultiShooter/Intermediate/Shaders/WorkingDirectory/41556/).
[2022.04.28-20.19.09:664][  0]LogShaderCompilers: Cleaned the shader compiler working directory 'C:/Users/buryk/AppData/Local/Temp/UnrealShaderWorkingDir/C7643EF24DFE5B20B2466FB4726E34CE/'.
[2022.04.28-20.19.09:665][  0]LogXGEController: Cannot use XGE Controller as Incredibuild is not installed on this machine.
[2022.04.28-20.19.09:665][  0]LogShaderCompilers: Cannot use XGE Shader Compiler as Incredibuild is not installed on this machine.
[2022.04.28-20.19.09:665][  0]LogShaderCompilers: Display: Using Local Shader Compiler.
[2022.04.28-20.19.10:563][  0]LogDerivedDataCache: Display: Max Cache Size: 512 MB
[2022.04.28-20.19.10:654][  0]LogDerivedDataCache: Loaded boot cache 0.09s 95MB C:/Users/buryk/AppData/Local/UnrealEngine/4.27/DerivedDataCache/Boot.ddc.
[2022.04.28-20.19.10:654][  0]LogDerivedDataCache: Display: Loaded Boot cache: C:/Users/buryk/AppData/Local/UnrealEngine/4.27/DerivedDataCache/Boot.ddc
[2022.04.28-20.19.10:655][  0]LogDerivedDataCache: FDerivedDataBackendGraph:  Pak pak cache file ../../../../../../3/MultiShooter/DerivedDataCache/DDC.ddp not found, will not use a pak cache.
[2022.04.28-20.19.10:655][  0]LogDerivedDataCache: Unable to find inner node Pak for hierarchical cache Hierarchy.
[2022.04.28-20.19.10:655][  0]LogDerivedDataCache: FDerivedDataBackendGraph:  CompressedPak pak cache file ../../../../../../3/MultiShooter/DerivedDataCache/Compressed.ddp not found, will not use a pak cache.
[2022.04.28-20.19.10:655][  0]LogDerivedDataCache: Unable to find inner node CompressedPak for hierarchical cache Hierarchy.
[2022.04.28-20.19.10:672][  0]LogDerivedDataCache: Display: Pak cache opened for reading ../../../Engine/DerivedDataCache/Compressed.ddp.
[2022.04.28-20.19.10:672][  0]LogDerivedDataCache: FDerivedDataBackendGraph:  EnterprisePak pak cache file ../../../Enterprise/DerivedDataCache/Compressed.ddp not found, will not use a pak cache.
[2022.04.28-20.19.10:672][  0]LogDerivedDataCache: Unable to find inner node EnterprisePak for hierarchical cache Hierarchy.
[2022.04.28-20.19.10:684][  0]LogDerivedDataCache: Speed tests for C:/Users/buryk/AppData/Local/UnrealEngine/Common/DerivedDataCache took 0.01 seconds
[2022.04.28-20.19.10:684][  0]LogDerivedDataCache: Display: Performance to C:/Users/buryk/AppData/Local/UnrealEngine/Common/DerivedDataCache: Latency=0.03ms. RandomReadSpeed=271.95MBs, RandomWriteSpeed=119.75MBs. Assigned SpeedClass 'Local'
[2022.04.28-20.19.10:685][  0]LogDerivedDataCache: Using Local data cache path C:/Users/buryk/AppData/Local/UnrealEngine/Common/DerivedDataCache: Writable
[2022.04.28-20.19.10:685][  0]LogDerivedDataCache: Shared data cache path not found in *engine.ini, will not use an Shared cache.
[2022.04.28-20.19.10:685][  0]LogDerivedDataCache: Unable to find inner node Shared for hierarchical cache Hierarchy.
[2022.04.28-20.19.10:731][  0]LogSlate: Using FreeType 2.10.0
[2022.04.28-20.19.10:732][  0]LogSlate: SlateFontServices - WITH_FREETYPE: 1, WITH_HARFBUZZ: 1
[2022.04.28-20.19.10:854][  0]LogInit: Using OS detected language (ru-RU).
[2022.04.28-20.19.10:854][  0]LogInit: Using OS detected locale (ru-RU).
[2022.04.28-20.19.10:854][  0]LogTextLocalizationManager: No localization for 'ru-RU' exists, so 'en' will be used for the language.
[2022.04.28-20.19.10:854][  0]LogTextLocalizationManager: No localization for 'ru-RU' exists, so 'en' will be used for the locale.
[2022.04.28-20.19.10:854][  0]LogSlate: FontCache flush requested. Reason: Culture for localization was changed
[2022.04.28-20.19.10:854][  0]LogSlate: FontCache flush requested. Reason: Culture for localization was changed
[2022.04.28-20.19.10:859][  0]LogAssetRegistry: FAssetRegistry took 0.0032 seconds to start up
[2022.04.28-20.19.11:056][  0]LogTextLocalizationManager: Compacting localization data took   0.00ms
[2022.04.28-20.19.11:056][  0]LogPackageLocalizationCache: Processed 27 localized package path(s) for 1 prioritized culture(s) in 0.001319 seconds
[2022.04.28-20.19.11:126][  0]LogInit: Selected Device Profile: [Windows]
[2022.04.28-20.19.11:126][  0]LogInit: Active device profile: [000001DF17161300][000001DF1161A8C0 49] Windows
[2022.04.28-20.19.11:126][  0]LogInit: Profiles: [000001DF17161300][000001DF1161A8C0 49] Windows, [000001DF1711A700][000001DF17B66A40 49] WindowsNoEditor, [000001DF17162500][000001DF17B6ABC0 49] WindowsServer, [000001DF1711B500][000001DF17B6ED40 49] WindowsClient, [000001DF17163200][000001DF17B72EC0 49] IOS, [000001DF17119300][000001DF17B77040 49] iPadAir, [000001DF17162900][000001DF17B7B1C0 49] iPadAir2, [000001DF170C9C00][000001DF17B7F400 49] IPadPro, [000001DF170C9D00][000001DF17B63440 49] iPadAir3, [000001DF1711BB00][000001DF17B83580 49] iPadAir4, [000001DF170CAC00][000001DF17B876C0 49] iPadMini2, [000001DF17119600][000001DF17B8F840 49] iPadMini3, [000001DF170C8B00][000001DF17B939C0 49] iPadMini4, [000001DF1711AB00][000001DF17B97B40 49] iPadMini5, [000001DF170CD300][000001DF17B9E280 49] iPhone6, [000001DF170CD400][000001DF17B9A2C0 49] iPodTouch6, [000001DF17161600][000001DF17BA6580 49] iPhone7, [000001DF17162B00][000001DF17BA25C0 49] iPodTouch7, [000001DF170CBB00][000001DF17BAA740 49] iPhone5S, [000001DF17161800][000001DF17BAE8C0 49] iPhone6Plus, [000001DF170CB000][000001DF17BB2A40 49] iPhone6S, [000001DF17162800][000001DF17BB6BC0 49] iPhone6SPlus, [000001DF170C9500][000001DF17BBAD40 49] iPhone7Plus, [000001DF17160100][000001DF17BBEEC0 49] iPhoneSE, [000001DF170C8200][000001DF17BC3040 49] iPhone8, [000001DF17161700][000001DF17BC71C0 49] iPhone8Plus, [000001DF170CC100][000001DF17BCB340 49] iPhoneX, [000001DF170C9800][000001DF17BCF4C0 49] iPhoneXS, [000001DF170CCC00][000001DF17B8B600 49] iPhoneXSMax, [000001DF170CB800][000001DF17BD3740 49] iPhoneXR, [000001DF170CFD00][000001DF17BD7880 49] iPhone11, [000001DF170CA800][000001DF17BDFA00 49] iPhone11Pro, [000001DF170CF800][000001DF17BE3B80 49] iPhone11ProMax, [000001DF170C8C00][000001DF17BE6180 49] iPhoneSE2, [000001DF170CE900][000001DF17BEA300 49] iPhone12Mini, [000001DF170CBF00][000001DF17BEE480 49] iPhone12, [000001DF17160A00][000001DF17BF2600 49] iPhone12Pro, [000001DF170CBE00][000001DF17BF6780 49] iPhone12ProMax, [000001DF17160700][000001DF17BFA900 49] iPadPro105, [000001DF170C9100][000001DF17BFEA80 49] iPadPro129, [000001DF17162E00][000001DF17C02C00 49] iPadPro97, [000001DF170C9300][000001DF17C06D80 49] iPadPro2_129, [000001DF17160800][000001DF17C0AF00 49] iPad5, [000001DF170CAD00][000001DF17C0F080 49] iPad6, [000001DF17163D00][000001DF17C13200 49] iPad7, [000001DF170C9200][000001DF17C17380 49] iPad8, [000001DF17163C00][000001DF17C1B500 49] iPadPro11, [000001DF170CA500][000001DF17C1F680 49] iPadPro2_11, [000001DF17163700][000001DF17BDB7C0 49] iPadPro3_129, [000001DF170CB300][000001DF17C23900 49] iPadPro4_129, [000001DF17161100][000001DF17C27A40 49] AppleTV, [000001DF170CA100][000001DF17C2FBC0 49] AppleTV4K, [000001DF17162A00][000001DF17C321C0 49] TVOS, [000001DF170C9F00][000001DF17C36340 49] Mac, [000001DF17161000][000001DF17C3A4C0 49] MacClient, [000001DF170C8E00][000001DF17C3E640 49] MacNoEditor, [000001DF17161A00][000001DF17C427C0 49] MacServer, [000001DF170CA700][000001DF17C46940 49] Linux, [000001DF17160400][000001DF17C4AAC0 49] LinuxAArch64, [000001DF170CBA00][000001DF17C4EC40 49] LinuxNoEditor, [000001DF17161F00][000001DF17C52DC0 49] LinuxAArch64NoEditor, [000001DF170CBD00][000001DF17C56F40 49] LinuxClient, [000001DF17163000][000001DF17C5B0C0 49] LinuxAArch64Client, [000001DF170CBC00][000001DF17C5F240 49] LinuxServer, [000001DF17162200][000001DF17C633C0 49] LinuxAArch64Server, [000001DF170CA200][000001DF17C67540 49] Android, [000001DF17163900][000001DF17C6B6C0 49] Android_Low, [000001DF170CAA00][000001DF17C6F840 49] Android_Mid, [000001DF17162D00][000001DF17C2B980 49] Android_High, [000001DF170C9E00][000001DF17C73AC0 49] Android_Default, [000001DF17161B00][000001DF17C77C00 49] Android_Adreno4xx, [000001DF170C8A00][000001DF17C7A1C0 49] Android_Adreno5xx_Low, [000001DF17160600][000001DF17C82340 49] Android_Adreno5xx, [000001DF170CA600][000001DF17C864C0 49] Android_Adreno6xx, [000001DF17162600][000001DF17C8A640 49] Android_Adreno6xx_Vulkan, [000001DF170CA300][000001DF17C8E7C0 49] Android_Mali_T6xx, [000001DF17160F00][000001DF17C92940 49] Android_Mali_T7xx, [000001DF170CA900][000001DF17C96AC0 49] Android_Mali_T8xx, [000001DF17162400][000001DF17C9AC40 49] Android_Mali_G71, [000001DF170C8900][000001DF17C9EDC0 49] Android_Mali_G72, [000001DF17163A00][000001DF17CA2F40 49] Android_Mali_G72_Vulkan, [000001DF170CAF00][000001DF17CA70C0 49] Android_Mali_G76, [000001DF17161E00][000001DF17CAB240 49] Android_Mali_G76_Vulkan, [000001DF17118F00][000001DF17CAF3C0 49] Android_Mali_G77, [000001DF170CE100][000001DF17CB3540 49] Android_Mali_G77_Vulkan, [000001DF17118D00][000001DF17CB76C0 49] Android_Mali_G78, [000001DF170CF400][000001DF17CBB840 49] Android_Mali_G78_Vulkan, [000001DF17118400][000001DF17CBF9C0 49] Android_Mali_G710, [000001DF170CF100][000001DF17C7FB00 49] Android_Mali_G710_Vulkan, [000001DF17118E00][000001DF17CC20C0 49] Android_Vulkan_SM5, [000001DF170CFA00][000001DF17CC6200 49] Android_PowerVR_G6xxx, [000001DF1711A100][000001DF17CCA340 49] Android_PowerVR_GT7xxx, [000001DF170CEF00][000001DF17CD24C0 49] Android_PowerVR_GE8xxx, [000001DF1711A000][000001DF17CD6640 49] Android_PowerVR_GM9xxx, [000001DF170CC900][000001DF17CDA7C0 49] Android_PowerVR_GM9xxx_Vulkan, [000001DF1711AF00][000001DF17CDE940 49] Android_TegraK1, [000001DF170CC300][000001DF17CE2AC0 49] Android_Unknown_Vulkan, [000001DF17118C00][000001DF17CE6C40 49] Lumin, [000001DF170CEE00][000001DF17CEADC0 49] Lumin_Desktop, [000001DF17119B00][000001DF17CEEF40 49] HoloLens, 
[2022.04.28-20.19.11:174][  0]LogMeshReduction: Using QuadricMeshReduction for automatic static mesh reduction
[2022.04.28-20.19.11:174][  0]LogMeshReduction: Using SimplygonMeshReduction for automatic skeletal mesh reduction
[2022.04.28-20.19.11:174][  0]LogMeshReduction: Using ProxyLODMeshReduction for automatic mesh merging
[2022.04.28-20.19.11:174][  0]LogMeshReduction: No distributed automatic mesh merging module available
[2022.04.28-20.19.11:174][  0]LogMeshMerging: No distributed automatic mesh merging module available
[2022.04.28-20.19.11:308][  0]LogNetVersion: MultiShooter 1.0.0, NetCL: 17155196, EngineNetVer: 17, GameNetVer: 0 (Checksum: 31779901)
[2022.04.28-20.19.11:559][  0]LogTexture: Default maximum texture size for cubemaps generated from long-lat sources has been changed from 512 to unlimited. In order to preserve old behaiour for '/Engine/MapTemplates/Sky/DaylightAmbientCubemap.DaylightAmbientCubemap', its maximum texture size has been explicitly set to 512.
[2022.04.28-20.19.11:626][  0]LogHMD: PokeAHoleMaterial loaded successfully
[2022.04.28-20.19.11:768][  0]LogMoviePlayer: Initializing movie player
[2022.04.28-20.19.11:857][  0]LogNiagaraDebuggerClient: Niagara Debugger Client Initialized | Session: EE07EAAF439847541B178F9CCFFD5A19 | Instance: FF2B42D54D0ADDC10C2722A53934ADA3 (LAPTOP-K7OCUPB7-41556).
[2022.04.28-20.19.11:874][  0]LogCollectionManager: Loaded 0 collections in 0.002443 seconds
[2022.04.28-20.19.11:876][  0]LogFileCache: Scanning file cache for directory 'C:/3/MultiShooter/Saved/Collections/' took 0.00s
[2022.04.28-20.19.11:876][  0]LogFileCache: Scanning file cache for directory 'C:/3/MultiShooter/Content/Developers/buryk/Collections/' took 0.00s
[2022.04.28-20.19.11:876][  0]LogCollectionManager: Fixed up redirectors for 0 collections in 0.000001 seconds (updated 0 objects)
[2022.04.28-20.19.11:880][  0]LogFileCache: Scanning file cache for directory 'C:/3/MultiShooter/Content/Collections/' took 0.00s
[2022.04.28-20.19.11:880][  0]LogStreaming: Warning: Failed to read file '../../../Engine/Content/Editor/Slate/Niagara/MenuSeparator.png' error.
[2022.04.28-20.19.11:880][  0]LogSlate: Could not find file for Slate resource: ../../../Engine/Content/Editor/Slate/Niagara/MenuSeparator.png
[2022.04.28-20.19.11:880][  0]LogStreaming: Warning: Failed to read file '../../../Engine/Content/Editor/Slate/Niagara/Common/Selector.png' error.
[2022.04.28-20.19.11:880][  0]LogSlate: Could not find file for Slate resource: ../../../Engine/Content/Editor/Slate/Niagara/Common/Selector.png
[2022.04.28-20.19.11:880][  0]LogStreaming: Warning: Failed to read file '../../../Engine/Content/Editor/Slate/Niagara/Common/DropZoneIndicator_Above.png' error.
[2022.04.28-20.19.11:880][  0]LogSlate: Could not find file for Slate resource: ../../../Engine/Content/Editor/Slate/Niagara/Common/DropZoneIndicator_Above.png
[2022.04.28-20.19.11:880][  0]LogStreaming: Warning: Failed to read file '../../../Engine/Content/Editor/Slate/Niagara/Common/Selection.png' error.
[2022.04.28-20.19.11:880][  0]LogImageWrapper: Warning: PNG Warning: Duplicate iCCP chunk
[2022.04.28-20.19.11:880][  0]LogStreaming: Warning: Failed to read file '../../../Engine/Content/Editor/Slate/Niagara/Common/DropZoneIndicator_Onto.png' error.
[2022.04.28-20.19.11:880][  0]LogStreaming: Warning: Failed to read file '../../../Engine/Content/Editor/Slate/Niagara/Common/DropZoneIndicator_Below.png' error.
[2022.04.28-20.19.11:880][  0]LogSlate: Could not find file for Slate resource: ../../../Engine/Content/Editor/Slate/Niagara/Common/DropZoneIndicator_Onto.png
[2022.04.28-20.19.11:880][  0]LogSlate: Could not find file for Slate resource: ../../../Engine/Content/Editor/Slate/Niagara/Common/DropZoneIndicator_Below.png
[2022.04.28-20.19.11:880][  0]LogSlate: Could not find file for Slate resource: ../../../Engine/Content/Editor/Slate/Niagara/Common/Selection.png
[2022.04.28-20.19.12:000][  0]LogStreaming: Warning: Failed to read file '../../../Engine/Content/Editor/Slate/Niagara/Common/FlatButton.png' error.
[2022.04.28-20.19.12:000][  0]LogStreaming: Warning: Failed to read file '../../../Engine/Content/Editor/Slate/Niagara/Common/RoundedSelection_16x.png' error.
[2022.04.28-20.19.12:000][  0]LogSlate: Could not find file for Slate resource: ../../../Engine/Content/Editor/Slate/Niagara/Common/FlatButton.png
[2022.04.28-20.19.12:000][  0]LogSlate: Could not find file for Slate resource: ../../../Engine/Content/Editor/Slate/Niagara/Common/RoundedSelection_16x.png
[2022.04.28-20.19.12:000][  0]LogImageWrapper: Warning: PNG Warning: Duplicate iCCP chunk
[2022.04.28-20.19.12:000][  0]LogTcpMessaging: Initializing TcpMessaging bridge
[2022.04.28-20.19.12:004][  0]LogUdpMessaging: Initializing bridge on interface 0.0.0.0:0 to multicast group 230.0.0.1:6666.
[2022.04.28-20.19.12:052][  0]LogPython: Using Python 3.7.7
[2022.04.28-20.19.12:582][  0]SourceControl: Source control is disabled
[2022.04.28-20.19.12:582][  0]SourceControl: Source control is disabled
[2022.04.28-20.19.12:584][  0]LogUProjectInfo: Found projects:
[2022.04.28-20.19.12:585][  0]SourceControl: Source control is disabled
[2022.04.28-20.19.12:661][  0]LogAndroidPermission: UAndroidPermissionCallbackProxy::GetInstance
[2022.04.28-20.19.12:675][  0]LogAudioCaptureCore: Display: No Audio Capture implementations found. Audio input will be silent.
[2022.04.28-20.19.12:675][  0]LogAudioCaptureCore: Display: No Audio Capture implementations found. Audio input will be silent.
[2022.04.28-20.19.12:758][  0]LogOpenImageDenoise: OIDN starting up
[2022.04.28-20.19.12:778][  0]LogOcInput: OculusInput pre-init called
[2022.04.28-20.19.12:789][  0]LogUObjectArray: 22122 objects as part of root set at end of initial load.
[2022.04.28-20.19.12:789][  0]LogUObjectAllocator: 5975648 out of 0 bytes used by permanent object pool.
[2022.04.28-20.19.12:789][  0]LogUObjectArray: CloseDisregardForGC: 0/0 objects in disregard for GC pool
[2022.04.28-20.19.12:833][  0]LogEngine: Initializing Engine...
[2022.04.28-20.19.12:836][  0]LogHMD: Failed to enumerate extensions. Please check that you have a valid OpenXR runtime installed.
[2022.04.28-20.19.12:836][  0]LogHMD: Failed to initialize OpenVR with code 110
[2022.04.28-20.19.12:836][  0]LogMagicLeap: Warning: VR disabled because ZI is not enabled.  To enable, in the editor, Edit -> Project Settings -> Plugins -> Magic Leap Plugin -> Enable Zero Iteration
[2022.04.28-20.19.12:838][  0]LogStats: UGameplayTagsManager::InitializeManager -  0.000 s
[2022.04.28-20.19.12:977][  0]LogInit: Initializing FReadOnlyCVARCache
[2022.04.28-20.19.12:977][  0]LogAudio: Display: Initializing Audio Device Manager...
[2022.04.28-20.19.12:979][  0]LogAudio: Display: Loading Default Audio Settings Objects...
[2022.04.28-20.19.12:979][  0]LogAudio: Display: No default SoundConcurrencyObject specified (or failed to load).
[2022.04.28-20.19.12:980][  0]LogAudio: Display: Audio Device Manager Initialized
[2022.04.28-20.19.12:980][  0]LogAudio: Display: Creating Audio Device:                 Id: 1, Scope: Shared, Realtime: True
[2022.04.28-20.19.12:980][  0]LogAudioMixer: Display: Audio Mixer Platform Settings:
[2022.04.28-20.19.12:980][  0]LogAudioMixer: Display: 	Sample Rate:						  48000
[2022.04.28-20.19.12:980][  0]LogAudioMixer: Display: 	Callback Buffer Frame Size Requested: 1024
[2022.04.28-20.19.12:980][  0]LogAudioMixer: Display: 	Callback Buffer Frame Size To Use:	  1024
[2022.04.28-20.19.12:980][  0]LogAudioMixer: Display: 	Number of buffers to queue:			  2
[2022.04.28-20.19.12:980][  0]LogAudioMixer: Display: 	Max Channels (voices):				  32
[2022.04.28-20.19.12:980][  0]LogAudioMixer: Display: 	Number of Async Source Workers:		  0
[2022.04.28-20.19.12:980][  0]LogAudio: Display: AudioDevice MaxSources: 32
[2022.04.28-20.19.12:980][  0]LogAudio: Display: Audio Spatialization Plugin: None (built-in).
[2022.04.28-20.19.12:980][  0]LogAudio: Display: Audio Reverb Plugin: None (built-in).
[2022.04.28-20.19.12:980][  0]LogAudio: Display: Audio Occlusion Plugin: None (built-in).
[2022.04.28-20.19.12:980][  0]LogAudioMixer: Display: Initializing audio mixer.
[2022.04.28-20.19.13:002][  0]LogAudioMixer: Display: 0: FrontLeft
[2022.04.28-20.19.13:002][  0]LogAudioMixer: Display: 1: FrontRight
[2022.04.28-20.19.13:030][  0]LogAudioMixer: Display: Using Audio Device Speaker (Realtek(R) Audio)
[2022.04.28-20.19.13:037][  0]LogAudioMixer: Display: Initializing Sound Submixes...
[2022.04.28-20.19.13:039][  0]LogAudioMixer: Display: Creating Master Submix 'MasterSubmixDefault'
[2022.04.28-20.19.13:039][  0]LogAudioMixer: Display: Creating Master Submix 'MasterReverbSubmixDefault'
[2022.04.28-20.19.13:040][  0]LogAudioMixer: Display: Creating Master Submix 'MasterEQSubmixDefault'
[2022.04.28-20.19.13:040][  0]LogAudioMixer: FMixerPlatformXAudio2::StartAudioStream() called
[2022.04.28-20.19.13:040][  0]LogAudioMixer: Display: Output buffers initialized: Frames=1024, Channels=2, Samples=2048
[2022.04.28-20.19.13:041][  0]LogAudioMixer: Display: Starting AudioMixerPlatformInterface::RunInternal()
[2022.04.28-20.19.13:041][  0]LogAudioMixer: Display: FMixerPlatformXAudio2::SubmitBuffer() called for the first time
[2022.04.28-20.19.13:041][  0]LogInit: FAudioDevice initialized.
[2022.04.28-20.19.13:042][  0]LogNetVersion: Set ProjectVersion to 1.0.0.0. Version Checksum will be recalculated on next use.
[2022.04.28-20.19.13:044][  0]LogInit: Texture streaming: Enabled
[2022.04.28-20.19.13:107][  0]LogAudio: Display: Audio Device (ID: 1) registered with world 'Untitled'.
[2022.04.28-20.19.13:107][  0]LogSlate: Updating window title bar state: overlay mode, drag disabled, window buttons hidden, title bar hidden
[2022.04.28-20.19.13:107][  0]LogInit: Display: Game Engine Initialized.
[2022.04.28-20.19.13:107][  0]LogNiagaraEditor: GEditor isn't valid! Particle reset commands will not work for Niagara components!
[2022.04.28-20.19.13:260][  0]LogStreaming: Warning: Failed to read file '../../../Engine/Content/Editor/Slate/Niagara/MenuSeparator.png' error.
[2022.04.28-20.19.13:260][  0]LogSlate: Could not find file for Slate resource: ../../../Engine/Content/Editor/Slate/Niagara/MenuSeparator.png
[2022.04.28-20.19.13:260][  0]LogStreaming: Warning: Failed to read file '../../../Engine/Content/Editor/Slate/Niagara/Common/Selector.png' error.
[2022.04.28-20.19.13:260][  0]LogSlate: Could not find file for Slate resource: ../../../Engine/Content/Editor/Slate/Niagara/Common/Selector.png
[2022.04.28-20.19.13:260][  0]LogStreaming: Warning: Failed to read file '../../../Engine/Content/Editor/Slate/Niagara/Common/Selection.png' error.
[2022.04.28-20.19.13:260][  0]LogSlate: Could not find file for Slate resource: ../../../Engine/Content/Editor/Slate/Niagara/Common/Selection.png
[2022.04.28-20.19.13:260][  0]LogStreaming: Warning: Failed to read file '../../../Engine/Content/Editor/Slate/Niagara/Common/DropZoneIndicator_Above.png' error.
[2022.04.28-20.19.13:260][  0]LogSlate: Could not find file for Slate resource: ../../../Engine/Content/Editor/Slate/Niagara/Common/DropZoneIndicator_Above.png
[2022.04.28-20.19.13:260][  0]LogStreaming: Warning: Failed to read file '../../../Engine/Content/Editor/Slate/Niagara/Common/DropZoneIndicator_Below.png' error.
[2022.04.28-20.19.13:260][  0]LogSlate: Could not find file for Slate resource: ../../../Engine/Content/Editor/Slate/Niagara/Common/DropZoneIndicator_Below.png
[2022.04.28-20.19.13:260][  0]LogStreaming: Warning: Failed to read file '../../../Engine/Content/Editor/Slate/Niagara/Common/RoundedSelection_16x.png' error.
[2022.04.28-20.19.13:260][  0]LogSlate: Could not find file for Slate resource: ../../../Engine/Content/Editor/Slate/Niagara/Common/RoundedSelection_16x.png
[2022.04.28-20.19.13:260][  0]LogStreaming: Warning: Failed to read file '../../../Engine/Content/Editor/Slate/Niagara/Common/FlatButton.png' error.
[2022.04.28-20.19.13:260][  0]LogSlate: Could not find file for Slate resource: ../../../Engine/Content/Editor/Slate/Niagara/Common/FlatButton.png
[2022.04.28-20.19.13:260][  0]LogStreaming: Warning: Failed to read file '../../../Engine/Content/Editor/Slate/Niagara/Common/DropZoneIndicator_Onto.png' error.
[2022.04.28-20.19.13:260][  0]LogSlate: Could not find file for Slate resource: ../../../Engine/Content/Editor/Slate/Niagara/Common/DropZoneIndicator_Onto.png
[2022.04.28-20.19.13:260][  0]LogImageWrapper: Warning: PNG Warning: Duplicate iCCP chunk
[2022.04.28-20.19.13:260][  0]LogImageWrapper: Warning: PNG Warning: Duplicate iCCP chunk
[2022.04.28-20.19.13:260][  0]LogInit: Display: Starting Game.
[2022.04.28-20.19.13:260][  0]LogNet: Browse: 127.0.0.1:17777/Game/StarterContent/Maps/Minimal_Default?Name=Player
[2022.04.28-20.19.13:261][  0]LogInit: WinSock: Socket queue. Rx: 32768 (config 32768) Tx: 32768 (config 32768)
[2022.04.28-20.19.13:261][  0]LogNet: Created socket for bind address: 0.0.0.0 on port 0
[2022.04.28-20.19.13:261][  0]PacketHandlerLog: Loaded PacketHandler component: Engine.EngineHandlerComponentFactory (StatelessConnectHandlerComponent)
[2022.04.28-20.19.13:261][  0]LogNet: Game client on port 17777, rate 100000
[2022.04.28-20.19.13:380][  0]LogInit: Display: Engine is initialized. Leaving FEngineLoop::Init()
[2022.04.28-20.19.13:380][  0]LogLoad: (Engine Initialization) Total time: 6.67 seconds
[2022.04.28-20.19.13:380][  0]LogLoad: (Engine Initialization) Total Blueprint compile time: 0.00 seconds
[2022.04.28-20.19.13:383][  0]LogContentStreaming: Texture pool size now 1000 MB
[2022.04.28-20.19.13:388][  0]LogSlate: InvalidateAllWidgets triggered.  All widgets were invalidated
[2022.04.28-20.19.14:654][  5]LogHandshake: SendChallengeResponse. Timestamp: 1.128475, Cookie: 235038074028042131043142059201104233214224166100177018095143
[2022.04.28-20.19.14:710][ 10]LogNetVersion: MultiShooter 1.0.0.0, NetCL: 17155196, EngineNetVer: 17, GameNetVer: 0 (Checksum: 1300772043)
[2022.04.28-20.19.14:710][ 10]LogNet: UPendingNetGame::SendInitialJoin: Sending hello. [UNetConnection] RemoteAddr: 127.0.0.1:17777, Name: IpConnection_0, Driver: PendingNetDriver IpNetDriver_0, IsServer: NO, PC: NULL, Owner: NULL, UniqueId: INVALID
[2022.04.28-20.19.14:869][ 22]LogNet: Welcomed by server (Level: /Game/MyContent/Maps/Lvl1, Game: /Game/MyContent/BP/BP_GameMode.BP_GameMode_C)
[2022.04.28-20.19.14:869][ 22]LogLoad: LoadMap: 127.0.0.1:17777/Game/MyContent/Maps/Lvl1?Name=Player?game=/Game/MyContent/BP/BP_GameMode.BP_GameMode_C
[2022.04.28-20.19.14:869][ 22]LogWorld: BeginTearingDown for /Temp/Untitled_0
[2022.04.28-20.19.14:869][ 22]LogWorld: UWorld::CleanupWorld for Untitled, bSessionEnded=true, bCleanupResources=true
[2022.04.28-20.19.14:869][ 22]LogSlate: InvalidateAllWidgets triggered.  All widgets were invalidated
[2022.04.28-20.19.14:874][ 22]LogAudio: Display: Audio Device unregistered from world 'None'.
[2022.04.28-20.19.14:876][ 22]LogUObjectHash: Compacting FUObjectHashTables data took   0.83ms
[2022.04.28-20.19.15:061][ 22]LogBlueprint: Warning: USimpleConstructionScript::FixupRootNodeParentReferences() - Couldn't find native parent component 'Arrow' for 'Camera' in BlueprintGeneratedClass 'BP_MultiplayerPawn_C' (it may have been removed)
[2022.04.28-20.19.15:061][ 22]LogBlueprint: Warning: USimpleConstructionScript::FixupRootNodeParentReferences() - Couldn't find native parent component 'Arrow' for 'Arrow1' in BlueprintGeneratedClass 'BP_MultiplayerPawn_C' (it may have been removed)
[2022.04.28-20.19.15:067][ 22]LogAudio: Display: Audio Device (ID: 1) registered with world 'Lvl1'.
[2022.04.28-20.19.15:069][ 22]LogWorld: Bringing World /Game/MyContent/Maps/Lvl1.Lvl1 up for play (max tick rate 0) at 2022.04.28-23.19.15
[2022.04.28-20.19.15:069][ 22]LogWorld: Bringing up level for play took: 0.001051
[2022.04.28-20.19.15:070][ 22]LogSlate: Took 0.000336 seconds to synchronously load lazily loaded font '../../../Engine/Content/Slate/Fonts/Roboto-Regular.ttf' (155K)
[2022.04.28-20.19.15:070][ 22]LogLoad: Took 0.201278 seconds to LoadMap(/Game/MyContent/Maps/Lvl1)
[2022.04.28-20.19.15:073][ 23]LogRenderer: Reallocating scene render targets to support 640x480 Format 10 NumSamples 1 (Frame:1).
[2022.04.28-20.19.15:421][ 24]LogOnlineSession: Warning: OSS: No game present to join for session (GameSession)
[2022.04.28-20.19.15:422][ 24]LogOnlineSession: Warning: OSS: No game present to join for session (GameSession)
[2022.04.28-20.19.15:422][ 24]LogOnlineSession: Warning: OSS: No game present to join for session (GameSession)
