Log file open, 04/28/22 23:43:22
LogWindows: Failed to load 'aqProf.dll' (GetLastError=126)
LogWindows: File 'aqProf.dll' does not exist
LogWindows: Failed to load 'VtuneApi.dll' (GetLastError=126)
LogWindows: File 'VtuneApi.dll' does not exist
LogWindows: Failed to load 'VtuneApi32e.dll' (GetLastError=126)
LogWindows: File 'VtuneApi32e.dll' does not exist
LogConsoleResponse: Display: Failed to find resolution value strings in scalability ini. Falling back to default.
LogConsoleResponse: Display: Failed to find resolution value strings in scalability ini. Falling back to default.
LogInit: Display: Running engine for game: MultiShooter
LogPlatformFile: Not using cached read wrapper
LogTaskGraph: Started task graph with 5 named threads and 35 total threads with 3 sets of task threads.
LogStats: Stats thread started at 0.262887
LogICUInternationalization: ICU TimeZone Detection - Raw Offset: +3:00, Platform Override: ''
LogInit: Display: Loading text-based GConfig....
LogPluginManager: Mounting plugin MeshPainting
LogPluginManager: Mounting plugin XGEController
LogPluginManager: Mounting plugin Paper2D
LogPluginManager: Mounting plugin LightPropagationVolume
LogPluginManager: Mounting plugin EnvironmentQueryEditor
LogPluginManager: Mounting plugin AISupport
LogPluginManager: Mounting plugin CameraShakePreviewer
LogPluginManager: Mounting plugin OodleNetwork
LogPluginManager: Mounting plugin LiveLink
LogPluginManager: Mounting plugin GameplayCameras
LogPluginManager: Mounting plugin DatasmithContent
LogPluginManager: Mounting plugin AnimationSharing
LogPluginManager: Mounting plugin VariantManagerContent
LogPluginManager: Mounting plugin CodeLiteSourceCodeAccess
LogPluginManager: Mounting plugin CLionSourceCodeAccess
LogPluginManager: Mounting plugin GitSourceControl
LogPluginManager: Mounting plugin KDevelopSourceCodeAccess
LogPluginManager: Mounting plugin NullSourceCodeAccess
LogPluginManager: Mounting plugin PerforceSourceControl
LogPluginManager: Mounting plugin PixWinPlugin
LogPluginManager: Mounting plugin PluginUtils
LogPluginManager: Mounting plugin PropertyAccessNode
LogPluginManager: Mounting plugin PlasticSourceControl
LogPluginManager: Mounting plugin RiderSourceCodeAccess
LogPluginManager: Mounting plugin SubversionSourceControl
LogPluginManager: Mounting plugin TextureFormatOodle
LogPluginManager: Mounting plugin UObjectPlugin
LogPluginManager: Mounting plugin VisualStudioCodeSourceCodeAccess
LogPluginManager: Mounting plugin VisualStudioSourceCodeAccess
LogPluginManager: Mounting plugin XCodeSourceCodeAccess
LogPluginManager: Mounting plugin Niagara
LogPluginManager: Mounting plugin AndroidMedia
LogPluginManager: Mounting plugin AvfMedia
LogPluginManager: Mounting plugin ImgMedia
LogPluginManager: Mounting plugin MediaCompositing
LogPluginManager: Mounting plugin MediaPlayerEditor
LogPluginManager: Mounting plugin WebMMedia
LogPluginManager: Mounting plugin WmfMedia
LogPluginManager: Mounting plugin AlembicImporter
LogPluginManager: Mounting plugin BackChannel
LogPluginManager: Mounting plugin AutomationUtils
LogPluginManager: Mounting plugin ChaosCloth
LogPluginManager: Mounting plugin ChaosEditor
LogPluginManager: Mounting plugin ChaosNiagara
LogPluginManager: Mounting plugin ChaosSolverPlugin
LogPluginManager: Mounting plugin CharacterAI
LogPluginManager: Mounting plugin ChaosClothEditor
LogPluginManager: Mounting plugin LuminPlatformFeatures
LogPluginManager: Mounting plugin MagicLeap
LogPluginManager: Mounting plugin MagicLeapLightEstimation
LogPluginManager: Mounting plugin MagicLeapMedia
LogPluginManager: Mounting plugin MagicLeapPassableWorld
LogPluginManager: Mounting plugin MLSDK
LogPluginManager: Mounting plugin AssetManagerEditor
LogPluginManager: Mounting plugin TcpMessaging
LogPluginManager: Mounting plugin UdpMessaging
LogPluginManager: Mounting plugin CryptoKeys
LogPluginManager: Mounting plugin CurveEditorTools
LogPluginManager: Mounting plugin DataValidation
LogPluginManager: Mounting plugin FacialAnimation
LogPluginManager: Mounting plugin MacGraphicsSwitching
LogPluginManager: Mounting plugin GeometryMode
LogPluginManager: Mounting plugin MaterialAnalyzer
LogPluginManager: Mounting plugin GameplayTagsEditor
LogPluginManager: Mounting plugin GeometryCache
LogPluginManager: Mounting plugin MobileLauncherProfileWizard
LogPluginManager: Mounting plugin PluginBrowser
LogPluginManager: Mounting plugin GeometryCollectionPlugin
LogPluginManager: Mounting plugin GeometryProcessing
LogPluginManager: Mounting plugin SpeedTreeImporter
LogPluginManager: Mounting plugin OpenImageDenoise
LogPluginManager: Mounting plugin MotoSynth
LogPluginManager: Mounting plugin PlanarCut
LogPluginManager: Mounting plugin PlatformCrypto
LogPluginManager: Mounting plugin ProxyLODPlugin
LogPluginManager: Mounting plugin LevelSequenceEditor
LogPluginManager: Mounting plugin MatineeToLevelSequence
LogPluginManager: Mounting plugin PythonScriptPlugin
LogPluginManager: Mounting plugin TemplateSequence
LogPluginManager: Mounting plugin ActorSequence
LogPluginManager: Mounting plugin SkeletalReduction
LogPluginManager: Mounting plugin OnlineSubsystem
LogPluginManager: Mounting plugin OnlineSubsystemNull
LogPluginManager: Mounting plugin OnlineSubsystemUtils
LogPluginManager: Mounting plugin LauncherChunkInstaller
LogPluginManager: Mounting plugin ActorLayerUtilities
LogPluginManager: Mounting plugin AndroidDeviceProfileSelector
LogPluginManager: Mounting plugin AndroidMoviePlayer
LogPluginManager: Mounting plugin AndroidPermission
LogPluginManager: Mounting plugin AppleImageUtils
LogPluginManager: Mounting plugin AppleMoviePlayer
LogPluginManager: Mounting plugin ArchVisCharacter
LogPluginManager: Mounting plugin AssetTags
LogPluginManager: Mounting plugin AudioCapture
LogPluginManager: Mounting plugin AudioSynesthesia
LogPluginManager: Mounting plugin CableComponent
LogPluginManager: Mounting plugin CustomMeshComponent
LogPluginManager: Mounting plugin EditableMesh
LogPluginManager: Mounting plugin ScreenshotTools
LogPluginManager: Mounting plugin ExampleDeviceProfileSelector
LogPluginManager: Mounting plugin ChunkDownloader
LogPluginManager: Mounting plugin GoogleCloudMessaging
LogPluginManager: Mounting plugin GooglePAD
LogPluginManager: Mounting plugin IOSDeviceProfileSelector
LogPluginManager: Mounting plugin LinuxDeviceProfileSelector
LogPluginManager: Mounting plugin MobilePatchingUtils
LogPluginManager: Mounting plugin LocationServicesBPLibrary
LogPluginManager: Mounting plugin OpenXR
LogPluginManager: Mounting plugin OpenXREyeTracker
LogPluginManager: Mounting plugin Takes
LogPluginManager: Mounting plugin OpenXRHandTracking
LogPluginManager: Mounting plugin PhysXVehicles
LogPluginManager: Mounting plugin PostSplashScreen
LogPluginManager: Mounting plugin ProceduralMeshComponent
LogPluginManager: Mounting plugin PropertyAccessEditor
LogPluginManager: Mounting plugin SignificanceManager
LogPluginManager: Mounting plugin RuntimePhysXCooking
LogPluginManager: Mounting plugin SoundFields
LogPluginManager: Mounting plugin Synthesis
LogPluginManager: Mounting plugin WebMMoviePlayer
LogPluginManager: Mounting plugin WindowsMoviePlayer
LogPluginManager: Mounting plugin OodleData
LogPluginManager: Mounting plugin ContentBrowserAssetDataSource
LogPluginManager: Mounting plugin ContentBrowserClassDataSource
LogPluginManager: Mounting plugin ContentBrowserFileDataSource
LogPluginManager: Mounting plugin OnlineSubsystemGooglePlay
LogPluginManager: Mounting plugin OnlineSubsystemIOS
LogPluginManager: Mounting plugin OculusVR
LogPluginManager: Mounting plugin SteamVR
PixWinPlugin: PIX capture plugin failed to initialize! Check that the process is launched from PIX.
LogInit: Using libcurl 7.55.1-DEV
LogInit:  - built for x86_64-pc-win32
LogInit:  - supports SSL with OpenSSL/1.1.1
LogInit:  - supports HTTP deflate (compression) using libz 1.2.8
LogInit:  - other features:
LogInit:      CURL_VERSION_SSL
LogInit:      CURL_VERSION_LIBZ
LogInit:      CURL_VERSION_IPV6
LogInit:      CURL_VERSION_ASYNCHDNS
LogInit:      CURL_VERSION_LARGEFILE
LogInit:      CURL_VERSION_IDN
LogInit:  CurlRequestOptions (configurable via config and command line):
LogInit:  - bVerifyPeer = true  - Libcurl will verify peer certificate
LogInit:  - bUseHttpProxy = false  - Libcurl will NOT use HTTP proxy
LogInit:  - bDontReuseConnections = false  - Libcurl will reuse connections
LogInit:  - MaxHostConnections = 16  - Libcurl will limit the number of connections to a host
LogInit:  - LocalHostAddr = Default
LogInit:  - BufferSize = 65536
LogOnline: OSS: Creating online subsystem instance for: NULL
LogInit: WinSock: version 1.1 (2.2), MaxSocks=32767, MaxUdp=65467
LogOnline: OSS: TryLoadSubsystemAndSetDefault: Loaded subsystem for module [NULL]
LogOculusPluginWrapper: OculusPlugin initialized successfully
LogHMD: Failed initializing OVRPlugin 1.59.0
LogInit: Build: ++UE4+Release-4.27-CL-17155196
LogInit: Engine Version: 4.27.0-17155196+++UE4+Release-4.27
LogInit: Compatible Engine Version: 4.27.0-17155196+++UE4+Release-4.27
LogInit: Net CL: 17155196
LogInit: OS: Windows 10 (Release 2009) (), CPU: Intel(R) Core(TM) i7-10750H CPU @ 2.60GHz, GPU: Intel(R) UHD Graphics
LogInit: Compiled (64-bit): Aug 13 2021 06:13:13
LogInit: Compiled with Visual C++: 19.24.28315.00
LogInit: Build Configuration: Development
LogInit: Branch Name: ++UE4+Release-4.27
LogInit: Command Line:  127.0.0.1:17777 -game -PIEVIACONSOLE -Multiprocess GameUserSettingsINI=C:/3/MultiShooter/Saved/Config/Windows/PIEGameUserSettings1.ini -MultiprocessSaveConfig -forcepassthrough -messaging -SessionName="Play in Standalone Game" -windowed -WinX=0 -WinY=24 SAVEWINPOS=1 -ResX=640 -ResY=480
LogInit: Base Directory: C:/Program Files/Epic Games/UE_4.27/Engine/Binaries/Win64/
LogInit: Allocator: TBB
LogInit: Installed Engine Build: 1
LogDevObjectVersion: Number of dev versions registered: 29
LogDevObjectVersion:   Dev-Blueprints (B0D832E4-1F89-4F0D-ACCF-7EB736FD4AA2): 10
LogDevObjectVersion:   Dev-Build (E1C64328-A22C-4D53-A36C-8E866417BD8C): 0
LogDevObjectVersion:   Dev-Core (375EC13C-06E4-48FB-B500-84F0262A717E): 4
LogDevObjectVersion:   Dev-Editor (E4B068ED-F494-42E9-A231-DA0B2E46BB41): 40
LogDevObjectVersion:   Dev-Framework (CFFC743F-43B0-4480-9391-14DF171D2073): 37
LogDevObjectVersion:   Dev-Mobile (B02B49B5-BB20-44E9-A304-32B752E40360): 3
LogDevObjectVersion:   Dev-Networking (A4E4105C-59A1-49B5-A7C5-40C4547EDFEE): 0
LogDevObjectVersion:   Dev-Online (39C831C9-5AE6-47DC-9A44-9C173E1C8E7C): 0
LogDevObjectVersion:   Dev-Physics (78F01B33-EBEA-4F98-B9B4-84EACCB95AA2): 14
LogDevObjectVersion:   Dev-Platform (6631380F-2D4D-43E0-8009-CF276956A95A): 0
LogDevObjectVersion:   Dev-Rendering (12F88B9F-8875-4AFC-A67C-D90C383ABD29): 45
LogDevObjectVersion:   Dev-Sequencer (7B5AE74C-D270-4C10-A958-57980B212A5A): 13
LogDevObjectVersion:   Dev-VR (D7296918-1DD6-4BDD-9DE2-64A83CC13884): 3
LogDevObjectVersion:   Dev-LoadTimes (C2A15278-BFE7-4AFE-6C17-90FF531DF755): 1
LogDevObjectVersion:   Private-Geometry (6EACA3D4-40EC-4CC1-B786-8BED09428FC5): 3
LogDevObjectVersion:   Dev-AnimPhys (29E575DD-E0A3-4627-9D10-D276232CDCEA): 17
LogDevObjectVersion:   Dev-Anim (AF43A65D-7FD3-4947-9873-3E8ED9C1BB05): 15
LogDevObjectVersion:   Dev-ReflectionCapture (6B266CEC-1EC7-4B8F-A30B-E4D90942FC07): 1
LogDevObjectVersion:   Dev-Automation (0DF73D61-A23F-47EA-B727-89E90C41499A): 1
LogDevObjectVersion:   FortniteMain (601D1886-AC64-4F84-AA16-D3DE0DEAC7D6): 47
LogDevObjectVersion:   FortniteRelease (E7086368-6B23-4C58-8439-1B7016265E91): 1
LogDevObjectVersion:   Dev-Enterprise (9DFFBCD6-494F-0158-E221-12823C92A888): 10
LogDevObjectVersion:   Dev-Niagara (F2AED0AC-9AFE-416F-8664-AA7FFA26D6FC): 1
LogDevObjectVersion:   Dev-Destruction (174F1F0B-B4C6-45A5-B13F-2EE8D0FB917D): 10
LogDevObjectVersion:   Dev-Physics-Ext (35F94A83-E258-406C-A318-09F59610247C): 41
LogDevObjectVersion:   Dev-PhysicsMaterial-Chaos (B68FC16E-8B1B-42E2-B453-215C058844FE): 1
LogDevObjectVersion:   Dev-CineCamera (B2E18506-4273-CFC2-A54E-F4BB758BBA07): 1
LogDevObjectVersion:   Dev-VirtualProduction (64F58936-FD1B-42BA-BA96-7289D5D0FA4E): 1
LogDevObjectVersion:   Dev-MediaFramework (6F0ED827-A609-4895-9C91-998D90180EA4): 2
LogInit: Presizing for max 25165824 objects, including 0 objects not considered by GC, pre-allocating 0 bytes for permanent pool.
LogConfig: Applying CVar settings from Section [/Script/Engine.StreamingSettings] File [C:/3/MultiShooter/Saved/Config/Windows/Engine.ini]
LogConfig: Setting CVar [[s.MinBulkDataSizeForAsyncLoading:131072]]
LogConfig: Setting CVar [[s.AsyncLoadingThreadEnabled:0]]
LogConfig: Setting CVar [[s.EventDrivenLoaderEnabled:1]]
LogConfig: Setting CVar [[s.WarnIfTimeLimitExceeded:0]]
LogConfig: Setting CVar [[s.TimeLimitExceededMultiplier:1.5]]
LogConfig: Setting CVar [[s.TimeLimitExceededMinTime:0.005]]
LogConfig: Setting CVar [[s.UseBackgroundLevelStreaming:1]]
LogConfig: Setting CVar [[s.PriorityAsyncLoadingExtraTime:15.0]]
LogConfig: Setting CVar [[s.LevelStreamingActorsUpdateTimeLimit:5.0]]
LogConfig: Setting CVar [[s.PriorityLevelStreamingActorsUpdateExtraTime:5.0]]
LogConfig: Setting CVar [[s.LevelStreamingComponentsRegistrationGranularity:10]]
LogConfig: Setting CVar [[s.UnregisterComponentsTimeLimit:1.0]]
LogConfig: Setting CVar [[s.LevelStreamingComponentsUnregistrationGranularity:5]]
LogConfig: Setting CVar [[s.FlushStreamingOnExit:1]]
LogInit: Object subsystem initialized
LogConfig: Setting CVar [[con.DebugEarlyDefault:1]]
LogConfig: Setting CVar [[r.setres:1280x720]]
[2022.04.28-20.43.22:737][  0]LogConfig: Setting CVar [[con.DebugEarlyDefault:1]]
[2022.04.28-20.43.22:737][  0]LogConfig: Setting CVar [[r.setres:1280x720]]
[2022.04.28-20.43.22:737][  0]LogConfig: Applying CVar settings from Section [/Script/Engine.RendererSettings] File [C:/3/MultiShooter/Saved/Config/Windows/Engine.ini]
[2022.04.28-20.43.22:737][  0]LogConfig: Setting CVar [[r.GPUCrashDebugging:0]]
[2022.04.28-20.43.22:737][  0]LogConfig: Applying CVar settings from Section [/Script/Engine.RendererOverrideSettings] File [C:/3/MultiShooter/Saved/Config/Windows/Engine.ini]
[2022.04.28-20.43.22:737][  0]LogConfig: Applying CVar settings from Section [/Script/Engine.StreamingSettings] File [C:/3/MultiShooter/Saved/Config/Windows/Engine.ini]
[2022.04.28-20.43.22:737][  0]LogConfig: Setting CVar [[s.MinBulkDataSizeForAsyncLoading:131072]]
[2022.04.28-20.43.22:737][  0]LogConfig: Setting CVar [[s.AsyncLoadingThreadEnabled:0]]
[2022.04.28-20.43.22:737][  0]LogConfig: Setting CVar [[s.EventDrivenLoaderEnabled:1]]
[2022.04.28-20.43.22:737][  0]LogConfig: Setting CVar [[s.WarnIfTimeLimitExceeded:0]]
[2022.04.28-20.43.22:737][  0]LogConfig: Setting CVar [[s.TimeLimitExceededMultiplier:1.5]]
[2022.04.28-20.43.22:737][  0]LogConfig: Setting CVar [[s.TimeLimitExceededMinTime:0.005]]
[2022.04.28-20.43.22:737][  0]LogConfig: Setting CVar [[s.UseBackgroundLevelStreaming:1]]
[2022.04.28-20.43.22:737][  0]LogConfig: Setting CVar [[s.PriorityAsyncLoadingExtraTime:15.0]]
[2022.04.28-20.43.22:737][  0]LogConfig: Setting CVar [[s.LevelStreamingActorsUpdateTimeLimit:5.0]]
[2022.04.28-20.43.22:737][  0]LogConfig: Setting CVar [[s.PriorityLevelStreamingActorsUpdateExtraTime:5.0]]
[2022.04.28-20.43.22:737][  0]LogConfig: Setting CVar [[s.LevelStreamingComponentsRegistrationGranularity:10]]
[2022.04.28-20.43.22:737][  0]LogConfig: Setting CVar [[s.UnregisterComponentsTimeLimit:1.0]]
[2022.04.28-20.43.22:737][  0]LogConfig: Setting CVar [[s.LevelStreamingComponentsUnregistrationGranularity:5]]
[2022.04.28-20.43.22:737][  0]LogConfig: Setting CVar [[s.FlushStreamingOnExit:1]]
[2022.04.28-20.43.22:737][  0]LogConfig: Applying CVar settings from Section [/Script/Engine.GarbageCollectionSettings] File [C:/3/MultiShooter/Saved/Config/Windows/Engine.ini]
[2022.04.28-20.43.22:737][  0]LogConfig: Setting CVar [[gc.MaxObjectsNotConsideredByGC:1]]
[2022.04.28-20.43.22:737][  0]LogConfig: Setting CVar [[gc.SizeOfPermanentObjectPool:0]]
[2022.04.28-20.43.22:737][  0]LogConfig: Setting CVar [[gc.FlushStreamingOnGC:0]]
[2022.04.28-20.43.22:737][  0]LogConfig: Setting CVar [[gc.NumRetriesBeforeForcingGC:10]]
[2022.04.28-20.43.22:737][  0]LogConfig: Setting CVar [[gc.AllowParallelGC:1]]
[2022.04.28-20.43.22:737][  0]LogConfig: Setting CVar [[gc.TimeBetweenPurgingPendingKillObjects:61.1]]
[2022.04.28-20.43.22:737][  0]LogConfig: Setting CVar [[gc.MaxObjectsInEditor:25165824]]
[2022.04.28-20.43.22:737][  0]LogConfig: Setting CVar [[gc.IncrementalBeginDestroyEnabled:1]]
[2022.04.28-20.43.22:737][  0]LogConfig: Setting CVar [[gc.CreateGCClusters:1]]
[2022.04.28-20.43.22:737][  0]LogConfig: Setting CVar [[gc.MinGCClusterSize:5]]
[2022.04.28-20.43.22:737][  0]LogConfig: Setting CVar [[gc.ActorClusteringEnabled:0]]
[2022.04.28-20.43.22:737][  0]LogConfig: Setting CVar [[gc.BlueprintClusteringEnabled:0]]
[2022.04.28-20.43.22:737][  0]LogConfig: Setting CVar [[gc.UseDisregardForGCOnDedicatedServers:0]]
[2022.04.28-20.43.22:737][  0]LogConfig: Setting CVar [[gc.MultithreadedDestructionEnabled:1]]
[2022.04.28-20.43.22:737][  0]LogConfig: Applying CVar settings from Section [/Script/Engine.NetworkSettings] File [C:/3/MultiShooter/Saved/Config/Windows/Engine.ini]
[2022.04.28-20.43.22:737][  0]LogConfig: Applying CVar settings from Section [/Script/UnrealEd.CookerSettings] File [C:/3/MultiShooter/Saved/Config/Windows/Engine.ini]
[2022.04.28-20.43.22:751][  0]LogConfig: Applying CVar settings from Section [ViewDistanceQuality@3] File [C:/3/MultiShooter/Saved/Config/Windows/Scalability.ini]
[2022.04.28-20.43.22:751][  0]LogConfig: Setting CVar [[r.SkeletalMeshLODBias:0]]
[2022.04.28-20.43.22:751][  0]LogConfig: Setting CVar [[r.ViewDistanceScale:1.0]]
[2022.04.28-20.43.22:751][  0]LogConfig: Applying CVar settings from Section [AntiAliasingQuality@3] File [C:/3/MultiShooter/Saved/Config/Windows/Scalability.ini]
[2022.04.28-20.43.22:751][  0]LogConfig: Setting CVar [[r.PostProcessAAQuality:4]]
[2022.04.28-20.43.22:751][  0]LogConfig: Applying CVar settings from Section [ShadowQuality@3] File [C:/3/MultiShooter/Saved/Config/Windows/Scalability.ini]
[2022.04.28-20.43.22:751][  0]LogConfig: Setting CVar [[r.LightFunctionQuality:1]]
[2022.04.28-20.43.22:751][  0]LogConfig: Setting CVar [[r.ShadowQuality:5]]
[2022.04.28-20.43.22:751][  0]LogConfig: Setting CVar [[r.Shadow.CSM.MaxCascades:10]]
[2022.04.28-20.43.22:751][  0]LogConfig: Setting CVar [[r.Shadow.MaxResolution:2048]]
[2022.04.28-20.43.22:751][  0]LogConfig: Setting CVar [[r.Shadow.MaxCSMResolution:2048]]
[2022.04.28-20.43.22:751][  0]LogConfig: Setting CVar [[r.Shadow.RadiusThreshold:0.01]]
[2022.04.28-20.43.22:751][  0]LogConfig: Setting CVar [[r.Shadow.DistanceScale:1.0]]
[2022.04.28-20.43.22:751][  0]LogConfig: Setting CVar [[r.Shadow.CSM.TransitionScale:1.0]]
[2022.04.28-20.43.22:751][  0]LogConfig: Setting CVar [[r.Shadow.PreShadowResolutionFactor:1.0]]
[2022.04.28-20.43.22:751][  0]LogConfig: Setting CVar [[r.DistanceFieldShadowing:1]]
[2022.04.28-20.43.22:751][  0]LogConfig: Setting CVar [[r.DistanceFieldAO:1]]
[2022.04.28-20.43.22:751][  0]LogConfig: Setting CVar [[r.AOQuality:2]]
[2022.04.28-20.43.22:751][  0]LogConfig: Setting CVar [[r.VolumetricFog:1]]
[2022.04.28-20.43.22:751][  0]LogConfig: Setting CVar [[r.VolumetricFog.GridPixelSize:8]]
[2022.04.28-20.43.22:751][  0]LogConfig: Setting CVar [[r.VolumetricFog.GridSizeZ:128]]
[2022.04.28-20.43.22:751][  0]LogConfig: Setting CVar [[r.VolumetricFog.HistoryMissSupersampleCount:4]]
[2022.04.28-20.43.22:751][  0]LogConfig: Setting CVar [[r.LightMaxDrawDistanceScale:1]]
[2022.04.28-20.43.22:751][  0]LogConfig: Setting CVar [[r.CapsuleShadows:1]]
[2022.04.28-20.43.22:751][  0]LogConfig: Applying CVar settings from Section [PostProcessQuality@3] File [C:/3/MultiShooter/Saved/Config/Windows/Scalability.ini]
[2022.04.28-20.43.22:751][  0]LogConfig: Setting CVar [[r.MotionBlurQuality:4]]
[2022.04.28-20.43.22:751][  0]LogConfig: Setting CVar [[r.AmbientOcclusionMipLevelFactor:0.4]]
[2022.04.28-20.43.22:751][  0]LogConfig: Setting CVar [[r.AmbientOcclusionMaxQuality:100]]
[2022.04.28-20.43.22:751][  0]LogConfig: Setting CVar [[r.AmbientOcclusionLevels:-1]]
[2022.04.28-20.43.22:751][  0]LogConfig: Setting CVar [[r.AmbientOcclusionRadiusScale:1.0]]
[2022.04.28-20.43.22:751][  0]LogConfig: Setting CVar [[r.DepthOfFieldQuality:2]]
[2022.04.28-20.43.22:751][  0]LogConfig: Setting CVar [[r.RenderTargetPoolMin:400]]
[2022.04.28-20.43.22:751][  0]LogConfig: Setting CVar [[r.LensFlareQuality:2]]
[2022.04.28-20.43.22:751][  0]LogConfig: Setting CVar [[r.SceneColorFringeQuality:1]]
[2022.04.28-20.43.22:751][  0]LogConfig: Setting CVar [[r.EyeAdaptationQuality:2]]
[2022.04.28-20.43.22:751][  0]LogConfig: Setting CVar [[r.BloomQuality:5]]
[2022.04.28-20.43.22:751][  0]LogConfig: Setting CVar [[r.FastBlurThreshold:100]]
[2022.04.28-20.43.22:751][  0]LogConfig: Setting CVar [[r.Upscale.Quality:3]]
[2022.04.28-20.43.22:751][  0]LogConfig: Setting CVar [[r.Tonemapper.GrainQuantization:1]]
[2022.04.28-20.43.22:751][  0]LogConfig: Setting CVar [[r.LightShaftQuality:1]]
[2022.04.28-20.43.22:751][  0]LogConfig: Setting CVar [[r.Filter.SizeScale:1]]
[2022.04.28-20.43.22:751][  0]LogConfig: Setting CVar [[r.Tonemapper.Quality:5]]
[2022.04.28-20.43.22:751][  0]LogConfig: Setting CVar [[r.DOF.Gather.AccumulatorQuality:1        ; higher gathering accumulator quality]]
[2022.04.28-20.43.22:751][  0]LogConfig: Setting CVar [[r.DOF.Gather.PostfilterMethod:1          ; Median3x3 postfilering method]]
[2022.04.28-20.43.22:751][  0]LogConfig: Setting CVar [[r.DOF.Gather.EnableBokehSettings:0       ; no bokeh simulation when gathering]]
[2022.04.28-20.43.22:751][  0]LogConfig: Setting CVar [[r.DOF.Gather.RingCount:4                 ; medium number of samples when gathering]]
[2022.04.28-20.43.22:751][  0]LogConfig: Setting CVar [[r.DOF.Scatter.ForegroundCompositing:1    ; additive foreground scattering]]
[2022.04.28-20.43.22:751][  0]LogConfig: Setting CVar [[r.DOF.Scatter.BackgroundCompositing:2    ; additive background scattering]]
[2022.04.28-20.43.22:751][  0]LogConfig: Setting CVar [[r.DOF.Scatter.EnableBokehSettings:1      ; bokeh simulation when scattering]]
[2022.04.28-20.43.22:751][  0]LogConfig: Setting CVar [[r.DOF.Scatter.MaxSpriteRatio:0.1         ; only a maximum of 10% of scattered bokeh]]
[2022.04.28-20.43.22:751][  0]LogConfig: Setting CVar [[r.DOF.Recombine.Quality:1                ; cheap slight out of focus]]
[2022.04.28-20.43.22:751][  0]LogConfig: Setting CVar [[r.DOF.Recombine.EnableBokehSettings:0    ; no bokeh simulation on slight out of focus]]
[2022.04.28-20.43.22:751][  0]LogConfig: Setting CVar [[r.DOF.TemporalAAQuality:1                ; more stable temporal accumulation]]
[2022.04.28-20.43.22:751][  0]LogConfig: Setting CVar [[r.DOF.Kernel.MaxForegroundRadius:0.025]]
[2022.04.28-20.43.22:751][  0]LogConfig: Setting CVar [[r.DOF.Kernel.MaxBackgroundRadius:0.025]]
[2022.04.28-20.43.22:751][  0]LogConfig: Applying CVar settings from Section [TextureQuality@3] File [C:/3/MultiShooter/Saved/Config/Windows/Scalability.ini]
[2022.04.28-20.43.22:751][  0]LogConfig: Setting CVar [[r.Streaming.MipBias:0]]
[2022.04.28-20.43.22:751][  0]LogConfig: Setting CVar [[r.Streaming.AmortizeCPUToGPUCopy:0]]
[2022.04.28-20.43.22:751][  0]LogConfig: Setting CVar [[r.Streaming.MaxNumTexturesToStreamPerFrame:0]]
[2022.04.28-20.43.22:751][  0]LogConfig: Setting CVar [[r.Streaming.Boost:1]]
[2022.04.28-20.43.22:751][  0]LogConfig: Setting CVar [[r.MaxAnisotropy:8]]
[2022.04.28-20.43.22:751][  0]LogConfig: Setting CVar [[r.VT.MaxAnisotropy:8]]
[2022.04.28-20.43.22:751][  0]LogConfig: Setting CVar [[r.Streaming.LimitPoolSizeToVRAM:0]]
[2022.04.28-20.43.22:751][  0]LogConfig: Setting CVar [[r.Streaming.PoolSize:1000]]
[2022.04.28-20.43.22:751][  0]LogConfig: Setting CVar [[r.Streaming.MaxEffectiveScreenSize:0]]
[2022.04.28-20.43.22:751][  0]LogConfig: Applying CVar settings from Section [EffectsQuality@3] File [C:/3/MultiShooter/Saved/Config/Windows/Scalability.ini]
[2022.04.28-20.43.22:751][  0]LogConfig: Setting CVar [[r.TranslucencyLightingVolumeDim:64]]
[2022.04.28-20.43.22:751][  0]LogConfig: Setting CVar [[r.RefractionQuality:2]]
[2022.04.28-20.43.22:751][  0]LogConfig: Setting CVar [[r.SSR.Quality:3]]
[2022.04.28-20.43.22:751][  0]LogConfig: Setting CVar [[r.SSR.HalfResSceneColor:0]]
[2022.04.28-20.43.22:751][  0]LogConfig: Setting CVar [[r.SceneColorFormat:4]]
[2022.04.28-20.43.22:751][  0]LogConfig: Setting CVar [[r.DetailMode:2]]
[2022.04.28-20.43.22:751][  0]LogConfig: Setting CVar [[r.TranslucencyVolumeBlur:1]]
[2022.04.28-20.43.22:751][  0]LogConfig: Setting CVar [[r.MaterialQualityLevel:1 ; High quality]]
[2022.04.28-20.43.22:751][  0]LogConfig: Setting CVar [[r.AnisotropicMaterials:1]]
[2022.04.28-20.43.22:751][  0]LogConfig: Setting CVar [[r.SSS.Scale:1]]
[2022.04.28-20.43.22:751][  0]LogConfig: Setting CVar [[r.SSS.SampleSet:2]]
[2022.04.28-20.43.22:751][  0]LogConfig: Setting CVar [[r.SSS.Quality:1]]
[2022.04.28-20.43.22:751][  0]LogConfig: Setting CVar [[r.SSS.HalfRes:0]]
[2022.04.28-20.43.22:751][  0]LogConfig: Setting CVar [[r.SSGI.Quality:3]]
[2022.04.28-20.43.22:751][  0]LogConfig: Setting CVar [[r.EmitterSpawnRateScale:1.0]]
[2022.04.28-20.43.22:751][  0]LogConfig: Setting CVar [[r.ParticleLightQuality:2]]
[2022.04.28-20.43.22:751][  0]LogConfig: Setting CVar [[r.SkyAtmosphere.AerialPerspectiveLUT.FastApplyOnOpaque:1 ; Always have FastSkyLUT 1 in this case to avoid wrong sky]]
[2022.04.28-20.43.22:751][  0]LogConfig: Setting CVar [[r.SkyAtmosphere.AerialPerspectiveLUT.SampleCountMaxPerSlice:4]]
[2022.04.28-20.43.22:751][  0]LogConfig: Setting CVar [[r.SkyAtmosphere.AerialPerspectiveLUT.DepthResolution:16.0]]
[2022.04.28-20.43.22:751][  0]LogConfig: Setting CVar [[r.SkyAtmosphere.FastSkyLUT:1]]
[2022.04.28-20.43.22:751][  0]LogConfig: Setting CVar [[r.SkyAtmosphere.FastSkyLUT.SampleCountMin:4.0]]
[2022.04.28-20.43.22:751][  0]LogConfig: Setting CVar [[r.SkyAtmosphere.FastSkyLUT.SampleCountMax:128.0]]
[2022.04.28-20.43.22:752][  0]LogConfig: Setting CVar [[r.SkyAtmosphere.SampleCountMin:4.0]]
[2022.04.28-20.43.22:752][  0]LogConfig: Setting CVar [[r.SkyAtmosphere.SampleCountMax:128.0]]
[2022.04.28-20.43.22:752][  0]LogConfig: Setting CVar [[r.SkyAtmosphere.TransmittanceLUT.UseSmallFormat:0]]
[2022.04.28-20.43.22:752][  0]LogConfig: Setting CVar [[r.SkyAtmosphere.TransmittanceLUT.SampleCount:10.0]]
[2022.04.28-20.43.22:752][  0]LogConfig: Setting CVar [[r.SkyAtmosphere.MultiScatteringLUT.SampleCount:15.0]]
[2022.04.28-20.43.22:752][  0]LogConfig: Setting CVar [[r.SkyLight.RealTimeReflectionCapture:1]]
[2022.04.28-20.43.22:752][  0]LogConfig: Applying CVar settings from Section [FoliageQuality@3] File [C:/3/MultiShooter/Saved/Config/Windows/Scalability.ini]
[2022.04.28-20.43.22:752][  0]LogConfig: Setting CVar [[foliage.DensityScale:1.0]]
[2022.04.28-20.43.22:752][  0]LogConfig: Setting CVar [[grass.DensityScale:1.0]]
[2022.04.28-20.43.22:752][  0]LogConfig: Applying CVar settings from Section [ShadingQuality@3] File [C:/3/MultiShooter/Saved/Config/Windows/Scalability.ini]
[2022.04.28-20.43.22:752][  0]LogConfig: Setting CVar [[r.HairStrands.SkyLighting.IntegrationType:2]]
[2022.04.28-20.43.22:752][  0]LogConfig: Setting CVar [[r.HairStrands.SkyAO.SampleCount:4]]
[2022.04.28-20.43.22:752][  0]LogConfig: Setting CVar [[r.HairStrands.Visibility.MSAA.SamplePerPixel:4]]
[2022.04.28-20.43.22:752][  0]LogInit: Selected Device Profile: [Windows]
[2022.04.28-20.43.22:752][  0]LogInit: Applying CVar settings loaded from the selected device profile: [Windows]
[2022.04.28-20.43.22:752][  0]LogHAL: Display: Platform has ~ 16 GB [16971386880 / 17179869184 / 16], which maps to Larger [LargestMinGB=32, LargerMinGB=12, DefaultMinGB=8, SmallerMinGB=6, SmallestMinGB=0)
[2022.04.28-20.43.22:752][  0]LogInit: Going up to parent DeviceProfile []
[2022.04.28-20.43.22:752][  0]LogConfig: Applying CVar settings from Section [ViewDistanceQuality@3] File [C:/3/MultiShooter/Saved/Config/Windows/Scalability.ini]
[2022.04.28-20.43.22:752][  0]LogConfig: Setting CVar [[r.SkeletalMeshLODBias:0]]
[2022.04.28-20.43.22:752][  0]LogConfig: Setting CVar [[r.ViewDistanceScale:1.0]]
[2022.04.28-20.43.22:752][  0]LogConfig: Applying CVar settings from Section [AntiAliasingQuality@3] File [C:/3/MultiShooter/Saved/Config/Windows/Scalability.ini]
[2022.04.28-20.43.22:752][  0]LogConfig: Setting CVar [[r.PostProcessAAQuality:4]]
[2022.04.28-20.43.22:752][  0]LogConfig: Applying CVar settings from Section [ShadowQuality@3] File [C:/3/MultiShooter/Saved/Config/Windows/Scalability.ini]
[2022.04.28-20.43.22:752][  0]LogConfig: Setting CVar [[r.LightFunctionQuality:1]]
[2022.04.28-20.43.22:752][  0]LogConfig: Setting CVar [[r.ShadowQuality:5]]
[2022.04.28-20.43.22:752][  0]LogConfig: Setting CVar [[r.Shadow.CSM.MaxCascades:10]]
[2022.04.28-20.43.22:752][  0]LogConfig: Setting CVar [[r.Shadow.MaxResolution:2048]]
[2022.04.28-20.43.22:752][  0]LogConfig: Setting CVar [[r.Shadow.MaxCSMResolution:2048]]
[2022.04.28-20.43.22:752][  0]LogConfig: Setting CVar [[r.Shadow.RadiusThreshold:0.01]]
[2022.04.28-20.43.22:752][  0]LogConfig: Setting CVar [[r.Shadow.DistanceScale:1.0]]
[2022.04.28-20.43.22:752][  0]LogConfig: Setting CVar [[r.Shadow.CSM.TransitionScale:1.0]]
[2022.04.28-20.43.22:752][  0]LogConfig: Setting CVar [[r.Shadow.PreShadowResolutionFactor:1.0]]
[2022.04.28-20.43.22:752][  0]LogConfig: Setting CVar [[r.DistanceFieldShadowing:1]]
[2022.04.28-20.43.22:752][  0]LogConfig: Setting CVar [[r.DistanceFieldAO:1]]
[2022.04.28-20.43.22:752][  0]LogConfig: Setting CVar [[r.AOQuality:2]]
[2022.04.28-20.43.22:752][  0]LogConfig: Setting CVar [[r.VolumetricFog:1]]
[2022.04.28-20.43.22:752][  0]LogConfig: Setting CVar [[r.VolumetricFog.GridPixelSize:8]]
[2022.04.28-20.43.22:752][  0]LogConfig: Setting CVar [[r.VolumetricFog.GridSizeZ:128]]
[2022.04.28-20.43.22:752][  0]LogConfig: Setting CVar [[r.VolumetricFog.HistoryMissSupersampleCount:4]]
[2022.04.28-20.43.22:752][  0]LogConfig: Setting CVar [[r.LightMaxDrawDistanceScale:1]]
[2022.04.28-20.43.22:752][  0]LogConfig: Setting CVar [[r.CapsuleShadows:1]]
[2022.04.28-20.43.22:752][  0]LogConfig: Applying CVar settings from Section [PostProcessQuality@3] File [C:/3/MultiShooter/Saved/Config/Windows/Scalability.ini]
[2022.04.28-20.43.22:752][  0]LogConfig: Setting CVar [[r.MotionBlurQuality:4]]
[2022.04.28-20.43.22:752][  0]LogConfig: Setting CVar [[r.AmbientOcclusionMipLevelFactor:0.4]]
[2022.04.28-20.43.22:752][  0]LogConfig: Setting CVar [[r.AmbientOcclusionMaxQuality:100]]
[2022.04.28-20.43.22:752][  0]LogConfig: Setting CVar [[r.AmbientOcclusionLevels:-1]]
[2022.04.28-20.43.22:752][  0]LogConfig: Setting CVar [[r.AmbientOcclusionRadiusScale:1.0]]
[2022.04.28-20.43.22:752][  0]LogConfig: Setting CVar [[r.DepthOfFieldQuality:2]]
[2022.04.28-20.43.22:752][  0]LogConfig: Setting CVar [[r.RenderTargetPoolMin:400]]
[2022.04.28-20.43.22:752][  0]LogConfig: Setting CVar [[r.LensFlareQuality:2]]
[2022.04.28-20.43.22:752][  0]LogConfig: Setting CVar [[r.SceneColorFringeQuality:1]]
[2022.04.28-20.43.22:752][  0]LogConfig: Setting CVar [[r.EyeAdaptationQuality:2]]
[2022.04.28-20.43.22:752][  0]LogConfig: Setting CVar [[r.BloomQuality:5]]
[2022.04.28-20.43.22:752][  0]LogConfig: Setting CVar [[r.FastBlurThreshold:100]]
[2022.04.28-20.43.22:752][  0]LogConfig: Setting CVar [[r.Upscale.Quality:3]]
[2022.04.28-20.43.22:752][  0]LogConfig: Setting CVar [[r.Tonemapper.GrainQuantization:1]]
[2022.04.28-20.43.22:752][  0]LogConfig: Setting CVar [[r.LightShaftQuality:1]]
[2022.04.28-20.43.22:752][  0]LogConfig: Setting CVar [[r.Filter.SizeScale:1]]
[2022.04.28-20.43.22:752][  0]LogConfig: Setting CVar [[r.Tonemapper.Quality:5]]
[2022.04.28-20.43.22:752][  0]LogConfig: Setting CVar [[r.DOF.Gather.AccumulatorQuality:1        ; higher gathering accumulator quality]]
[2022.04.28-20.43.22:752][  0]LogConfig: Setting CVar [[r.DOF.Gather.PostfilterMethod:1          ; Median3x3 postfilering method]]
[2022.04.28-20.43.22:752][  0]LogConfig: Setting CVar [[r.DOF.Gather.EnableBokehSettings:0       ; no bokeh simulation when gathering]]
[2022.04.28-20.43.22:752][  0]LogConfig: Setting CVar [[r.DOF.Gather.RingCount:4                 ; medium number of samples when gathering]]
[2022.04.28-20.43.22:752][  0]LogConfig: Setting CVar [[r.DOF.Scatter.ForegroundCompositing:1    ; additive foreground scattering]]
[2022.04.28-20.43.22:752][  0]LogConfig: Setting CVar [[r.DOF.Scatter.BackgroundCompositing:2    ; additive background scattering]]
[2022.04.28-20.43.22:752][  0]LogConfig: Setting CVar [[r.DOF.Scatter.EnableBokehSettings:1      ; bokeh simulation when scattering]]
[2022.04.28-20.43.22:752][  0]LogConfig: Setting CVar [[r.DOF.Scatter.MaxSpriteRatio:0.1         ; only a maximum of 10% of scattered bokeh]]
[2022.04.28-20.43.22:752][  0]LogConfig: Setting CVar [[r.DOF.Recombine.Quality:1                ; cheap slight out of focus]]
[2022.04.28-20.43.22:752][  0]LogConfig: Setting CVar [[r.DOF.Recombine.EnableBokehSettings:0    ; no bokeh simulation on slight out of focus]]
[2022.04.28-20.43.22:752][  0]LogConfig: Setting CVar [[r.DOF.TemporalAAQuality:1                ; more stable temporal accumulation]]
[2022.04.28-20.43.22:752][  0]LogConfig: Setting CVar [[r.DOF.Kernel.MaxForegroundRadius:0.025]]
[2022.04.28-20.43.22:752][  0]LogConfig: Setting CVar [[r.DOF.Kernel.MaxBackgroundRadius:0.025]]
[2022.04.28-20.43.22:752][  0]LogConfig: Applying CVar settings from Section [TextureQuality@3] File [C:/3/MultiShooter/Saved/Config/Windows/Scalability.ini]
[2022.04.28-20.43.22:752][  0]LogConfig: Setting CVar [[r.Streaming.MipBias:0]]
[2022.04.28-20.43.22:752][  0]LogConfig: Setting CVar [[r.Streaming.AmortizeCPUToGPUCopy:0]]
[2022.04.28-20.43.22:752][  0]LogConfig: Setting CVar [[r.Streaming.MaxNumTexturesToStreamPerFrame:0]]
[2022.04.28-20.43.22:752][  0]LogConfig: Setting CVar [[r.Streaming.Boost:1]]
[2022.04.28-20.43.22:752][  0]LogConfig: Setting CVar [[r.MaxAnisotropy:8]]
[2022.04.28-20.43.22:752][  0]LogConfig: Setting CVar [[r.VT.MaxAnisotropy:8]]
[2022.04.28-20.43.22:752][  0]LogConfig: Setting CVar [[r.Streaming.LimitPoolSizeToVRAM:0]]
[2022.04.28-20.43.22:752][  0]LogConfig: Setting CVar [[r.Streaming.PoolSize:1000]]
[2022.04.28-20.43.22:752][  0]LogConfig: Setting CVar [[r.Streaming.MaxEffectiveScreenSize:0]]
[2022.04.28-20.43.22:752][  0]LogConfig: Applying CVar settings from Section [EffectsQuality@3] File [C:/3/MultiShooter/Saved/Config/Windows/Scalability.ini]
[2022.04.28-20.43.22:752][  0]LogConfig: Setting CVar [[r.TranslucencyLightingVolumeDim:64]]
[2022.04.28-20.43.22:753][  0]LogConfig: Setting CVar [[r.RefractionQuality:2]]
[2022.04.28-20.43.22:753][  0]LogConfig: Setting CVar [[r.SSR.Quality:3]]
[2022.04.28-20.43.22:753][  0]LogConfig: Setting CVar [[r.SSR.HalfResSceneColor:0]]
[2022.04.28-20.43.22:753][  0]LogConfig: Setting CVar [[r.SceneColorFormat:4]]
[2022.04.28-20.43.22:753][  0]LogConfig: Setting CVar [[r.DetailMode:2]]
[2022.04.28-20.43.22:753][  0]LogConfig: Setting CVar [[r.TranslucencyVolumeBlur:1]]
[2022.04.28-20.43.22:753][  0]LogConfig: Setting CVar [[r.MaterialQualityLevel:1 ; High quality]]
[2022.04.28-20.43.22:753][  0]LogConfig: Setting CVar [[r.AnisotropicMaterials:1]]
[2022.04.28-20.43.22:753][  0]LogConfig: Setting CVar [[r.SSS.Scale:1]]
[2022.04.28-20.43.22:753][  0]LogConfig: Setting CVar [[r.SSS.SampleSet:2]]
[2022.04.28-20.43.22:753][  0]LogConfig: Setting CVar [[r.SSS.Quality:1]]
[2022.04.28-20.43.22:753][  0]LogConfig: Setting CVar [[r.SSS.HalfRes:0]]
[2022.04.28-20.43.22:753][  0]LogConfig: Setting CVar [[r.SSGI.Quality:3]]
[2022.04.28-20.43.22:753][  0]LogConfig: Setting CVar [[r.EmitterSpawnRateScale:1.0]]
[2022.04.28-20.43.22:753][  0]LogConfig: Setting CVar [[r.ParticleLightQuality:2]]
[2022.04.28-20.43.22:753][  0]LogConfig: Setting CVar [[r.SkyAtmosphere.AerialPerspectiveLUT.FastApplyOnOpaque:1 ; Always have FastSkyLUT 1 in this case to avoid wrong sky]]
[2022.04.28-20.43.22:753][  0]LogConfig: Setting CVar [[r.SkyAtmosphere.AerialPerspectiveLUT.SampleCountMaxPerSlice:4]]
[2022.04.28-20.43.22:753][  0]LogConfig: Setting CVar [[r.SkyAtmosphere.AerialPerspectiveLUT.DepthResolution:16.0]]
[2022.04.28-20.43.22:753][  0]LogConfig: Setting CVar [[r.SkyAtmosphere.FastSkyLUT:1]]
[2022.04.28-20.43.22:753][  0]LogConfig: Setting CVar [[r.SkyAtmosphere.FastSkyLUT.SampleCountMin:4.0]]
[2022.04.28-20.43.22:753][  0]LogConfig: Setting CVar [[r.SkyAtmosphere.FastSkyLUT.SampleCountMax:128.0]]
[2022.04.28-20.43.22:753][  0]LogConfig: Setting CVar [[r.SkyAtmosphere.SampleCountMin:4.0]]
[2022.04.28-20.43.22:753][  0]LogConfig: Setting CVar [[r.SkyAtmosphere.SampleCountMax:128.0]]
[2022.04.28-20.43.22:753][  0]LogConfig: Setting CVar [[r.SkyAtmosphere.TransmittanceLUT.UseSmallFormat:0]]
[2022.04.28-20.43.22:753][  0]LogConfig: Setting CVar [[r.SkyAtmosphere.TransmittanceLUT.SampleCount:10.0]]
[2022.04.28-20.43.22:753][  0]LogConfig: Setting CVar [[r.SkyAtmosphere.MultiScatteringLUT.SampleCount:15.0]]
[2022.04.28-20.43.22:753][  0]LogConfig: Setting CVar [[r.SkyLight.RealTimeReflectionCapture:1]]
[2022.04.28-20.43.22:753][  0]LogConfig: Applying CVar settings from Section [FoliageQuality@3] File [C:/3/MultiShooter/Saved/Config/Windows/Scalability.ini]
[2022.04.28-20.43.22:753][  0]LogConfig: Setting CVar [[foliage.DensityScale:1.0]]
[2022.04.28-20.43.22:753][  0]LogConfig: Setting CVar [[grass.DensityScale:1.0]]
[2022.04.28-20.43.22:753][  0]LogConfig: Applying CVar settings from Section [ShadingQuality@3] File [C:/3/MultiShooter/Saved/Config/Windows/Scalability.ini]
[2022.04.28-20.43.22:753][  0]LogConfig: Setting CVar [[r.HairStrands.SkyLighting.IntegrationType:2]]
[2022.04.28-20.43.22:753][  0]LogConfig: Setting CVar [[r.HairStrands.SkyAO.SampleCount:4]]
[2022.04.28-20.43.22:753][  0]LogConfig: Setting CVar [[r.HairStrands.Visibility.MSAA.SamplePerPixel:4]]
[2022.04.28-20.43.22:753][  0]LogConfig: Applying CVar settings from Section [Startup] File [../../../Engine/Config/ConsoleVariables.ini]
[2022.04.28-20.43.22:753][  0]LogConfig: Setting CVar [[net.UseAdaptiveNetUpdateFrequency:0]]
[2022.04.28-20.43.22:753][  0]LogConfig: Setting CVar [[p.chaos.AllowCreatePhysxBodies:1]]
[2022.04.28-20.43.22:753][  0]LogConfig: Setting CVar [[fx.SkipVectorVMBackendOptimizations:1]]
[2022.04.28-20.43.22:753][  0]LogConfig: Applying CVar settings from Section [ConsoleVariables] File [C:/3/MultiShooter/Saved/Config/Windows/Engine.ini]
[2022.04.28-20.43.22:753][  0]LogConfig: Applying CVar settings from Section [ConsoleVariables] File [C:/3/MultiShooter/Saved/Config/Windows/Editor.ini]
[2022.04.28-20.43.22:754][  0]LogInit: Computer: LAPTOP-K7OCUPB7
[2022.04.28-20.43.22:754][  0]LogInit: User: buryk
[2022.04.28-20.43.22:754][  0]LogInit: CPU Page size=4096, Cores=6
[2022.04.28-20.43.22:754][  0]LogInit: High frequency timer resolution =10.000000 MHz
[2022.04.28-20.43.22:754][  0]LogMemory: Memory total: Physical=15.8GB (16GB approx)
[2022.04.28-20.43.22:754][  0]LogMemory: Platform Memory Stats for Windows
[2022.04.28-20.43.22:754][  0]LogMemory: Process Physical Memory: 145.67 MB used, 145.68 MB peak
[2022.04.28-20.43.22:754][  0]LogMemory: Process Virtual Memory: 131.80 MB used, 131.80 MB peak
[2022.04.28-20.43.22:754][  0]LogMemory: Physical Memory: 9197.18 MB used,  6988.00 MB free, 16185.18 MB total
[2022.04.28-20.43.22:754][  0]LogMemory: Virtual Memory: 134203688.00 MB used,  14040.95 MB free, 134217728.00 MB total
[2022.04.28-20.43.22:760][  0]LogWindows: WindowsPlatformFeatures enabled
[2022.04.28-20.43.22:813][  0]LogInit: Physics initialised using underlying interface: PhysX
[2022.04.28-20.43.22:813][  0]LogInit: Using OS detected language (ru-RU).
[2022.04.28-20.43.22:813][  0]LogInit: Using OS detected locale (ru-RU).
[2022.04.28-20.43.22:818][  0]LogTextLocalizationManager: No specific localization for 'ru-RU' exists, so the 'ru' localization will be used.
[2022.04.28-20.43.22:822][  0]LogTextLocalizationResource: LocRes '../../../Engine/Content/Localization/Editor/ru/Editor.locres' could not be opened for reading!
[2022.04.28-20.43.22:823][  0]LogTextLocalizationResource: LocRes '../../../Engine/Content/Localization/EditorTutorials/ru/EditorTutorials.locres' could not be opened for reading!
[2022.04.28-20.43.22:823][  0]LogTextLocalizationResource: LocRes '../../../Engine/Content/Localization/Keywords/ru/Keywords.locres' could not be opened for reading!
[2022.04.28-20.43.22:823][  0]LogTextLocalizationResource: LocRes '../../../Engine/Content/Localization/Category/ru/Category.locres' could not be opened for reading!
[2022.04.28-20.43.22:823][  0]LogTextLocalizationResource: LocRes '../../../Engine/Content/Localization/ToolTips/ru/ToolTips.locres' could not be opened for reading!
[2022.04.28-20.43.22:823][  0]LogTextLocalizationResource: LocRes '../../../Engine/Content/Localization/PropertyNames/ru/PropertyNames.locres' could not be opened for reading!
[2022.04.28-20.43.22:823][  0]LogTextLocalizationResource: LocRes '../../../Engine/Content/Localization/Engine/ru/Engine.locres' could not be opened for reading!
[2022.04.28-20.43.22:836][  0]LogWindowsTextInputMethodSystem: Display: IME system deactivated.
[2022.04.28-20.43.22:864][  0]LogSlate: New Slate User Created.  User Index 0, Is Virtual User: 0
[2022.04.28-20.43.22:864][  0]LogSlate: Slate User Registered.  User Index 0, Is Virtual User: 0
[2022.04.28-20.43.22:886][  0]LogD3D11RHI: Loaded GFSDK_Aftermath_Lib.x64.dll
[2022.04.28-20.43.22:900][  0]LogHMD: Failed to initialize OpenVR with code 110
[2022.04.28-20.43.22:900][  0]LogD3D11RHI: D3D11 min allowed feature level: 11_0
[2022.04.28-20.43.22:900][  0]LogD3D11RHI: D3D11 max allowed feature level: 11_0
[2022.04.28-20.43.22:900][  0]LogD3D11RHI: D3D11 adapters:
[2022.04.28-20.43.22:997][  0]LogD3D11RHI:    0. 'NVIDIA GeForce GTX 1660 Ti with Max-Q Design' (Feature Level 11_0)
[2022.04.28-20.43.22:997][  0]LogD3D11RHI:       5991/0/8092 MB DedicatedVideo/DedicatedSystem/SharedSystem, Outputs:1, VendorId:0x10de
[2022.04.28-20.43.23:025][  0]LogD3D11RHI:    1. 'Intel(R) UHD Graphics' (Feature Level 11_0)
[2022.04.28-20.43.23:025][  0]LogD3D11RHI:       128/0/8092 MB DedicatedVideo/DedicatedSystem/SharedSystem, Outputs:0, VendorId:0x8086
[2022.04.28-20.43.23:027][  0]LogD3D11RHI:    2. 'Microsoft Basic Render Driver' (Feature Level 11_0)
[2022.04.28-20.43.23:027][  0]LogD3D11RHI:       0/0/8092 MB DedicatedVideo/DedicatedSystem/SharedSystem, Outputs:0, VendorId:0x1414
[2022.04.28-20.43.23:027][  0]LogD3D11RHI: Chosen D3D11 Adapter: 0
[2022.04.28-20.43.23:035][  0]LogD3D11RHI: Creating new Direct3DDevice
[2022.04.28-20.43.23:035][  0]LogD3D11RHI:     GPU DeviceId: 0x2191 (for the marketing name, search the web for "GPU Device Id")
[2022.04.28-20.43.23:035][  0]LogWindows: EnumDisplayDevices:
[2022.04.28-20.43.23:035][  0]LogWindows:    0. 'Intel(R) UHD Graphics' (P:1 D:1)
[2022.04.28-20.43.23:035][  0]LogWindows:    1. 'Intel(R) UHD Graphics' (P:0 D:0)
[2022.04.28-20.43.23:035][  0]LogWindows:    2. 'Intel(R) UHD Graphics' (P:0 D:0)
[2022.04.28-20.43.23:035][  0]LogWindows:    3. 'NVIDIA GeForce GTX 1660 Ti with Max-Q Design' (P:0 D:0)
[2022.04.28-20.43.23:035][  0]LogWindows:    4. 'NVIDIA GeForce GTX 1660 Ti with Max-Q Design' (P:0 D:0)
[2022.04.28-20.43.23:035][  0]LogWindows:    5. 'NVIDIA GeForce GTX 1660 Ti with Max-Q Design' (P:0 D:0)
[2022.04.28-20.43.23:035][  0]LogWindows:    6. 'NVIDIA GeForce GTX 1660 Ti with Max-Q Design' (P:0 D:0)
[2022.04.28-20.43.23:035][  0]LogWindows: DebugString: PrimaryIsNotTheChoosenAdapter PrimaryIsNotTheChoosenAdapter PrimaryIsNotTheChoosenAdapter FoundDriverCount:4 
[2022.04.28-20.43.23:035][  0]LogD3D11RHI:     Adapter Name: NVIDIA GeForce GTX 1660 Ti with Max-Q Design
[2022.04.28-20.43.23:035][  0]LogD3D11RHI:   Driver Version: 497.33 (internal:30.0.14.9733, unified:497.33)
[2022.04.28-20.43.23:035][  0]LogD3D11RHI:      Driver Date: 12-16-2021
[2022.04.28-20.43.23:035][  0]LogRHI: Texture pool is 4193 MB (70% of 5991 MB)
[2022.04.28-20.43.23:095][  0]LogD3D11RHI: RHI has support for 64 bit atomics
[2022.04.28-20.43.23:095][  0]LogD3D11RHI: Async texture creation enabled
[2022.04.28-20.43.23:095][  0]LogD3D11RHI: Array index from any shader is supported
[2022.04.28-20.43.23:114][  0]LogD3D11RHI: GPU Timing Frequency: 1000.000000 (Debug: 2 2)
[2022.04.28-20.43.23:156][  0]LogRHI: GeForceNow SDK initialized: 1
[2022.04.28-20.43.23:444][  0]LogTargetPlatformManager: Display: Loaded TargetPlatform 'WindowsNoEditor'
[2022.04.28-20.43.23:449][  0]LogTargetPlatformManager: Display: Loaded TargetPlatform 'Windows'
[2022.04.28-20.43.23:453][  0]LogTargetPlatformManager: Display: Loaded TargetPlatform 'WindowsClient'
[2022.04.28-20.43.23:458][  0]LogTargetPlatformManager: Display: Loaded TargetPlatform 'WindowsServer'
[2022.04.28-20.43.23:458][  0]LogTargetPlatformManager: Display: Building Assets For Windows
[2022.04.28-20.43.23:466][  0]LogAudioDebug: Display: Lib vorbis DLL was dynamically loaded.
[2022.04.28-20.43.23:502][  0]LogTextureFormatOodle: Display: Oodle Texture 2.9.0 init RDO Off
[2022.04.28-20.43.23:533][  0]LogRendererCore: Ray tracing is disabled. Reason: r.RayTracing=0.
[2022.04.28-20.43.23:533][  0]LogShaderCompilers: Guid format shader working directory is 13 characters bigger than the processId version (../../../../../../3/MultiShooter/Intermediate/Shaders/WorkingDirectory/44708/).
[2022.04.28-20.43.23:533][  0]LogShaderCompilers: Cleaned the shader compiler working directory 'C:/Users/buryk/AppData/Local/Temp/UnrealShaderWorkingDir/1A241A1443E7CD253EAF1785221792BA/'.
[2022.04.28-20.43.23:533][  0]LogXGEController: Cannot use XGE Controller as Incredibuild is not installed on this machine.
[2022.04.28-20.43.23:533][  0]LogShaderCompilers: Cannot use XGE Shader Compiler as Incredibuild is not installed on this machine.
[2022.04.28-20.43.23:533][  0]LogShaderCompilers: Display: Using Local Shader Compiler.
[2022.04.28-20.43.24:242][  0]LogDerivedDataCache: Display: Max Cache Size: 512 MB
[2022.04.28-20.43.24:294][  0]LogDerivedDataCache: Loaded boot cache 0.05s 95MB C:/Users/buryk/AppData/Local/UnrealEngine/4.27/DerivedDataCache/Boot.ddc.
[2022.04.28-20.43.24:294][  0]LogDerivedDataCache: Display: Loaded Boot cache: C:/Users/buryk/AppData/Local/UnrealEngine/4.27/DerivedDataCache/Boot.ddc
[2022.04.28-20.43.24:294][  0]LogDerivedDataCache: FDerivedDataBackendGraph:  Pak pak cache file ../../../../../../3/MultiShooter/DerivedDataCache/DDC.ddp not found, will not use a pak cache.
[2022.04.28-20.43.24:294][  0]LogDerivedDataCache: Unable to find inner node Pak for hierarchical cache Hierarchy.
[2022.04.28-20.43.24:294][  0]LogDerivedDataCache: FDerivedDataBackendGraph:  CompressedPak pak cache file ../../../../../../3/MultiShooter/DerivedDataCache/Compressed.ddp not found, will not use a pak cache.
[2022.04.28-20.43.24:294][  0]LogDerivedDataCache: Unable to find inner node CompressedPak for hierarchical cache Hierarchy.
[2022.04.28-20.43.24:308][  0]LogDerivedDataCache: Display: Pak cache opened for reading ../../../Engine/DerivedDataCache/Compressed.ddp.
[2022.04.28-20.43.24:308][  0]LogDerivedDataCache: FDerivedDataBackendGraph:  EnterprisePak pak cache file ../../../Enterprise/DerivedDataCache/Compressed.ddp not found, will not use a pak cache.
[2022.04.28-20.43.24:308][  0]LogDerivedDataCache: Unable to find inner node EnterprisePak for hierarchical cache Hierarchy.
[2022.04.28-20.43.24:319][  0]LogDerivedDataCache: Speed tests for C:/Users/buryk/AppData/Local/UnrealEngine/Common/DerivedDataCache took 0.01 seconds
[2022.04.28-20.43.24:319][  0]LogDerivedDataCache: Display: Performance to C:/Users/buryk/AppData/Local/UnrealEngine/Common/DerivedDataCache: Latency=0.03ms. RandomReadSpeed=250.37MBs, RandomWriteSpeed=141.27MBs. Assigned SpeedClass 'Local'
[2022.04.28-20.43.24:319][  0]LogDerivedDataCache: Using Local data cache path C:/Users/buryk/AppData/Local/UnrealEngine/Common/DerivedDataCache: Writable
[2022.04.28-20.43.24:319][  0]LogDerivedDataCache: Shared data cache path not found in *engine.ini, will not use an Shared cache.
[2022.04.28-20.43.24:320][  0]LogDerivedDataCache: Unable to find inner node Shared for hierarchical cache Hierarchy.
[2022.04.28-20.43.24:352][  0]LogSlate: Using FreeType 2.10.0
[2022.04.28-20.43.24:352][  0]LogSlate: SlateFontServices - WITH_FREETYPE: 1, WITH_HARFBUZZ: 1
[2022.04.28-20.43.24:441][  0]LogInit: Using OS detected language (ru-RU).
[2022.04.28-20.43.24:441][  0]LogInit: Using OS detected locale (ru-RU).
[2022.04.28-20.43.24:442][  0]LogTextLocalizationManager: No localization for 'ru-RU' exists, so 'en' will be used for the language.
[2022.04.28-20.43.24:442][  0]LogTextLocalizationManager: No localization for 'ru-RU' exists, so 'en' will be used for the locale.
[2022.04.28-20.43.24:442][  0]LogSlate: FontCache flush requested. Reason: Culture for localization was changed
[2022.04.28-20.43.24:442][  0]LogSlate: FontCache flush requested. Reason: Culture for localization was changed
[2022.04.28-20.43.24:444][  0]LogAssetRegistry: FAssetRegistry took 0.0016 seconds to start up
[2022.04.28-20.43.24:602][  0]LogTextLocalizationManager: Compacting localization data took   0.00ms
[2022.04.28-20.43.24:602][  0]LogPackageLocalizationCache: Processed 27 localized package path(s) for 1 prioritized culture(s) in 0.001308 seconds
[2022.04.28-20.43.24:664][  0]LogInit: Selected Device Profile: [Windows]
[2022.04.28-20.43.24:664][  0]LogInit: Active device profile: [00000297E9E59300][00000297E40AC400 49] Windows
[2022.04.28-20.43.24:664][  0]LogInit: Profiles: [00000297E9E59300][00000297E40AC400 49] Windows, [00000297E9E1E700][00000297EA860580 49] WindowsNoEditor, [00000297E9E5A500][00000297EA864700 49] WindowsServer, [00000297E9E1F500][00000297EA868880 49] WindowsClient, [00000297E9E5B200][00000297EA86CA00 49] IOS, [00000297E9E1D300][00000297EA870B80 49] iPadAir, [00000297E9E5A900][00000297EA874D00 49] iPadAir2, [00000297E9DD1C00][00000297EA87CFC0 49] IPadPro, [00000297E9DD1D00][00000297EA879000 49] iPadAir3, [00000297E9E1FB00][00000297EA881180 49] iPadAir4, [00000297E9DD2C00][00000297EA85D2C0 49] iPadMini2, [00000297E9E1D600][00000297EA885400 49] iPadMini3, [00000297E9DD0B00][00000297EA889540 49] iPadMini4, [00000297E9E1EB00][00000297EA88D680 49] iPadMini5, [00000297E9DF9300][00000297EA899940 49] iPhone6, [00000297E9DF9400][00000297EA895980 49] iPodTouch6, [00000297E9E59600][00000297EA8A00C0 49] iPhone7, [00000297E9E5AB00][00000297EA89C100 49] iPodTouch7, [00000297E9DD3B00][00000297EA8A4280 49] iPhone5S, [00000297E9E59800][00000297EA8A8400 49] iPhone6Plus, [00000297E9DD3000][00000297EA8AC580 49] iPhone6S, [00000297E9E5A800][00000297EA8B0700 49] iPhone6SPlus, [00000297E9DD1500][00000297EA8B4880 49] iPhone7Plus, [00000297E9E58100][00000297EA8B8A00 49] iPhoneSE, [00000297E9DD0200][00000297EA8BCB80 49] iPhone8, [00000297E9E59700][00000297EA8C0D00 49] iPhone8Plus, [00000297E9DF8100][00000297EA8C4E80 49] iPhoneX, [00000297E9DD1800][00000297EA8C9000 49] iPhoneXS, [00000297E9DF8C00][00000297EA8CD180 49] iPhoneXSMax, [00000297E9DD3800][00000297EA8D1300 49] iPhoneXR, [00000297E9DFBD00][00000297EA8D5480 49] iPhone11, [00000297E9DD2800][00000297EA8915C0 49] iPhone11Pro, [00000297E9DFB800][00000297EA8D9700 49] iPhone11ProMax, [00000297E9DD0C00][00000297EA8DD840 49] iPhoneSE2, [00000297E9DFA900][00000297EA8E59C0 49] iPhone12Mini, [00000297E9DD3F00][00000297EA8E9B40 49] iPhone12, [00000297E9E58A00][00000297EA8EC140 49] iPhone12Pro, [00000297E9DD3E00][00000297EA8F02C0 49] iPhone12ProMax, [00000297E9E58700][00000297EA8F4440 49] iPadPro105, [00000297E9DD1100][00000297EA8F85C0 49] iPadPro129, [00000297E9E5AE00][00000297EA8FC740 49] iPadPro97, [00000297E9DD1300][00000297EA9008C0 49] iPadPro2_129, [00000297E9E58800][00000297EA904A40 49] iPad5, [00000297E9DD2D00][00000297EA908BC0 49] iPad6, [00000297E9E5BD00][00000297EA90CD40 49] iPad7, [00000297E9DD1200][00000297EA910EC0 49] iPad8, [00000297E9E5BC00][00000297EA915040 49] iPadPro11, [00000297E9DD2500][00000297EA9191C0 49] iPadPro2_11, [00000297E9E5B700][00000297EA91D340 49] iPadPro3_129, [00000297E9DD3300][00000297EA9214C0 49] iPadPro4_129, [00000297E9E59100][00000297EA925640 49] AppleTV, [00000297E9DD2100][00000297EA8E1780 49] AppleTV4K, [00000297E9E5AA00][00000297EA9298C0 49] TVOS, [00000297E9DD1F00][00000297EA92DA00 49] Mac, [00000297E9E59000][00000297EA931B40 49] MacClient, [00000297E9DD0E00][00000297EA938140 49] MacNoEditor, [00000297E9E59A00][00000297EA93C2C0 49] MacServer, [00000297E9DD2700][00000297EA940440 49] Linux, [00000297E9E58400][00000297EA9445C0 49] LinuxAArch64, [00000297E9DD3A00][00000297EA948740 49] LinuxNoEditor, [00000297E9E59F00][00000297EA94C8C0 49] LinuxAArch64NoEditor, [00000297E9DD3D00][00000297EA950A40 49] LinuxClient, [00000297E9E5B000][00000297EA954BC0 49] LinuxAArch64Client, [00000297E9DD3C00][00000297EA958D40 49] LinuxServer, [00000297E9E5A200][00000297EA95CEC0 49] LinuxAArch64Server, [00000297E9DD2200][00000297EA961040 49] Android, [00000297E9E5B900][00000297EA9651C0 49] Android_Low, [00000297E9DD2A00][00000297EA969340 49] Android_Mid, [00000297E9E5AD00][00000297EA96D4C0 49] Android_High, [00000297E9DD1E00][00000297EA971640 49] Android_Default, [00000297E9E59B00][00000297EA9757C0 49] Android_Adreno4xx, [00000297E9DD0A00][00000297EA935900 49] Android_Adreno5xx_Low, [00000297E9E58600][00000297EA979A40 49] Android_Adreno5xx, [00000297E9DD2600][00000297EA97DB80 49] Android_Adreno6xx, [00000297E9E5A600][00000297EA980140 49] Android_Adreno6xx_Vulkan, [00000297E9DD2300][00000297EA9882C0 49] Android_Mali_T6xx, [00000297E9E58F00][00000297EA98C440 49] Android_Mali_T7xx, [00000297E9DD2900][00000297EA9905C0 49] Android_Mali_T8xx, [00000297E9E5A400][00000297EA994740 49] Android_Mali_G71, [00000297E9DD0900][00000297EA9988C0 49] Android_Mali_G72, [00000297E9E5BA00][00000297EA99CA40 49] Android_Mali_G72_Vulkan, [00000297E9DD2F00][00000297EA9A0BC0 49] Android_Mali_G76, [00000297E9E59E00][00000297EA9A4D40 49] Android_Mali_G76_Vulkan, [00000297E9E1CF00][00000297EA9A8EC0 49] Android_Mali_G77, [00000297E9DFA100][00000297EA9AD040 49] Android_Mali_G77_Vulkan, [00000297E9E1CD00][00000297EA9B11C0 49] Android_Mali_G78, [00000297E9DFB400][00000297EA9B5340 49] Android_Mali_G78_Vulkan, [00000297E9E1C400][00000297EA9B94C0 49] Android_Mali_G710, [00000297E9DFB100][00000297EA9BD640 49] Android_Mali_G710_Vulkan, [00000297E9E1CE00][00000297EA9C17C0 49] Android_Vulkan_SM5, [00000297E9DFBA00][00000297EA9C5940 49] Android_PowerVR_G6xxx, [00000297E9E1E100][00000297EA9C9AC0 49] Android_PowerVR_GT7xxx, [00000297E9DFAF00][00000297EA985C00 49] Android_PowerVR_GE8xxx, [00000297E9E1E000][00000297EA9CC1C0 49] Android_PowerVR_GM9xxx, [00000297E9DF8900][00000297EA9D0300 49] Android_PowerVR_GM9xxx_Vulkan, [00000297E9E1EF00][00000297EA9D8480 49] Android_TegraK1, [00000297E9DF8300][00000297EA9DC600 49] Android_Unknown_Vulkan, [00000297E9E1CC00][00000297EA9E0780 49] Lumin, [00000297E9DFAE00][00000297EA9E4900 49] Lumin_Desktop, [00000297E9E1DB00][00000297EA9E8A80 49] HoloLens, 
[2022.04.28-20.43.24:703][  0]LogMeshReduction: Using QuadricMeshReduction for automatic static mesh reduction
[2022.04.28-20.43.24:703][  0]LogMeshReduction: Using SimplygonMeshReduction for automatic skeletal mesh reduction
[2022.04.28-20.43.24:703][  0]LogMeshReduction: Using ProxyLODMeshReduction for automatic mesh merging
[2022.04.28-20.43.24:703][  0]LogMeshReduction: No distributed automatic mesh merging module available
[2022.04.28-20.43.24:703][  0]LogMeshMerging: No distributed automatic mesh merging module available
[2022.04.28-20.43.24:802][  0]LogNetVersion: MultiShooter 1.0.0, NetCL: 17155196, EngineNetVer: 17, GameNetVer: 0 (Checksum: 31779901)
[2022.04.28-20.43.25:007][  0]LogTexture: Default maximum texture size for cubemaps generated from long-lat sources has been changed from 512 to unlimited. In order to preserve old behaiour for '/Engine/MapTemplates/Sky/DaylightAmbientCubemap.DaylightAmbientCubemap', its maximum texture size has been explicitly set to 512.
[2022.04.28-20.43.25:053][  0]LogHMD: PokeAHoleMaterial loaded successfully
[2022.04.28-20.43.25:158][  0]LogMoviePlayer: Initializing movie player
[2022.04.28-20.43.25:248][  0]LogNiagaraDebuggerClient: Niagara Debugger Client Initialized | Session: CE03C6F742DB38FF2CEF6886DFB28348 | Instance: 7EBA320D4588342B8CA55C8AD9B91D32 (LAPTOP-K7OCUPB7-44708).
[2022.04.28-20.43.25:262][  0]LogCollectionManager: Loaded 0 collections in 0.002089 seconds
[2022.04.28-20.43.25:264][  0]LogFileCache: Scanning file cache for directory 'C:/3/MultiShooter/Saved/Collections/' took 0.00s
[2022.04.28-20.43.25:264][  0]LogFileCache: Scanning file cache for directory 'C:/3/MultiShooter/Content/Developers/buryk/Collections/' took 0.00s
[2022.04.28-20.43.25:264][  0]LogFileCache: Scanning file cache for directory 'C:/3/MultiShooter/Content/Collections/' took 0.00s
[2022.04.28-20.43.25:264][  0]LogCollectionManager: Fixed up redirectors for 0 collections in 0.000001 seconds (updated 0 objects)
[2022.04.28-20.43.25:357][  0]LogStreaming: Warning: Failed to read file '../../../Engine/Content/Editor/Slate/Niagara/MenuSeparator.png' error.
[2022.04.28-20.43.25:357][  0]LogSlate: Could not find file for Slate resource: ../../../Engine/Content/Editor/Slate/Niagara/MenuSeparator.png
[2022.04.28-20.43.25:357][  0]LogStreaming: Warning: Failed to read file '../../../Engine/Content/Editor/Slate/Niagara/Common/Selector.png' error.
[2022.04.28-20.43.25:357][  0]LogSlate: Could not find file for Slate resource: ../../../Engine/Content/Editor/Slate/Niagara/Common/Selector.png
[2022.04.28-20.43.25:357][  0]LogStreaming: Warning: Failed to read file '../../../Engine/Content/Editor/Slate/Niagara/Common/Selection.png' error.
[2022.04.28-20.43.25:357][  0]LogSlate: Could not find file for Slate resource: ../../../Engine/Content/Editor/Slate/Niagara/Common/Selection.png
[2022.04.28-20.43.25:357][  0]LogStreaming: Warning: Failed to read file '../../../Engine/Content/Editor/Slate/Niagara/Common/DropZoneIndicator_Above.png' error.
[2022.04.28-20.43.25:357][  0]LogSlate: Could not find file for Slate resource: ../../../Engine/Content/Editor/Slate/Niagara/Common/DropZoneIndicator_Above.png
[2022.04.28-20.43.25:357][  0]LogStreaming: Warning: Failed to read file '../../../Engine/Content/Editor/Slate/Niagara/Common/DropZoneIndicator_Onto.png' error.
[2022.04.28-20.43.25:357][  0]LogSlate: Could not find file for Slate resource: ../../../Engine/Content/Editor/Slate/Niagara/Common/DropZoneIndicator_Onto.png
[2022.04.28-20.43.25:357][  0]LogStreaming: Warning: Failed to read file '../../../Engine/Content/Editor/Slate/Niagara/Common/RoundedSelection_16x.png' error.
[2022.04.28-20.43.25:358][  0]LogSlate: Could not find file for Slate resource: ../../../Engine/Content/Editor/Slate/Niagara/Common/RoundedSelection_16x.png
[2022.04.28-20.43.25:358][  0]LogStreaming: Warning: Failed to read file '../../../Engine/Content/Editor/Slate/Niagara/Common/FlatButton.png' error.
[2022.04.28-20.43.25:358][  0]LogImageWrapper: Warning: PNG Warning: Duplicate iCCP chunk
[2022.04.28-20.43.25:358][  0]LogSlate: Could not find file for Slate resource: ../../../Engine/Content/Editor/Slate/Niagara/Common/FlatButton.png
[2022.04.28-20.43.25:358][  0]LogStreaming: Warning: Failed to read file '../../../Engine/Content/Editor/Slate/Niagara/Common/DropZoneIndicator_Below.png' error.
[2022.04.28-20.43.25:358][  0]LogSlate: Could not find file for Slate resource: ../../../Engine/Content/Editor/Slate/Niagara/Common/DropZoneIndicator_Below.png
[2022.04.28-20.43.25:358][  0]LogImageWrapper: Warning: PNG Warning: Duplicate iCCP chunk
[2022.04.28-20.43.25:358][  0]LogTcpMessaging: Initializing TcpMessaging bridge
[2022.04.28-20.43.25:359][  0]LogUdpMessaging: Initializing bridge on interface 0.0.0.0:0 to multicast group 230.0.0.1:6666.
[2022.04.28-20.43.25:368][  0]LogPython: Using Python 3.7.7
[2022.04.28-20.43.25:825][  0]SourceControl: Source control is disabled
[2022.04.28-20.43.25:825][  0]SourceControl: Source control is disabled
[2022.04.28-20.43.25:826][  0]SourceControl: Source control is disabled
[2022.04.28-20.43.25:828][  0]LogUProjectInfo: Found projects:
[2022.04.28-20.43.25:894][  0]LogOpenImageDenoise: OIDN starting up
[2022.04.28-20.43.25:903][  0]LogAndroidPermission: UAndroidPermissionCallbackProxy::GetInstance
[2022.04.28-20.43.25:921][  0]LogAudioCaptureCore: Display: No Audio Capture implementations found. Audio input will be silent.
[2022.04.28-20.43.25:921][  0]LogAudioCaptureCore: Display: No Audio Capture implementations found. Audio input will be silent.
[2022.04.28-20.43.25:982][  0]LogOcInput: OculusInput pre-init called
[2022.04.28-20.43.25:989][  0]LogUObjectArray: 22122 objects as part of root set at end of initial load.
[2022.04.28-20.43.25:989][  0]LogUObjectAllocator: 5975648 out of 0 bytes used by permanent object pool.
[2022.04.28-20.43.25:989][  0]LogUObjectArray: CloseDisregardForGC: 0/0 objects in disregard for GC pool
[2022.04.28-20.43.26:029][  0]LogEngine: Initializing Engine...
[2022.04.28-20.43.26:032][  0]LogHMD: Failed to enumerate extensions. Please check that you have a valid OpenXR runtime installed.
[2022.04.28-20.43.26:032][  0]LogHMD: Failed to initialize OpenVR with code 110
[2022.04.28-20.43.26:032][  0]LogMagicLeap: Warning: VR disabled because ZI is not enabled.  To enable, in the editor, Edit -> Project Settings -> Plugins -> Magic Leap Plugin -> Enable Zero Iteration
[2022.04.28-20.43.26:033][  0]LogStats: UGameplayTagsManager::InitializeManager -  0.000 s
[2022.04.28-20.43.26:110][  0]LogInit: Initializing FReadOnlyCVARCache
[2022.04.28-20.43.26:110][  0]LogAudio: Display: Initializing Audio Device Manager...
[2022.04.28-20.43.26:113][  0]LogAudio: Display: Loading Default Audio Settings Objects...
[2022.04.28-20.43.26:113][  0]LogAudio: Display: No default SoundConcurrencyObject specified (or failed to load).
[2022.04.28-20.43.26:114][  0]LogAudio: Display: Audio Device Manager Initialized
[2022.04.28-20.43.26:114][  0]LogAudio: Display: Creating Audio Device:                 Id: 1, Scope: Shared, Realtime: True
[2022.04.28-20.43.26:114][  0]LogAudioMixer: Display: Audio Mixer Platform Settings:
[2022.04.28-20.43.26:114][  0]LogAudioMixer: Display: 	Sample Rate:						  48000
[2022.04.28-20.43.26:114][  0]LogAudioMixer: Display: 	Callback Buffer Frame Size Requested: 1024
[2022.04.28-20.43.26:114][  0]LogAudioMixer: Display: 	Callback Buffer Frame Size To Use:	  1024
[2022.04.28-20.43.26:114][  0]LogAudioMixer: Display: 	Number of buffers to queue:			  2
[2022.04.28-20.43.26:114][  0]LogAudioMixer: Display: 	Max Channels (voices):				  32
[2022.04.28-20.43.26:114][  0]LogAudioMixer: Display: 	Number of Async Source Workers:		  0
[2022.04.28-20.43.26:114][  0]LogAudio: Display: AudioDevice MaxSources: 32
[2022.04.28-20.43.26:114][  0]LogAudio: Display: Audio Spatialization Plugin: None (built-in).
[2022.04.28-20.43.26:114][  0]LogAudio: Display: Audio Reverb Plugin: None (built-in).
[2022.04.28-20.43.26:114][  0]LogAudio: Display: Audio Occlusion Plugin: None (built-in).
[2022.04.28-20.43.26:114][  0]LogAudioMixer: Display: Initializing audio mixer.
[2022.04.28-20.43.26:132][  0]LogAudioMixer: Display: 0: FrontLeft
[2022.04.28-20.43.26:132][  0]LogAudioMixer: Display: 1: FrontRight
[2022.04.28-20.43.26:150][  0]LogAudioMixer: Display: Using Audio Device Speaker (Realtek(R) Audio)
[2022.04.28-20.43.26:151][  0]LogAudioMixer: Display: Initializing Sound Submixes...
[2022.04.28-20.43.26:153][  0]LogAudioMixer: Display: Creating Master Submix 'MasterSubmixDefault'
[2022.04.28-20.43.26:153][  0]LogAudioMixer: Display: Creating Master Submix 'MasterReverbSubmixDefault'
[2022.04.28-20.43.26:153][  0]LogAudioMixer: Display: Creating Master Submix 'MasterEQSubmixDefault'
[2022.04.28-20.43.26:153][  0]LogAudioMixer: FMixerPlatformXAudio2::StartAudioStream() called
[2022.04.28-20.43.26:153][  0]LogAudioMixer: Display: Output buffers initialized: Frames=1024, Channels=2, Samples=2048
[2022.04.28-20.43.26:154][  0]LogAudioMixer: Display: Starting AudioMixerPlatformInterface::RunInternal()
[2022.04.28-20.43.26:154][  0]LogAudioMixer: Display: FMixerPlatformXAudio2::SubmitBuffer() called for the first time
[2022.04.28-20.43.26:154][  0]LogInit: FAudioDevice initialized.
[2022.04.28-20.43.26:155][  0]LogNetVersion: Set ProjectVersion to 1.0.0.0. Version Checksum will be recalculated on next use.
[2022.04.28-20.43.26:157][  0]LogInit: Texture streaming: Enabled
[2022.04.28-20.43.26:212][  0]LogAudio: Display: Audio Device (ID: 1) registered with world 'Untitled'.
[2022.04.28-20.43.26:212][  0]LogSlate: Updating window title bar state: overlay mode, drag disabled, window buttons hidden, title bar hidden
[2022.04.28-20.43.26:213][  0]LogInit: Display: Game Engine Initialized.
[2022.04.28-20.43.26:213][  0]LogNiagaraEditor: GEditor isn't valid! Particle reset commands will not work for Niagara components!
[2022.04.28-20.43.26:300][  0]LogStreaming: Warning: Failed to read file '../../../Engine/Content/Editor/Slate/Niagara/MenuSeparator.png' error.
[2022.04.28-20.43.26:300][  0]LogSlate: Could not find file for Slate resource: ../../../Engine/Content/Editor/Slate/Niagara/MenuSeparator.png
[2022.04.28-20.43.26:320][  0]LogStreaming: Warning: Failed to read file '../../../Engine/Content/Editor/Slate/Niagara/Common/Selector.png' error.
[2022.04.28-20.43.26:320][  0]LogSlate: Could not find file for Slate resource: ../../../Engine/Content/Editor/Slate/Niagara/Common/Selector.png
[2022.04.28-20.43.26:320][  0]LogStreaming: Warning: Failed to read file '../../../Engine/Content/Editor/Slate/Niagara/Common/Selection.png' error.
[2022.04.28-20.43.26:320][  0]LogSlate: Could not find file for Slate resource: ../../../Engine/Content/Editor/Slate/Niagara/Common/Selection.png
[2022.04.28-20.43.26:320][  0]LogStreaming: Warning: Failed to read file '../../../Engine/Content/Editor/Slate/Niagara/Common/DropZoneIndicator_Above.png' error.
[2022.04.28-20.43.26:320][  0]LogSlate: Could not find file for Slate resource: ../../../Engine/Content/Editor/Slate/Niagara/Common/DropZoneIndicator_Above.png
[2022.04.28-20.43.26:320][  0]LogStreaming: Warning: Failed to read file '../../../Engine/Content/Editor/Slate/Niagara/Common/DropZoneIndicator_Onto.png' error.
[2022.04.28-20.43.26:320][  0]LogSlate: Could not find file for Slate resource: ../../../Engine/Content/Editor/Slate/Niagara/Common/DropZoneIndicator_Onto.png
[2022.04.28-20.43.26:320][  0]LogStreaming: Warning: Failed to read file '../../../Engine/Content/Editor/Slate/Niagara/Common/DropZoneIndicator_Below.png' error.
[2022.04.28-20.43.26:320][  0]LogSlate: Could not find file for Slate resource: ../../../Engine/Content/Editor/Slate/Niagara/Common/DropZoneIndicator_Below.png
[2022.04.28-20.43.26:320][  0]LogStreaming: Warning: Failed to read file '../../../Engine/Content/Editor/Slate/Niagara/Common/RoundedSelection_16x.png' error.
[2022.04.28-20.43.26:320][  0]LogSlate: Could not find file for Slate resource: ../../../Engine/Content/Editor/Slate/Niagara/Common/RoundedSelection_16x.png
[2022.04.28-20.43.26:320][  0]LogStreaming: Warning: Failed to read file '../../../Engine/Content/Editor/Slate/Niagara/Common/FlatButton.png' error.
[2022.04.28-20.43.26:320][  0]LogSlate: Could not find file for Slate resource: ../../../Engine/Content/Editor/Slate/Niagara/Common/FlatButton.png
[2022.04.28-20.43.26:320][  0]LogImageWrapper: Warning: PNG Warning: Duplicate iCCP chunk
[2022.04.28-20.43.26:320][  0]LogImageWrapper: Warning: PNG Warning: Duplicate iCCP chunk
[2022.04.28-20.43.26:320][  0]LogInit: Display: Starting Game.
[2022.04.28-20.43.26:320][  0]LogNet: Browse: 127.0.0.1:17777/Game/StarterContent/Maps/Minimal_Default?Name=Player
[2022.04.28-20.43.26:320][  0]LogInit: WinSock: Socket queue. Rx: 32768 (config 32768) Tx: 32768 (config 32768)
[2022.04.28-20.43.26:320][  0]LogNet: Created socket for bind address: 0.0.0.0 on port 0
[2022.04.28-20.43.26:320][  0]PacketHandlerLog: Loaded PacketHandler component: Engine.EngineHandlerComponentFactory (StatelessConnectHandlerComponent)
[2022.04.28-20.43.26:320][  0]LogNet: Game client on port 17777, rate 100000
[2022.04.28-20.43.26:371][  0]LogInit: Display: Engine is initialized. Leaving FEngineLoop::Init()
[2022.04.28-20.43.26:371][  0]LogLoad: (Engine Initialization) Total time: 5.40 seconds
[2022.04.28-20.43.26:371][  0]LogLoad: (Engine Initialization) Total Blueprint compile time: 0.00 seconds
[2022.04.28-20.43.26:374][  0]LogContentStreaming: Texture pool size now 1000 MB
[2022.04.28-20.43.26:376][  0]LogSlate: InvalidateAllWidgets triggered.  All widgets were invalidated
[2022.04.28-20.43.27:495][  9]LogHandshake: SendChallengeResponse. Timestamp: 0.971943, Cookie: 084212213187174162202168222150099182119192120131006130255014
[2022.04.28-20.43.27:507][ 11]LogNetVersion: MultiShooter 1.0.0.0, NetCL: 17155196, EngineNetVer: 17, GameNetVer: 0 (Checksum: 1300772043)
[2022.04.28-20.43.27:507][ 11]LogNet: UPendingNetGame::SendInitialJoin: Sending hello. [UNetConnection] RemoteAddr: 127.0.0.1:17777, Name: IpConnection_0, Driver: PendingNetDriver IpNetDriver_0, IsServer: NO, PC: NULL, Owner: NULL, UniqueId: INVALID
[2022.04.28-20.43.27:519][ 13]LogNet: Welcomed by server (Level: /Game/MyContent/Maps/Lvl1, Game: /Game/MyContent/BP/BP_GameMode.BP_GameMode_C)
[2022.04.28-20.43.27:519][ 13]LogLoad: LoadMap: 127.0.0.1:17777/Game/MyContent/Maps/Lvl1?Name=Player?game=/Game/MyContent/BP/BP_GameMode.BP_GameMode_C
[2022.04.28-20.43.27:519][ 13]LogWorld: BeginTearingDown for /Temp/Untitled_0
[2022.04.28-20.43.27:519][ 13]LogWorld: UWorld::CleanupWorld for Untitled, bSessionEnded=true, bCleanupResources=true
[2022.04.28-20.43.27:519][ 13]LogSlate: InvalidateAllWidgets triggered.  All widgets were invalidated
[2022.04.28-20.43.27:522][ 13]LogAudio: Display: Audio Device unregistered from world 'None'.
[2022.04.28-20.43.27:704][ 13]LogUObjectHash: Compacting FUObjectHashTables data took   0.79ms
[2022.04.28-20.43.27:831][ 13]LogBlueprint: Warning: USimpleConstructionScript::FixupRootNodeParentReferences() - Couldn't find native parent component 'Arrow' for 'Camera' in BlueprintGeneratedClass 'BP_MultiplayerPawn_C' (it may have been removed)
[2022.04.28-20.43.27:831][ 13]LogBlueprint: Warning: USimpleConstructionScript::FixupRootNodeParentReferences() - Couldn't find native parent component 'Arrow' for 'Arrow1' in BlueprintGeneratedClass 'BP_MultiplayerPawn_C' (it may have been removed)
[2022.04.28-20.43.27:839][ 13]LogAudio: Display: Audio Device (ID: 1) registered with world 'Lvl1'.
[2022.04.28-20.43.27:841][ 13]LogWorld: Bringing World /Game/MyContent/Maps/Lvl1.Lvl1 up for play (max tick rate 0) at 2022.04.28-23.43.27
[2022.04.28-20.43.27:841][ 13]LogWorld: Bringing up level for play took: 0.000870
[2022.04.28-20.43.27:842][ 13]LogSlate: Took 0.000163 seconds to synchronously load lazily loaded font '../../../Engine/Content/Slate/Fonts/Roboto-Regular.ttf' (155K)
[2022.04.28-20.43.27:842][ 13]LogLoad: Took 0.322599 seconds to LoadMap(/Game/MyContent/Maps/Lvl1)
[2022.04.28-20.43.27:843][ 14]LogRenderer: Reallocating scene render targets to support 640x480 Format 10 NumSamples 1 (Frame:1).
[2022.04.28-20.43.28:948][ 15]LogOnlineSession: Warning: OSS: No game present to join for session (GameSession)
[2022.04.28-20.43.28:948][ 15]LogOnlineSession: Warning: OSS: No game present to join for session (GameSession)
[2022.04.28-20.43.28:949][ 15]LogBlueprintUserMessages: [W_Lifebar_C_0] 0.0
[2022.04.28-20.43.28:949][ 15]LogBlueprintUserMessages: [W_Lifebar_C_1] 0.0
[2022.04.28-20.43.29:160][ 16]LogBlueprintUserMessages: [W_Lifebar_C_0] 0.0
[2022.04.28-20.43.29:161][ 16]LogBlueprintUserMessages: [W_Lifebar_C_1] 0.0
[2022.04.28-20.43.29:370][ 17]LogBlueprintUserMessages: [W_Lifebar_C_0] 0.0
[2022.04.28-20.43.29:370][ 17]LogBlueprintUserMessages: [W_Lifebar_C_1] 0.0
[2022.04.28-20.43.29:784][ 18]LogBlueprintUserMessages: [W_Lifebar_C_0] 0.0
[2022.04.28-20.43.29:784][ 18]LogBlueprintUserMessages: [W_Lifebar_C_1] 0.0
[2022.04.28-20.43.29:987][ 19]LogBlueprintUserMessages: [W_Lifebar_C_0] 0.0
[2022.04.28-20.43.29:987][ 19]LogBlueprintUserMessages: [W_Lifebar_C_1] 0.0
[2022.04.28-20.43.30:203][ 20]LogBlueprintUserMessages: [W_Lifebar_C_0] 0.0
[2022.04.28-20.43.30:203][ 20]LogBlueprintUserMessages: [W_Lifebar_C_1] 0.0
[2022.04.28-20.43.30:415][ 21]LogBlueprintUserMessages: [W_Lifebar_C_0] 0.0
[2022.04.28-20.43.30:415][ 21]LogBlueprintUserMessages: [W_Lifebar_C_1] 0.0
[2022.04.28-20.43.30:623][ 22]LogBlueprintUserMessages: [W_Lifebar_C_0] 0.0
[2022.04.28-20.43.30:623][ 22]LogBlueprintUserMessages: [W_Lifebar_C_1] 0.0
[2022.04.28-20.43.30:831][ 23]LogBlueprintUserMessages: [W_Lifebar_C_0] 0.0
[2022.04.28-20.43.30:831][ 23]LogBlueprintUserMessages: [W_Lifebar_C_1] 0.0
[2022.04.28-20.43.31:201][ 24]LogBlueprintUserMessages: [W_Lifebar_C_0] 0.0
[2022.04.28-20.43.31:201][ 24]LogBlueprintUserMessages: [W_Lifebar_C_1] 0.0
[2022.04.28-20.43.31:442][ 25]LogBlueprintUserMessages: [W_Lifebar_C_0] 0.0
[2022.04.28-20.43.31:442][ 25]LogBlueprintUserMessages: [W_Lifebar_C_1] 0.0
[2022.04.28-20.43.31:649][ 26]LogBlueprintUserMessages: [W_Lifebar_C_0] 0.0
[2022.04.28-20.43.31:650][ 26]LogBlueprintUserMessages: [W_Lifebar_C_1] 0.0
[2022.04.28-20.43.31:850][ 27]LogBlueprintUserMessages: [W_Lifebar_C_0] 0.0
[2022.04.28-20.43.31:851][ 27]LogBlueprintUserMessages: [W_Lifebar_C_1] 0.0
[2022.04.28-20.43.32:248][ 28]LogBlueprintUserMessages: [W_Lifebar_C_0] 0.0
[2022.04.28-20.43.32:248][ 28]LogBlueprintUserMessages: [W_Lifebar_C_1] 0.0
[2022.04.28-20.43.32:450][ 29]LogBlueprintUserMessages: [W_Lifebar_C_0] 0.0
[2022.04.28-20.43.32:450][ 29]LogBlueprintUserMessages: [W_Lifebar_C_1] 0.0
[2022.04.28-20.43.32:660][ 30]LogBlueprintUserMessages: [W_Lifebar_C_0] 0.0
[2022.04.28-20.43.32:660][ 30]LogBlueprintUserMessages: [W_Lifebar_C_1] 0.0
[2022.04.28-20.43.32:864][ 31]LogBlueprintUserMessages: [W_Lifebar_C_0] 0.0
[2022.04.28-20.43.32:864][ 31]LogBlueprintUserMessages: [W_Lifebar_C_1] 0.0
[2022.04.28-20.43.33:075][ 32]LogBlueprintUserMessages: [W_Lifebar_C_0] 0.0
[2022.04.28-20.43.33:075][ 32]LogBlueprintUserMessages: [W_Lifebar_C_1] 0.0
[2022.04.28-20.43.33:286][ 33]LogBlueprintUserMessages: [W_Lifebar_C_0] 0.0
[2022.04.28-20.43.33:286][ 33]LogBlueprintUserMessages: [W_Lifebar_C_1] 0.0
[2022.04.28-20.43.33:490][ 34]LogBlueprintUserMessages: [W_Lifebar_C_0] 0.0
[2022.04.28-20.43.33:490][ 34]LogBlueprintUserMessages: [W_Lifebar_C_1] 0.0
[2022.04.28-20.43.33:894][ 35]LogBlueprintUserMessages: [W_Lifebar_C_0] 0.0
[2022.04.28-20.43.33:895][ 35]LogBlueprintUserMessages: [W_Lifebar_C_1] 0.0
[2022.04.28-20.43.34:095][ 36]LogBlueprintUserMessages: [W_Lifebar_C_0] 0.0
[2022.04.28-20.43.34:095][ 36]LogBlueprintUserMessages: [W_Lifebar_C_1] 0.0
[2022.04.28-20.43.34:310][ 37]LogBlueprintUserMessages: [W_Lifebar_C_0] 0.0
[2022.04.28-20.43.34:310][ 37]LogBlueprintUserMessages: [W_Lifebar_C_1] 0.0
[2022.04.28-20.43.34:516][ 38]LogBlueprintUserMessages: [W_Lifebar_C_0] 0.0
[2022.04.28-20.43.34:516][ 38]LogBlueprintUserMessages: [W_Lifebar_C_1] 0.0
[2022.04.28-20.43.34:727][ 39]LogBlueprintUserMessages: [W_Lifebar_C_0] 0.0
[2022.04.28-20.43.34:727][ 39]LogBlueprintUserMessages: [W_Lifebar_C_1] 0.0
[2022.04.28-20.43.34:926][ 40]LogBlueprintUserMessages: [W_Lifebar_C_0] 0.0
[2022.04.28-20.43.34:926][ 40]LogBlueprintUserMessages: [W_Lifebar_C_1] 0.0
[2022.04.28-20.43.35:332][ 41]LogBlueprintUserMessages: [W_Lifebar_C_0] 0.0
[2022.04.28-20.43.35:332][ 41]LogBlueprintUserMessages: [W_Lifebar_C_1] 0.0
[2022.04.28-20.43.35:552][ 42]LogBlueprintUserMessages: [W_Lifebar_C_0] 0.0
[2022.04.28-20.43.35:552][ 42]LogBlueprintUserMessages: [W_Lifebar_C_1] 0.0
[2022.04.28-20.43.35:754][ 43]LogBlueprintUserMessages: [W_Lifebar_C_0] 0.0
[2022.04.28-20.43.35:754][ 43]LogBlueprintUserMessages: [W_Lifebar_C_1] 0.0
[2022.04.28-20.43.36:167][ 44]LogBlueprintUserMessages: [W_Lifebar_C_0] 0.0
[2022.04.28-20.43.36:167][ 44]LogBlueprintUserMessages: [W_Lifebar_C_1] 0.0
[2022.04.28-20.43.36:177][ 45]LogBlueprintUserMessages: [W_Lifebar_C_0] 0.0
[2022.04.28-20.43.36:177][ 45]LogBlueprintUserMessages: [W_Lifebar_C_1] 0.0
[2022.04.28-20.43.36:382][ 46]LogBlueprintUserMessages: [W_Lifebar_C_0] 0.0
[2022.04.28-20.43.36:382][ 46]LogBlueprintUserMessages: [W_Lifebar_C_1] 0.0
[2022.04.28-20.43.36:779][ 47]LogBlueprintUserMessages: [W_Lifebar_C_0] 0.0
[2022.04.28-20.43.36:779][ 47]LogBlueprintUserMessages: [W_Lifebar_C_1] 0.0
[2022.04.28-20.43.36:790][ 48]LogBlueprintUserMessages: [W_Lifebar_C_0] 0.0
[2022.04.28-20.43.36:790][ 48]LogBlueprintUserMessages: [W_Lifebar_C_1] 0.0
[2022.04.28-20.43.37:203][ 49]LogBlueprintUserMessages: [W_Lifebar_C_0] 0.0
[2022.04.28-20.43.37:203][ 49]LogBlueprintUserMessages: [W_Lifebar_C_1] 0.0
[2022.04.28-20.43.37:418][ 50]LogBlueprintUserMessages: [W_Lifebar_C_0] 0.0
[2022.04.28-20.43.37:418][ 50]LogBlueprintUserMessages: [W_Lifebar_C_1] 0.0
[2022.04.28-20.43.37:628][ 51]LogBlueprintUserMessages: [W_Lifebar_C_0] 0.0
[2022.04.28-20.43.37:628][ 51]LogBlueprintUserMessages: [W_Lifebar_C_1] 0.0
[2022.04.28-20.43.38:062][ 52]LogBlueprintUserMessages: [W_Lifebar_C_0] 0.0
[2022.04.28-20.43.38:062][ 52]LogBlueprintUserMessages: [W_Lifebar_C_1] 0.0
[2022.04.28-20.43.38:469][ 53]LogBlueprintUserMessages: [W_Lifebar_C_0] 0.0
[2022.04.28-20.43.38:469][ 53]LogBlueprintUserMessages: [W_Lifebar_C_1] 0.0
[2022.04.28-20.43.38:677][ 54]LogBlueprintUserMessages: [W_Lifebar_C_0] 0.0
[2022.04.28-20.43.38:677][ 54]LogBlueprintUserMessages: [W_Lifebar_C_1] 0.0
[2022.04.28-20.43.38:882][ 55]LogBlueprintUserMessages: [W_Lifebar_C_0] 0.0
[2022.04.28-20.43.38:882][ 55]LogBlueprintUserMessages: [W_Lifebar_C_1] 0.0
[2022.04.28-20.43.39:295][ 56]LogBlueprintUserMessages: [W_Lifebar_C_0] 0.0
[2022.04.28-20.43.39:295][ 56]LogBlueprintUserMessages: [W_Lifebar_C_1] 0.0
[2022.04.28-20.43.39:505][ 57]LogBlueprintUserMessages: [W_Lifebar_C_0] 0.0
[2022.04.28-20.43.39:505][ 57]LogBlueprintUserMessages: [W_Lifebar_C_1] 0.0
[2022.04.28-20.43.39:714][ 58]LogBlueprintUserMessages: [W_Lifebar_C_0] 0.0
[2022.04.28-20.43.39:714][ 58]LogBlueprintUserMessages: [W_Lifebar_C_1] 0.0
[2022.04.28-20.43.39:914][ 59]LogBlueprintUserMessages: [W_Lifebar_C_0] 0.0
[2022.04.28-20.43.39:914][ 59]LogBlueprintUserMessages: [W_Lifebar_C_1] 0.0
[2022.04.28-20.43.40:130][ 60]LogBlueprintUserMessages: [W_Lifebar_C_0] 0.0
[2022.04.28-20.43.40:130][ 60]LogBlueprintUserMessages: [W_Lifebar_C_1] 0.0
[2022.04.28-20.43.40:335][ 61]LogBlueprintUserMessages: [W_Lifebar_C_0] 0.0
[2022.04.28-20.43.40:335][ 61]LogBlueprintUserMessages: [W_Lifebar_C_1] 0.0
[2022.04.28-20.43.40:543][ 62]LogBlueprintUserMessages: [W_Lifebar_C_0] 0.0
[2022.04.28-20.43.40:543][ 62]LogBlueprintUserMessages: [W_Lifebar_C_1] 0.0
[2022.04.28-20.43.40:953][ 63]LogBlueprintUserMessages: [W_Lifebar_C_0] 0.0
[2022.04.28-20.43.40:953][ 63]LogBlueprintUserMessages: [W_Lifebar_C_1] 0.0
[2022.04.28-20.43.41:161][ 64]LogBlueprintUserMessages: [W_Lifebar_C_0] 0.0
[2022.04.28-20.43.41:161][ 64]LogBlueprintUserMessages: [W_Lifebar_C_1] 0.0
[2022.04.28-20.43.41:372][ 65]LogBlueprintUserMessages: [W_Lifebar_C_0] 0.0
[2022.04.28-20.43.41:372][ 65]LogBlueprintUserMessages: [W_Lifebar_C_1] 0.0
[2022.04.28-20.43.41:583][ 66]LogBlueprintUserMessages: [W_Lifebar_C_0] 0.0
[2022.04.28-20.43.41:583][ 66]LogBlueprintUserMessages: [W_Lifebar_C_1] 0.0
[2022.04.28-20.43.41:788][ 67]LogBlueprintUserMessages: [W_Lifebar_C_0] 0.0
[2022.04.28-20.43.41:788][ 67]LogBlueprintUserMessages: [W_Lifebar_C_1] 0.0
[2022.04.28-20.43.42:194][ 68]LogBlueprintUserMessages: [W_Lifebar_C_0] 0.0
[2022.04.28-20.43.42:194][ 68]LogBlueprintUserMessages: [W_Lifebar_C_1] 0.0
[2022.04.28-20.43.42:401][ 69]LogBlueprintUserMessages: [W_Lifebar_C_0] 0.0
[2022.04.28-20.43.42:401][ 69]LogBlueprintUserMessages: [W_Lifebar_C_1] 0.0
[2022.04.28-20.43.42:611][ 70]LogBlueprintUserMessages: [W_Lifebar_C_0] 0.0
[2022.04.28-20.43.42:611][ 70]LogBlueprintUserMessages: [W_Lifebar_C_1] 0.0
[2022.04.28-20.43.42:823][ 71]LogBlueprintUserMessages: [W_Lifebar_C_0] 0.0
[2022.04.28-20.43.42:823][ 71]LogBlueprintUserMessages: [W_Lifebar_C_1] 0.0
[2022.04.28-20.43.43:029][ 72]LogBlueprintUserMessages: [W_Lifebar_C_0] 0.0
[2022.04.28-20.43.43:029][ 72]LogBlueprintUserMessages: [W_Lifebar_C_1] 0.0
[2022.04.28-20.43.43:234][ 73]LogBlueprintUserMessages: [W_Lifebar_C_0] 0.0
[2022.04.28-20.43.43:234][ 73]LogBlueprintUserMessages: [W_Lifebar_C_1] 0.0
[2022.04.28-20.43.43:444][ 74]LogBlueprintUserMessages: [W_Lifebar_C_0] 0.0
[2022.04.28-20.43.43:444][ 74]LogBlueprintUserMessages: [W_Lifebar_C_1] 0.0
[2022.04.28-20.43.43:856][ 75]LogBlueprintUserMessages: [W_Lifebar_C_0] 0.0
[2022.04.28-20.43.43:857][ 75]LogBlueprintUserMessages: [W_Lifebar_C_1] 0.0
[2022.04.28-20.43.43:865][ 76]LogBlueprintUserMessages: [W_Lifebar_C_0] 0.0
[2022.04.28-20.43.43:866][ 76]LogBlueprintUserMessages: [W_Lifebar_C_1] 0.0
[2022.04.28-20.43.44:043][ 77]LogBlueprintUserMessages: [W_Lifebar_C_0] 0.0
[2022.04.28-20.43.44:043][ 77]LogBlueprintUserMessages: [W_Lifebar_C_1] 0.0
[2022.04.28-20.43.44:054][ 78]LogOnlineSession: Warning: OSS: No game present to leave for session (GameSession)
[2022.04.28-20.43.44:054][ 78]LogNet: Error: UEngine::BroadcastNetworkFailure: FailureType = FailureReceived, ErrorString = Host closed the connection., Driver = GameNetDriver IpNetDriver_0
[2022.04.28-20.43.44:054][ 78]LogNet: Warning: Network Failure: GameNetDriver[FailureReceived]: Host closed the connection.
[2022.04.28-20.43.44:054][ 78]LogNet: NetworkFailure: FailureReceived, Error: 'Host closed the connection.'
[2022.04.28-20.43.44:054][ 78]LogNet: UNetConnection::Close: [UNetConnection] RemoteAddr: 127.0.0.1:17777, Name: IpConnection_0, Driver: GameNetDriver IpNetDriver_0, IsServer: NO, PC: BP_MultiPlayerController_C_0, Owner: BP_MultiPlayerController_C_0, UniqueId: NULL:LAPTOP-K7OCUPB7-FC1D916B43246057382319B100C377C1, Channels: 8, Time: 2022.04.28-20.43.44
[2022.04.28-20.43.44:054][ 78]LogNet: UChannel::Close: Sending CloseBunch. ChIndex == 0. Name: [UChannel] ChIndex: 0, Closing: 0 [UNetConnection] RemoteAddr: 127.0.0.1:17777, Name: IpConnection_0, Driver: GameNetDriver IpNetDriver_0, IsServer: NO, PC: BP_MultiPlayerController_C_0, Owner: BP_MultiPlayerController_C_0, UniqueId: NULL:LAPTOP-K7OCUPB7-FC1D916B43246057382319B100C377C1
[2022.04.28-20.43.44:054][ 78]LogNet: Error: UEngine::BroadcastNetworkFailure: FailureType = ConnectionLost, ErrorString = Your connection to the host has been lost., Driver = GameNetDriver IpNetDriver_0
[2022.04.28-20.43.44:055][ 78]LogBlueprintUserMessages: [W_Lifebar_C_0] 0.0
[2022.04.28-20.43.44:055][ 78]LogBlueprintUserMessages: [W_Lifebar_C_1] 0.0
[2022.04.28-20.43.44:064][ 79]LogNet: Browse: /Game/StarterContent/Maps/Minimal_Default?closed
[2022.04.28-20.43.44:064][ 79]LogNet: Connection failed; returning to Entry
[2022.04.28-20.43.44:064][ 79]LogLoad: LoadMap: /Game/StarterContent/Maps/Minimal_Default?closed
[2022.04.28-20.43.44:064][ 79]LogWorld: BeginTearingDown for /Game/MyContent/Maps/Lvl1
[2022.04.28-20.43.44:064][ 79]LogNet: World NetDriver shutdown IpNetDriver_0 [GameNetDriver]
[2022.04.28-20.43.44:064][ 79]LogNet: DestroyNamedNetDriver IpNetDriver_0 [GameNetDriver]
[2022.04.28-20.43.44:064][ 79]LogExit: GameNetDriver IpNetDriver_0 shut down
[2022.04.28-20.43.44:064][ 79]LogWorld: UWorld::CleanupWorld for Lvl1, bSessionEnded=true, bCleanupResources=true
[2022.04.28-20.43.44:064][ 79]LogSlate: InvalidateAllWidgets triggered.  All widgets were invalidated
[2022.04.28-20.43.44:102][ 79]LogAudio: Display: Audio Device unregistered from world 'None'.
[2022.04.28-20.43.44:108][ 79]LogUObjectHash: Compacting FUObjectHashTables data took   1.10ms
[2022.04.28-20.43.44:214][ 79]LogAudio: Display: Audio Device (ID: 1) registered with world 'Minimal_Default'.
[2022.04.28-20.43.44:219][ 79]LogAIModule: Creating AISystem for world Minimal_Default
[2022.04.28-20.43.44:219][ 79]LogLoad: Game class is 'GameModeBase'
[2022.04.28-20.43.44:220][ 79]LogWorld: Bringing World /Game/StarterContent/Maps/Minimal_Default.Minimal_Default up for play (max tick rate 0) at 2022.04.28-23.43.44
[2022.04.28-20.43.44:220][ 79]LogWorld: Bringing up level for play took: 0.000869
[2022.04.28-20.43.44:221][ 79]LogLoad: Took 0.157336 seconds to LoadMap(/Game/StarterContent/Maps/Minimal_Default)
[2022.04.28-20.43.44:231][ 79]LogUObjectHash: Compacting FUObjectHashTables data took   1.12ms
[2022.04.28-20.43.46:188][274]LogWindowsDesktop: Alt-F4 pressed!
[2022.04.28-20.43.46:207][274]LogSlate: Window 'MultiShooter (64-bit Development PCD3D_SM5) ' being destroyed
[2022.04.28-20.43.46:208][274]LogWindowsTextInputMethodSystem: Display: IME system deactivated.
[2022.04.28-20.43.46:211][274]LogWindowsTextInputMethodSystem: Display: IME system deactivated.
[2022.04.28-20.43.46:212][274]LogSlate: Updating window title bar state: overlay mode, drag disabled, window buttons hidden, title bar hidden
[2022.04.28-20.43.46:212][274]LogEngine: All Windows Closed
[2022.04.28-20.43.46:212][274]LogWindows: FPlatformMisc::RequestExit(0)
[2022.04.28-20.43.46:212][274]LogWindows: FPlatformMisc::RequestExitWithStatus(0, 0)
[2022.04.28-20.43.46:212][274]LogCore: Engine exit requested (reason: Win RequestExit)
[2022.04.28-20.43.46:212][275]LogCore: Engine exit requested (reason: EngineExit() was called; note: exit was already requested)
[2022.04.28-20.43.46:212][275]LogInit: Display: PreExit Game.
[2022.04.28-20.43.46:223][275]LogWorld: BeginTearingDown for /Game/StarterContent/Maps/Minimal_Default
[2022.04.28-20.43.46:223][275]LogWorld: UWorld::CleanupWorld for Minimal_Default, bSessionEnded=true, bCleanupResources=true
[2022.04.28-20.43.46:223][275]LogSlate: InvalidateAllWidgets triggered.  All widgets were invalidated
[2022.04.28-20.43.47:045][275]LogAudio: Display: Beginning Audio Device Manager Shutdown (Module: AudioMixerXAudio2)...
[2022.04.28-20.43.47:045][275]LogAudio: Display: Destroying 1 Remaining Audio Device(s)...
[2022.04.28-20.43.47:045][275]LogAudio: Display: Audio Device unregistered from world 'Minimal_Default'.
[2022.04.28-20.43.47:074][275]LogAudioMixer: FMixerPlatformXAudio2::StopAudioStream() called
[2022.04.28-20.43.47:075][275]LogAudioMixer: FMixerPlatformXAudio2::StopAudioStream() called
[2022.04.28-20.43.47:077][275]LogAudio: Display: Audio Device Manager Shutdown
[2022.04.28-20.43.47:081][275]LogExit: Preparing to exit.
[2022.04.28-20.43.47:085][275]LogSlate: Updating window title bar state: overlay mode, drag disabled, window buttons hidden, title bar hidden
[2022.04.28-20.43.47:086][275]LogUObjectHash: Compacting FUObjectHashTables data took   0.54ms
[2022.04.28-20.43.47:372][275]LogMoviePlayer: Shutting down movie player
[2022.04.28-20.43.47:496][275]LogDemo: Cleaned up 0 splitscreen connections with owner deletion
[2022.04.28-20.43.47:499][275]LogExit: Game engine shut down
[2022.04.28-20.43.47:530][275]LogExit: Object subsystem successfully closed.
[2022.04.28-20.43.47:540][275]LogShaderCompilers: Display: === FShaderJobCache stats ===
[2022.04.28-20.43.47:540][275]LogShaderCompilers: Display: Total job queries 0, among them cache hits 0 (0.00%)
[2022.04.28-20.43.47:540][275]LogShaderCompilers: Display: Tracking 0 distinct input hashes that result in 0 distinct outputs (0.00%)
[2022.04.28-20.43.47:540][275]LogShaderCompilers: Display: RAM used: 0.00 MB (0.00 GB) of 819.20 MB (0.80 GB) budget. Usage: 0.00%
[2022.04.28-20.43.47:540][275]LogShaderCompilers: Display: ================================================
[2022.04.28-20.43.47:558][275]LogShaderCompilers: Display: Shaders left to compile 0
[2022.04.28-20.43.47:579][275]LogModuleManager: Shutting down and abandoning module AIModule (560)
[2022.04.28-20.43.47:579][275]LogModuleManager: Shutting down and abandoning module AITestSuite (559)
[2022.04.28-20.43.47:579][275]LogModuleManager: Shutting down and abandoning module NavigationSystem (557)
[2022.04.28-20.43.47:579][275]LogModuleManager: Shutting down and abandoning module GameplayDebugger (554)
[2022.04.28-20.43.47:579][275]LogModuleManager: Shutting down and abandoning module Voice (552)
[2022.04.28-20.43.47:579][275]LogModuleManager: Shutting down and abandoning module SequenceRecorderSections (548)
[2022.04.28-20.43.47:579][275]LogModuleManager: Shutting down and abandoning module SequenceRecorder (546)
[2022.04.28-20.43.47:579][275]LogModuleManager: Shutting down and abandoning module AutomationController (544)
[2022.04.28-20.43.47:579][275]LogModuleManager: Shutting down and abandoning module AutomationWorker (542)
[2022.04.28-20.43.47:579][275]LogModuleManager: Shutting down and abandoning module SteamVREditor (540)
[2022.04.28-20.43.47:579][275]LogModuleManager: Shutting down and abandoning module ToolMenus (539)
[2022.04.28-20.43.47:579][275]LogModuleManager: Shutting down and abandoning module OculusMR (536)
[2022.04.28-20.43.47:579][275]LogModuleManager: Shutting down and abandoning module TakeRecorderSources (534)
[2022.04.28-20.43.47:579][275]LogModuleManager: Shutting down and abandoning module TakeRecorder (533)
[2022.04.28-20.43.47:579][275]LogModuleManager: Shutting down and abandoning module TakeTrackRecorders (530)
[2022.04.28-20.43.47:579][275]LogModuleManager: Shutting down and abandoning module TakesCore (528)
[2022.04.28-20.43.47:579][275]LogModuleManager: Shutting down and abandoning module OpenXRInput (526)
[2022.04.28-20.43.47:579][275]LogModuleManager: Shutting down and abandoning module PlanarCut (524)
[2022.04.28-20.43.47:579][275]LogModuleManager: Shutting down and abandoning module MagicLeapMediaCodecFactory (522)
[2022.04.28-20.43.47:579][275]LogModuleManager: Shutting down and abandoning module MagicLeapMediaFactory (520)
[2022.04.28-20.43.47:579][275]LogModuleManager: Shutting down and abandoning module CharacterAI (518)
[2022.04.28-20.43.47:579][275]LogModuleManager: Shutting down and abandoning module WmfMediaFactory (516)
[2022.04.28-20.43.47:579][275]LogModuleManager: Shutting down and abandoning module WebMMediaFactory (514)
[2022.04.28-20.43.47:579][275]LogModuleManager: Shutting down and abandoning module WebMMedia (512)
[2022.04.28-20.43.47:579][275]LogModuleManager: Shutting down and abandoning module OpenExrWrapper (510)
[2022.04.28-20.43.47:579][275]LogModuleManager: Shutting down and abandoning module ImgMediaFactory (508)
[2022.04.28-20.43.47:579][275]LogModuleManager: Shutting down and abandoning module AvfMediaFactory (506)
[2022.04.28-20.43.47:579][275]LogModuleManager: Shutting down and abandoning module SessionServices (504)
[2022.04.28-20.43.47:579][275]LogModuleManager: Shutting down and abandoning module MovieSceneCapture (502)
[2022.04.28-20.43.47:579][275]LogModuleManager: Shutting down and abandoning module LiveCoding (500)
[2022.04.28-20.43.47:579][275]LogModuleManager: Shutting down and abandoning module LevelSequence (498)
[2022.04.28-20.43.47:579][275]LogModuleManager: Shutting down and abandoning module MovieSceneTracks (496)
[2022.04.28-20.43.47:579][275]LogModuleManager: Shutting down and abandoning module MovieScene (494)
[2022.04.28-20.43.47:579][275]LogModuleManager: Shutting down and abandoning module StreamingPauseRendering (492)
[2022.04.28-20.43.47:579][275]LogModuleManager: Shutting down and abandoning module PortalServices (490)
[2022.04.28-20.43.47:579][275]LogModuleManager: Shutting down and abandoning module PortalRpc (488)
[2022.04.28-20.43.47:579][275]LogModuleManager: Shutting down and abandoning module MessagingRpc (486)
[2022.04.28-20.43.47:579][275]LogModuleManager: Shutting down and abandoning module AudioMixerXAudio2 (484)
[2022.04.28-20.43.47:579][275]LogModuleManager: Shutting down and abandoning module AudioMixerCore (483)
[2022.04.28-20.43.47:579][275]LogModuleManager: Shutting down and abandoning module ImageWriteQueue (480)
[2022.04.28-20.43.47:582][275]LogModuleManager: Shutting down and abandoning module ProfilerService (478)
[2022.04.28-20.43.47:792][275]LogModuleManager: Shutting down and abandoning module TaskGraph (476)
[2022.04.28-20.43.47:793][275]LogModuleManager: Shutting down and abandoning module OculusInput (474)
[2022.04.28-20.43.47:793][275]LogModuleManager: Shutting down and abandoning module Synthesis (472)
[2022.04.28-20.43.47:793][275]LogModuleManager: Shutting down and abandoning module ProceduralMeshComponent (470)
[2022.04.28-20.43.47:793][275]LogModuleManager: Shutting down and abandoning module TakeMovieScene (468)
[2022.04.28-20.43.47:793][275]LogModuleManager: Shutting down and abandoning module MobilePatchingUtils (466)
[2022.04.28-20.43.47:793][275]LogModuleManager: Shutting down and abandoning module GooglePAD (464)
[2022.04.28-20.43.47:793][275]LogModuleManager: Shutting down and abandoning module EditableMesh (462)
[2022.04.28-20.43.47:793][275]LogModuleManager: Shutting down and abandoning module CustomMeshComponent (460)
[2022.04.28-20.43.47:793][275]LogModuleManager: Shutting down and abandoning module CableComponent (458)
[2022.04.28-20.43.47:793][275]LogModuleManager: Shutting down and abandoning module AudioCapture (456)
[2022.04.28-20.43.47:793][275]LogModuleManager: Shutting down and abandoning module AudioCaptureRtAudio (455)
[2022.04.28-20.43.47:793][275]LogModuleManager: Shutting down and abandoning module AssetTags (452)
[2022.04.28-20.43.47:793][275]LogModuleManager: Shutting down and abandoning module ArchVisCharacter (450)
[2022.04.28-20.43.47:793][275]LogModuleManager: Shutting down and abandoning module AppleImageUtilsBlueprintSupport (448)
[2022.04.28-20.43.47:793][275]LogModuleManager: Shutting down and abandoning module AppleImageUtils (446)
[2022.04.28-20.43.47:793][275]LogModuleManager: Shutting down and abandoning module AndroidPermission (444)
[2022.04.28-20.43.47:793][275]LogModuleManager: Shutting down and abandoning module ActorLayerUtilities (442)
[2022.04.28-20.43.47:793][275]LogModuleManager: Shutting down and abandoning module TemplateSequence (440)
[2022.04.28-20.43.47:793][275]LogModuleManager: Shutting down and abandoning module MotoSynth (438)
[2022.04.28-20.43.47:793][275]LogModuleManager: Shutting down and abandoning module OpenImageDenoise (436)
[2022.04.28-20.43.47:793][275]LogOpenImageDenoise: OIDN shutting down
[2022.04.28-20.43.47:794][275]LogModuleManager: Shutting down and abandoning module MeshConversion (434)
[2022.04.28-20.43.47:794][275]LogModuleManager: Shutting down and abandoning module DynamicMesh (432)
[2022.04.28-20.43.47:794][275]LogModuleManager: Shutting down and abandoning module GeometryAlgorithms (430)
[2022.04.28-20.43.47:794][275]LogModuleManager: Shutting down and abandoning module GeometricObjects (428)
[2022.04.28-20.43.47:794][275]LogModuleManager: Shutting down and abandoning module GeometryCollectionTracks (426)
[2022.04.28-20.43.47:794][275]LogModuleManager: Shutting down and abandoning module GeometryCollectionSequencer (425)
[2022.04.28-20.43.47:794][275]LogModuleManager: Shutting down and abandoning module GeometryCacheTracks (422)
[2022.04.28-20.43.47:794][275]LogModuleManager: Shutting down and abandoning module GeometryCacheSequencer (421)
[2022.04.28-20.43.47:794][275]LogModuleManager: Shutting down and abandoning module GeometryCache (418)
[2022.04.28-20.43.47:794][275]LogModuleManager: Shutting down and abandoning module GeometryCacheEd (417)
[2022.04.28-20.43.47:794][275]LogModuleManager: Shutting down and abandoning module MagicLeapSharedWorld (414)
[2022.04.28-20.43.47:794][275]LogModuleManager: Shutting down and abandoning module MagicLeapLightEstimation (412)
[2022.04.28-20.43.47:794][275]LogModuleManager: Shutting down and abandoning module MagicLeapHelperVulkan (410)
[2022.04.28-20.43.47:794][275]LogModuleManager: Shutting down and abandoning module MagicLeapHelperOpenGL (408)
[2022.04.28-20.43.47:794][275]LogModuleManager: Shutting down and abandoning module MagicLeapAudio (406)
[2022.04.28-20.43.47:794][275]LogModuleManager: Shutting down and abandoning module ChaosNiagara (404)
[2022.04.28-20.43.47:794][275]LogModuleManager: Shutting down and abandoning module FieldSystemEngine (403)
[2022.04.28-20.43.47:794][275]LogModuleManager: Shutting down and abandoning module AutomationUtils (400)
[2022.04.28-20.43.47:794][275]LogModuleManager: Shutting down and abandoning module BackChannel (398)
[2022.04.28-20.43.47:794][275]LogModuleManager: Shutting down and abandoning module MediaCompositing (396)
[2022.04.28-20.43.47:794][275]LogModuleManager: Shutting down and abandoning module ImgMedia (394)
[2022.04.28-20.43.47:794][275]LogModuleManager: Shutting down and abandoning module VisualStudioSourceCodeAccess (392)
[2022.04.28-20.43.47:795][275]LogModuleManager: Shutting down and abandoning module HotReload (391)
[2022.04.28-20.43.47:795][275]LogModuleManager: Shutting down and abandoning module VisualStudioCodeSourceCodeAccess (388)
[2022.04.28-20.43.47:795][275]LogModuleManager: Shutting down and abandoning module UObjectPlugin (386)
[2022.04.28-20.43.47:795][275]LogModuleManager: Shutting down and abandoning module SubversionSourceControl (384)
[2022.04.28-20.43.47:795][275]LogModuleManager: Shutting down and abandoning module PerforceSourceControl (382)
[2022.04.28-20.43.47:795][275]LogModuleManager: Shutting down and abandoning module SourceControl (381)
[2022.04.28-20.43.47:795][275]LogModuleManager: Shutting down and abandoning module CLionSourceCodeAccess (378)
[2022.04.28-20.43.47:795][275]LogModuleManager: Shutting down and abandoning module GameplayCameras (376)
[2022.04.28-20.43.47:795][275]LogModuleManager: Shutting down and abandoning module LiveLinkSequencer (374)
[2022.04.28-20.43.47:795][275]LogModuleManager: Shutting down and abandoning module LiveLinkMovieScene (372)
[2022.04.28-20.43.47:796][275]LogModuleManager: Shutting down and abandoning module LiveLinkGraphNode (370)
[2022.04.28-20.43.47:796][275]LogModuleManager: Shutting down and abandoning module LiveLinkComponents (368)
[2022.04.28-20.43.47:796][275]LogModuleManager: Shutting down and abandoning module LiveLink (366)
