Log file open, 04/29/22 00:48:08
LogWindows: Failed to load 'aqProf.dll' (GetLastError=126)
LogWindows: File 'aqProf.dll' does not exist
LogWindows: Failed to load 'VtuneApi.dll' (GetLastError=126)
LogWindows: File 'VtuneApi.dll' does not exist
LogWindows: Failed to load 'VtuneApi32e.dll' (GetLastError=126)
LogWindows: File 'VtuneApi32e.dll' does not exist
LogConsoleResponse: Display: Failed to find resolution value strings in scalability ini. Falling back to default.
LogConsoleResponse: Display: Failed to find resolution value strings in scalability ini. Falling back to default.
LogInit: Display: Running engine for game: MultiShooter
LogPlatformFile: Not using cached read wrapper
LogTaskGraph: Started task graph with 5 named threads and 35 total threads with 3 sets of task threads.
LogStats: Stats thread started at 0.221660
LogICUInternationalization: ICU TimeZone Detection - Raw Offset: +3:00, Platform Override: ''
LogInit: Display: Loading text-based GConfig....
LogPluginManager: Mounting plugin MeshPainting
LogPluginManager: Mounting plugin XGEController
LogPluginManager: Mounting plugin Paper2D
LogPluginManager: Mounting plugin AISupport
LogPluginManager: Mounting plugin EnvironmentQueryEditor
LogPluginManager: Mounting plugin LightPropagationVolume
LogPluginManager: Mounting plugin CameraShakePreviewer
LogPluginManager: Mounting plugin GameplayCameras
LogPluginManager: Mounting plugin OodleData
LogPluginManager: Mounting plugin OodleNetwork
LogPluginManager: Mounting plugin LiveLink
LogPluginManager: Mounting plugin DatasmithContent
LogPluginManager: Mounting plugin Niagara
LogPluginManager: Mounting plugin VariantManagerContent
LogPluginManager: Mounting plugin AnimationSharing
LogPluginManager: Mounting plugin CLionSourceCodeAccess
LogPluginManager: Mounting plugin CodeLiteSourceCodeAccess
LogPluginManager: Mounting plugin GitSourceControl
LogPluginManager: Mounting plugin NullSourceCodeAccess
LogPluginManager: Mounting plugin PixWinPlugin
LogPluginManager: Mounting plugin PlasticSourceControl
LogPluginManager: Mounting plugin AssetManagerEditor
LogPluginManager: Mounting plugin PluginUtils
LogPluginManager: Mounting plugin PropertyAccessNode
LogPluginManager: Mounting plugin RiderSourceCodeAccess
LogPluginManager: Mounting plugin SubversionSourceControl
LogPluginManager: Mounting plugin TextureFormatOodle
LogPluginManager: Mounting plugin PerforceSourceControl
LogPluginManager: Mounting plugin UObjectPlugin
LogPluginManager: Mounting plugin CurveEditorTools
LogPluginManager: Mounting plugin CryptoKeys
LogPluginManager: Mounting plugin DataValidation
LogPluginManager: Mounting plugin VisualStudioCodeSourceCodeAccess
LogPluginManager: Mounting plugin FacialAnimation
LogPluginManager: Mounting plugin VisualStudioSourceCodeAccess
LogPluginManager: Mounting plugin GameplayTagsEditor
LogPluginManager: Mounting plugin XCodeSourceCodeAccess
LogPluginManager: Mounting plugin GeometryMode
LogPluginManager: Mounting plugin KDevelopSourceCodeAccess
LogPluginManager: Mounting plugin MaterialAnalyzer
LogPluginManager: Mounting plugin MobileLauncherProfileWizard
LogPluginManager: Mounting plugin PluginBrowser
LogPluginManager: Mounting plugin SpeedTreeImporter
LogPluginManager: Mounting plugin MacGraphicsSwitching
LogPluginManager: Mounting plugin AndroidMedia
LogPluginManager: Mounting plugin AvfMedia
LogPluginManager: Mounting plugin AutomationUtils
LogPluginManager: Mounting plugin AlembicImporter
LogPluginManager: Mounting plugin ChaosCloth
LogPluginManager: Mounting plugin ChaosClothEditor
LogPluginManager: Mounting plugin BackChannel
LogPluginManager: Mounting plugin ChaosEditor
LogPluginManager: Mounting plugin ChaosSolverPlugin
LogPluginManager: Mounting plugin ChaosNiagara
LogPluginManager: Mounting plugin CharacterAI
LogPluginManager: Mounting plugin ImgMedia
LogPluginManager: Mounting plugin MediaCompositing
LogPluginManager: Mounting plugin MediaPlayerEditor
LogPluginManager: Mounting plugin WebMMedia
LogPluginManager: Mounting plugin WmfMedia
LogPluginManager: Mounting plugin ActorSequence
LogPluginManager: Mounting plugin TcpMessaging
LogPluginManager: Mounting plugin LevelSequenceEditor
LogPluginManager: Mounting plugin MatineeToLevelSequence
LogPluginManager: Mounting plugin LuminPlatformFeatures
LogPluginManager: Mounting plugin UdpMessaging
LogPluginManager: Mounting plugin MagicLeap
LogPluginManager: Mounting plugin MagicLeapLightEstimation
LogPluginManager: Mounting plugin MagicLeapMedia
LogPluginManager: Mounting plugin TemplateSequence
LogPluginManager: Mounting plugin MagicLeapPassableWorld
LogPluginManager: Mounting plugin GeometryCache
LogPluginManager: Mounting plugin GeometryCollectionPlugin
LogPluginManager: Mounting plugin MLSDK
LogPluginManager: Mounting plugin GeometryProcessing
LogPluginManager: Mounting plugin MotoSynth
LogPluginManager: Mounting plugin OpenImageDenoise
LogPluginManager: Mounting plugin PlanarCut
LogPluginManager: Mounting plugin PythonScriptPlugin
LogPluginManager: Mounting plugin ProxyLODPlugin
LogPluginManager: Mounting plugin PlatformCrypto
LogPluginManager: Mounting plugin SkeletalReduction
LogPluginManager: Mounting plugin LauncherChunkInstaller
LogPluginManager: Mounting plugin OnlineSubsystem
LogPluginManager: Mounting plugin OnlineSubsystemNull
LogPluginManager: Mounting plugin OnlineSubsystemUtils
LogPluginManager: Mounting plugin ActorLayerUtilities
LogPluginManager: Mounting plugin AndroidDeviceProfileSelector
LogPluginManager: Mounting plugin AndroidMoviePlayer
LogPluginManager: Mounting plugin AndroidPermission
LogPluginManager: Mounting plugin AppleImageUtils
LogPluginManager: Mounting plugin AppleMoviePlayer
LogPluginManager: Mounting plugin ArchVisCharacter
LogPluginManager: Mounting plugin AssetTags
LogPluginManager: Mounting plugin AudioCapture
LogPluginManager: Mounting plugin AudioSynesthesia
LogPluginManager: Mounting plugin CableComponent
LogPluginManager: Mounting plugin CustomMeshComponent
LogPluginManager: Mounting plugin ChunkDownloader
LogPluginManager: Mounting plugin EditableMesh
LogPluginManager: Mounting plugin ExampleDeviceProfileSelector
LogPluginManager: Mounting plugin ScreenshotTools
LogPluginManager: Mounting plugin GoogleCloudMessaging
LogPluginManager: Mounting plugin GooglePAD
LogPluginManager: Mounting plugin IOSDeviceProfileSelector
LogPluginManager: Mounting plugin LinuxDeviceProfileSelector
LogPluginManager: Mounting plugin LocationServicesBPLibrary
LogPluginManager: Mounting plugin MobilePatchingUtils
LogPluginManager: Mounting plugin OpenXR
LogPluginManager: Mounting plugin OpenXREyeTracker
LogPluginManager: Mounting plugin OpenXRHandTracking
LogPluginManager: Mounting plugin PhysXVehicles
LogPluginManager: Mounting plugin PostSplashScreen
LogPluginManager: Mounting plugin ProceduralMeshComponent
LogPluginManager: Mounting plugin PropertyAccessEditor
LogPluginManager: Mounting plugin RuntimePhysXCooking
LogPluginManager: Mounting plugin SignificanceManager
LogPluginManager: Mounting plugin SoundFields
LogPluginManager: Mounting plugin Synthesis
LogPluginManager: Mounting plugin Takes
LogPluginManager: Mounting plugin WebMMoviePlayer
LogPluginManager: Mounting plugin WindowsMoviePlayer
LogPluginManager: Mounting plugin ContentBrowserAssetDataSource
LogPluginManager: Mounting plugin ContentBrowserClassDataSource
LogPluginManager: Mounting plugin ContentBrowserFileDataSource
LogPluginManager: Mounting plugin OnlineSubsystemGooglePlay
LogPluginManager: Mounting plugin OnlineSubsystemIOS
LogPluginManager: Mounting plugin OculusVR
LogPluginManager: Mounting plugin SteamVR
PixWinPlugin: PIX capture plugin failed to initialize! Check that the process is launched from PIX.
LogInit: Using libcurl 7.55.1-DEV
LogInit:  - built for x86_64-pc-win32
LogInit:  - supports SSL with OpenSSL/1.1.1
LogInit:  - supports HTTP deflate (compression) using libz 1.2.8
LogInit:  - other features:
LogInit:      CURL_VERSION_SSL
LogInit:      CURL_VERSION_LIBZ
LogInit:      CURL_VERSION_IPV6
LogInit:      CURL_VERSION_ASYNCHDNS
LogInit:      CURL_VERSION_LARGEFILE
LogInit:      CURL_VERSION_IDN
LogInit:  CurlRequestOptions (configurable via config and command line):
LogInit:  - bVerifyPeer = true  - Libcurl will verify peer certificate
LogInit:  - bUseHttpProxy = false  - Libcurl will NOT use HTTP proxy
LogInit:  - bDontReuseConnections = false  - Libcurl will reuse connections
LogInit:  - MaxHostConnections = 16  - Libcurl will limit the number of connections to a host
LogInit:  - LocalHostAddr = Default
LogInit:  - BufferSize = 65536
LogOnline: OSS: Creating online subsystem instance for: NULL
LogInit: WinSock: version 1.1 (2.2), MaxSocks=32767, MaxUdp=65467
LogOnline: OSS: TryLoadSubsystemAndSetDefault: Loaded subsystem for module [NULL]
LogOculusPluginWrapper: OculusPlugin initialized successfully
LogHMD: Failed initializing OVRPlugin 1.59.0
LogInit: Build: ++UE4+Release-4.27-CL-17155196
LogInit: Engine Version: 4.27.0-17155196+++UE4+Release-4.27
LogInit: Compatible Engine Version: 4.27.0-17155196+++UE4+Release-4.27
LogInit: Net CL: 17155196
LogInit: OS: Windows 10 (Release 2009) (), CPU: Intel(R) Core(TM) i7-10750H CPU @ 2.60GHz, GPU: Intel(R) UHD Graphics
LogInit: Compiled (64-bit): Aug 13 2021 06:13:13
LogInit: Compiled with Visual C++: 19.24.28315.00
LogInit: Build Configuration: Development
LogInit: Branch Name: ++UE4+Release-4.27
LogInit: Command Line:  127.0.0.1:17777 -game -PIEVIACONSOLE -Multiprocess GameUserSettingsINI=C:/3/MultiShooter/Saved/Config/Windows/PIEGameUserSettings1.ini -MultiprocessSaveConfig -forcepassthrough -messaging -SessionName="Play in Standalone Game" -windowed -WinX=0 -WinY=24 SAVEWINPOS=1 -ResX=640 -ResY=480
LogInit: Base Directory: C:/Program Files/Epic Games/UE_4.27/Engine/Binaries/Win64/
LogInit: Allocator: TBB
LogInit: Installed Engine Build: 1
LogDevObjectVersion: Number of dev versions registered: 29
LogDevObjectVersion:   Dev-Blueprints (B0D832E4-1F89-4F0D-ACCF-7EB736FD4AA2): 10
LogDevObjectVersion:   Dev-Build (E1C64328-A22C-4D53-A36C-8E866417BD8C): 0
LogDevObjectVersion:   Dev-Core (375EC13C-06E4-48FB-B500-84F0262A717E): 4
LogDevObjectVersion:   Dev-Editor (E4B068ED-F494-42E9-A231-DA0B2E46BB41): 40
LogDevObjectVersion:   Dev-Framework (CFFC743F-43B0-4480-9391-14DF171D2073): 37
LogDevObjectVersion:   Dev-Mobile (B02B49B5-BB20-44E9-A304-32B752E40360): 3
LogDevObjectVersion:   Dev-Networking (A4E4105C-59A1-49B5-A7C5-40C4547EDFEE): 0
LogDevObjectVersion:   Dev-Online (39C831C9-5AE6-47DC-9A44-9C173E1C8E7C): 0
LogDevObjectVersion:   Dev-Physics (78F01B33-EBEA-4F98-B9B4-84EACCB95AA2): 14
LogDevObjectVersion:   Dev-Platform (6631380F-2D4D-43E0-8009-CF276956A95A): 0
LogDevObjectVersion:   Dev-Rendering (12F88B9F-8875-4AFC-A67C-D90C383ABD29): 45
LogDevObjectVersion:   Dev-Sequencer (7B5AE74C-D270-4C10-A958-57980B212A5A): 13
LogDevObjectVersion:   Dev-VR (D7296918-1DD6-4BDD-9DE2-64A83CC13884): 3
LogDevObjectVersion:   Dev-LoadTimes (C2A15278-BFE7-4AFE-6C17-90FF531DF755): 1
LogDevObjectVersion:   Private-Geometry (6EACA3D4-40EC-4CC1-B786-8BED09428FC5): 3
LogDevObjectVersion:   Dev-AnimPhys (29E575DD-E0A3-4627-9D10-D276232CDCEA): 17
LogDevObjectVersion:   Dev-Anim (AF43A65D-7FD3-4947-9873-3E8ED9C1BB05): 15
LogDevObjectVersion:   Dev-ReflectionCapture (6B266CEC-1EC7-4B8F-A30B-E4D90942FC07): 1
LogDevObjectVersion:   Dev-Automation (0DF73D61-A23F-47EA-B727-89E90C41499A): 1
LogDevObjectVersion:   FortniteMain (601D1886-AC64-4F84-AA16-D3DE0DEAC7D6): 47
LogDevObjectVersion:   FortniteRelease (E7086368-6B23-4C58-8439-1B7016265E91): 1
LogDevObjectVersion:   Dev-Enterprise (9DFFBCD6-494F-0158-E221-12823C92A888): 10
LogDevObjectVersion:   Dev-Niagara (F2AED0AC-9AFE-416F-8664-AA7FFA26D6FC): 1
LogDevObjectVersion:   Dev-Destruction (174F1F0B-B4C6-45A5-B13F-2EE8D0FB917D): 10
LogDevObjectVersion:   Dev-Physics-Ext (35F94A83-E258-406C-A318-09F59610247C): 41
LogDevObjectVersion:   Dev-PhysicsMaterial-Chaos (B68FC16E-8B1B-42E2-B453-215C058844FE): 1
LogDevObjectVersion:   Dev-CineCamera (B2E18506-4273-CFC2-A54E-F4BB758BBA07): 1
LogDevObjectVersion:   Dev-VirtualProduction (64F58936-FD1B-42BA-BA96-7289D5D0FA4E): 1
LogDevObjectVersion:   Dev-MediaFramework (6F0ED827-A609-4895-9C91-998D90180EA4): 2
LogInit: Presizing for max 25165824 objects, including 0 objects not considered by GC, pre-allocating 0 bytes for permanent pool.
LogConfig: Applying CVar settings from Section [/Script/Engine.StreamingSettings] File [C:/3/MultiShooter/Saved/Config/Windows/Engine.ini]
LogConfig: Setting CVar [[s.MinBulkDataSizeForAsyncLoading:131072]]
LogConfig: Setting CVar [[s.AsyncLoadingThreadEnabled:0]]
LogConfig: Setting CVar [[s.EventDrivenLoaderEnabled:1]]
LogConfig: Setting CVar [[s.WarnIfTimeLimitExceeded:0]]
LogConfig: Setting CVar [[s.TimeLimitExceededMultiplier:1.5]]
LogConfig: Setting CVar [[s.TimeLimitExceededMinTime:0.005]]
LogConfig: Setting CVar [[s.UseBackgroundLevelStreaming:1]]
LogConfig: Setting CVar [[s.PriorityAsyncLoadingExtraTime:15.0]]
LogConfig: Setting CVar [[s.LevelStreamingActorsUpdateTimeLimit:5.0]]
LogConfig: Setting CVar [[s.PriorityLevelStreamingActorsUpdateExtraTime:5.0]]
LogConfig: Setting CVar [[s.LevelStreamingComponentsRegistrationGranularity:10]]
LogConfig: Setting CVar [[s.UnregisterComponentsTimeLimit:1.0]]
LogConfig: Setting CVar [[s.LevelStreamingComponentsUnregistrationGranularity:5]]
LogConfig: Setting CVar [[s.FlushStreamingOnExit:1]]
LogInit: Object subsystem initialized
LogConfig: Setting CVar [[con.DebugEarlyDefault:1]]
LogConfig: Setting CVar [[r.setres:1280x720]]
[2022.04.28-21.48.09:175][  0]LogConfig: Setting CVar [[con.DebugEarlyDefault:1]]
[2022.04.28-21.48.09:175][  0]LogConfig: Setting CVar [[r.setres:1280x720]]
[2022.04.28-21.48.09:175][  0]LogConfig: Applying CVar settings from Section [/Script/Engine.RendererSettings] File [C:/3/MultiShooter/Saved/Config/Windows/Engine.ini]
[2022.04.28-21.48.09:175][  0]LogConfig: Setting CVar [[r.GPUCrashDebugging:0]]
[2022.04.28-21.48.09:175][  0]LogConfig: Applying CVar settings from Section [/Script/Engine.RendererOverrideSettings] File [C:/3/MultiShooter/Saved/Config/Windows/Engine.ini]
[2022.04.28-21.48.09:175][  0]LogConfig: Applying CVar settings from Section [/Script/Engine.StreamingSettings] File [C:/3/MultiShooter/Saved/Config/Windows/Engine.ini]
[2022.04.28-21.48.09:175][  0]LogConfig: Setting CVar [[s.MinBulkDataSizeForAsyncLoading:131072]]
[2022.04.28-21.48.09:175][  0]LogConfig: Setting CVar [[s.AsyncLoadingThreadEnabled:0]]
[2022.04.28-21.48.09:175][  0]LogConfig: Setting CVar [[s.EventDrivenLoaderEnabled:1]]
[2022.04.28-21.48.09:175][  0]LogConfig: Setting CVar [[s.WarnIfTimeLimitExceeded:0]]
[2022.04.28-21.48.09:175][  0]LogConfig: Setting CVar [[s.TimeLimitExceededMultiplier:1.5]]
[2022.04.28-21.48.09:175][  0]LogConfig: Setting CVar [[s.TimeLimitExceededMinTime:0.005]]
[2022.04.28-21.48.09:175][  0]LogConfig: Setting CVar [[s.UseBackgroundLevelStreaming:1]]
[2022.04.28-21.48.09:175][  0]LogConfig: Setting CVar [[s.PriorityAsyncLoadingExtraTime:15.0]]
[2022.04.28-21.48.09:175][  0]LogConfig: Setting CVar [[s.LevelStreamingActorsUpdateTimeLimit:5.0]]
[2022.04.28-21.48.09:175][  0]LogConfig: Setting CVar [[s.PriorityLevelStreamingActorsUpdateExtraTime:5.0]]
[2022.04.28-21.48.09:175][  0]LogConfig: Setting CVar [[s.LevelStreamingComponentsRegistrationGranularity:10]]
[2022.04.28-21.48.09:175][  0]LogConfig: Setting CVar [[s.UnregisterComponentsTimeLimit:1.0]]
[2022.04.28-21.48.09:175][  0]LogConfig: Setting CVar [[s.LevelStreamingComponentsUnregistrationGranularity:5]]
[2022.04.28-21.48.09:175][  0]LogConfig: Setting CVar [[s.FlushStreamingOnExit:1]]
[2022.04.28-21.48.09:175][  0]LogConfig: Applying CVar settings from Section [/Script/Engine.GarbageCollectionSettings] File [C:/3/MultiShooter/Saved/Config/Windows/Engine.ini]
[2022.04.28-21.48.09:175][  0]LogConfig: Setting CVar [[gc.MaxObjectsNotConsideredByGC:1]]
[2022.04.28-21.48.09:175][  0]LogConfig: Setting CVar [[gc.SizeOfPermanentObjectPool:0]]
[2022.04.28-21.48.09:175][  0]LogConfig: Setting CVar [[gc.FlushStreamingOnGC:0]]
[2022.04.28-21.48.09:175][  0]LogConfig: Setting CVar [[gc.NumRetriesBeforeForcingGC:10]]
[2022.04.28-21.48.09:175][  0]LogConfig: Setting CVar [[gc.AllowParallelGC:1]]
[2022.04.28-21.48.09:175][  0]LogConfig: Setting CVar [[gc.TimeBetweenPurgingPendingKillObjects:61.1]]
[2022.04.28-21.48.09:175][  0]LogConfig: Setting CVar [[gc.MaxObjectsInEditor:25165824]]
[2022.04.28-21.48.09:175][  0]LogConfig: Setting CVar [[gc.IncrementalBeginDestroyEnabled:1]]
[2022.04.28-21.48.09:175][  0]LogConfig: Setting CVar [[gc.CreateGCClusters:1]]
[2022.04.28-21.48.09:175][  0]LogConfig: Setting CVar [[gc.MinGCClusterSize:5]]
[2022.04.28-21.48.09:175][  0]LogConfig: Setting CVar [[gc.ActorClusteringEnabled:0]]
[2022.04.28-21.48.09:175][  0]LogConfig: Setting CVar [[gc.BlueprintClusteringEnabled:0]]
[2022.04.28-21.48.09:177][  0]LogConfig: Setting CVar [[gc.UseDisregardForGCOnDedicatedServers:0]]
[2022.04.28-21.48.09:177][  0]LogConfig: Setting CVar [[gc.MultithreadedDestructionEnabled:1]]
[2022.04.28-21.48.09:177][  0]LogConfig: Applying CVar settings from Section [/Script/Engine.NetworkSettings] File [C:/3/MultiShooter/Saved/Config/Windows/Engine.ini]
[2022.04.28-21.48.09:177][  0]LogConfig: Applying CVar settings from Section [/Script/UnrealEd.CookerSettings] File [C:/3/MultiShooter/Saved/Config/Windows/Engine.ini]
[2022.04.28-21.48.09:190][  0]LogConfig: Applying CVar settings from Section [ViewDistanceQuality@3] File [C:/3/MultiShooter/Saved/Config/Windows/Scalability.ini]
[2022.04.28-21.48.09:190][  0]LogConfig: Setting CVar [[r.SkeletalMeshLODBias:0]]
[2022.04.28-21.48.09:190][  0]LogConfig: Setting CVar [[r.ViewDistanceScale:1.0]]
[2022.04.28-21.48.09:190][  0]LogConfig: Applying CVar settings from Section [AntiAliasingQuality@3] File [C:/3/MultiShooter/Saved/Config/Windows/Scalability.ini]
[2022.04.28-21.48.09:190][  0]LogConfig: Setting CVar [[r.PostProcessAAQuality:4]]
[2022.04.28-21.48.09:190][  0]LogConfig: Applying CVar settings from Section [ShadowQuality@3] File [C:/3/MultiShooter/Saved/Config/Windows/Scalability.ini]
[2022.04.28-21.48.09:190][  0]LogConfig: Setting CVar [[r.LightFunctionQuality:1]]
[2022.04.28-21.48.09:190][  0]LogConfig: Setting CVar [[r.ShadowQuality:5]]
[2022.04.28-21.48.09:190][  0]LogConfig: Setting CVar [[r.Shadow.CSM.MaxCascades:10]]
[2022.04.28-21.48.09:190][  0]LogConfig: Setting CVar [[r.Shadow.MaxResolution:2048]]
[2022.04.28-21.48.09:190][  0]LogConfig: Setting CVar [[r.Shadow.MaxCSMResolution:2048]]
[2022.04.28-21.48.09:190][  0]LogConfig: Setting CVar [[r.Shadow.RadiusThreshold:0.01]]
[2022.04.28-21.48.09:190][  0]LogConfig: Setting CVar [[r.Shadow.DistanceScale:1.0]]
[2022.04.28-21.48.09:190][  0]LogConfig: Setting CVar [[r.Shadow.CSM.TransitionScale:1.0]]
[2022.04.28-21.48.09:190][  0]LogConfig: Setting CVar [[r.Shadow.PreShadowResolutionFactor:1.0]]
[2022.04.28-21.48.09:190][  0]LogConfig: Setting CVar [[r.DistanceFieldShadowing:1]]
[2022.04.28-21.48.09:190][  0]LogConfig: Setting CVar [[r.DistanceFieldAO:1]]
[2022.04.28-21.48.09:190][  0]LogConfig: Setting CVar [[r.AOQuality:2]]
[2022.04.28-21.48.09:190][  0]LogConfig: Setting CVar [[r.VolumetricFog:1]]
[2022.04.28-21.48.09:190][  0]LogConfig: Setting CVar [[r.VolumetricFog.GridPixelSize:8]]
[2022.04.28-21.48.09:190][  0]LogConfig: Setting CVar [[r.VolumetricFog.GridSizeZ:128]]
[2022.04.28-21.48.09:190][  0]LogConfig: Setting CVar [[r.VolumetricFog.HistoryMissSupersampleCount:4]]
[2022.04.28-21.48.09:190][  0]LogConfig: Setting CVar [[r.LightMaxDrawDistanceScale:1]]
[2022.04.28-21.48.09:190][  0]LogConfig: Setting CVar [[r.CapsuleShadows:1]]
[2022.04.28-21.48.09:190][  0]LogConfig: Applying CVar settings from Section [PostProcessQuality@3] File [C:/3/MultiShooter/Saved/Config/Windows/Scalability.ini]
[2022.04.28-21.48.09:190][  0]LogConfig: Setting CVar [[r.MotionBlurQuality:4]]
[2022.04.28-21.48.09:190][  0]LogConfig: Setting CVar [[r.AmbientOcclusionMipLevelFactor:0.4]]
[2022.04.28-21.48.09:190][  0]LogConfig: Setting CVar [[r.AmbientOcclusionMaxQuality:100]]
[2022.04.28-21.48.09:190][  0]LogConfig: Setting CVar [[r.AmbientOcclusionLevels:-1]]
[2022.04.28-21.48.09:190][  0]LogConfig: Setting CVar [[r.AmbientOcclusionRadiusScale:1.0]]
[2022.04.28-21.48.09:190][  0]LogConfig: Setting CVar [[r.DepthOfFieldQuality:2]]
[2022.04.28-21.48.09:190][  0]LogConfig: Setting CVar [[r.RenderTargetPoolMin:400]]
[2022.04.28-21.48.09:190][  0]LogConfig: Setting CVar [[r.LensFlareQuality:2]]
[2022.04.28-21.48.09:190][  0]LogConfig: Setting CVar [[r.SceneColorFringeQuality:1]]
[2022.04.28-21.48.09:190][  0]LogConfig: Setting CVar [[r.EyeAdaptationQuality:2]]
[2022.04.28-21.48.09:190][  0]LogConfig: Setting CVar [[r.BloomQuality:5]]
[2022.04.28-21.48.09:190][  0]LogConfig: Setting CVar [[r.FastBlurThreshold:100]]
[2022.04.28-21.48.09:190][  0]LogConfig: Setting CVar [[r.Upscale.Quality:3]]
[2022.04.28-21.48.09:190][  0]LogConfig: Setting CVar [[r.Tonemapper.GrainQuantization:1]]
[2022.04.28-21.48.09:190][  0]LogConfig: Setting CVar [[r.LightShaftQuality:1]]
[2022.04.28-21.48.09:190][  0]LogConfig: Setting CVar [[r.Filter.SizeScale:1]]
[2022.04.28-21.48.09:190][  0]LogConfig: Setting CVar [[r.Tonemapper.Quality:5]]
[2022.04.28-21.48.09:190][  0]LogConfig: Setting CVar [[r.DOF.Gather.AccumulatorQuality:1        ; higher gathering accumulator quality]]
[2022.04.28-21.48.09:190][  0]LogConfig: Setting CVar [[r.DOF.Gather.PostfilterMethod:1          ; Median3x3 postfilering method]]
[2022.04.28-21.48.09:190][  0]LogConfig: Setting CVar [[r.DOF.Gather.EnableBokehSettings:0       ; no bokeh simulation when gathering]]
[2022.04.28-21.48.09:190][  0]LogConfig: Setting CVar [[r.DOF.Gather.RingCount:4                 ; medium number of samples when gathering]]
[2022.04.28-21.48.09:190][  0]LogConfig: Setting CVar [[r.DOF.Scatter.ForegroundCompositing:1    ; additive foreground scattering]]
[2022.04.28-21.48.09:190][  0]LogConfig: Setting CVar [[r.DOF.Scatter.BackgroundCompositing:2    ; additive background scattering]]
[2022.04.28-21.48.09:190][  0]LogConfig: Setting CVar [[r.DOF.Scatter.EnableBokehSettings:1      ; bokeh simulation when scattering]]
[2022.04.28-21.48.09:190][  0]LogConfig: Setting CVar [[r.DOF.Scatter.MaxSpriteRatio:0.1         ; only a maximum of 10% of scattered bokeh]]
[2022.04.28-21.48.09:190][  0]LogConfig: Setting CVar [[r.DOF.Recombine.Quality:1                ; cheap slight out of focus]]
[2022.04.28-21.48.09:190][  0]LogConfig: Setting CVar [[r.DOF.Recombine.EnableBokehSettings:0    ; no bokeh simulation on slight out of focus]]
[2022.04.28-21.48.09:190][  0]LogConfig: Setting CVar [[r.DOF.TemporalAAQuality:1                ; more stable temporal accumulation]]
[2022.04.28-21.48.09:190][  0]LogConfig: Setting CVar [[r.DOF.Kernel.MaxForegroundRadius:0.025]]
[2022.04.28-21.48.09:190][  0]LogConfig: Setting CVar [[r.DOF.Kernel.MaxBackgroundRadius:0.025]]
[2022.04.28-21.48.09:190][  0]LogConfig: Applying CVar settings from Section [TextureQuality@3] File [C:/3/MultiShooter/Saved/Config/Windows/Scalability.ini]
[2022.04.28-21.48.09:190][  0]LogConfig: Setting CVar [[r.Streaming.MipBias:0]]
[2022.04.28-21.48.09:190][  0]LogConfig: Setting CVar [[r.Streaming.AmortizeCPUToGPUCopy:0]]
[2022.04.28-21.48.09:190][  0]LogConfig: Setting CVar [[r.Streaming.MaxNumTexturesToStreamPerFrame:0]]
[2022.04.28-21.48.09:190][  0]LogConfig: Setting CVar [[r.Streaming.Boost:1]]
[2022.04.28-21.48.09:190][  0]LogConfig: Setting CVar [[r.MaxAnisotropy:8]]
[2022.04.28-21.48.09:190][  0]LogConfig: Setting CVar [[r.VT.MaxAnisotropy:8]]
[2022.04.28-21.48.09:190][  0]LogConfig: Setting CVar [[r.Streaming.LimitPoolSizeToVRAM:0]]
[2022.04.28-21.48.09:190][  0]LogConfig: Setting CVar [[r.Streaming.PoolSize:1000]]
[2022.04.28-21.48.09:190][  0]LogConfig: Setting CVar [[r.Streaming.MaxEffectiveScreenSize:0]]
[2022.04.28-21.48.09:190][  0]LogConfig: Applying CVar settings from Section [EffectsQuality@3] File [C:/3/MultiShooter/Saved/Config/Windows/Scalability.ini]
[2022.04.28-21.48.09:190][  0]LogConfig: Setting CVar [[r.TranslucencyLightingVolumeDim:64]]
[2022.04.28-21.48.09:190][  0]LogConfig: Setting CVar [[r.RefractionQuality:2]]
[2022.04.28-21.48.09:190][  0]LogConfig: Setting CVar [[r.SSR.Quality:3]]
[2022.04.28-21.48.09:190][  0]LogConfig: Setting CVar [[r.SSR.HalfResSceneColor:0]]
[2022.04.28-21.48.09:190][  0]LogConfig: Setting CVar [[r.SceneColorFormat:4]]
[2022.04.28-21.48.09:190][  0]LogConfig: Setting CVar [[r.DetailMode:2]]
[2022.04.28-21.48.09:190][  0]LogConfig: Setting CVar [[r.TranslucencyVolumeBlur:1]]
[2022.04.28-21.48.09:190][  0]LogConfig: Setting CVar [[r.MaterialQualityLevel:1 ; High quality]]
[2022.04.28-21.48.09:190][  0]LogConfig: Setting CVar [[r.AnisotropicMaterials:1]]
[2022.04.28-21.48.09:190][  0]LogConfig: Setting CVar [[r.SSS.Scale:1]]
[2022.04.28-21.48.09:190][  0]LogConfig: Setting CVar [[r.SSS.SampleSet:2]]
[2022.04.28-21.48.09:190][  0]LogConfig: Setting CVar [[r.SSS.Quality:1]]
[2022.04.28-21.48.09:190][  0]LogConfig: Setting CVar [[r.SSS.HalfRes:0]]
[2022.04.28-21.48.09:190][  0]LogConfig: Setting CVar [[r.SSGI.Quality:3]]
[2022.04.28-21.48.09:190][  0]LogConfig: Setting CVar [[r.EmitterSpawnRateScale:1.0]]
[2022.04.28-21.48.09:190][  0]LogConfig: Setting CVar [[r.ParticleLightQuality:2]]
[2022.04.28-21.48.09:190][  0]LogConfig: Setting CVar [[r.SkyAtmosphere.AerialPerspectiveLUT.FastApplyOnOpaque:1 ; Always have FastSkyLUT 1 in this case to avoid wrong sky]]
[2022.04.28-21.48.09:190][  0]LogConfig: Setting CVar [[r.SkyAtmosphere.AerialPerspectiveLUT.SampleCountMaxPerSlice:4]]
[2022.04.28-21.48.09:190][  0]LogConfig: Setting CVar [[r.SkyAtmosphere.AerialPerspectiveLUT.DepthResolution:16.0]]
[2022.04.28-21.48.09:190][  0]LogConfig: Setting CVar [[r.SkyAtmosphere.FastSkyLUT:1]]
[2022.04.28-21.48.09:190][  0]LogConfig: Setting CVar [[r.SkyAtmosphere.FastSkyLUT.SampleCountMin:4.0]]
[2022.04.28-21.48.09:190][  0]LogConfig: Setting CVar [[r.SkyAtmosphere.FastSkyLUT.SampleCountMax:128.0]]
[2022.04.28-21.48.09:190][  0]LogConfig: Setting CVar [[r.SkyAtmosphere.SampleCountMin:4.0]]
[2022.04.28-21.48.09:191][  0]LogConfig: Setting CVar [[r.SkyAtmosphere.SampleCountMax:128.0]]
[2022.04.28-21.48.09:191][  0]LogConfig: Setting CVar [[r.SkyAtmosphere.TransmittanceLUT.UseSmallFormat:0]]
[2022.04.28-21.48.09:191][  0]LogConfig: Setting CVar [[r.SkyAtmosphere.TransmittanceLUT.SampleCount:10.0]]
[2022.04.28-21.48.09:191][  0]LogConfig: Setting CVar [[r.SkyAtmosphere.MultiScatteringLUT.SampleCount:15.0]]
[2022.04.28-21.48.09:191][  0]LogConfig: Setting CVar [[r.SkyLight.RealTimeReflectionCapture:1]]
[2022.04.28-21.48.09:191][  0]LogConfig: Applying CVar settings from Section [FoliageQuality@3] File [C:/3/MultiShooter/Saved/Config/Windows/Scalability.ini]
[2022.04.28-21.48.09:191][  0]LogConfig: Setting CVar [[foliage.DensityScale:1.0]]
[2022.04.28-21.48.09:191][  0]LogConfig: Setting CVar [[grass.DensityScale:1.0]]
[2022.04.28-21.48.09:191][  0]LogConfig: Applying CVar settings from Section [ShadingQuality@3] File [C:/3/MultiShooter/Saved/Config/Windows/Scalability.ini]
[2022.04.28-21.48.09:191][  0]LogConfig: Setting CVar [[r.HairStrands.SkyLighting.IntegrationType:2]]
[2022.04.28-21.48.09:191][  0]LogConfig: Setting CVar [[r.HairStrands.SkyAO.SampleCount:4]]
[2022.04.28-21.48.09:191][  0]LogConfig: Setting CVar [[r.HairStrands.Visibility.MSAA.SamplePerPixel:4]]
[2022.04.28-21.48.09:191][  0]LogInit: Selected Device Profile: [Windows]
[2022.04.28-21.48.09:191][  0]LogInit: Applying CVar settings loaded from the selected device profile: [Windows]
[2022.04.28-21.48.09:191][  0]LogHAL: Display: Platform has ~ 16 GB [16971386880 / 17179869184 / 16], which maps to Larger [LargestMinGB=32, LargerMinGB=12, DefaultMinGB=8, SmallerMinGB=6, SmallestMinGB=0)
[2022.04.28-21.48.09:191][  0]LogInit: Going up to parent DeviceProfile []
[2022.04.28-21.48.09:191][  0]LogConfig: Applying CVar settings from Section [ViewDistanceQuality@3] File [C:/3/MultiShooter/Saved/Config/Windows/Scalability.ini]
[2022.04.28-21.48.09:191][  0]LogConfig: Setting CVar [[r.SkeletalMeshLODBias:0]]
[2022.04.28-21.48.09:191][  0]LogConfig: Setting CVar [[r.ViewDistanceScale:1.0]]
[2022.04.28-21.48.09:191][  0]LogConfig: Applying CVar settings from Section [AntiAliasingQuality@3] File [C:/3/MultiShooter/Saved/Config/Windows/Scalability.ini]
[2022.04.28-21.48.09:191][  0]LogConfig: Setting CVar [[r.PostProcessAAQuality:4]]
[2022.04.28-21.48.09:191][  0]LogConfig: Applying CVar settings from Section [ShadowQuality@3] File [C:/3/MultiShooter/Saved/Config/Windows/Scalability.ini]
[2022.04.28-21.48.09:191][  0]LogConfig: Setting CVar [[r.LightFunctionQuality:1]]
[2022.04.28-21.48.09:191][  0]LogConfig: Setting CVar [[r.ShadowQuality:5]]
[2022.04.28-21.48.09:191][  0]LogConfig: Setting CVar [[r.Shadow.CSM.MaxCascades:10]]
[2022.04.28-21.48.09:191][  0]LogConfig: Setting CVar [[r.Shadow.MaxResolution:2048]]
[2022.04.28-21.48.09:191][  0]LogConfig: Setting CVar [[r.Shadow.MaxCSMResolution:2048]]
[2022.04.28-21.48.09:191][  0]LogConfig: Setting CVar [[r.Shadow.RadiusThreshold:0.01]]
[2022.04.28-21.48.09:191][  0]LogConfig: Setting CVar [[r.Shadow.DistanceScale:1.0]]
[2022.04.28-21.48.09:191][  0]LogConfig: Setting CVar [[r.Shadow.CSM.TransitionScale:1.0]]
[2022.04.28-21.48.09:191][  0]LogConfig: Setting CVar [[r.Shadow.PreShadowResolutionFactor:1.0]]
[2022.04.28-21.48.09:191][  0]LogConfig: Setting CVar [[r.DistanceFieldShadowing:1]]
[2022.04.28-21.48.09:191][  0]LogConfig: Setting CVar [[r.DistanceFieldAO:1]]
[2022.04.28-21.48.09:191][  0]LogConfig: Setting CVar [[r.AOQuality:2]]
[2022.04.28-21.48.09:191][  0]LogConfig: Setting CVar [[r.VolumetricFog:1]]
[2022.04.28-21.48.09:191][  0]LogConfig: Setting CVar [[r.VolumetricFog.GridPixelSize:8]]
[2022.04.28-21.48.09:191][  0]LogConfig: Setting CVar [[r.VolumetricFog.GridSizeZ:128]]
[2022.04.28-21.48.09:191][  0]LogConfig: Setting CVar [[r.VolumetricFog.HistoryMissSupersampleCount:4]]
[2022.04.28-21.48.09:191][  0]LogConfig: Setting CVar [[r.LightMaxDrawDistanceScale:1]]
[2022.04.28-21.48.09:191][  0]LogConfig: Setting CVar [[r.CapsuleShadows:1]]
[2022.04.28-21.48.09:191][  0]LogConfig: Applying CVar settings from Section [PostProcessQuality@3] File [C:/3/MultiShooter/Saved/Config/Windows/Scalability.ini]
[2022.04.28-21.48.09:191][  0]LogConfig: Setting CVar [[r.MotionBlurQuality:4]]
[2022.04.28-21.48.09:191][  0]LogConfig: Setting CVar [[r.AmbientOcclusionMipLevelFactor:0.4]]
[2022.04.28-21.48.09:191][  0]LogConfig: Setting CVar [[r.AmbientOcclusionMaxQuality:100]]
[2022.04.28-21.48.09:191][  0]LogConfig: Setting CVar [[r.AmbientOcclusionLevels:-1]]
[2022.04.28-21.48.09:191][  0]LogConfig: Setting CVar [[r.AmbientOcclusionRadiusScale:1.0]]
[2022.04.28-21.48.09:191][  0]LogConfig: Setting CVar [[r.DepthOfFieldQuality:2]]
[2022.04.28-21.48.09:191][  0]LogConfig: Setting CVar [[r.RenderTargetPoolMin:400]]
[2022.04.28-21.48.09:191][  0]LogConfig: Setting CVar [[r.LensFlareQuality:2]]
[2022.04.28-21.48.09:191][  0]LogConfig: Setting CVar [[r.SceneColorFringeQuality:1]]
[2022.04.28-21.48.09:191][  0]LogConfig: Setting CVar [[r.EyeAdaptationQuality:2]]
[2022.04.28-21.48.09:191][  0]LogConfig: Setting CVar [[r.BloomQuality:5]]
[2022.04.28-21.48.09:191][  0]LogConfig: Setting CVar [[r.FastBlurThreshold:100]]
[2022.04.28-21.48.09:191][  0]LogConfig: Setting CVar [[r.Upscale.Quality:3]]
[2022.04.28-21.48.09:191][  0]LogConfig: Setting CVar [[r.Tonemapper.GrainQuantization:1]]
[2022.04.28-21.48.09:191][  0]LogConfig: Setting CVar [[r.LightShaftQuality:1]]
[2022.04.28-21.48.09:191][  0]LogConfig: Setting CVar [[r.Filter.SizeScale:1]]
[2022.04.28-21.48.09:191][  0]LogConfig: Setting CVar [[r.Tonemapper.Quality:5]]
[2022.04.28-21.48.09:191][  0]LogConfig: Setting CVar [[r.DOF.Gather.AccumulatorQuality:1        ; higher gathering accumulator quality]]
[2022.04.28-21.48.09:191][  0]LogConfig: Setting CVar [[r.DOF.Gather.PostfilterMethod:1          ; Median3x3 postfilering method]]
[2022.04.28-21.48.09:191][  0]LogConfig: Setting CVar [[r.DOF.Gather.EnableBokehSettings:0       ; no bokeh simulation when gathering]]
[2022.04.28-21.48.09:191][  0]LogConfig: Setting CVar [[r.DOF.Gather.RingCount:4                 ; medium number of samples when gathering]]
[2022.04.28-21.48.09:191][  0]LogConfig: Setting CVar [[r.DOF.Scatter.ForegroundCompositing:1    ; additive foreground scattering]]
[2022.04.28-21.48.09:191][  0]LogConfig: Setting CVar [[r.DOF.Scatter.BackgroundCompositing:2    ; additive background scattering]]
[2022.04.28-21.48.09:191][  0]LogConfig: Setting CVar [[r.DOF.Scatter.EnableBokehSettings:1      ; bokeh simulation when scattering]]
[2022.04.28-21.48.09:191][  0]LogConfig: Setting CVar [[r.DOF.Scatter.MaxSpriteRatio:0.1         ; only a maximum of 10% of scattered bokeh]]
[2022.04.28-21.48.09:191][  0]LogConfig: Setting CVar [[r.DOF.Recombine.Quality:1                ; cheap slight out of focus]]
[2022.04.28-21.48.09:191][  0]LogConfig: Setting CVar [[r.DOF.Recombine.EnableBokehSettings:0    ; no bokeh simulation on slight out of focus]]
[2022.04.28-21.48.09:191][  0]LogConfig: Setting CVar [[r.DOF.TemporalAAQuality:1                ; more stable temporal accumulation]]
[2022.04.28-21.48.09:191][  0]LogConfig: Setting CVar [[r.DOF.Kernel.MaxForegroundRadius:0.025]]
[2022.04.28-21.48.09:191][  0]LogConfig: Setting CVar [[r.DOF.Kernel.MaxBackgroundRadius:0.025]]
[2022.04.28-21.48.09:191][  0]LogConfig: Applying CVar settings from Section [TextureQuality@3] File [C:/3/MultiShooter/Saved/Config/Windows/Scalability.ini]
[2022.04.28-21.48.09:191][  0]LogConfig: Setting CVar [[r.Streaming.MipBias:0]]
[2022.04.28-21.48.09:191][  0]LogConfig: Setting CVar [[r.Streaming.AmortizeCPUToGPUCopy:0]]
[2022.04.28-21.48.09:191][  0]LogConfig: Setting CVar [[r.Streaming.MaxNumTexturesToStreamPerFrame:0]]
[2022.04.28-21.48.09:191][  0]LogConfig: Setting CVar [[r.Streaming.Boost:1]]
[2022.04.28-21.48.09:191][  0]LogConfig: Setting CVar [[r.MaxAnisotropy:8]]
[2022.04.28-21.48.09:191][  0]LogConfig: Setting CVar [[r.VT.MaxAnisotropy:8]]
[2022.04.28-21.48.09:191][  0]LogConfig: Setting CVar [[r.Streaming.LimitPoolSizeToVRAM:0]]
[2022.04.28-21.48.09:191][  0]LogConfig: Setting CVar [[r.Streaming.PoolSize:1000]]
[2022.04.28-21.48.09:191][  0]LogConfig: Setting CVar [[r.Streaming.MaxEffectiveScreenSize:0]]
[2022.04.28-21.48.09:191][  0]LogConfig: Applying CVar settings from Section [EffectsQuality@3] File [C:/3/MultiShooter/Saved/Config/Windows/Scalability.ini]
[2022.04.28-21.48.09:191][  0]LogConfig: Setting CVar [[r.TranslucencyLightingVolumeDim:64]]
[2022.04.28-21.48.09:191][  0]LogConfig: Setting CVar [[r.RefractionQuality:2]]
[2022.04.28-21.48.09:191][  0]LogConfig: Setting CVar [[r.SSR.Quality:3]]
[2022.04.28-21.48.09:191][  0]LogConfig: Setting CVar [[r.SSR.HalfResSceneColor:0]]
[2022.04.28-21.48.09:191][  0]LogConfig: Setting CVar [[r.SceneColorFormat:4]]
[2022.04.28-21.48.09:191][  0]LogConfig: Setting CVar [[r.DetailMode:2]]
[2022.04.28-21.48.09:191][  0]LogConfig: Setting CVar [[r.TranslucencyVolumeBlur:1]]
[2022.04.28-21.48.09:191][  0]LogConfig: Setting CVar [[r.MaterialQualityLevel:1 ; High quality]]
[2022.04.28-21.48.09:191][  0]LogConfig: Setting CVar [[r.AnisotropicMaterials:1]]
[2022.04.28-21.48.09:191][  0]LogConfig: Setting CVar [[r.SSS.Scale:1]]
[2022.04.28-21.48.09:192][  0]LogConfig: Setting CVar [[r.SSS.SampleSet:2]]
[2022.04.28-21.48.09:192][  0]LogConfig: Setting CVar [[r.SSS.Quality:1]]
[2022.04.28-21.48.09:192][  0]LogConfig: Setting CVar [[r.SSS.HalfRes:0]]
[2022.04.28-21.48.09:192][  0]LogConfig: Setting CVar [[r.SSGI.Quality:3]]
[2022.04.28-21.48.09:192][  0]LogConfig: Setting CVar [[r.EmitterSpawnRateScale:1.0]]
[2022.04.28-21.48.09:192][  0]LogConfig: Setting CVar [[r.ParticleLightQuality:2]]
[2022.04.28-21.48.09:192][  0]LogConfig: Setting CVar [[r.SkyAtmosphere.AerialPerspectiveLUT.FastApplyOnOpaque:1 ; Always have FastSkyLUT 1 in this case to avoid wrong sky]]
[2022.04.28-21.48.09:192][  0]LogConfig: Setting CVar [[r.SkyAtmosphere.AerialPerspectiveLUT.SampleCountMaxPerSlice:4]]
[2022.04.28-21.48.09:192][  0]LogConfig: Setting CVar [[r.SkyAtmosphere.AerialPerspectiveLUT.DepthResolution:16.0]]
[2022.04.28-21.48.09:192][  0]LogConfig: Setting CVar [[r.SkyAtmosphere.FastSkyLUT:1]]
[2022.04.28-21.48.09:192][  0]LogConfig: Setting CVar [[r.SkyAtmosphere.FastSkyLUT.SampleCountMin:4.0]]
[2022.04.28-21.48.09:192][  0]LogConfig: Setting CVar [[r.SkyAtmosphere.FastSkyLUT.SampleCountMax:128.0]]
[2022.04.28-21.48.09:192][  0]LogConfig: Setting CVar [[r.SkyAtmosphere.SampleCountMin:4.0]]
[2022.04.28-21.48.09:192][  0]LogConfig: Setting CVar [[r.SkyAtmosphere.SampleCountMax:128.0]]
[2022.04.28-21.48.09:192][  0]LogConfig: Setting CVar [[r.SkyAtmosphere.TransmittanceLUT.UseSmallFormat:0]]
[2022.04.28-21.48.09:192][  0]LogConfig: Setting CVar [[r.SkyAtmosphere.TransmittanceLUT.SampleCount:10.0]]
[2022.04.28-21.48.09:192][  0]LogConfig: Setting CVar [[r.SkyAtmosphere.MultiScatteringLUT.SampleCount:15.0]]
[2022.04.28-21.48.09:192][  0]LogConfig: Setting CVar [[r.SkyLight.RealTimeReflectionCapture:1]]
[2022.04.28-21.48.09:192][  0]LogConfig: Applying CVar settings from Section [FoliageQuality@3] File [C:/3/MultiShooter/Saved/Config/Windows/Scalability.ini]
[2022.04.28-21.48.09:192][  0]LogConfig: Setting CVar [[foliage.DensityScale:1.0]]
[2022.04.28-21.48.09:192][  0]LogConfig: Setting CVar [[grass.DensityScale:1.0]]
[2022.04.28-21.48.09:192][  0]LogConfig: Applying CVar settings from Section [ShadingQuality@3] File [C:/3/MultiShooter/Saved/Config/Windows/Scalability.ini]
[2022.04.28-21.48.09:192][  0]LogConfig: Setting CVar [[r.HairStrands.SkyLighting.IntegrationType:2]]
[2022.04.28-21.48.09:192][  0]LogConfig: Setting CVar [[r.HairStrands.SkyAO.SampleCount:4]]
[2022.04.28-21.48.09:192][  0]LogConfig: Setting CVar [[r.HairStrands.Visibility.MSAA.SamplePerPixel:4]]
[2022.04.28-21.48.09:192][  0]LogConfig: Applying CVar settings from Section [Startup] File [../../../Engine/Config/ConsoleVariables.ini]
[2022.04.28-21.48.09:192][  0]LogConfig: Setting CVar [[net.UseAdaptiveNetUpdateFrequency:0]]
[2022.04.28-21.48.09:192][  0]LogConfig: Setting CVar [[p.chaos.AllowCreatePhysxBodies:1]]
[2022.04.28-21.48.09:192][  0]LogConfig: Setting CVar [[fx.SkipVectorVMBackendOptimizations:1]]
[2022.04.28-21.48.09:192][  0]LogConfig: Applying CVar settings from Section [ConsoleVariables] File [C:/3/MultiShooter/Saved/Config/Windows/Engine.ini]
[2022.04.28-21.48.09:193][  0]LogConfig: Applying CVar settings from Section [ConsoleVariables] File [C:/3/MultiShooter/Saved/Config/Windows/Editor.ini]
[2022.04.28-21.48.09:193][  0]LogInit: Computer: LAPTOP-K7OCUPB7
[2022.04.28-21.48.09:193][  0]LogInit: User: buryk
[2022.04.28-21.48.09:193][  0]LogInit: CPU Page size=4096, Cores=6
[2022.04.28-21.48.09:193][  0]LogInit: High frequency timer resolution =10.000000 MHz
[2022.04.28-21.48.09:193][  0]LogMemory: Memory total: Physical=15.8GB (16GB approx)
[2022.04.28-21.48.09:193][  0]LogMemory: Platform Memory Stats for Windows
[2022.04.28-21.48.09:193][  0]LogMemory: Process Physical Memory: 146.16 MB used, 146.16 MB peak
[2022.04.28-21.48.09:193][  0]LogMemory: Process Virtual Memory: 132.07 MB used, 132.07 MB peak
[2022.04.28-21.48.09:193][  0]LogMemory: Physical Memory: 9594.99 MB used,  6590.18 MB free, 16185.18 MB total
[2022.04.28-21.48.09:193][  0]LogMemory: Virtual Memory: 134205000.00 MB used,  12724.94 MB free, 134217728.00 MB total
[2022.04.28-21.48.09:198][  0]LogWindows: WindowsPlatformFeatures enabled
[2022.04.28-21.48.09:245][  0]LogInit: Physics initialised using underlying interface: PhysX
[2022.04.28-21.48.09:246][  0]LogInit: Using OS detected language (ru-RU).
[2022.04.28-21.48.09:246][  0]LogInit: Using OS detected locale (ru-RU).
[2022.04.28-21.48.09:250][  0]LogTextLocalizationManager: No specific localization for 'ru-RU' exists, so the 'ru' localization will be used.
[2022.04.28-21.48.09:255][  0]LogTextLocalizationResource: LocRes '../../../Engine/Content/Localization/Editor/ru/Editor.locres' could not be opened for reading!
[2022.04.28-21.48.09:255][  0]LogTextLocalizationResource: LocRes '../../../Engine/Content/Localization/EditorTutorials/ru/EditorTutorials.locres' could not be opened for reading!
[2022.04.28-21.48.09:255][  0]LogTextLocalizationResource: LocRes '../../../Engine/Content/Localization/Keywords/ru/Keywords.locres' could not be opened for reading!
[2022.04.28-21.48.09:255][  0]LogTextLocalizationResource: LocRes '../../../Engine/Content/Localization/Category/ru/Category.locres' could not be opened for reading!
[2022.04.28-21.48.09:255][  0]LogTextLocalizationResource: LocRes '../../../Engine/Content/Localization/ToolTips/ru/ToolTips.locres' could not be opened for reading!
[2022.04.28-21.48.09:256][  0]LogTextLocalizationResource: LocRes '../../../Engine/Content/Localization/PropertyNames/ru/PropertyNames.locres' could not be opened for reading!
[2022.04.28-21.48.09:256][  0]LogTextLocalizationResource: LocRes '../../../Engine/Content/Localization/Engine/ru/Engine.locres' could not be opened for reading!
[2022.04.28-21.48.09:267][  0]LogWindowsTextInputMethodSystem: Display: IME system deactivated.
[2022.04.28-21.48.09:293][  0]LogSlate: New Slate User Created.  User Index 0, Is Virtual User: 0
[2022.04.28-21.48.09:293][  0]LogSlate: Slate User Registered.  User Index 0, Is Virtual User: 0
[2022.04.28-21.48.09:312][  0]LogD3D11RHI: Loaded GFSDK_Aftermath_Lib.x64.dll
[2022.04.28-21.48.09:326][  0]LogHMD: Failed to initialize OpenVR with code 110
[2022.04.28-21.48.09:326][  0]LogD3D11RHI: D3D11 min allowed feature level: 11_0
[2022.04.28-21.48.09:326][  0]LogD3D11RHI: D3D11 max allowed feature level: 11_0
[2022.04.28-21.48.09:326][  0]LogD3D11RHI: D3D11 adapters:
[2022.04.28-21.48.09:427][  0]LogD3D11RHI:    0. 'NVIDIA GeForce GTX 1660 Ti with Max-Q Design' (Feature Level 11_0)
[2022.04.28-21.48.09:427][  0]LogD3D11RHI:       5991/0/8092 MB DedicatedVideo/DedicatedSystem/SharedSystem, Outputs:1, VendorId:0x10de
[2022.04.28-21.48.09:452][  0]LogD3D11RHI:    1. 'Intel(R) UHD Graphics' (Feature Level 11_0)
[2022.04.28-21.48.09:452][  0]LogD3D11RHI:       128/0/8092 MB DedicatedVideo/DedicatedSystem/SharedSystem, Outputs:0, VendorId:0x8086
[2022.04.28-21.48.09:454][  0]LogD3D11RHI:    2. 'Microsoft Basic Render Driver' (Feature Level 11_0)
[2022.04.28-21.48.09:454][  0]LogD3D11RHI:       0/0/8092 MB DedicatedVideo/DedicatedSystem/SharedSystem, Outputs:0, VendorId:0x1414
[2022.04.28-21.48.09:454][  0]LogD3D11RHI: Chosen D3D11 Adapter: 0
[2022.04.28-21.48.09:462][  0]LogD3D11RHI: Creating new Direct3DDevice
[2022.04.28-21.48.09:462][  0]LogD3D11RHI:     GPU DeviceId: 0x2191 (for the marketing name, search the web for "GPU Device Id")
[2022.04.28-21.48.09:462][  0]LogWindows: EnumDisplayDevices:
[2022.04.28-21.48.09:462][  0]LogWindows:    0. 'Intel(R) UHD Graphics' (P:1 D:1)
[2022.04.28-21.48.09:462][  0]LogWindows:    1. 'Intel(R) UHD Graphics' (P:0 D:0)
[2022.04.28-21.48.09:462][  0]LogWindows:    2. 'Intel(R) UHD Graphics' (P:0 D:0)
[2022.04.28-21.48.09:462][  0]LogWindows:    3. 'NVIDIA GeForce GTX 1660 Ti with Max-Q Design' (P:0 D:0)
[2022.04.28-21.48.09:463][  0]LogWindows:    4. 'NVIDIA GeForce GTX 1660 Ti with Max-Q Design' (P:0 D:0)
[2022.04.28-21.48.09:463][  0]LogWindows:    5. 'NVIDIA GeForce GTX 1660 Ti with Max-Q Design' (P:0 D:0)
[2022.04.28-21.48.09:463][  0]LogWindows:    6. 'NVIDIA GeForce GTX 1660 Ti with Max-Q Design' (P:0 D:0)
[2022.04.28-21.48.09:463][  0]LogWindows: DebugString: PrimaryIsNotTheChoosenAdapter PrimaryIsNotTheChoosenAdapter PrimaryIsNotTheChoosenAdapter FoundDriverCount:4 
[2022.04.28-21.48.09:463][  0]LogD3D11RHI:     Adapter Name: NVIDIA GeForce GTX 1660 Ti with Max-Q Design
[2022.04.28-21.48.09:463][  0]LogD3D11RHI:   Driver Version: 497.33 (internal:30.0.14.9733, unified:497.33)
[2022.04.28-21.48.09:463][  0]LogD3D11RHI:      Driver Date: 12-16-2021
[2022.04.28-21.48.09:463][  0]LogRHI: Texture pool is 4193 MB (70% of 5991 MB)
[2022.04.28-21.48.09:518][  0]LogD3D11RHI: RHI has support for 64 bit atomics
[2022.04.28-21.48.09:518][  0]LogD3D11RHI: Async texture creation enabled
[2022.04.28-21.48.09:518][  0]LogD3D11RHI: Array index from any shader is supported
[2022.04.28-21.48.09:537][  0]LogD3D11RHI: GPU Timing Frequency: 1000.000000 (Debug: 2 2)
[2022.04.28-21.48.09:578][  0]LogRHI: GeForceNow SDK initialized: 1
[2022.04.28-21.48.09:843][  0]LogTargetPlatformManager: Display: Loaded TargetPlatform 'WindowsNoEditor'
[2022.04.28-21.48.09:848][  0]LogTargetPlatformManager: Display: Loaded TargetPlatform 'Windows'
[2022.04.28-21.48.09:852][  0]LogTargetPlatformManager: Display: Loaded TargetPlatform 'WindowsClient'
[2022.04.28-21.48.09:856][  0]LogTargetPlatformManager: Display: Loaded TargetPlatform 'WindowsServer'
[2022.04.28-21.48.09:856][  0]LogTargetPlatformManager: Display: Building Assets For Windows
[2022.04.28-21.48.09:864][  0]LogAudioDebug: Display: Lib vorbis DLL was dynamically loaded.
[2022.04.28-21.48.09:895][  0]LogTextureFormatOodle: Display: Oodle Texture 2.9.0 init RDO Off
[2022.04.28-21.48.09:923][  0]LogRendererCore: Ray tracing is disabled. Reason: r.RayTracing=0.
[2022.04.28-21.48.09:923][  0]LogShaderCompilers: Guid format shader working directory is 13 characters bigger than the processId version (../../../../../../3/MultiShooter/Intermediate/Shaders/WorkingDirectory/12972/).
[2022.04.28-21.48.09:923][  0]LogShaderCompilers: Cleaned the shader compiler working directory 'C:/Users/buryk/AppData/Local/Temp/UnrealShaderWorkingDir/7CDE5EF04233905BF221B5A4F14653ED/'.
[2022.04.28-21.48.09:923][  0]LogXGEController: Cannot use XGE Controller as Incredibuild is not installed on this machine.
[2022.04.28-21.48.09:924][  0]LogShaderCompilers: Cannot use XGE Shader Compiler as Incredibuild is not installed on this machine.
[2022.04.28-21.48.09:924][  0]LogShaderCompilers: Display: Using Local Shader Compiler.
[2022.04.28-21.48.10:625][  0]LogDerivedDataCache: Display: Max Cache Size: 512 MB
[2022.04.28-21.48.10:683][  0]LogDerivedDataCache: Loaded boot cache 0.06s 95MB C:/Users/buryk/AppData/Local/UnrealEngine/4.27/DerivedDataCache/Boot.ddc.
[2022.04.28-21.48.10:683][  0]LogDerivedDataCache: Display: Loaded Boot cache: C:/Users/buryk/AppData/Local/UnrealEngine/4.27/DerivedDataCache/Boot.ddc
[2022.04.28-21.48.10:683][  0]LogDerivedDataCache: FDerivedDataBackendGraph:  Pak pak cache file ../../../../../../3/MultiShooter/DerivedDataCache/DDC.ddp not found, will not use a pak cache.
[2022.04.28-21.48.10:683][  0]LogDerivedDataCache: Unable to find inner node Pak for hierarchical cache Hierarchy.
[2022.04.28-21.48.10:683][  0]LogDerivedDataCache: FDerivedDataBackendGraph:  CompressedPak pak cache file ../../../../../../3/MultiShooter/DerivedDataCache/Compressed.ddp not found, will not use a pak cache.
[2022.04.28-21.48.10:683][  0]LogDerivedDataCache: Unable to find inner node CompressedPak for hierarchical cache Hierarchy.
[2022.04.28-21.48.10:697][  0]LogDerivedDataCache: Display: Pak cache opened for reading ../../../Engine/DerivedDataCache/Compressed.ddp.
[2022.04.28-21.48.10:697][  0]LogDerivedDataCache: FDerivedDataBackendGraph:  EnterprisePak pak cache file ../../../Enterprise/DerivedDataCache/Compressed.ddp not found, will not use a pak cache.
[2022.04.28-21.48.10:697][  0]LogDerivedDataCache: Unable to find inner node EnterprisePak for hierarchical cache Hierarchy.
[2022.04.28-21.48.10:708][  0]LogDerivedDataCache: Speed tests for C:/Users/buryk/AppData/Local/UnrealEngine/Common/DerivedDataCache took 0.01 seconds
[2022.04.28-21.48.10:708][  0]LogDerivedDataCache: Display: Performance to C:/Users/buryk/AppData/Local/UnrealEngine/Common/DerivedDataCache: Latency=0.03ms. RandomReadSpeed=273.21MBs, RandomWriteSpeed=141.42MBs. Assigned SpeedClass 'Local'
[2022.04.28-21.48.10:708][  0]LogDerivedDataCache: Using Local data cache path C:/Users/buryk/AppData/Local/UnrealEngine/Common/DerivedDataCache: Writable
[2022.04.28-21.48.10:708][  0]LogDerivedDataCache: Shared data cache path not found in *engine.ini, will not use an Shared cache.
[2022.04.28-21.48.10:708][  0]LogDerivedDataCache: Unable to find inner node Shared for hierarchical cache Hierarchy.
[2022.04.28-21.48.10:738][  0]LogSlate: Using FreeType 2.10.0
[2022.04.28-21.48.10:739][  0]LogSlate: SlateFontServices - WITH_FREETYPE: 1, WITH_HARFBUZZ: 1
[2022.04.28-21.48.10:833][  0]LogInit: Using OS detected language (ru-RU).
[2022.04.28-21.48.10:833][  0]LogInit: Using OS detected locale (ru-RU).
[2022.04.28-21.48.10:833][  0]LogTextLocalizationManager: No localization for 'ru-RU' exists, so 'en' will be used for the language.
[2022.04.28-21.48.10:833][  0]LogTextLocalizationManager: No localization for 'ru-RU' exists, so 'en' will be used for the locale.
[2022.04.28-21.48.10:833][  0]LogSlate: FontCache flush requested. Reason: Culture for localization was changed
[2022.04.28-21.48.10:834][  0]LogSlate: FontCache flush requested. Reason: Culture for localization was changed
[2022.04.28-21.48.10:836][  0]LogAssetRegistry: FAssetRegistry took 0.0017 seconds to start up
[2022.04.28-21.48.10:979][  0]LogTextLocalizationManager: Compacting localization data took   0.00ms
[2022.04.28-21.48.10:979][  0]LogPackageLocalizationCache: Processed 27 localized package path(s) for 1 prioritized culture(s) in 0.001331 seconds
[2022.04.28-21.48.11:039][  0]LogInit: Selected Device Profile: [Windows]
[2022.04.28-21.48.11:039][  0]LogInit: Active device profile: [0000025B8B372300][0000025B8AC4A6C0 49] Windows
[2022.04.28-21.48.11:039][  0]LogInit: Profiles: [0000025B8B372300][0000025B8AC4A6C0 49] Windows, [0000025B8B325F00][0000025B8AC52840 49] WindowsNoEditor, [0000025B8B371F00][0000025B8AC569C0 49] WindowsServer, [0000025B8B326000][0000025B8AC5AB40 49] WindowsClient, [0000025B8B370100][0000025B8AC5ECC0 49] IOS, [0000025B8B327E00][0000025B8AC62E40 49] iPadAir, [0000025B8B372600][0000025B8AC66FC0 49] iPadAir2, [0000025B8B2DAC00][0000025B8AC6F280 49] IPadPro, [0000025B8B2DAD00][0000025B8AC6B2C0 49] iPadAir3, [0000025B8B373E00][0000025B8AC4F400 49] iPadAir4, [0000025B8B2DB100][0000025B8AC73540 49] iPadMini2, [0000025B8B371E00][0000025B8AC77680 49] iPadMini3, [0000025B8B2DB000][0000025B8AC7F800 49] iPadMini4, [0000025B8B370300][0000025B8AC83980 49] iPadMini5, [0000025B8B30E500][0000025B8AC8A0C0 49] iPhone6, [0000025B8B30E600][0000025B8AC86100 49] iPodTouch6, [0000025B8B2D9500][0000025B8A8C43C0 49] iPhone7, [0000025B8B2D9400][0000025B8A8C0400 49] iPodTouch7, [0000025B8B30E900][0000025B8A8C8580 49] iPhone5S, [0000025B8B2D9000][0000025B8A8CC700 49] iPhone6Plus, [0000025B8B30F200][0000025B8A8D0880 49] iPhone6S, [0000025B8B2D9100][0000025B8A8D4A00 49] iPhone6SPlus, [0000025B8B30E000][0000025B8A8D8B80 49] iPhone7Plus, [0000025B8B2DA200][0000025B8A8DCD00 49] iPhoneSE, [0000025B8B30D400][0000025B8A8E0E80 49] iPhone8, [0000025B8B2D8600][0000025B8A8E5000 49] iPhone8Plus, [0000025B8B30FA00][0000025B8A8E9180 49] iPhoneX, [0000025B8B2DA100][0000025B8A8ED300 49] iPhoneXS, [0000025B8B30D100][0000025B8A8F1480 49] iPhoneXSMax, [0000025B8B2D8200][0000025B8AC7B5C0 49] iPhoneXR, [0000025B8B30EC00][0000025B8A8F5700 49] iPhone11, [0000025B8B2DBB00][0000025B8A8F9840 49] iPhone11Pro, [0000025B8B30CB00][0000025B8A9019C0 49] iPhone11ProMax, [0000025B8B2D9E00][0000025B8A905B40 49] iPhoneSE2, [0000025B8B30C600][0000025B8A908140 49] iPhone12Mini, [0000025B8B2DB500][0000025B83A862C0 49] iPhone12, [0000025B8B30C400][0000025B83A8A440 49] iPhone12Pro, [0000025B8B2DB800][0000025B83A8E5C0 49] iPhone12ProMax, [0000025B8B30C800][0000025B83A92740 49] iPadPro105, [0000025B8B2D9F00][0000025B83A968C0 49] iPadPro129, [0000025B8B30FF00][0000025B83A9AA40 49] iPadPro97, [0000025B8B2DBE00][0000025B83A9EBC0 49] iPadPro2_129, [0000025B8B30D800][0000025B83AA2D40 49] iPad5, [0000025B8B2D8D00][0000025B83AA6EC0 49] iPad6, [0000025B8B30DD00][0000025B83AAB040 49] iPad7, [0000025B8B325800][0000025B83AAF1C0 49] iPad8, [0000025B8B3B8E00][0000025B83AB3340 49] iPadPro11, [0000025B8B327F00][0000025B83AB74C0 49] iPadPro2_11, [0000025B8B30FD00][0000025B83ABB640 49] iPadPro3_129, [0000025B8B324A00][0000025B8A8FD780 49] iPadPro4_129, [0000025B8B30C900][0000025B8BCA18C0 49] AppleTV, [0000025B8B326600][0000025B8BCA5A00 49] AppleTV4K, [0000025B8B30CC00][0000025B8BCA9B40 49] TVOS, [0000025B8B324700][0000025B8BCB0140 49] Mac, [0000025B8B30FE00][0000025B8BCB42C0 49] MacClient, [0000025B8B326500][0000025B8BCB8440 49] MacNoEditor, [0000025B8B30F100][0000025B8BCBC5C0 49] MacServer, [0000025B8B324B00][0000025B8BCC0740 49] Linux, [0000025B8B30DB00][0000025B8BCC48C0 49] LinuxAArch64, [0000025B8B326B00][0000025B8BCC8A40 49] LinuxNoEditor, [0000025B8B30F800][0000025B8BCCCBC0 49] LinuxAArch64NoEditor, [0000025B8B326300][0000025B8BCD0D40 49] LinuxClient, [0000025B8B30E200][0000025B8BCD4EC0 49] LinuxAArch64Client, [0000025B8B327900][0000025B8BCD9040 49] LinuxServer, [0000025B8B30CE00][0000025B8BCDD1C0 49] LinuxAArch64Server, [0000025B8B326700][0000025B8BCE1340 49] Android, [0000025B8B30EF00][0000025B8BCE54C0 49] Android_Low, [0000025B8B327C00][0000025B8BCE9640 49] Android_Mid, [0000025B8B30EB00][0000025B8BCED7C0 49] Android_High, [0000025B8B324200][0000025B8BCAD900 49] Android_Default, [0000025B8B30DA00][0000025B8BCF1A40 49] Android_Adreno4xx, [0000025B8B325400][0000025B8BCF5B80 49] Android_Adreno5xx_Low, [0000025B8B30C300][0000025B8BCF8140 49] Android_Adreno5xx, [0000025B8B327600][0000025B8BD002C0 49] Android_Adreno6xx, [0000025B8B30C100][0000025B8BD04440 49] Android_Adreno6xx_Vulkan, [0000025B8B326800][0000025B8BD085C0 49] Android_Mali_T6xx, [0000025B8B30CD00][0000025B8BD0C740 49] Android_Mali_T7xx, [0000025B8B325900][0000025B8BD108C0 49] Android_Mali_T8xx, [0000025B8B30CF00][0000025B8BD14A40 49] Android_Mali_G71, [0000025B8B326400][0000025B8BD18BC0 49] Android_Mali_G72, [0000025B8B30D200][0000025B8BD1CD40 49] Android_Mali_G72_Vulkan, [0000025B8B325600][0000025B8BD20EC0 49] Android_Mali_G76, [0000025B8B30D500][0000025B8BD25040 49] Android_Mali_G76_Vulkan, [0000025B8B324100][0000025B8BD291C0 49] Android_Mali_G77, [0000025B8B30DC00][0000025B8BD2D340 49] Android_Mali_G77_Vulkan, [0000025B8B324E00][0000025B8BD314C0 49] Android_Mali_G78, [0000025B8B30F900][0000025B8BD35640 49] Android_Mali_G78_Vulkan, [0000025B8B372900][0000025B8BD397C0 49] Android_Mali_G710, [0000025B8B2DBF00][0000025B8BD3D940 49] Android_Mali_G710_Vulkan, [0000025B8B371500][0000025B8BD41AC0 49] Android_Vulkan_SM5, [0000025B8B2DAF00][0000025B8BCFDC00 49] Android_PowerVR_G6xxx, [0000025B8B372000][0000025B8BD441C0 49] Android_PowerVR_GT7xxx, [0000025B8B2DA300][0000025B8BD48300 49] Android_PowerVR_GE8xxx, [0000025B8B370B00][0000025B8BD50480 49] Android_PowerVR_GM9xxx, [0000025B8B2D9D00][0000025B8BD54600 49] Android_PowerVR_GM9xxx_Vulkan, [0000025B8B371700][0000025B8BD58780 49] Android_TegraK1, [0000025B8B2DAA00][0000025B8BD5C900 49] Android_Unknown_Vulkan, [0000025B8B371200][0000025B8BD60A80 49] Lumin, [0000025B8B2DA000][0000025B8BD64C00 49] Lumin_Desktop, [0000025B8B373800][0000025B8BD68D80 49] HoloLens, 
[2022.04.28-21.48.11:081][  0]LogMeshReduction: Using QuadricMeshReduction for automatic static mesh reduction
[2022.04.28-21.48.11:081][  0]LogMeshReduction: Using SimplygonMeshReduction for automatic skeletal mesh reduction
[2022.04.28-21.48.11:081][  0]LogMeshReduction: Using ProxyLODMeshReduction for automatic mesh merging
[2022.04.28-21.48.11:081][  0]LogMeshReduction: No distributed automatic mesh merging module available
[2022.04.28-21.48.11:081][  0]LogMeshMerging: No distributed automatic mesh merging module available
[2022.04.28-21.48.11:181][  0]LogNetVersion: MultiShooter 1.0.0, NetCL: 17155196, EngineNetVer: 17, GameNetVer: 0 (Checksum: 31779901)
[2022.04.28-21.48.11:385][  0]LogTexture: Default maximum texture size for cubemaps generated from long-lat sources has been changed from 512 to unlimited. In order to preserve old behaiour for '/Engine/MapTemplates/Sky/DaylightAmbientCubemap.DaylightAmbientCubemap', its maximum texture size has been explicitly set to 512.
[2022.04.28-21.48.11:433][  0]LogHMD: PokeAHoleMaterial loaded successfully
[2022.04.28-21.48.11:537][  0]LogMoviePlayer: Initializing movie player
[2022.04.28-21.48.11:613][  0]LogNiagaraDebuggerClient: Niagara Debugger Client Initialized | Session: 22FB3C04419267B17924BA818479F07D | Instance: D5A769DD46A49C179379E293AE699F3A (LAPTOP-K7OCUPB7-12972).
[2022.04.28-21.48.11:632][  0]LogCollectionManager: Loaded 0 collections in 0.001995 seconds
[2022.04.28-21.48.11:634][  0]LogFileCache: Scanning file cache for directory 'C:/3/MultiShooter/Saved/Collections/' took 0.00s
[2022.04.28-21.48.11:634][  0]LogFileCache: Scanning file cache for directory 'C:/3/MultiShooter/Content/Developers/buryk/Collections/' took 0.00s
[2022.04.28-21.48.11:634][  0]LogFileCache: Scanning file cache for directory 'C:/3/MultiShooter/Content/Collections/' took 0.00s
[2022.04.28-21.48.11:634][  0]LogCollectionManager: Fixed up redirectors for 0 collections in 0.000001 seconds (updated 0 objects)
[2022.04.28-21.48.11:636][  0]LogStreaming: Warning: Failed to read file '../../../Engine/Content/Editor/Slate/Niagara/MenuSeparator.png' error.
[2022.04.28-21.48.11:636][  0]LogSlate: Could not find file for Slate resource: ../../../Engine/Content/Editor/Slate/Niagara/MenuSeparator.png
[2022.04.28-21.48.11:636][  0]LogStreaming: Warning: Failed to read file '../../../Engine/Content/Editor/Slate/Niagara/Common/Selector.png' error.
[2022.04.28-21.48.11:636][  0]LogSlate: Could not find file for Slate resource: ../../../Engine/Content/Editor/Slate/Niagara/Common/Selector.png
[2022.04.28-21.48.11:636][  0]LogStreaming: Warning: Failed to read file '../../../Engine/Content/Editor/Slate/Niagara/Common/Selection.png' error.
[2022.04.28-21.48.11:636][  0]LogSlate: Could not find file for Slate resource: ../../../Engine/Content/Editor/Slate/Niagara/Common/Selection.png
[2022.04.28-21.48.11:636][  0]LogStreaming: Warning: Failed to read file '../../../Engine/Content/Editor/Slate/Niagara/Common/DropZoneIndicator_Above.png' error.
[2022.04.28-21.48.11:636][  0]LogSlate: Could not find file for Slate resource: ../../../Engine/Content/Editor/Slate/Niagara/Common/DropZoneIndicator_Above.png
[2022.04.28-21.48.11:636][  0]LogStreaming: Warning: Failed to read file '../../../Engine/Content/Editor/Slate/Niagara/Common/DropZoneIndicator_Onto.png' error.
[2022.04.28-21.48.11:636][  0]LogSlate: Could not find file for Slate resource: ../../../Engine/Content/Editor/Slate/Niagara/Common/DropZoneIndicator_Onto.png
[2022.04.28-21.48.11:636][  0]LogStreaming: Warning: Failed to read file '../../../Engine/Content/Editor/Slate/Niagara/Common/DropZoneIndicator_Below.png' error.
[2022.04.28-21.48.11:636][  0]LogSlate: Could not find file for Slate resource: ../../../Engine/Content/Editor/Slate/Niagara/Common/DropZoneIndicator_Below.png
[2022.04.28-21.48.11:636][  0]LogStreaming: Warning: Failed to read file '../../../Engine/Content/Editor/Slate/Niagara/Common/RoundedSelection_16x.png' error.
[2022.04.28-21.48.11:636][  0]LogSlate: Could not find file for Slate resource: ../../../Engine/Content/Editor/Slate/Niagara/Common/RoundedSelection_16x.png
[2022.04.28-21.48.11:636][  0]LogStreaming: Warning: Failed to read file '../../../Engine/Content/Editor/Slate/Niagara/Common/FlatButton.png' error.
[2022.04.28-21.48.11:636][  0]LogSlate: Could not find file for Slate resource: ../../../Engine/Content/Editor/Slate/Niagara/Common/FlatButton.png
[2022.04.28-21.48.11:673][  0]LogImageWrapper: Warning: PNG Warning: Duplicate iCCP chunk
[2022.04.28-21.48.11:673][  0]LogImageWrapper: Warning: PNG Warning: Duplicate iCCP chunk
[2022.04.28-21.48.11:673][  0]LogTcpMessaging: Initializing TcpMessaging bridge
[2022.04.28-21.48.11:677][  0]LogUdpMessaging: Initializing bridge on interface 0.0.0.0:0 to multicast group 230.0.0.1:6666.
[2022.04.28-21.48.11:760][  0]LogPython: Using Python 3.7.7
[2022.04.28-21.48.12:187][  0]SourceControl: Source control is disabled
[2022.04.28-21.48.12:187][  0]SourceControl: Source control is disabled
[2022.04.28-21.48.12:190][  0]SourceControl: Source control is disabled
[2022.04.28-21.48.12:195][  0]LogUProjectInfo: Found projects:
[2022.04.28-21.48.12:257][  0]LogOpenImageDenoise: OIDN starting up
[2022.04.28-21.48.12:261][  0]LogAndroidPermission: UAndroidPermissionCallbackProxy::GetInstance
[2022.04.28-21.48.12:270][  0]LogAudioCaptureCore: Display: No Audio Capture implementations found. Audio input will be silent.
[2022.04.28-21.48.12:270][  0]LogAudioCaptureCore: Display: No Audio Capture implementations found. Audio input will be silent.
[2022.04.28-21.48.12:328][  0]LogOcInput: OculusInput pre-init called
[2022.04.28-21.48.12:335][  0]LogUObjectArray: 22122 objects as part of root set at end of initial load.
[2022.04.28-21.48.12:335][  0]LogUObjectAllocator: 5975648 out of 0 bytes used by permanent object pool.
[2022.04.28-21.48.12:335][  0]LogUObjectArray: CloseDisregardForGC: 0/0 objects in disregard for GC pool
[2022.04.28-21.48.12:376][  0]LogEngine: Initializing Engine...
[2022.04.28-21.48.12:378][  0]LogHMD: Failed to enumerate extensions. Please check that you have a valid OpenXR runtime installed.
[2022.04.28-21.48.12:378][  0]LogHMD: Failed to initialize OpenVR with code 110
[2022.04.28-21.48.12:378][  0]LogMagicLeap: Warning: VR disabled because ZI is not enabled.  To enable, in the editor, Edit -> Project Settings -> Plugins -> Magic Leap Plugin -> Enable Zero Iteration
[2022.04.28-21.48.12:380][  0]LogStats: UGameplayTagsManager::InitializeManager -  0.000 s
[2022.04.28-21.48.12:459][  0]LogInit: Initializing FReadOnlyCVARCache
[2022.04.28-21.48.12:459][  0]LogAudio: Display: Initializing Audio Device Manager...
[2022.04.28-21.48.12:463][  0]LogAudio: Display: Loading Default Audio Settings Objects...
[2022.04.28-21.48.12:464][  0]LogAudio: Display: No default SoundConcurrencyObject specified (or failed to load).
[2022.04.28-21.48.12:464][  0]LogAudio: Display: Audio Device Manager Initialized
[2022.04.28-21.48.12:464][  0]LogAudio: Display: Creating Audio Device:                 Id: 1, Scope: Shared, Realtime: True
[2022.04.28-21.48.12:464][  0]LogAudioMixer: Display: Audio Mixer Platform Settings:
[2022.04.28-21.48.12:464][  0]LogAudioMixer: Display: 	Sample Rate:						  48000
[2022.04.28-21.48.12:464][  0]LogAudioMixer: Display: 	Callback Buffer Frame Size Requested: 1024
[2022.04.28-21.48.12:464][  0]LogAudioMixer: Display: 	Callback Buffer Frame Size To Use:	  1024
[2022.04.28-21.48.12:464][  0]LogAudioMixer: Display: 	Number of buffers to queue:			  2
[2022.04.28-21.48.12:464][  0]LogAudioMixer: Display: 	Max Channels (voices):				  32
[2022.04.28-21.48.12:464][  0]LogAudioMixer: Display: 	Number of Async Source Workers:		  0
[2022.04.28-21.48.12:464][  0]LogAudio: Display: AudioDevice MaxSources: 32
[2022.04.28-21.48.12:465][  0]LogAudio: Display: Audio Spatialization Plugin: None (built-in).
[2022.04.28-21.48.12:465][  0]LogAudio: Display: Audio Reverb Plugin: None (built-in).
[2022.04.28-21.48.12:465][  0]LogAudio: Display: Audio Occlusion Plugin: None (built-in).
[2022.04.28-21.48.12:465][  0]LogAudioMixer: Display: Initializing audio mixer.
[2022.04.28-21.48.12:480][  0]LogAudioMixer: Display: 0: FrontLeft
[2022.04.28-21.48.12:480][  0]LogAudioMixer: Display: 1: FrontRight
[2022.04.28-21.48.12:501][  0]LogAudioMixer: Display: Using Audio Device Speaker (Realtek(R) Audio)
[2022.04.28-21.48.12:507][  0]LogAudioMixer: Display: Initializing Sound Submixes...
[2022.04.28-21.48.12:508][  0]LogAudioMixer: Display: Creating Master Submix 'MasterSubmixDefault'
[2022.04.28-21.48.12:508][  0]LogAudioMixer: Display: Creating Master Submix 'MasterReverbSubmixDefault'
[2022.04.28-21.48.12:509][  0]LogAudioMixer: Display: Creating Master Submix 'MasterEQSubmixDefault'
[2022.04.28-21.48.12:509][  0]LogAudioMixer: FMixerPlatformXAudio2::StartAudioStream() called
[2022.04.28-21.48.12:509][  0]LogAudioMixer: Display: Output buffers initialized: Frames=1024, Channels=2, Samples=2048
[2022.04.28-21.48.12:510][  0]LogAudioMixer: Display: Starting AudioMixerPlatformInterface::RunInternal()
[2022.04.28-21.48.12:510][  0]LogAudioMixer: Display: FMixerPlatformXAudio2::SubmitBuffer() called for the first time
[2022.04.28-21.48.12:510][  0]LogInit: FAudioDevice initialized.
[2022.04.28-21.48.12:511][  0]LogNetVersion: Set ProjectVersion to 1.0.0.0. Version Checksum will be recalculated on next use.
[2022.04.28-21.48.12:512][  0]LogInit: Texture streaming: Enabled
[2022.04.28-21.48.12:566][  0]LogAudio: Display: Audio Device (ID: 1) registered with world 'Untitled'.
[2022.04.28-21.48.12:566][  0]LogSlate: Updating window title bar state: overlay mode, drag disabled, window buttons hidden, title bar hidden
[2022.04.28-21.48.12:567][  0]LogInit: Display: Game Engine Initialized.
[2022.04.28-21.48.12:567][  0]LogNiagaraEditor: GEditor isn't valid! Particle reset commands will not work for Niagara components!
[2022.04.28-21.48.12:652][  0]LogStreaming: Warning: Failed to read file '../../../Engine/Content/Editor/Slate/Niagara/MenuSeparator.png' error.
[2022.04.28-21.48.12:652][  0]LogSlate: Could not find file for Slate resource: ../../../Engine/Content/Editor/Slate/Niagara/MenuSeparator.png
[2022.04.28-21.48.12:652][  0]LogStreaming: Warning: Failed to read file '../../../Engine/Content/Editor/Slate/Niagara/Common/Selector.png' error.
[2022.04.28-21.48.12:652][  0]LogSlate: Could not find file for Slate resource: ../../../Engine/Content/Editor/Slate/Niagara/Common/Selector.png
[2022.04.28-21.48.12:652][  0]LogImageWrapper: Warning: PNG Warning: Duplicate iCCP chunk
[2022.04.28-21.48.12:652][  0]LogStreaming: Warning: Failed to read file '../../../Engine/Content/Editor/Slate/Niagara/Common/Selection.png' error.
[2022.04.28-21.48.12:652][  0]LogSlate: Could not find file for Slate resource: ../../../Engine/Content/Editor/Slate/Niagara/Common/Selection.png
[2022.04.28-21.48.12:652][  0]LogStreaming: Warning: Failed to read file '../../../Engine/Content/Editor/Slate/Niagara/Common/DropZoneIndicator_Above.png' error.
[2022.04.28-21.48.12:652][  0]LogStreaming: Warning: Failed to read file '../../../Engine/Content/Editor/Slate/Niagara/Common/DropZoneIndicator_Onto.png' error.
[2022.04.28-21.48.12:652][  0]LogSlate: Could not find file for Slate resource: ../../../Engine/Content/Editor/Slate/Niagara/Common/DropZoneIndicator_Onto.png
[2022.04.28-21.48.12:652][  0]LogSlate: Could not find file for Slate resource: ../../../Engine/Content/Editor/Slate/Niagara/Common/DropZoneIndicator_Above.png
[2022.04.28-21.48.12:652][  0]LogStreaming: Warning: Failed to read file '../../../Engine/Content/Editor/Slate/Niagara/Common/DropZoneIndicator_Below.png' error.
[2022.04.28-21.48.12:652][  0]LogSlate: Could not find file for Slate resource: ../../../Engine/Content/Editor/Slate/Niagara/Common/DropZoneIndicator_Below.png
[2022.04.28-21.48.12:652][  0]LogImageWrapper: Warning: PNG Warning: Duplicate iCCP chunk
[2022.04.28-21.48.12:652][  0]LogStreaming: Warning: Failed to read file '../../../Engine/Content/Editor/Slate/Niagara/Common/RoundedSelection_16x.png' error.
[2022.04.28-21.48.12:652][  0]LogSlate: Could not find file for Slate resource: ../../../Engine/Content/Editor/Slate/Niagara/Common/RoundedSelection_16x.png
[2022.04.28-21.48.12:652][  0]LogStreaming: Warning: Failed to read file '../../../Engine/Content/Editor/Slate/Niagara/Common/FlatButton.png' error.
[2022.04.28-21.48.12:652][  0]LogSlate: Could not find file for Slate resource: ../../../Engine/Content/Editor/Slate/Niagara/Common/FlatButton.png
[2022.04.28-21.48.12:669][  0]LogInit: Display: Starting Game.
[2022.04.28-21.48.12:669][  0]LogNet: Browse: 127.0.0.1:17777/Game/StarterContent/Maps/Minimal_Default?Name=Player
[2022.04.28-21.48.12:669][  0]LogInit: WinSock: Socket queue. Rx: 32768 (config 32768) Tx: 32768 (config 32768)
[2022.04.28-21.48.12:669][  0]LogNet: Created socket for bind address: 0.0.0.0 on port 0
[2022.04.28-21.48.12:669][  0]PacketHandlerLog: Loaded PacketHandler component: Engine.EngineHandlerComponentFactory (StatelessConnectHandlerComponent)
[2022.04.28-21.48.12:669][  0]LogNet: Game client on port 17777, rate 100000
[2022.04.28-21.48.12:723][  0]LogInit: Display: Engine is initialized. Leaving FEngineLoop::Init()
[2022.04.28-21.48.12:723][  0]LogLoad: (Engine Initialization) Total time: 4.93 seconds
[2022.04.28-21.48.12:723][  0]LogLoad: (Engine Initialization) Total Blueprint compile time: 0.00 seconds
[2022.04.28-21.48.12:726][  0]LogContentStreaming: Texture pool size now 1000 MB
[2022.04.28-21.48.12:728][  0]LogSlate: InvalidateAllWidgets triggered.  All widgets were invalidated
[2022.04.28-21.48.32:728][622]LogNet: Warning: UNetConnection::Tick: Connection TIMED OUT. Closing connection.. Elapsed: 20.00, Real: 20.00, Good: 20.00, DriverTime: 20.00, Threshold: 20.00, [UNetConnection] RemoteAddr: 127.0.0.1:17777, Name: IpConnection_0, Driver: PendingNetDriver IpNetDriver_0, IsServer: NO, PC: NULL, Owner: NULL, UniqueId: INVALID
[2022.04.28-21.48.32:728][622]LogNet: Error: UEngine::BroadcastNetworkFailure: FailureType = ConnectionTimeout, ErrorString = UNetConnection::Tick: Connection TIMED OUT. Closing connection.. Elapsed: 20.00, Real: 20.00, Good: 20.00, DriverTime: 20.00, Threshold: 20.00, [UNetConnection] RemoteAddr: 127.0.0.1:17777, Name: IpConnection_0, Driver: PendingNetDriver IpNetDriver_0, IsServer: NO, PC: NULL, Owner: NULL, UniqueId: INVALID, Driver = PendingNetDriver IpNetDriver_0
[2022.04.28-21.48.32:728][622]LogNet: Warning: Network Failure: PendingNetDriver[ConnectionTimeout]: UNetConnection::Tick: Connection TIMED OUT. Closing connection.. Elapsed: 20.00, Real: 20.00, Good: 20.00, DriverTime: 20.00, Threshold: 20.00, [UNetConnection] RemoteAddr: 127.0.0.1:17777, Name: IpConnection_0, Driver: PendingNetDriver IpNetDriver_0, IsServer: NO, PC: NULL, Owner: NULL, UniqueId: INVALID
[2022.04.28-21.48.32:728][622]LogNet: NetworkFailure: ConnectionTimeout, Error: 'UNetConnection::Tick: Connection TIMED OUT. Closing connection.. Elapsed: 20.00, Real: 20.00, Good: 20.00, DriverTime: 20.00, Threshold: 20.00, [UNetConnection] RemoteAddr: 127.0.0.1:17777, Name: IpConnection_0, Driver: PendingNetDriver IpNetDriver_0, IsServer: NO, PC: NULL, Owner: NULL, UniqueId: INVALID'
[2022.04.28-21.48.32:728][622]LogNet: UNetConnection::Close: [UNetConnection] RemoteAddr: 127.0.0.1:17777, Name: IpConnection_0, Driver: PendingNetDriver IpNetDriver_0, IsServer: NO, PC: NULL, Owner: NULL, UniqueId: INVALID, Channels: 2, Time: 2022.04.28-21.48.32
[2022.04.28-21.48.32:728][622]LogNet: UChannel::Close: Sending CloseBunch. ChIndex == 0. Name: [UChannel] ChIndex: 0, Closing: 0 [UNetConnection] RemoteAddr: 127.0.0.1:17777, Name: IpConnection_0, Driver: PendingNetDriver IpNetDriver_0, IsServer: NO, PC: NULL, Owner: NULL, UniqueId: INVALID
[2022.04.28-21.48.32:728][622]LogNet: DestroyNamedNetDriver IpNetDriver_0 [PendingNetDriver]
[2022.04.28-21.48.32:728][622]LogExit: PendingNetDriver IpNetDriver_0 shut down
[2022.04.28-21.48.32:729][623]LogNet: Browse: /Game/StarterContent/Maps/Minimal_Default?closed
[2022.04.28-21.48.32:729][623]LogNet: Connection failed; returning to Entry
[2022.04.28-21.48.32:729][623]LogLoad: LoadMap: /Game/StarterContent/Maps/Minimal_Default?closed
[2022.04.28-21.48.32:729][623]LogWorld: BeginTearingDown for /Temp/Untitled_0
[2022.04.28-21.48.32:729][623]LogWorld: UWorld::CleanupWorld for Untitled, bSessionEnded=true, bCleanupResources=true
[2022.04.28-21.48.32:729][623]LogSlate: InvalidateAllWidgets triggered.  All widgets were invalidated
[2022.04.28-21.48.32:734][623]LogAudio: Display: Audio Device unregistered from world 'None'.
[2022.04.28-21.48.32:734][623]LogNet: UChannel::CleanUp: ChIndex == 0. Closing connection. [UChannel] ChIndex: 0, Closing: 0 [UNetConnection] RemoteAddr: 127.0.0.1:17777, Name: None, Driver: PendingNetDriver None, IsServer: NO, PC: NULL, Owner: NULL, UniqueId: INVALID
[2022.04.28-21.48.32:735][623]LogNet: UNetConnection::PendingConnectionLost. [UNetConnection] RemoteAddr: 127.0.0.1:17777, Name: None, Driver: PendingNetDriver None, IsServer: YES, PC: NULL, Owner: NULL, UniqueId: INVALID bPendingDestroy=0 
[2022.04.28-21.48.32:736][623]LogUObjectHash: Compacting FUObjectHashTables data took   0.80ms
[2022.04.28-21.48.32:871][623]LogAudio: Display: Audio Device (ID: 1) registered with world 'Minimal_Default'.
[2022.04.28-21.48.32:879][623]LogAIModule: Creating AISystem for world Minimal_Default
[2022.04.28-21.48.32:880][623]LogLoad: Game class is 'GameModeBase'
[2022.04.28-21.48.32:883][623]LogWorld: Bringing World /Game/StarterContent/Maps/Minimal_Default.Minimal_Default up for play (max tick rate 0) at 2022.04.29-00.48.32
[2022.04.28-21.48.32:883][623]LogWorld: Bringing up level for play took: 0.002409
[2022.04.28-21.48.32:887][623]LogSlate: Took 0.000282 seconds to synchronously load lazily loaded font '../../../Engine/Content/Slate/Fonts/Roboto-Regular.ttf' (155K)
[2022.04.28-21.48.32:887][623]LogLoad: Took 0.158105 seconds to LoadMap(/Game/StarterContent/Maps/Minimal_Default)
[2022.04.28-21.48.32:891][623]LogRenderer: Reallocating scene render targets to support 640x480 Format 10 NumSamples 1 (Frame:1).
[2022.04.28-21.48.32:910][623]LogUObjectHash: Compacting FUObjectHashTables data took   0.93ms
[2022.04.28-21.48.32:914][625]LogRenderer: Reallocating scene render targets to support 128x128 Format 10 NumSamples 1 (Frame:1).
[2022.04.28-21.48.32:970][625]LogRenderer: Reallocating scene render targets to support 640x480 Format 10 NumSamples 1 (Frame:2).
[2022.04.28-21.48.35:559][864]LogWindowsDesktop: Alt-F4 pressed!
[2022.04.28-21.48.35:579][864]LogSlate: Window 'MultiShooter (64-bit Development PCD3D_SM5) ' being destroyed
[2022.04.28-21.48.35:579][864]LogWindowsTextInputMethodSystem: Display: IME system deactivated.
[2022.04.28-21.48.35:582][864]LogWindowsTextInputMethodSystem: Display: IME system deactivated.
[2022.04.28-21.48.35:584][864]LogSlate: Updating window title bar state: overlay mode, drag disabled, window buttons hidden, title bar hidden
[2022.04.28-21.48.35:584][864]LogEngine: All Windows Closed
[2022.04.28-21.48.35:584][864]LogWindows: FPlatformMisc::RequestExit(0)
[2022.04.28-21.48.35:584][864]LogWindows: FPlatformMisc::RequestExitWithStatus(0, 0)
[2022.04.28-21.48.35:584][864]LogCore: Engine exit requested (reason: Win RequestExit)
[2022.04.28-21.48.35:584][865]LogCore: Engine exit requested (reason: EngineExit() was called; note: exit was already requested)
[2022.04.28-21.48.35:584][865]LogInit: Display: PreExit Game.
[2022.04.28-21.48.35:598][865]LogWorld: BeginTearingDown for /Game/StarterContent/Maps/Minimal_Default
[2022.04.28-21.48.35:598][865]LogWorld: UWorld::CleanupWorld for Minimal_Default, bSessionEnded=true, bCleanupResources=true
[2022.04.28-21.48.35:598][865]LogSlate: InvalidateAllWidgets triggered.  All widgets were invalidated
[2022.04.28-21.48.36:393][865]LogAudio: Display: Beginning Audio Device Manager Shutdown (Module: AudioMixerXAudio2)...
[2022.04.28-21.48.36:393][865]LogAudio: Display: Destroying 1 Remaining Audio Device(s)...
[2022.04.28-21.48.36:393][865]LogAudio: Display: Audio Device unregistered from world 'Minimal_Default'.
[2022.04.28-21.48.36:426][865]LogAudioMixer: FMixerPlatformXAudio2::StopAudioStream() called
[2022.04.28-21.48.36:427][865]LogAudioMixer: FMixerPlatformXAudio2::StopAudioStream() called
[2022.04.28-21.48.36:430][865]LogAudio: Display: Audio Device Manager Shutdown
[2022.04.28-21.48.36:433][865]LogExit: Preparing to exit.
[2022.04.28-21.48.36:441][865]LogSlate: Updating window title bar state: overlay mode, drag disabled, window buttons hidden, title bar hidden
[2022.04.28-21.48.36:442][865]LogUObjectHash: Compacting FUObjectHashTables data took   0.58ms
[2022.04.28-21.48.36:695][865]LogMoviePlayer: Shutting down movie player
[2022.04.28-21.48.36:823][865]LogDemo: Cleaned up 0 splitscreen connections with owner deletion
[2022.04.28-21.48.36:828][865]LogExit: Game engine shut down
[2022.04.28-21.48.36:861][865]LogExit: Object subsystem successfully closed.
[2022.04.28-21.48.36:873][865]LogShaderCompilers: Display: === FShaderJobCache stats ===
[2022.04.28-21.48.36:873][865]LogShaderCompilers: Display: Total job queries 0, among them cache hits 0 (0.00%)
[2022.04.28-21.48.36:873][865]LogShaderCompilers: Display: Tracking 0 distinct input hashes that result in 0 distinct outputs (0.00%)
[2022.04.28-21.48.36:873][865]LogShaderCompilers: Display: RAM used: 0.00 MB (0.00 GB) of 819.20 MB (0.80 GB) budget. Usage: 0.00%
[2022.04.28-21.48.36:873][865]LogShaderCompilers: Display: ================================================
[2022.04.28-21.48.36:879][865]LogShaderCompilers: Display: Shaders left to compile 0
[2022.04.28-21.48.36:902][865]LogModuleManager: Shutting down and abandoning module Voice (560)
[2022.04.28-21.48.36:902][865]LogModuleManager: Shutting down and abandoning module AIModule (558)
[2022.04.28-21.48.36:902][865]LogModuleManager: Shutting down and abandoning module GameplayDebugger (557)
[2022.04.28-21.48.36:902][865]LogModuleManager: Shutting down and abandoning module AITestSuite (555)
[2022.04.28-21.48.36:902][865]LogModuleManager: Shutting down and abandoning module NavigationSystem (553)
[2022.04.28-21.48.36:902][865]LogModuleManager: Shutting down and abandoning module SequenceRecorderSections (548)
[2022.04.28-21.48.36:902][865]LogModuleManager: Shutting down and abandoning module SequenceRecorder (546)
[2022.04.28-21.48.36:902][865]LogModuleManager: Shutting down and abandoning module AutomationController (544)
[2022.04.28-21.48.36:902][865]LogModuleManager: Shutting down and abandoning module AutomationWorker (542)
[2022.04.28-21.48.36:902][865]LogModuleManager: Shutting down and abandoning module SteamVREditor (540)
[2022.04.28-21.48.36:902][865]LogModuleManager: Shutting down and abandoning module ToolMenus (539)
[2022.04.28-21.48.36:902][865]LogModuleManager: Shutting down and abandoning module OculusMR (536)
[2022.04.28-21.48.36:902][865]LogModuleManager: Shutting down and abandoning module TakeRecorderSources (534)
[2022.04.28-21.48.36:903][865]LogModuleManager: Shutting down and abandoning module TakeRecorder (533)
[2022.04.28-21.48.36:903][865]LogModuleManager: Shutting down and abandoning module TakeTrackRecorders (530)
[2022.04.28-21.48.36:903][865]LogModuleManager: Shutting down and abandoning module TakesCore (528)
[2022.04.28-21.48.36:903][865]LogModuleManager: Shutting down and abandoning module OpenXRInput (526)
[2022.04.28-21.48.36:903][865]LogModuleManager: Shutting down and abandoning module PlanarCut (524)
[2022.04.28-21.48.36:903][865]LogModuleManager: Shutting down and abandoning module MagicLeapMediaCodecFactory (522)
[2022.04.28-21.48.36:903][865]LogModuleManager: Shutting down and abandoning module MagicLeapMediaFactory (520)
[2022.04.28-21.48.36:903][865]LogModuleManager: Shutting down and abandoning module WmfMediaFactory (518)
[2022.04.28-21.48.36:903][865]LogModuleManager: Shutting down and abandoning module WebMMediaFactory (516)
[2022.04.28-21.48.36:903][865]LogModuleManager: Shutting down and abandoning module WebMMedia (514)
[2022.04.28-21.48.36:903][865]LogModuleManager: Shutting down and abandoning module OpenExrWrapper (512)
[2022.04.28-21.48.36:903][865]LogModuleManager: Shutting down and abandoning module ImgMediaFactory (510)
[2022.04.28-21.48.36:903][865]LogModuleManager: Shutting down and abandoning module CharacterAI (508)
[2022.04.28-21.48.36:903][865]LogModuleManager: Shutting down and abandoning module AvfMediaFactory (506)
[2022.04.28-21.48.36:903][865]LogModuleManager: Shutting down and abandoning module SessionServices (504)
[2022.04.28-21.48.36:903][865]LogModuleManager: Shutting down and abandoning module MovieSceneCapture (502)
[2022.04.28-21.48.36:903][865]LogModuleManager: Shutting down and abandoning module LiveCoding (500)
[2022.04.28-21.48.36:903][865]LogModuleManager: Shutting down and abandoning module LevelSequence (498)
[2022.04.28-21.48.36:903][865]LogModuleManager: Shutting down and abandoning module MovieSceneTracks (496)
[2022.04.28-21.48.36:903][865]LogModuleManager: Shutting down and abandoning module MovieScene (494)
[2022.04.28-21.48.36:903][865]LogModuleManager: Shutting down and abandoning module StreamingPauseRendering (492)
[2022.04.28-21.48.36:903][865]LogModuleManager: Shutting down and abandoning module PortalServices (490)
[2022.04.28-21.48.36:903][865]LogModuleManager: Shutting down and abandoning module PortalRpc (488)
[2022.04.28-21.48.36:903][865]LogModuleManager: Shutting down and abandoning module MessagingRpc (486)
[2022.04.28-21.48.36:903][865]LogModuleManager: Shutting down and abandoning module AudioMixerXAudio2 (484)
[2022.04.28-21.48.36:903][865]LogModuleManager: Shutting down and abandoning module AudioMixerCore (483)
[2022.04.28-21.48.36:903][865]LogModuleManager: Shutting down and abandoning module ImageWriteQueue (480)
[2022.04.28-21.48.36:906][865]LogModuleManager: Shutting down and abandoning module ProfilerService (478)
[2022.04.28-21.48.37:144][865]LogModuleManager: Shutting down and abandoning module TaskGraph (476)
[2022.04.28-21.48.37:144][865]LogModuleManager: Shutting down and abandoning module OculusInput (474)
[2022.04.28-21.48.37:144][865]LogModuleManager: Shutting down and abandoning module TakeMovieScene (472)
[2022.04.28-21.48.37:144][865]LogModuleManager: Shutting down and abandoning module Synthesis (470)
[2022.04.28-21.48.37:144][865]LogModuleManager: Shutting down and abandoning module ProceduralMeshComponent (468)
[2022.04.28-21.48.37:144][865]LogModuleManager: Shutting down and abandoning module MobilePatchingUtils (466)
[2022.04.28-21.48.37:144][865]LogModuleManager: Shutting down and abandoning module GooglePAD (464)
[2022.04.28-21.48.37:144][865]LogModuleManager: Shutting down and abandoning module EditableMesh (462)
[2022.04.28-21.48.37:144][865]LogModuleManager: Shutting down and abandoning module CustomMeshComponent (460)
[2022.04.28-21.48.37:144][865]LogModuleManager: Shutting down and abandoning module CableComponent (458)
[2022.04.28-21.48.37:144][865]LogModuleManager: Shutting down and abandoning module AudioCapture (456)
[2022.04.28-21.48.37:144][865]LogModuleManager: Shutting down and abandoning module AudioCaptureRtAudio (455)
[2022.04.28-21.48.37:144][865]LogModuleManager: Shutting down and abandoning module AssetTags (452)
[2022.04.28-21.48.37:144][865]LogModuleManager: Shutting down and abandoning module ArchVisCharacter (450)
[2022.04.28-21.48.37:144][865]LogModuleManager: Shutting down and abandoning module AppleImageUtilsBlueprintSupport (448)
[2022.04.28-21.48.37:144][865]LogModuleManager: Shutting down and abandoning module AppleImageUtils (446)
[2022.04.28-21.48.37:144][865]LogModuleManager: Shutting down and abandoning module AndroidPermission (444)
[2022.04.28-21.48.37:144][865]LogModuleManager: Shutting down and abandoning module ActorLayerUtilities (442)
[2022.04.28-21.48.37:144][865]LogModuleManager: Shutting down and abandoning module OpenImageDenoise (440)
[2022.04.28-21.48.37:144][865]LogOpenImageDenoise: OIDN shutting down
[2022.04.28-21.48.37:144][865]LogModuleManager: Shutting down and abandoning module MotoSynth (438)
[2022.04.28-21.48.37:144][865]LogModuleManager: Shutting down and abandoning module MeshConversion (436)
[2022.04.28-21.48.37:144][865]LogModuleManager: Shutting down and abandoning module DynamicMesh (434)
[2022.04.28-21.48.37:144][865]LogModuleManager: Shutting down and abandoning module GeometryAlgorithms (432)
[2022.04.28-21.48.37:144][865]LogModuleManager: Shutting down and abandoning module GeometricObjects (430)
[2022.04.28-21.48.37:144][865]LogModuleManager: Shutting down and abandoning module GeometryCollectionTracks (428)
[2022.04.28-21.48.37:144][865]LogModuleManager: Shutting down and abandoning module GeometryCollectionSequencer (427)
[2022.04.28-21.48.37:144][865]LogModuleManager: Shutting down and abandoning module GeometryCacheTracks (424)
[2022.04.28-21.48.37:144][865]LogModuleManager: Shutting down and abandoning module GeometryCacheSequencer (423)
[2022.04.28-21.48.37:144][865]LogModuleManager: Shutting down and abandoning module GeometryCache (420)
[2022.04.28-21.48.37:144][865]LogModuleManager: Shutting down and abandoning module GeometryCacheEd (419)
[2022.04.28-21.48.37:144][865]LogModuleManager: Shutting down and abandoning module MagicLeapSharedWorld (416)
[2022.04.28-21.48.37:144][865]LogModuleManager: Shutting down and abandoning module TemplateSequence (414)
[2022.04.28-21.48.37:144][865]LogModuleManager: Shutting down and abandoning module MagicLeapLightEstimation (412)
[2022.04.28-21.48.37:144][865]LogModuleManager: Shutting down and abandoning module MagicLeapHelperVulkan (410)
[2022.04.28-21.48.37:144][865]LogModuleManager: Shutting down and abandoning module MagicLeapHelperOpenGL (408)
[2022.04.28-21.48.37:144][865]LogModuleManager: Shutting down and abandoning module MagicLeapAudio (406)
[2022.04.28-21.48.37:144][865]LogModuleManager: Shutting down and abandoning module MediaCompositing (404)
[2022.04.28-21.48.37:144][865]LogModuleManager: Shutting down and abandoning module ImgMedia (402)
[2022.04.28-21.48.37:144][865]LogModuleManager: Shutting down and abandoning module ChaosNiagara (400)
[2022.04.28-21.48.37:144][865]LogModuleManager: Shutting down and abandoning module FieldSystemEngine (399)
[2022.04.28-21.48.37:144][865]LogModuleManager: Shutting down and abandoning module BackChannel (396)
[2022.04.28-21.48.37:144][865]LogModuleManager: Shutting down and abandoning module AutomationUtils (394)
[2022.04.28-21.48.37:144][865]LogModuleManager: Shutting down and abandoning module VisualStudioSourceCodeAccess (392)
[2022.04.28-21.48.37:144][865]LogModuleManager: Shutting down and abandoning module HotReload (391)
[2022.04.28-21.48.37:145][865]LogModuleManager: Shutting down and abandoning module VisualStudioCodeSourceCodeAccess (388)
[2022.04.28-21.48.37:145][865]LogModuleManager: Shutting down and abandoning module UObjectPlugin (386)
[2022.04.28-21.48.37:145][865]LogModuleManager: Shutting down and abandoning module PerforceSourceControl (384)
[2022.04.28-21.48.37:145][865]LogModuleManager: Shutting down and abandoning module SubversionSourceControl (382)
[2022.04.28-21.48.37:145][865]LogModuleManager: Shutting down and abandoning module SourceControl (381)
[2022.04.28-21.48.37:145][865]LogModuleManager: Shutting down and abandoning module CLionSourceCodeAccess (378)
[2022.04.28-21.48.37:145][865]LogModuleManager: Shutting down and abandoning module LiveLinkSequencer (376)
[2022.04.28-21.48.37:145][865]LogModuleManager: Shutting down and abandoning module LiveLinkMovieScene (374)
[2022.04.28-21.48.37:145][865]LogModuleManager: Shutting down and abandoning module LiveLinkGraphNode (372)
[2022.04.28-21.48.37:145][865]LogModuleManager: Shutting down and abandoning module LiveLinkComponents (370)
[2022.04.28-21.48.37:145][865]LogModuleManager: Shutting down and abandoning module LiveLink (368)
[2022.04.28-21.48.37:167][865]LogModuleManager: Shutting down and abandoning module OodleNetworkHandlerComponent (366)
[2022.04.28-21.48.37:167][865]LogModuleManager: Shutting down and abandoning module GameplayCameras (364)
[2022.04.28-21.48.37:167][865]LogModuleManager: Shutting down and abandoning module SoundFields (362)
[2022.04.28-21.48.37:167][865]LogModuleManager: Shutting down and abandoning module SignificanceManager (360)
[2022.04.28-21.48.37:167][865]LogModuleManager: Shutting down and abandoning module RuntimePhysXCooking (358)
[2022.04.28-21.48.37:167][865]LogModuleManager: Shutting down and abandoning module PropertyAccessEditor (356)
[2022.04.28-21.48.37:167][865]LogModuleManager: Shutting down and abandoning module PhysXVehiclesEditor (354)
[2022.04.28-21.48.37:167][865]LogModuleManager: Shutting down and abandoning module LocationServicesBPLibrary (350)
[2022.04.28-21.48.37:167][865]LogModuleManager: Shutting down and abandoning module AudioSynesthesia (348)
[2022.04.28-21.48.37:167][865]LogModuleManager: Shutting down and abandoning module AudioSynesthesiaCore (346)
[2022.04.28-21.48.37:167][865]LogModuleManager: Shutting down and abandoning module PythonScriptPlugin (344)
[2022.04.28-21.48.37:167][865]LogModuleManager: Shutting down and abandoning module MagicLeapARPin (342)
[2022.04.28-21.48.37:167][865]LogModuleManager: Shutting down and abandoning module MagicLeapHandMeshing (340)
[2022.04.28-21.48.37:167][865]LogModuleManager: Shutting down and abandoning module MagicLeapSecureStorage (338)
[2022.04.28-21.48.37:167][865]LogModuleManager: Shutting down and abandoning module MagicLeapPrivileges (336)
[2022.04.28-21.48.37:167][865]LogModuleManager: Shutting down and abandoning module MagicLeapPlanes (334)
[2022.04.28-21.48.37:167][865]LogMagicLeapPlanes: Planes tracker already destroyed.
[2022.04.28-21.48.37:167][865]LogModuleManager: Shutting down and abandoning module MagicLeapImageTracker (332)
[2022.04.28-21.48.37:167][865]LogModuleManager: Shutting down and abandoning module MagicLeapIdentity (330)
[2022.04.28-21.48.37:167][865]LogModuleManager: Shutting down and abandoning module MagicLeapHandTracking (328)
[2022.04.28-21.48.37:167][865]LogModuleManager: Shutting down and abandoning module MagicLeapEyeTracker (326)
[2022.04.28-21.48.37:167][865]LogModuleManager: Shutting down and abandoning module MagicLeapController (324)
[2022.04.28-21.48.37:167][865]LogModuleManager: Shutting down and abandoning module MagicLeapARPinImpl (322)
[2022.04.28-21.48.37:167][865]LogModuleManager: Shutting down and abandoning module MagicLeapAR (320)
[2022.04.28-21.48.37:167][865]LogModuleManager: Shutting down and abandoning module UdpMessaging (318)
[2022.04.28-21.48.37:267][865]LogModuleManager: Shutting down and abandoning module TcpMessaging (316)
