Log file open, 04/28/22 23:43:49
LogWindows: Failed to load 'aqProf.dll' (GetLastError=126)
LogWindows: File 'aqProf.dll' does not exist
LogWindows: Failed to load 'VtuneApi.dll' (GetLastError=126)
LogWindows: File 'VtuneApi.dll' does not exist
LogWindows: Failed to load 'VtuneApi32e.dll' (GetLastError=126)
LogWindows: File 'VtuneApi32e.dll' does not exist
LogConsoleResponse: Display: Failed to find resolution value strings in scalability ini. Falling back to default.
LogConsoleResponse: Display: Failed to find resolution value strings in scalability ini. Falling back to default.
LogInit: Display: Running engine for game: MultiShooter
LogPlatformFile: Not using cached read wrapper
LogTaskGraph: Started task graph with 5 named threads and 35 total threads with 3 sets of task threads.
LogStats: Stats thread started at 0.260748
LogICUInternationalization: ICU TimeZone Detection - Raw Offset: +3:00, Platform Override: ''
LogInit: Display: Loading text-based GConfig....
LogPluginManager: Mounting plugin MeshPainting
LogPluginManager: Mounting plugin XGEController
LogPluginManager: Mounting plugin Paper2D
LogPluginManager: Mounting plugin AISupport
LogPluginManager: Mounting plugin EnvironmentQueryEditor
LogPluginManager: Mounting plugin LightPropagationVolume
LogPluginManager: Mounting plugin GameplayCameras
LogPluginManager: Mounting plugin OodleData
LogPluginManager: Mounting plugin LiveLink
LogPluginManager: Mounting plugin DatasmithContent
LogPluginManager: Mounting plugin OodleNetwork
LogPluginManager: Mounting plugin AssetManagerEditor
LogPluginManager: Mounting plugin VariantManagerContent
LogPluginManager: Mounting plugin CryptoKeys
LogPluginManager: Mounting plugin DataValidation
LogPluginManager: Mounting plugin FacialAnimation
LogPluginManager: Mounting plugin GameplayTagsEditor
LogPluginManager: Mounting plugin GeometryMode
LogPluginManager: Mounting plugin MaterialAnalyzer
LogPluginManager: Mounting plugin CurveEditorTools
LogPluginManager: Mounting plugin PluginBrowser
LogPluginManager: Mounting plugin SpeedTreeImporter
LogPluginManager: Mounting plugin AlembicImporter
LogPluginManager: Mounting plugin MobileLauncherProfileWizard
LogPluginManager: Mounting plugin AutomationUtils
LogPluginManager: Mounting plugin BackChannel
LogPluginManager: Mounting plugin ChaosCloth
LogPluginManager: Mounting plugin ChaosClothEditor
LogPluginManager: Mounting plugin ChaosEditor
LogPluginManager: Mounting plugin ChaosNiagara
LogPluginManager: Mounting plugin ChaosSolverPlugin
LogPluginManager: Mounting plugin CharacterAI
LogPluginManager: Mounting plugin CameraShakePreviewer
LogPluginManager: Mounting plugin GeometryCache
LogPluginManager: Mounting plugin GeometryCollectionPlugin
LogPluginManager: Mounting plugin GeometryProcessing
LogPluginManager: Mounting plugin OpenImageDenoise
LogPluginManager: Mounting plugin MacGraphicsSwitching
LogPluginManager: Mounting plugin MotoSynth
LogPluginManager: Mounting plugin PlanarCut
LogPluginManager: Mounting plugin PlatformCrypto
LogPluginManager: Mounting plugin ProxyLODPlugin
LogPluginManager: Mounting plugin PythonScriptPlugin
LogPluginManager: Mounting plugin Niagara
LogPluginManager: Mounting plugin SkeletalReduction
LogPluginManager: Mounting plugin LuminPlatformFeatures
LogPluginManager: Mounting plugin MagicLeap
LogPluginManager: Mounting plugin MagicLeapLightEstimation
LogPluginManager: Mounting plugin MagicLeapMedia
LogPluginManager: Mounting plugin MagicLeapPassableWorld
LogPluginManager: Mounting plugin MLSDK
LogPluginManager: Mounting plugin ImgMedia
LogPluginManager: Mounting plugin MediaCompositing
LogPluginManager: Mounting plugin AvfMedia
LogPluginManager: Mounting plugin MediaPlayerEditor
LogPluginManager: Mounting plugin WebMMedia
LogPluginManager: Mounting plugin WmfMedia
LogPluginManager: Mounting plugin ActorSequence
LogPluginManager: Mounting plugin LevelSequenceEditor
LogPluginManager: Mounting plugin MatineeToLevelSequence
LogPluginManager: Mounting plugin TemplateSequence
LogPluginManager: Mounting plugin AndroidMedia
LogPluginManager: Mounting plugin LauncherChunkInstaller
LogPluginManager: Mounting plugin ScreenshotTools
LogPluginManager: Mounting plugin Takes
LogPluginManager: Mounting plugin ActorLayerUtilities
LogPluginManager: Mounting plugin AndroidDeviceProfileSelector
LogPluginManager: Mounting plugin AndroidMoviePlayer
LogPluginManager: Mounting plugin AndroidPermission
LogPluginManager: Mounting plugin AppleImageUtils
LogPluginManager: Mounting plugin AppleMoviePlayer
LogPluginManager: Mounting plugin ArchVisCharacter
LogPluginManager: Mounting plugin AudioCapture
LogPluginManager: Mounting plugin AudioSynesthesia
LogPluginManager: Mounting plugin CableComponent
LogPluginManager: Mounting plugin ChunkDownloader
LogPluginManager: Mounting plugin CustomMeshComponent
LogPluginManager: Mounting plugin EditableMesh
LogPluginManager: Mounting plugin ExampleDeviceProfileSelector
LogPluginManager: Mounting plugin AnimationSharing
LogPluginManager: Mounting plugin CLionSourceCodeAccess
LogPluginManager: Mounting plugin CodeLiteSourceCodeAccess
LogPluginManager: Mounting plugin GitSourceControl
LogPluginManager: Mounting plugin KDevelopSourceCodeAccess
LogPluginManager: Mounting plugin NullSourceCodeAccess
LogPluginManager: Mounting plugin PerforceSourceControl
LogPluginManager: Mounting plugin PixWinPlugin
LogPluginManager: Mounting plugin PlasticSourceControl
LogPluginManager: Mounting plugin PluginUtils
LogPluginManager: Mounting plugin PropertyAccessNode
LogPluginManager: Mounting plugin RiderSourceCodeAccess
LogPluginManager: Mounting plugin SubversionSourceControl
LogPluginManager: Mounting plugin TextureFormatOodle
LogPluginManager: Mounting plugin UObjectPlugin
LogPluginManager: Mounting plugin VisualStudioCodeSourceCodeAccess
LogPluginManager: Mounting plugin VisualStudioSourceCodeAccess
LogPluginManager: Mounting plugin GoogleCloudMessaging
LogPluginManager: Mounting plugin XCodeSourceCodeAccess
LogPluginManager: Mounting plugin GooglePAD
LogPluginManager: Mounting plugin OnlineSubsystem
LogPluginManager: Mounting plugin OnlineSubsystemNull
LogPluginManager: Mounting plugin OnlineSubsystemUtils
LogPluginManager: Mounting plugin IOSDeviceProfileSelector
LogPluginManager: Mounting plugin LinuxDeviceProfileSelector
LogPluginManager: Mounting plugin TcpMessaging
LogPluginManager: Mounting plugin LocationServicesBPLibrary
LogPluginManager: Mounting plugin UdpMessaging
LogPluginManager: Mounting plugin MobilePatchingUtils
LogPluginManager: Mounting plugin OpenXR
LogPluginManager: Mounting plugin OpenXREyeTracker
LogPluginManager: Mounting plugin OpenXRHandTracking
LogPluginManager: Mounting plugin PhysXVehicles
LogPluginManager: Mounting plugin PostSplashScreen
LogPluginManager: Mounting plugin ProceduralMeshComponent
LogPluginManager: Mounting plugin PropertyAccessEditor
LogPluginManager: Mounting plugin RuntimePhysXCooking
LogPluginManager: Mounting plugin SignificanceManager
LogPluginManager: Mounting plugin SoundFields
LogPluginManager: Mounting plugin Synthesis
LogPluginManager: Mounting plugin WebMMoviePlayer
LogPluginManager: Mounting plugin WindowsMoviePlayer
LogPluginManager: Mounting plugin AssetTags
LogPluginManager: Mounting plugin ContentBrowserAssetDataSource
LogPluginManager: Mounting plugin ContentBrowserClassDataSource
LogPluginManager: Mounting plugin ContentBrowserFileDataSource
LogPluginManager: Mounting plugin OnlineSubsystemGooglePlay
LogPluginManager: Mounting plugin OnlineSubsystemIOS
LogPluginManager: Mounting plugin OculusVR
LogPluginManager: Mounting plugin SteamVR
PixWinPlugin: PIX capture plugin failed to initialize! Check that the process is launched from PIX.
LogInit: Using libcurl 7.55.1-DEV
LogInit:  - built for x86_64-pc-win32
LogInit:  - supports SSL with OpenSSL/1.1.1
LogInit:  - supports HTTP deflate (compression) using libz 1.2.8
LogInit:  - other features:
LogInit:      CURL_VERSION_SSL
LogInit:      CURL_VERSION_LIBZ
LogInit:      CURL_VERSION_IPV6
LogInit:      CURL_VERSION_ASYNCHDNS
LogInit:      CURL_VERSION_LARGEFILE
LogInit:      CURL_VERSION_IDN
LogInit:  CurlRequestOptions (configurable via config and command line):
LogInit:  - bVerifyPeer = true  - Libcurl will verify peer certificate
LogInit:  - bUseHttpProxy = false  - Libcurl will NOT use HTTP proxy
LogInit:  - bDontReuseConnections = false  - Libcurl will reuse connections
LogInit:  - MaxHostConnections = 16  - Libcurl will limit the number of connections to a host
LogInit:  - LocalHostAddr = Default
LogInit:  - BufferSize = 65536
LogOnline: OSS: Creating online subsystem instance for: NULL
LogInit: WinSock: version 1.1 (2.2), MaxSocks=32767, MaxUdp=65467
LogOnline: OSS: TryLoadSubsystemAndSetDefault: Loaded subsystem for module [NULL]
LogOculusPluginWrapper: OculusPlugin initialized successfully
LogHMD: Failed initializing OVRPlugin 1.59.0
LogInit: Build: ++UE4+Release-4.27-CL-17155196
LogInit: Engine Version: 4.27.0-17155196+++UE4+Release-4.27
LogInit: Compatible Engine Version: 4.27.0-17155196+++UE4+Release-4.27
LogInit: Net CL: 17155196
LogInit: OS: Windows 10 (Release 2009) (), CPU: Intel(R) Core(TM) i7-10750H CPU @ 2.60GHz, GPU: Intel(R) UHD Graphics
LogInit: Compiled (64-bit): Aug 13 2021 06:13:13
LogInit: Compiled with Visual C++: 19.24.28315.00
LogInit: Build Configuration: Development
LogInit: Branch Name: ++UE4+Release-4.27
LogInit: Command Line:  /Game/MyContent/Maps/Lvl1?Listen -game -PIEVIACONSOLE -Multiprocess GameUserSettingsINI=C:/3/MultiShooter/Saved/Config/Windows/PIEGameUserSettings0.ini -MultiprocessSaveConfig -forcepassthrough -messaging -SessionName="Play in Standalone Game" -port=17777 -windowed -WinX=0 -WinY=24 SAVEWINPOS=1 -ResX=640 -ResY=480
LogInit: Base Directory: C:/Program Files/Epic Games/UE_4.27/Engine/Binaries/Win64/
LogInit: Allocator: TBB
LogInit: Installed Engine Build: 1
LogDevObjectVersion: Number of dev versions registered: 29
LogDevObjectVersion:   Dev-Blueprints (B0D832E4-1F89-4F0D-ACCF-7EB736FD4AA2): 10
LogDevObjectVersion:   Dev-Build (E1C64328-A22C-4D53-A36C-8E866417BD8C): 0
LogDevObjectVersion:   Dev-Core (375EC13C-06E4-48FB-B500-84F0262A717E): 4
LogDevObjectVersion:   Dev-Editor (E4B068ED-F494-42E9-A231-DA0B2E46BB41): 40
LogDevObjectVersion:   Dev-Framework (CFFC743F-43B0-4480-9391-14DF171D2073): 37
LogDevObjectVersion:   Dev-Mobile (B02B49B5-BB20-44E9-A304-32B752E40360): 3
LogDevObjectVersion:   Dev-Networking (A4E4105C-59A1-49B5-A7C5-40C4547EDFEE): 0
LogDevObjectVersion:   Dev-Online (39C831C9-5AE6-47DC-9A44-9C173E1C8E7C): 0
LogDevObjectVersion:   Dev-Physics (78F01B33-EBEA-4F98-B9B4-84EACCB95AA2): 14
LogDevObjectVersion:   Dev-Platform (6631380F-2D4D-43E0-8009-CF276956A95A): 0
LogDevObjectVersion:   Dev-Rendering (12F88B9F-8875-4AFC-A67C-D90C383ABD29): 45
LogDevObjectVersion:   Dev-Sequencer (7B5AE74C-D270-4C10-A958-57980B212A5A): 13
LogDevObjectVersion:   Dev-VR (D7296918-1DD6-4BDD-9DE2-64A83CC13884): 3
LogDevObjectVersion:   Dev-LoadTimes (C2A15278-BFE7-4AFE-6C17-90FF531DF755): 1
LogDevObjectVersion:   Private-Geometry (6EACA3D4-40EC-4CC1-B786-8BED09428FC5): 3
LogDevObjectVersion:   Dev-AnimPhys (29E575DD-E0A3-4627-9D10-D276232CDCEA): 17
LogDevObjectVersion:   Dev-Anim (AF43A65D-7FD3-4947-9873-3E8ED9C1BB05): 15
LogDevObjectVersion:   Dev-ReflectionCapture (6B266CEC-1EC7-4B8F-A30B-E4D90942FC07): 1
LogDevObjectVersion:   Dev-Automation (0DF73D61-A23F-47EA-B727-89E90C41499A): 1
LogDevObjectVersion:   FortniteMain (601D1886-AC64-4F84-AA16-D3DE0DEAC7D6): 47
LogDevObjectVersion:   FortniteRelease (E7086368-6B23-4C58-8439-1B7016265E91): 1
LogDevObjectVersion:   Dev-Enterprise (9DFFBCD6-494F-0158-E221-12823C92A888): 10
LogDevObjectVersion:   Dev-Niagara (F2AED0AC-9AFE-416F-8664-AA7FFA26D6FC): 1
LogDevObjectVersion:   Dev-Destruction (174F1F0B-B4C6-45A5-B13F-2EE8D0FB917D): 10
LogDevObjectVersion:   Dev-Physics-Ext (35F94A83-E258-406C-A318-09F59610247C): 41
LogDevObjectVersion:   Dev-PhysicsMaterial-Chaos (B68FC16E-8B1B-42E2-B453-215C058844FE): 1
LogDevObjectVersion:   Dev-CineCamera (B2E18506-4273-CFC2-A54E-F4BB758BBA07): 1
LogDevObjectVersion:   Dev-VirtualProduction (64F58936-FD1B-42BA-BA96-7289D5D0FA4E): 1
LogDevObjectVersion:   Dev-MediaFramework (6F0ED827-A609-4895-9C91-998D90180EA4): 2
LogInit: Presizing for max 25165824 objects, including 0 objects not considered by GC, pre-allocating 0 bytes for permanent pool.
LogConfig: Applying CVar settings from Section [/Script/Engine.StreamingSettings] File [C:/3/MultiShooter/Saved/Config/Windows/Engine.ini]
LogConfig: Setting CVar [[s.MinBulkDataSizeForAsyncLoading:131072]]
LogConfig: Setting CVar [[s.AsyncLoadingThreadEnabled:0]]
LogConfig: Setting CVar [[s.EventDrivenLoaderEnabled:1]]
LogConfig: Setting CVar [[s.WarnIfTimeLimitExceeded:0]]
LogConfig: Setting CVar [[s.TimeLimitExceededMultiplier:1.5]]
LogConfig: Setting CVar [[s.TimeLimitExceededMinTime:0.005]]
LogConfig: Setting CVar [[s.UseBackgroundLevelStreaming:1]]
LogConfig: Setting CVar [[s.PriorityAsyncLoadingExtraTime:15.0]]
LogConfig: Setting CVar [[s.LevelStreamingActorsUpdateTimeLimit:5.0]]
LogConfig: Setting CVar [[s.PriorityLevelStreamingActorsUpdateExtraTime:5.0]]
LogConfig: Setting CVar [[s.LevelStreamingComponentsRegistrationGranularity:10]]
LogConfig: Setting CVar [[s.UnregisterComponentsTimeLimit:1.0]]
LogConfig: Setting CVar [[s.LevelStreamingComponentsUnregistrationGranularity:5]]
LogConfig: Setting CVar [[s.FlushStreamingOnExit:1]]
LogInit: Object subsystem initialized
LogConfig: Setting CVar [[con.DebugEarlyDefault:1]]
LogConfig: Setting CVar [[r.setres:1280x720]]
[2022.04.28-20.43.50:143][  0]LogConfig: Setting CVar [[con.DebugEarlyDefault:1]]
[2022.04.28-20.43.50:143][  0]LogConfig: Setting CVar [[r.setres:1280x720]]
[2022.04.28-20.43.50:143][  0]LogConfig: Applying CVar settings from Section [/Script/Engine.RendererSettings] File [C:/3/MultiShooter/Saved/Config/Windows/Engine.ini]
[2022.04.28-20.43.50:143][  0]LogConfig: Setting CVar [[r.GPUCrashDebugging:0]]
[2022.04.28-20.43.50:143][  0]LogConfig: Applying CVar settings from Section [/Script/Engine.RendererOverrideSettings] File [C:/3/MultiShooter/Saved/Config/Windows/Engine.ini]
[2022.04.28-20.43.50:143][  0]LogConfig: Applying CVar settings from Section [/Script/Engine.StreamingSettings] File [C:/3/MultiShooter/Saved/Config/Windows/Engine.ini]
[2022.04.28-20.43.50:143][  0]LogConfig: Setting CVar [[s.MinBulkDataSizeForAsyncLoading:131072]]
[2022.04.28-20.43.50:143][  0]LogConfig: Setting CVar [[s.AsyncLoadingThreadEnabled:0]]
[2022.04.28-20.43.50:143][  0]LogConfig: Setting CVar [[s.EventDrivenLoaderEnabled:1]]
[2022.04.28-20.43.50:143][  0]LogConfig: Setting CVar [[s.WarnIfTimeLimitExceeded:0]]
[2022.04.28-20.43.50:143][  0]LogConfig: Setting CVar [[s.TimeLimitExceededMultiplier:1.5]]
[2022.04.28-20.43.50:143][  0]LogConfig: Setting CVar [[s.TimeLimitExceededMinTime:0.005]]
[2022.04.28-20.43.50:143][  0]LogConfig: Setting CVar [[s.UseBackgroundLevelStreaming:1]]
[2022.04.28-20.43.50:143][  0]LogConfig: Setting CVar [[s.PriorityAsyncLoadingExtraTime:15.0]]
[2022.04.28-20.43.50:143][  0]LogConfig: Setting CVar [[s.LevelStreamingActorsUpdateTimeLimit:5.0]]
[2022.04.28-20.43.50:143][  0]LogConfig: Setting CVar [[s.PriorityLevelStreamingActorsUpdateExtraTime:5.0]]
[2022.04.28-20.43.50:143][  0]LogConfig: Setting CVar [[s.LevelStreamingComponentsRegistrationGranularity:10]]
[2022.04.28-20.43.50:143][  0]LogConfig: Setting CVar [[s.UnregisterComponentsTimeLimit:1.0]]
[2022.04.28-20.43.50:143][  0]LogConfig: Setting CVar [[s.LevelStreamingComponentsUnregistrationGranularity:5]]
[2022.04.28-20.43.50:143][  0]LogConfig: Setting CVar [[s.FlushStreamingOnExit:1]]
[2022.04.28-20.43.50:143][  0]LogConfig: Applying CVar settings from Section [/Script/Engine.GarbageCollectionSettings] File [C:/3/MultiShooter/Saved/Config/Windows/Engine.ini]
[2022.04.28-20.43.50:143][  0]LogConfig: Setting CVar [[gc.MaxObjectsNotConsideredByGC:1]]
[2022.04.28-20.43.50:143][  0]LogConfig: Setting CVar [[gc.SizeOfPermanentObjectPool:0]]
[2022.04.28-20.43.50:143][  0]LogConfig: Setting CVar [[gc.FlushStreamingOnGC:0]]
[2022.04.28-20.43.50:143][  0]LogConfig: Setting CVar [[gc.NumRetriesBeforeForcingGC:10]]
[2022.04.28-20.43.50:143][  0]LogConfig: Setting CVar [[gc.AllowParallelGC:1]]
[2022.04.28-20.43.50:144][  0]LogConfig: Setting CVar [[gc.TimeBetweenPurgingPendingKillObjects:61.1]]
[2022.04.28-20.43.50:144][  0]LogConfig: Setting CVar [[gc.MaxObjectsInEditor:25165824]]
[2022.04.28-20.43.50:144][  0]LogConfig: Setting CVar [[gc.IncrementalBeginDestroyEnabled:1]]
[2022.04.28-20.43.50:144][  0]LogConfig: Setting CVar [[gc.CreateGCClusters:1]]
[2022.04.28-20.43.50:144][  0]LogConfig: Setting CVar [[gc.MinGCClusterSize:5]]
[2022.04.28-20.43.50:144][  0]LogConfig: Setting CVar [[gc.ActorClusteringEnabled:0]]
[2022.04.28-20.43.50:144][  0]LogConfig: Setting CVar [[gc.BlueprintClusteringEnabled:0]]
[2022.04.28-20.43.50:144][  0]LogConfig: Setting CVar [[gc.UseDisregardForGCOnDedicatedServers:0]]
[2022.04.28-20.43.50:144][  0]LogConfig: Setting CVar [[gc.MultithreadedDestructionEnabled:1]]
[2022.04.28-20.43.50:144][  0]LogConfig: Applying CVar settings from Section [/Script/Engine.NetworkSettings] File [C:/3/MultiShooter/Saved/Config/Windows/Engine.ini]
[2022.04.28-20.43.50:144][  0]LogConfig: Applying CVar settings from Section [/Script/UnrealEd.CookerSettings] File [C:/3/MultiShooter/Saved/Config/Windows/Engine.ini]
[2022.04.28-20.43.50:156][  0]LogConfig: Applying CVar settings from Section [ViewDistanceQuality@3] File [C:/3/MultiShooter/Saved/Config/Windows/Scalability.ini]
[2022.04.28-20.43.50:156][  0]LogConfig: Setting CVar [[r.SkeletalMeshLODBias:0]]
[2022.04.28-20.43.50:156][  0]LogConfig: Setting CVar [[r.ViewDistanceScale:1.0]]
[2022.04.28-20.43.50:156][  0]LogConfig: Applying CVar settings from Section [AntiAliasingQuality@3] File [C:/3/MultiShooter/Saved/Config/Windows/Scalability.ini]
[2022.04.28-20.43.50:156][  0]LogConfig: Setting CVar [[r.PostProcessAAQuality:4]]
[2022.04.28-20.43.50:156][  0]LogConfig: Applying CVar settings from Section [ShadowQuality@3] File [C:/3/MultiShooter/Saved/Config/Windows/Scalability.ini]
[2022.04.28-20.43.50:156][  0]LogConfig: Setting CVar [[r.LightFunctionQuality:1]]
[2022.04.28-20.43.50:156][  0]LogConfig: Setting CVar [[r.ShadowQuality:5]]
[2022.04.28-20.43.50:156][  0]LogConfig: Setting CVar [[r.Shadow.CSM.MaxCascades:10]]
[2022.04.28-20.43.50:156][  0]LogConfig: Setting CVar [[r.Shadow.MaxResolution:2048]]
[2022.04.28-20.43.50:156][  0]LogConfig: Setting CVar [[r.Shadow.MaxCSMResolution:2048]]
[2022.04.28-20.43.50:156][  0]LogConfig: Setting CVar [[r.Shadow.RadiusThreshold:0.01]]
[2022.04.28-20.43.50:156][  0]LogConfig: Setting CVar [[r.Shadow.DistanceScale:1.0]]
[2022.04.28-20.43.50:156][  0]LogConfig: Setting CVar [[r.Shadow.CSM.TransitionScale:1.0]]
[2022.04.28-20.43.50:156][  0]LogConfig: Setting CVar [[r.Shadow.PreShadowResolutionFactor:1.0]]
[2022.04.28-20.43.50:156][  0]LogConfig: Setting CVar [[r.DistanceFieldShadowing:1]]
[2022.04.28-20.43.50:156][  0]LogConfig: Setting CVar [[r.DistanceFieldAO:1]]
[2022.04.28-20.43.50:156][  0]LogConfig: Setting CVar [[r.AOQuality:2]]
[2022.04.28-20.43.50:156][  0]LogConfig: Setting CVar [[r.VolumetricFog:1]]
[2022.04.28-20.43.50:156][  0]LogConfig: Setting CVar [[r.VolumetricFog.GridPixelSize:8]]
[2022.04.28-20.43.50:156][  0]LogConfig: Setting CVar [[r.VolumetricFog.GridSizeZ:128]]
[2022.04.28-20.43.50:156][  0]LogConfig: Setting CVar [[r.VolumetricFog.HistoryMissSupersampleCount:4]]
[2022.04.28-20.43.50:156][  0]LogConfig: Setting CVar [[r.LightMaxDrawDistanceScale:1]]
[2022.04.28-20.43.50:156][  0]LogConfig: Setting CVar [[r.CapsuleShadows:1]]
[2022.04.28-20.43.50:156][  0]LogConfig: Applying CVar settings from Section [PostProcessQuality@3] File [C:/3/MultiShooter/Saved/Config/Windows/Scalability.ini]
[2022.04.28-20.43.50:156][  0]LogConfig: Setting CVar [[r.MotionBlurQuality:4]]
[2022.04.28-20.43.50:156][  0]LogConfig: Setting CVar [[r.AmbientOcclusionMipLevelFactor:0.4]]
[2022.04.28-20.43.50:156][  0]LogConfig: Setting CVar [[r.AmbientOcclusionMaxQuality:100]]
[2022.04.28-20.43.50:156][  0]LogConfig: Setting CVar [[r.AmbientOcclusionLevels:-1]]
[2022.04.28-20.43.50:156][  0]LogConfig: Setting CVar [[r.AmbientOcclusionRadiusScale:1.0]]
[2022.04.28-20.43.50:156][  0]LogConfig: Setting CVar [[r.DepthOfFieldQuality:2]]
[2022.04.28-20.43.50:156][  0]LogConfig: Setting CVar [[r.RenderTargetPoolMin:400]]
[2022.04.28-20.43.50:156][  0]LogConfig: Setting CVar [[r.LensFlareQuality:2]]
[2022.04.28-20.43.50:156][  0]LogConfig: Setting CVar [[r.SceneColorFringeQuality:1]]
[2022.04.28-20.43.50:156][  0]LogConfig: Setting CVar [[r.EyeAdaptationQuality:2]]
[2022.04.28-20.43.50:156][  0]LogConfig: Setting CVar [[r.BloomQuality:5]]
[2022.04.28-20.43.50:156][  0]LogConfig: Setting CVar [[r.FastBlurThreshold:100]]
[2022.04.28-20.43.50:156][  0]LogConfig: Setting CVar [[r.Upscale.Quality:3]]
[2022.04.28-20.43.50:156][  0]LogConfig: Setting CVar [[r.Tonemapper.GrainQuantization:1]]
[2022.04.28-20.43.50:156][  0]LogConfig: Setting CVar [[r.LightShaftQuality:1]]
[2022.04.28-20.43.50:156][  0]LogConfig: Setting CVar [[r.Filter.SizeScale:1]]
[2022.04.28-20.43.50:156][  0]LogConfig: Setting CVar [[r.Tonemapper.Quality:5]]
[2022.04.28-20.43.50:156][  0]LogConfig: Setting CVar [[r.DOF.Gather.AccumulatorQuality:1        ; higher gathering accumulator quality]]
[2022.04.28-20.43.50:156][  0]LogConfig: Setting CVar [[r.DOF.Gather.PostfilterMethod:1          ; Median3x3 postfilering method]]
[2022.04.28-20.43.50:156][  0]LogConfig: Setting CVar [[r.DOF.Gather.EnableBokehSettings:0       ; no bokeh simulation when gathering]]
[2022.04.28-20.43.50:156][  0]LogConfig: Setting CVar [[r.DOF.Gather.RingCount:4                 ; medium number of samples when gathering]]
[2022.04.28-20.43.50:156][  0]LogConfig: Setting CVar [[r.DOF.Scatter.ForegroundCompositing:1    ; additive foreground scattering]]
[2022.04.28-20.43.50:156][  0]LogConfig: Setting CVar [[r.DOF.Scatter.BackgroundCompositing:2    ; additive background scattering]]
[2022.04.28-20.43.50:156][  0]LogConfig: Setting CVar [[r.DOF.Scatter.EnableBokehSettings:1      ; bokeh simulation when scattering]]
[2022.04.28-20.43.50:156][  0]LogConfig: Setting CVar [[r.DOF.Scatter.MaxSpriteRatio:0.1         ; only a maximum of 10% of scattered bokeh]]
[2022.04.28-20.43.50:157][  0]LogConfig: Setting CVar [[r.DOF.Recombine.Quality:1                ; cheap slight out of focus]]
[2022.04.28-20.43.50:157][  0]LogConfig: Setting CVar [[r.DOF.Recombine.EnableBokehSettings:0    ; no bokeh simulation on slight out of focus]]
[2022.04.28-20.43.50:157][  0]LogConfig: Setting CVar [[r.DOF.TemporalAAQuality:1                ; more stable temporal accumulation]]
[2022.04.28-20.43.50:157][  0]LogConfig: Setting CVar [[r.DOF.Kernel.MaxForegroundRadius:0.025]]
[2022.04.28-20.43.50:157][  0]LogConfig: Setting CVar [[r.DOF.Kernel.MaxBackgroundRadius:0.025]]
[2022.04.28-20.43.50:157][  0]LogConfig: Applying CVar settings from Section [TextureQuality@3] File [C:/3/MultiShooter/Saved/Config/Windows/Scalability.ini]
[2022.04.28-20.43.50:157][  0]LogConfig: Setting CVar [[r.Streaming.MipBias:0]]
[2022.04.28-20.43.50:157][  0]LogConfig: Setting CVar [[r.Streaming.AmortizeCPUToGPUCopy:0]]
[2022.04.28-20.43.50:157][  0]LogConfig: Setting CVar [[r.Streaming.MaxNumTexturesToStreamPerFrame:0]]
[2022.04.28-20.43.50:157][  0]LogConfig: Setting CVar [[r.Streaming.Boost:1]]
[2022.04.28-20.43.50:157][  0]LogConfig: Setting CVar [[r.MaxAnisotropy:8]]
[2022.04.28-20.43.50:157][  0]LogConfig: Setting CVar [[r.VT.MaxAnisotropy:8]]
[2022.04.28-20.43.50:157][  0]LogConfig: Setting CVar [[r.Streaming.LimitPoolSizeToVRAM:0]]
[2022.04.28-20.43.50:157][  0]LogConfig: Setting CVar [[r.Streaming.PoolSize:1000]]
[2022.04.28-20.43.50:157][  0]LogConfig: Setting CVar [[r.Streaming.MaxEffectiveScreenSize:0]]
[2022.04.28-20.43.50:157][  0]LogConfig: Applying CVar settings from Section [EffectsQuality@3] File [C:/3/MultiShooter/Saved/Config/Windows/Scalability.ini]
[2022.04.28-20.43.50:157][  0]LogConfig: Setting CVar [[r.TranslucencyLightingVolumeDim:64]]
[2022.04.28-20.43.50:157][  0]LogConfig: Setting CVar [[r.RefractionQuality:2]]
[2022.04.28-20.43.50:157][  0]LogConfig: Setting CVar [[r.SSR.Quality:3]]
[2022.04.28-20.43.50:157][  0]LogConfig: Setting CVar [[r.SSR.HalfResSceneColor:0]]
[2022.04.28-20.43.50:157][  0]LogConfig: Setting CVar [[r.SceneColorFormat:4]]
[2022.04.28-20.43.50:157][  0]LogConfig: Setting CVar [[r.DetailMode:2]]
[2022.04.28-20.43.50:157][  0]LogConfig: Setting CVar [[r.TranslucencyVolumeBlur:1]]
[2022.04.28-20.43.50:157][  0]LogConfig: Setting CVar [[r.MaterialQualityLevel:1 ; High quality]]
[2022.04.28-20.43.50:157][  0]LogConfig: Setting CVar [[r.AnisotropicMaterials:1]]
[2022.04.28-20.43.50:157][  0]LogConfig: Setting CVar [[r.SSS.Scale:1]]
[2022.04.28-20.43.50:157][  0]LogConfig: Setting CVar [[r.SSS.SampleSet:2]]
[2022.04.28-20.43.50:157][  0]LogConfig: Setting CVar [[r.SSS.Quality:1]]
[2022.04.28-20.43.50:157][  0]LogConfig: Setting CVar [[r.SSS.HalfRes:0]]
[2022.04.28-20.43.50:157][  0]LogConfig: Setting CVar [[r.SSGI.Quality:3]]
[2022.04.28-20.43.50:157][  0]LogConfig: Setting CVar [[r.EmitterSpawnRateScale:1.0]]
[2022.04.28-20.43.50:157][  0]LogConfig: Setting CVar [[r.ParticleLightQuality:2]]
[2022.04.28-20.43.50:157][  0]LogConfig: Setting CVar [[r.SkyAtmosphere.AerialPerspectiveLUT.FastApplyOnOpaque:1 ; Always have FastSkyLUT 1 in this case to avoid wrong sky]]
[2022.04.28-20.43.50:157][  0]LogConfig: Setting CVar [[r.SkyAtmosphere.AerialPerspectiveLUT.SampleCountMaxPerSlice:4]]
[2022.04.28-20.43.50:157][  0]LogConfig: Setting CVar [[r.SkyAtmosphere.AerialPerspectiveLUT.DepthResolution:16.0]]
[2022.04.28-20.43.50:157][  0]LogConfig: Setting CVar [[r.SkyAtmosphere.FastSkyLUT:1]]
[2022.04.28-20.43.50:157][  0]LogConfig: Setting CVar [[r.SkyAtmosphere.FastSkyLUT.SampleCountMin:4.0]]
[2022.04.28-20.43.50:157][  0]LogConfig: Setting CVar [[r.SkyAtmosphere.FastSkyLUT.SampleCountMax:128.0]]
[2022.04.28-20.43.50:157][  0]LogConfig: Setting CVar [[r.SkyAtmosphere.SampleCountMin:4.0]]
[2022.04.28-20.43.50:157][  0]LogConfig: Setting CVar [[r.SkyAtmosphere.SampleCountMax:128.0]]
[2022.04.28-20.43.50:157][  0]LogConfig: Setting CVar [[r.SkyAtmosphere.TransmittanceLUT.UseSmallFormat:0]]
[2022.04.28-20.43.50:157][  0]LogConfig: Setting CVar [[r.SkyAtmosphere.TransmittanceLUT.SampleCount:10.0]]
[2022.04.28-20.43.50:157][  0]LogConfig: Setting CVar [[r.SkyAtmosphere.MultiScatteringLUT.SampleCount:15.0]]
[2022.04.28-20.43.50:157][  0]LogConfig: Setting CVar [[r.SkyLight.RealTimeReflectionCapture:1]]
[2022.04.28-20.43.50:157][  0]LogConfig: Applying CVar settings from Section [FoliageQuality@3] File [C:/3/MultiShooter/Saved/Config/Windows/Scalability.ini]
[2022.04.28-20.43.50:157][  0]LogConfig: Setting CVar [[foliage.DensityScale:1.0]]
[2022.04.28-20.43.50:157][  0]LogConfig: Setting CVar [[grass.DensityScale:1.0]]
[2022.04.28-20.43.50:157][  0]LogConfig: Applying CVar settings from Section [ShadingQuality@3] File [C:/3/MultiShooter/Saved/Config/Windows/Scalability.ini]
[2022.04.28-20.43.50:157][  0]LogConfig: Setting CVar [[r.HairStrands.SkyLighting.IntegrationType:2]]
[2022.04.28-20.43.50:157][  0]LogConfig: Setting CVar [[r.HairStrands.SkyAO.SampleCount:4]]
[2022.04.28-20.43.50:157][  0]LogConfig: Setting CVar [[r.HairStrands.Visibility.MSAA.SamplePerPixel:4]]
[2022.04.28-20.43.50:157][  0]LogInit: Selected Device Profile: [Windows]
[2022.04.28-20.43.50:157][  0]LogInit: Applying CVar settings loaded from the selected device profile: [Windows]
[2022.04.28-20.43.50:157][  0]LogHAL: Display: Platform has ~ 16 GB [16971386880 / 17179869184 / 16], which maps to Larger [LargestMinGB=32, LargerMinGB=12, DefaultMinGB=8, SmallerMinGB=6, SmallestMinGB=0)
[2022.04.28-20.43.50:157][  0]LogInit: Going up to parent DeviceProfile []
[2022.04.28-20.43.50:157][  0]LogConfig: Applying CVar settings from Section [ViewDistanceQuality@3] File [C:/3/MultiShooter/Saved/Config/Windows/Scalability.ini]
[2022.04.28-20.43.50:157][  0]LogConfig: Setting CVar [[r.SkeletalMeshLODBias:0]]
[2022.04.28-20.43.50:157][  0]LogConfig: Setting CVar [[r.ViewDistanceScale:1.0]]
[2022.04.28-20.43.50:157][  0]LogConfig: Applying CVar settings from Section [AntiAliasingQuality@3] File [C:/3/MultiShooter/Saved/Config/Windows/Scalability.ini]
[2022.04.28-20.43.50:157][  0]LogConfig: Setting CVar [[r.PostProcessAAQuality:4]]
[2022.04.28-20.43.50:157][  0]LogConfig: Applying CVar settings from Section [ShadowQuality@3] File [C:/3/MultiShooter/Saved/Config/Windows/Scalability.ini]
[2022.04.28-20.43.50:157][  0]LogConfig: Setting CVar [[r.LightFunctionQuality:1]]
[2022.04.28-20.43.50:157][  0]LogConfig: Setting CVar [[r.ShadowQuality:5]]
[2022.04.28-20.43.50:157][  0]LogConfig: Setting CVar [[r.Shadow.CSM.MaxCascades:10]]
[2022.04.28-20.43.50:157][  0]LogConfig: Setting CVar [[r.Shadow.MaxResolution:2048]]
[2022.04.28-20.43.50:157][  0]LogConfig: Setting CVar [[r.Shadow.MaxCSMResolution:2048]]
[2022.04.28-20.43.50:157][  0]LogConfig: Setting CVar [[r.Shadow.RadiusThreshold:0.01]]
[2022.04.28-20.43.50:157][  0]LogConfig: Setting CVar [[r.Shadow.DistanceScale:1.0]]
[2022.04.28-20.43.50:157][  0]LogConfig: Setting CVar [[r.Shadow.CSM.TransitionScale:1.0]]
[2022.04.28-20.43.50:157][  0]LogConfig: Setting CVar [[r.Shadow.PreShadowResolutionFactor:1.0]]
[2022.04.28-20.43.50:157][  0]LogConfig: Setting CVar [[r.DistanceFieldShadowing:1]]
[2022.04.28-20.43.50:157][  0]LogConfig: Setting CVar [[r.DistanceFieldAO:1]]
[2022.04.28-20.43.50:157][  0]LogConfig: Setting CVar [[r.AOQuality:2]]
[2022.04.28-20.43.50:157][  0]LogConfig: Setting CVar [[r.VolumetricFog:1]]
[2022.04.28-20.43.50:157][  0]LogConfig: Setting CVar [[r.VolumetricFog.GridPixelSize:8]]
[2022.04.28-20.43.50:157][  0]LogConfig: Setting CVar [[r.VolumetricFog.GridSizeZ:128]]
[2022.04.28-20.43.50:157][  0]LogConfig: Setting CVar [[r.VolumetricFog.HistoryMissSupersampleCount:4]]
[2022.04.28-20.43.50:157][  0]LogConfig: Setting CVar [[r.LightMaxDrawDistanceScale:1]]
[2022.04.28-20.43.50:157][  0]LogConfig: Setting CVar [[r.CapsuleShadows:1]]
[2022.04.28-20.43.50:157][  0]LogConfig: Applying CVar settings from Section [PostProcessQuality@3] File [C:/3/MultiShooter/Saved/Config/Windows/Scalability.ini]
[2022.04.28-20.43.50:157][  0]LogConfig: Setting CVar [[r.MotionBlurQuality:4]]
[2022.04.28-20.43.50:157][  0]LogConfig: Setting CVar [[r.AmbientOcclusionMipLevelFactor:0.4]]
[2022.04.28-20.43.50:157][  0]LogConfig: Setting CVar [[r.AmbientOcclusionMaxQuality:100]]
[2022.04.28-20.43.50:157][  0]LogConfig: Setting CVar [[r.AmbientOcclusionLevels:-1]]
[2022.04.28-20.43.50:157][  0]LogConfig: Setting CVar [[r.AmbientOcclusionRadiusScale:1.0]]
[2022.04.28-20.43.50:157][  0]LogConfig: Setting CVar [[r.DepthOfFieldQuality:2]]
[2022.04.28-20.43.50:157][  0]LogConfig: Setting CVar [[r.RenderTargetPoolMin:400]]
[2022.04.28-20.43.50:157][  0]LogConfig: Setting CVar [[r.LensFlareQuality:2]]
[2022.04.28-20.43.50:157][  0]LogConfig: Setting CVar [[r.SceneColorFringeQuality:1]]
[2022.04.28-20.43.50:157][  0]LogConfig: Setting CVar [[r.EyeAdaptationQuality:2]]
[2022.04.28-20.43.50:157][  0]LogConfig: Setting CVar [[r.BloomQuality:5]]
[2022.04.28-20.43.50:157][  0]LogConfig: Setting CVar [[r.FastBlurThreshold:100]]
[2022.04.28-20.43.50:157][  0]LogConfig: Setting CVar [[r.Upscale.Quality:3]]
[2022.04.28-20.43.50:157][  0]LogConfig: Setting CVar [[r.Tonemapper.GrainQuantization:1]]
[2022.04.28-20.43.50:157][  0]LogConfig: Setting CVar [[r.LightShaftQuality:1]]
[2022.04.28-20.43.50:157][  0]LogConfig: Setting CVar [[r.Filter.SizeScale:1]]
[2022.04.28-20.43.50:157][  0]LogConfig: Setting CVar [[r.Tonemapper.Quality:5]]
[2022.04.28-20.43.50:157][  0]LogConfig: Setting CVar [[r.DOF.Gather.AccumulatorQuality:1        ; higher gathering accumulator quality]]
[2022.04.28-20.43.50:158][  0]LogConfig: Setting CVar [[r.DOF.Gather.PostfilterMethod:1          ; Median3x3 postfilering method]]
[2022.04.28-20.43.50:158][  0]LogConfig: Setting CVar [[r.DOF.Gather.EnableBokehSettings:0       ; no bokeh simulation when gathering]]
[2022.04.28-20.43.50:158][  0]LogConfig: Setting CVar [[r.DOF.Gather.RingCount:4                 ; medium number of samples when gathering]]
[2022.04.28-20.43.50:158][  0]LogConfig: Setting CVar [[r.DOF.Scatter.ForegroundCompositing:1    ; additive foreground scattering]]
[2022.04.28-20.43.50:158][  0]LogConfig: Setting CVar [[r.DOF.Scatter.BackgroundCompositing:2    ; additive background scattering]]
[2022.04.28-20.43.50:158][  0]LogConfig: Setting CVar [[r.DOF.Scatter.EnableBokehSettings:1      ; bokeh simulation when scattering]]
[2022.04.28-20.43.50:158][  0]LogConfig: Setting CVar [[r.DOF.Scatter.MaxSpriteRatio:0.1         ; only a maximum of 10% of scattered bokeh]]
[2022.04.28-20.43.50:158][  0]LogConfig: Setting CVar [[r.DOF.Recombine.Quality:1                ; cheap slight out of focus]]
[2022.04.28-20.43.50:158][  0]LogConfig: Setting CVar [[r.DOF.Recombine.EnableBokehSettings:0    ; no bokeh simulation on slight out of focus]]
[2022.04.28-20.43.50:158][  0]LogConfig: Setting CVar [[r.DOF.TemporalAAQuality:1                ; more stable temporal accumulation]]
[2022.04.28-20.43.50:158][  0]LogConfig: Setting CVar [[r.DOF.Kernel.MaxForegroundRadius:0.025]]
[2022.04.28-20.43.50:158][  0]LogConfig: Setting CVar [[r.DOF.Kernel.MaxBackgroundRadius:0.025]]
[2022.04.28-20.43.50:158][  0]LogConfig: Applying CVar settings from Section [TextureQuality@3] File [C:/3/MultiShooter/Saved/Config/Windows/Scalability.ini]
[2022.04.28-20.43.50:158][  0]LogConfig: Setting CVar [[r.Streaming.MipBias:0]]
[2022.04.28-20.43.50:158][  0]LogConfig: Setting CVar [[r.Streaming.AmortizeCPUToGPUCopy:0]]
[2022.04.28-20.43.50:158][  0]LogConfig: Setting CVar [[r.Streaming.MaxNumTexturesToStreamPerFrame:0]]
[2022.04.28-20.43.50:158][  0]LogConfig: Setting CVar [[r.Streaming.Boost:1]]
[2022.04.28-20.43.50:158][  0]LogConfig: Setting CVar [[r.MaxAnisotropy:8]]
[2022.04.28-20.43.50:158][  0]LogConfig: Setting CVar [[r.VT.MaxAnisotropy:8]]
[2022.04.28-20.43.50:158][  0]LogConfig: Setting CVar [[r.Streaming.LimitPoolSizeToVRAM:0]]
[2022.04.28-20.43.50:158][  0]LogConfig: Setting CVar [[r.Streaming.PoolSize:1000]]
[2022.04.28-20.43.50:158][  0]LogConfig: Setting CVar [[r.Streaming.MaxEffectiveScreenSize:0]]
[2022.04.28-20.43.50:158][  0]LogConfig: Applying CVar settings from Section [EffectsQuality@3] File [C:/3/MultiShooter/Saved/Config/Windows/Scalability.ini]
[2022.04.28-20.43.50:158][  0]LogConfig: Setting CVar [[r.TranslucencyLightingVolumeDim:64]]
[2022.04.28-20.43.50:158][  0]LogConfig: Setting CVar [[r.RefractionQuality:2]]
[2022.04.28-20.43.50:158][  0]LogConfig: Setting CVar [[r.SSR.Quality:3]]
[2022.04.28-20.43.50:158][  0]LogConfig: Setting CVar [[r.SSR.HalfResSceneColor:0]]
[2022.04.28-20.43.50:158][  0]LogConfig: Setting CVar [[r.SceneColorFormat:4]]
[2022.04.28-20.43.50:158][  0]LogConfig: Setting CVar [[r.DetailMode:2]]
[2022.04.28-20.43.50:158][  0]LogConfig: Setting CVar [[r.TranslucencyVolumeBlur:1]]
[2022.04.28-20.43.50:158][  0]LogConfig: Setting CVar [[r.MaterialQualityLevel:1 ; High quality]]
[2022.04.28-20.43.50:158][  0]LogConfig: Setting CVar [[r.AnisotropicMaterials:1]]
[2022.04.28-20.43.50:158][  0]LogConfig: Setting CVar [[r.SSS.Scale:1]]
[2022.04.28-20.43.50:158][  0]LogConfig: Setting CVar [[r.SSS.SampleSet:2]]
[2022.04.28-20.43.50:158][  0]LogConfig: Setting CVar [[r.SSS.Quality:1]]
[2022.04.28-20.43.50:158][  0]LogConfig: Setting CVar [[r.SSS.HalfRes:0]]
[2022.04.28-20.43.50:158][  0]LogConfig: Setting CVar [[r.SSGI.Quality:3]]
[2022.04.28-20.43.50:158][  0]LogConfig: Setting CVar [[r.EmitterSpawnRateScale:1.0]]
[2022.04.28-20.43.50:158][  0]LogConfig: Setting CVar [[r.ParticleLightQuality:2]]
[2022.04.28-20.43.50:158][  0]LogConfig: Setting CVar [[r.SkyAtmosphere.AerialPerspectiveLUT.FastApplyOnOpaque:1 ; Always have FastSkyLUT 1 in this case to avoid wrong sky]]
[2022.04.28-20.43.50:158][  0]LogConfig: Setting CVar [[r.SkyAtmosphere.AerialPerspectiveLUT.SampleCountMaxPerSlice:4]]
[2022.04.28-20.43.50:158][  0]LogConfig: Setting CVar [[r.SkyAtmosphere.AerialPerspectiveLUT.DepthResolution:16.0]]
[2022.04.28-20.43.50:158][  0]LogConfig: Setting CVar [[r.SkyAtmosphere.FastSkyLUT:1]]
[2022.04.28-20.43.50:158][  0]LogConfig: Setting CVar [[r.SkyAtmosphere.FastSkyLUT.SampleCountMin:4.0]]
[2022.04.28-20.43.50:158][  0]LogConfig: Setting CVar [[r.SkyAtmosphere.FastSkyLUT.SampleCountMax:128.0]]
[2022.04.28-20.43.50:158][  0]LogConfig: Setting CVar [[r.SkyAtmosphere.SampleCountMin:4.0]]
[2022.04.28-20.43.50:158][  0]LogConfig: Setting CVar [[r.SkyAtmosphere.SampleCountMax:128.0]]
[2022.04.28-20.43.50:158][  0]LogConfig: Setting CVar [[r.SkyAtmosphere.TransmittanceLUT.UseSmallFormat:0]]
[2022.04.28-20.43.50:158][  0]LogConfig: Setting CVar [[r.SkyAtmosphere.TransmittanceLUT.SampleCount:10.0]]
[2022.04.28-20.43.50:158][  0]LogConfig: Setting CVar [[r.SkyAtmosphere.MultiScatteringLUT.SampleCount:15.0]]
[2022.04.28-20.43.50:158][  0]LogConfig: Setting CVar [[r.SkyLight.RealTimeReflectionCapture:1]]
[2022.04.28-20.43.50:158][  0]LogConfig: Applying CVar settings from Section [FoliageQuality@3] File [C:/3/MultiShooter/Saved/Config/Windows/Scalability.ini]
[2022.04.28-20.43.50:158][  0]LogConfig: Setting CVar [[foliage.DensityScale:1.0]]
[2022.04.28-20.43.50:158][  0]LogConfig: Setting CVar [[grass.DensityScale:1.0]]
[2022.04.28-20.43.50:158][  0]LogConfig: Applying CVar settings from Section [ShadingQuality@3] File [C:/3/MultiShooter/Saved/Config/Windows/Scalability.ini]
[2022.04.28-20.43.50:158][  0]LogConfig: Setting CVar [[r.HairStrands.SkyLighting.IntegrationType:2]]
[2022.04.28-20.43.50:158][  0]LogConfig: Setting CVar [[r.HairStrands.SkyAO.SampleCount:4]]
[2022.04.28-20.43.50:158][  0]LogConfig: Setting CVar [[r.HairStrands.Visibility.MSAA.SamplePerPixel:4]]
[2022.04.28-20.43.50:158][  0]LogConfig: Applying CVar settings from Section [Startup] File [../../../Engine/Config/ConsoleVariables.ini]
[2022.04.28-20.43.50:159][  0]LogConfig: Setting CVar [[net.UseAdaptiveNetUpdateFrequency:0]]
[2022.04.28-20.43.50:159][  0]LogConfig: Setting CVar [[p.chaos.AllowCreatePhysxBodies:1]]
[2022.04.28-20.43.50:159][  0]LogConfig: Setting CVar [[fx.SkipVectorVMBackendOptimizations:1]]
[2022.04.28-20.43.50:159][  0]LogConfig: Applying CVar settings from Section [ConsoleVariables] File [C:/3/MultiShooter/Saved/Config/Windows/Engine.ini]
[2022.04.28-20.43.50:159][  0]LogConfig: Applying CVar settings from Section [ConsoleVariables] File [C:/3/MultiShooter/Saved/Config/Windows/Editor.ini]
[2022.04.28-20.43.50:159][  0]LogInit: Computer: LAPTOP-K7OCUPB7
[2022.04.28-20.43.50:159][  0]LogInit: User: buryk
[2022.04.28-20.43.50:159][  0]LogInit: CPU Page size=4096, Cores=6
[2022.04.28-20.43.50:159][  0]LogInit: High frequency timer resolution =10.000000 MHz
[2022.04.28-20.43.50:159][  0]LogMemory: Memory total: Physical=15.8GB (16GB approx)
[2022.04.28-20.43.50:159][  0]LogMemory: Platform Memory Stats for Windows
[2022.04.28-20.43.50:159][  0]LogMemory: Process Physical Memory: 144.96 MB used, 144.96 MB peak
[2022.04.28-20.43.50:159][  0]LogMemory: Process Virtual Memory: 132.04 MB used, 132.04 MB peak
[2022.04.28-20.43.50:159][  0]LogMemory: Physical Memory: 9203.00 MB used,  6982.18 MB free, 16185.18 MB total
[2022.04.28-20.43.50:159][  0]LogMemory: Virtual Memory: 134203632.00 MB used,  14099.82 MB free, 134217728.00 MB total
[2022.04.28-20.43.50:165][  0]LogWindows: WindowsPlatformFeatures enabled
[2022.04.28-20.43.50:214][  0]LogInit: Physics initialised using underlying interface: PhysX
[2022.04.28-20.43.50:214][  0]LogInit: Using OS detected language (ru-RU).
[2022.04.28-20.43.50:214][  0]LogInit: Using OS detected locale (ru-RU).
[2022.04.28-20.43.50:218][  0]LogTextLocalizationManager: No specific localization for 'ru-RU' exists, so the 'ru' localization will be used.
[2022.04.28-20.43.50:223][  0]LogTextLocalizationResource: LocRes '../../../Engine/Content/Localization/Editor/ru/Editor.locres' could not be opened for reading!
[2022.04.28-20.43.50:223][  0]LogTextLocalizationResource: LocRes '../../../Engine/Content/Localization/EditorTutorials/ru/EditorTutorials.locres' could not be opened for reading!
[2022.04.28-20.43.50:223][  0]LogTextLocalizationResource: LocRes '../../../Engine/Content/Localization/Keywords/ru/Keywords.locres' could not be opened for reading!
[2022.04.28-20.43.50:223][  0]LogTextLocalizationResource: LocRes '../../../Engine/Content/Localization/Category/ru/Category.locres' could not be opened for reading!
[2022.04.28-20.43.50:223][  0]LogTextLocalizationResource: LocRes '../../../Engine/Content/Localization/ToolTips/ru/ToolTips.locres' could not be opened for reading!
[2022.04.28-20.43.50:224][  0]LogTextLocalizationResource: LocRes '../../../Engine/Content/Localization/PropertyNames/ru/PropertyNames.locres' could not be opened for reading!
[2022.04.28-20.43.50:224][  0]LogTextLocalizationResource: LocRes '../../../Engine/Content/Localization/Engine/ru/Engine.locres' could not be opened for reading!
[2022.04.28-20.43.50:236][  0]LogWindowsTextInputMethodSystem: Display: IME system deactivated.
[2022.04.28-20.43.50:262][  0]LogSlate: New Slate User Created.  User Index 0, Is Virtual User: 0
[2022.04.28-20.43.50:262][  0]LogSlate: Slate User Registered.  User Index 0, Is Virtual User: 0
[2022.04.28-20.43.50:282][  0]LogD3D11RHI: Loaded GFSDK_Aftermath_Lib.x64.dll
[2022.04.28-20.43.50:302][  0]LogHMD: Failed to initialize OpenVR with code 110
[2022.04.28-20.43.50:302][  0]LogD3D11RHI: D3D11 min allowed feature level: 11_0
[2022.04.28-20.43.50:302][  0]LogD3D11RHI: D3D11 max allowed feature level: 11_0
[2022.04.28-20.43.50:302][  0]LogD3D11RHI: D3D11 adapters:
[2022.04.28-20.43.50:395][  0]LogD3D11RHI:    0. 'NVIDIA GeForce GTX 1660 Ti with Max-Q Design' (Feature Level 11_0)
[2022.04.28-20.43.50:395][  0]LogD3D11RHI:       5991/0/8092 MB DedicatedVideo/DedicatedSystem/SharedSystem, Outputs:1, VendorId:0x10de
[2022.04.28-20.43.50:420][  0]LogD3D11RHI:    1. 'Intel(R) UHD Graphics' (Feature Level 11_0)
[2022.04.28-20.43.50:420][  0]LogD3D11RHI:       128/0/8092 MB DedicatedVideo/DedicatedSystem/SharedSystem, Outputs:0, VendorId:0x8086
[2022.04.28-20.43.50:422][  0]LogD3D11RHI:    2. 'Microsoft Basic Render Driver' (Feature Level 11_0)
[2022.04.28-20.43.50:422][  0]LogD3D11RHI:       0/0/8092 MB DedicatedVideo/DedicatedSystem/SharedSystem, Outputs:0, VendorId:0x1414
[2022.04.28-20.43.50:422][  0]LogD3D11RHI: Chosen D3D11 Adapter: 0
[2022.04.28-20.43.50:429][  0]LogD3D11RHI: Creating new Direct3DDevice
[2022.04.28-20.43.50:429][  0]LogD3D11RHI:     GPU DeviceId: 0x2191 (for the marketing name, search the web for "GPU Device Id")
[2022.04.28-20.43.50:429][  0]LogWindows: EnumDisplayDevices:
[2022.04.28-20.43.50:429][  0]LogWindows:    0. 'Intel(R) UHD Graphics' (P:1 D:1)
[2022.04.28-20.43.50:429][  0]LogWindows:    1. 'Intel(R) UHD Graphics' (P:0 D:0)
[2022.04.28-20.43.50:429][  0]LogWindows:    2. 'Intel(R) UHD Graphics' (P:0 D:0)
[2022.04.28-20.43.50:430][  0]LogWindows:    3. 'NVIDIA GeForce GTX 1660 Ti with Max-Q Design' (P:0 D:0)
[2022.04.28-20.43.50:430][  0]LogWindows:    4. 'NVIDIA GeForce GTX 1660 Ti with Max-Q Design' (P:0 D:0)
[2022.04.28-20.43.50:430][  0]LogWindows:    5. 'NVIDIA GeForce GTX 1660 Ti with Max-Q Design' (P:0 D:0)
[2022.04.28-20.43.50:430][  0]LogWindows:    6. 'NVIDIA GeForce GTX 1660 Ti with Max-Q Design' (P:0 D:0)
[2022.04.28-20.43.50:430][  0]LogWindows: DebugString: PrimaryIsNotTheChoosenAdapter PrimaryIsNotTheChoosenAdapter PrimaryIsNotTheChoosenAdapter FoundDriverCount:4 
[2022.04.28-20.43.50:430][  0]LogD3D11RHI:     Adapter Name: NVIDIA GeForce GTX 1660 Ti with Max-Q Design
[2022.04.28-20.43.50:430][  0]LogD3D11RHI:   Driver Version: 497.33 (internal:30.0.14.9733, unified:497.33)
[2022.04.28-20.43.50:430][  0]LogD3D11RHI:      Driver Date: 12-16-2021
[2022.04.28-20.43.50:430][  0]LogRHI: Texture pool is 4193 MB (70% of 5991 MB)
[2022.04.28-20.43.50:484][  0]LogD3D11RHI: RHI has support for 64 bit atomics
[2022.04.28-20.43.50:484][  0]LogD3D11RHI: Async texture creation enabled
[2022.04.28-20.43.50:484][  0]LogD3D11RHI: Array index from any shader is supported
[2022.04.28-20.43.50:504][  0]LogD3D11RHI: GPU Timing Frequency: 1000.000000 (Debug: 2 2)
[2022.04.28-20.43.50:543][  0]LogRHI: GeForceNow SDK initialized: 1
[2022.04.28-20.43.50:811][  0]LogTargetPlatformManager: Display: Loaded TargetPlatform 'WindowsNoEditor'
[2022.04.28-20.43.50:816][  0]LogTargetPlatformManager: Display: Loaded TargetPlatform 'Windows'
[2022.04.28-20.43.50:820][  0]LogTargetPlatformManager: Display: Loaded TargetPlatform 'WindowsClient'
[2022.04.28-20.43.50:824][  0]LogTargetPlatformManager: Display: Loaded TargetPlatform 'WindowsServer'
[2022.04.28-20.43.50:824][  0]LogTargetPlatformManager: Display: Building Assets For Windows
[2022.04.28-20.43.50:830][  0]LogAudioDebug: Display: Lib vorbis DLL was dynamically loaded.
[2022.04.28-20.43.50:864][  0]LogTextureFormatOodle: Display: Oodle Texture 2.9.0 init RDO Off
[2022.04.28-20.43.50:894][  0]LogRendererCore: Ray tracing is disabled. Reason: r.RayTracing=0.
[2022.04.28-20.43.50:894][  0]LogShaderCompilers: Guid format shader working directory is 13 characters bigger than the processId version (../../../../../../3/MultiShooter/Intermediate/Shaders/WorkingDirectory/25700/).
[2022.04.28-20.43.50:894][  0]LogShaderCompilers: Cleaned the shader compiler working directory 'C:/Users/buryk/AppData/Local/Temp/UnrealShaderWorkingDir/8AF353C642527D33D6140C92AB5B5FA0/'.
[2022.04.28-20.43.50:894][  0]LogXGEController: Cannot use XGE Controller as Incredibuild is not installed on this machine.
[2022.04.28-20.43.50:894][  0]LogShaderCompilers: Cannot use XGE Shader Compiler as Incredibuild is not installed on this machine.
[2022.04.28-20.43.50:894][  0]LogShaderCompilers: Display: Using Local Shader Compiler.
[2022.04.28-20.43.51:605][  0]LogDerivedDataCache: Display: Max Cache Size: 512 MB
[2022.04.28-20.43.51:666][  0]LogDerivedDataCache: Loaded boot cache 0.06s 95MB C:/Users/buryk/AppData/Local/UnrealEngine/4.27/DerivedDataCache/Boot.ddc.
[2022.04.28-20.43.51:666][  0]LogDerivedDataCache: Display: Loaded Boot cache: C:/Users/buryk/AppData/Local/UnrealEngine/4.27/DerivedDataCache/Boot.ddc
[2022.04.28-20.43.51:666][  0]LogDerivedDataCache: FDerivedDataBackendGraph:  Pak pak cache file ../../../../../../3/MultiShooter/DerivedDataCache/DDC.ddp not found, will not use a pak cache.
[2022.04.28-20.43.51:666][  0]LogDerivedDataCache: Unable to find inner node Pak for hierarchical cache Hierarchy.
[2022.04.28-20.43.51:666][  0]LogDerivedDataCache: FDerivedDataBackendGraph:  CompressedPak pak cache file ../../../../../../3/MultiShooter/DerivedDataCache/Compressed.ddp not found, will not use a pak cache.
[2022.04.28-20.43.51:666][  0]LogDerivedDataCache: Unable to find inner node CompressedPak for hierarchical cache Hierarchy.
[2022.04.28-20.43.51:681][  0]LogDerivedDataCache: Display: Pak cache opened for reading ../../../Engine/DerivedDataCache/Compressed.ddp.
[2022.04.28-20.43.51:681][  0]LogDerivedDataCache: FDerivedDataBackendGraph:  EnterprisePak pak cache file ../../../Enterprise/DerivedDataCache/Compressed.ddp not found, will not use a pak cache.
[2022.04.28-20.43.51:681][  0]LogDerivedDataCache: Unable to find inner node EnterprisePak for hierarchical cache Hierarchy.
[2022.04.28-20.43.51:690][  0]LogDerivedDataCache: Speed tests for C:/Users/buryk/AppData/Local/UnrealEngine/Common/DerivedDataCache took 0.01 seconds
[2022.04.28-20.43.51:690][  0]LogDerivedDataCache: Display: Performance to C:/Users/buryk/AppData/Local/UnrealEngine/Common/DerivedDataCache: Latency=0.05ms. RandomReadSpeed=348.41MBs, RandomWriteSpeed=154.85MBs. Assigned SpeedClass 'Local'
[2022.04.28-20.43.51:691][  0]LogDerivedDataCache: Using Local data cache path C:/Users/buryk/AppData/Local/UnrealEngine/Common/DerivedDataCache: Writable
[2022.04.28-20.43.51:691][  0]LogDerivedDataCache: Shared data cache path not found in *engine.ini, will not use an Shared cache.
[2022.04.28-20.43.51:691][  0]LogDerivedDataCache: Unable to find inner node Shared for hierarchical cache Hierarchy.
[2022.04.28-20.43.51:723][  0]LogSlate: Using FreeType 2.10.0
[2022.04.28-20.43.51:724][  0]LogSlate: SlateFontServices - WITH_FREETYPE: 1, WITH_HARFBUZZ: 1
[2022.04.28-20.43.51:819][  0]LogInit: Using OS detected language (ru-RU).
[2022.04.28-20.43.51:819][  0]LogInit: Using OS detected locale (ru-RU).
[2022.04.28-20.43.51:819][  0]LogTextLocalizationManager: No localization for 'ru-RU' exists, so 'en' will be used for the language.
[2022.04.28-20.43.51:819][  0]LogTextLocalizationManager: No localization for 'ru-RU' exists, so 'en' will be used for the locale.
[2022.04.28-20.43.51:819][  0]LogSlate: FontCache flush requested. Reason: Culture for localization was changed
[2022.04.28-20.43.51:820][  0]LogSlate: FontCache flush requested. Reason: Culture for localization was changed
[2022.04.28-20.43.51:823][  0]LogAssetRegistry: FAssetRegistry took 0.0020 seconds to start up
[2022.04.28-20.43.51:973][  0]LogTextLocalizationManager: Compacting localization data took   0.00ms
[2022.04.28-20.43.51:973][  0]LogPackageLocalizationCache: Processed 27 localized package path(s) for 1 prioritized culture(s) in 0.001320 seconds
[2022.04.28-20.43.52:035][  0]LogInit: Selected Device Profile: [Windows]
[2022.04.28-20.43.52:035][  0]LogInit: Active device profile: [000001642E529300][0000016427DA9AC0 49] Windows
[2022.04.28-20.43.52:035][  0]LogInit: Profiles: [000001642E529300][0000016427DA9AC0 49] Windows, [000001642E4EA700][0000016427DB00C0 49] WindowsNoEditor, [000001642E52A500][0000016427DB4240 49] WindowsServer, [000001642E4EB500][0000016427DB83C0 49] WindowsClient, [000001642E52B200][0000016427DBC540 49] IOS, [000001642E4E9300][0000016427DC06C0 49] iPadAir, [000001642E52A900][0000016427DC4840 49] iPadAir2, [000001642E491C00][0000016427DCCB00 49] IPadPro, [000001642E491D00][0000016427DC8B40 49] iPadAir3, [000001642E4EBB00][0000016427DD0CC0 49] iPadAir4, [000001642E492C00][0000016427DD4E40 49] iPadMini2, [000001642E4E9600][0000016427DD8FC0 49] iPadMini3, [000001642E490B00][0000016427DDD140 49] iPadMini4, [000001642E4EAB00][0000016427DE12C0 49] iPadMini5, [000001642E4BD300][0000016427DE5500 49] iPhone6, [000001642E4BD400][0000016427DAD540 49] iPodTouch6, [000001642E529600][0000016427DF17C0 49] iPhone7, [000001642E52AB00][0000016427DE9800 49] iPodTouch7, [000001642E493B00][0000016427DF5980 49] iPhone5S, [000001642E529800][0000016427DF9B00 49] iPhone6Plus, [000001642E493000][0000016427DFC100 49] iPhone6S, [000001642E52A800][0000016427E00280 49] iPhone6SPlus, [000001642E491500][0000016427E04400 49] iPhone7Plus, [000001642E528100][0000016427E08580 49] iPhoneSE, [000001642E490200][0000016427E0C700 49] iPhone8, [000001642E529700][0000016427E10880 49] iPhone8Plus, [000001642E4BC100][0000016427E14A00 49] iPhoneX, [000001642E491800][0000016427E18B80 49] iPhoneXS, [000001642E4BCC00][0000016427E1CD00 49] iPhoneXSMax, [000001642E493800][0000016427E20E80 49] iPhoneXR, [000001642E4BFD00][0000016427E25000 49] iPhone11, [000001642E492800][0000016427E29180 49] iPhone11Pro, [000001642E4BF800][0000016427E2D300 49] iPhone11ProMax, [000001642E490C00][000001642D02F480 49] iPhoneSE2, [000001642E4BE900][0000016427DED5C0 49] iPhone12Mini, [000001642E493F00][000001642D033700 49] iPhone12, [000001642E528A00][000001642D037840 49] iPhone12Pro, [000001642E493E00][000001642D03F9C0 49] iPhone12ProMax, [000001642E528700][000001642D043B40 49] iPadPro105, [000001642E491100][000001642D046140 49] iPadPro129, [000001642E52AE00][000001642D04A2C0 49] iPadPro97, [000001642E491300][000001642D04E440 49] iPadPro2_129, [000001642E528800][000001642D0525C0 49] iPad5, [000001642E492D00][000001642D056740 49] iPad6, [000001642E52BD00][000001642D05A8C0 49] iPad7, [000001642E491200][000001642D05EA40 49] iPad8, [000001642E52BC00][000001642D062BC0 49] iPadPro11, [000001642E492500][000001642D066D40 49] iPadPro2_11, [000001642E52B700][000001642D06AEC0 49] iPadPro3_129, [000001642E493300][000001642D06F040 49] iPadPro4_129, [000001642E529100][000001642D0731C0 49] AppleTV, [000001642E492100][000001642D077340 49] AppleTV4K, [000001642E52AA00][000001642D07B4C0 49] TVOS, [000001642E491F00][000001642D07F640 49] Mac, [000001642E529000][000001642D03B780 49] MacClient, [000001642E490E00][000001642D0838C0 49] MacNoEditor, [000001642E529A00][000001642D087A00 49] MacServer, [000001642E492700][000001642D08BB40 49] Linux, [000001642E528400][000001642D092140 49] LinuxAArch64, [000001642E493A00][000001642D0962C0 49] LinuxNoEditor, [000001642E529F00][000001642D09A440 49] LinuxAArch64NoEditor, [000001642E493D00][000001642D09E5C0 49] LinuxClient, [000001642E52B000][000001642D0A2740 49] LinuxAArch64Client, [000001642E493C00][000001642D0A68C0 49] LinuxServer, [000001642E52A200][000001642D0AAA40 49] LinuxAArch64Server, [000001642E492200][000001642D0AEBC0 49] Android, [000001642E52B900][000001642D0B2D40 49] Android_Low, [000001642E492A00][000001642D0B6EC0 49] Android_Mid, [000001642E52AD00][000001642D0BB040 49] Android_High, [000001642E491E00][000001642D0BF1C0 49] Android_Default, [000001642E529B00][000001642D0C3340 49] Android_Adreno4xx, [000001642E490A00][000001642D0C74C0 49] Android_Adreno5xx_Low, [000001642E528600][000001642D0CB640 49] Android_Adreno5xx, [000001642E492600][000001642D0CF7C0 49] Android_Adreno6xx, [000001642E52A600][000001642D08F900 49] Android_Adreno6xx_Vulkan, [000001642E492300][000001642D0D3A40 49] Android_Mali_T6xx, [000001642E528F00][000001642D0D7B80 49] Android_Mali_T7xx, [000001642E492900][000001642D0DA140 49] Android_Mali_T8xx, [000001642E52A400][000001642D0E22C0 49] Android_Mali_G71, [000001642E490900][000001642D0E6440 49] Android_Mali_G72, [000001642E52BA00][000001642D0EA5C0 49] Android_Mali_G72_Vulkan, [000001642E492F00][000001642D0EE740 49] Android_Mali_G76, [000001642E529E00][000001642D0F28C0 49] Android_Mali_G76_Vulkan, [000001642E4E8F00][000001642D0F6A40 49] Android_Mali_G77, [000001642E4BE100][000001642D0FABC0 49] Android_Mali_G77_Vulkan, [000001642E4E8D00][000001642D0FED40 49] Android_Mali_G78, [000001642E4BF400][000001642D102EC0 49] Android_Mali_G78_Vulkan, [000001642E4E8400][000001642D107040 49] Android_Mali_G710, [000001642E4BF100][000001642D10B1C0 49] Android_Mali_G710_Vulkan, [000001642E4E8E00][000001642D10F340 49] Android_Vulkan_SM5, [000001642E4BFA00][000001642D1134C0 49] Android_PowerVR_G6xxx, [000001642E4EA100][000001642D117640 49] Android_PowerVR_GT7xxx, [000001642E4BEF00][000001642D11B7C0 49] Android_PowerVR_GE8xxx, [000001642E4EA000][000001642D11F940 49] Android_PowerVR_GM9xxx, [000001642E4BC900][000001642D123AC0 49] Android_PowerVR_GM9xxx_Vulkan, [000001642E4EAF00][000001642D0DFC00 49] Android_TegraK1, [000001642E4BC300][000001642D1261C0 49] Android_Unknown_Vulkan, [000001642E4E8C00][000001642D12A300 49] Lumin, [000001642E4BEE00][000001642D132480 49] Lumin_Desktop, [000001642E4E9B00][000001642D136600 49] HoloLens, 
[2022.04.28-20.43.52:080][  0]LogMeshReduction: Using QuadricMeshReduction for automatic static mesh reduction
[2022.04.28-20.43.52:080][  0]LogMeshReduction: Using SimplygonMeshReduction for automatic skeletal mesh reduction
[2022.04.28-20.43.52:080][  0]LogMeshReduction: Using ProxyLODMeshReduction for automatic mesh merging
[2022.04.28-20.43.52:080][  0]LogMeshReduction: No distributed automatic mesh merging module available
[2022.04.28-20.43.52:080][  0]LogMeshMerging: No distributed automatic mesh merging module available
[2022.04.28-20.43.52:174][  0]LogNetVersion: MultiShooter 1.0.0, NetCL: 17155196, EngineNetVer: 17, GameNetVer: 0 (Checksum: 31779901)
[2022.04.28-20.43.52:376][  0]LogTexture: Default maximum texture size for cubemaps generated from long-lat sources has been changed from 512 to unlimited. In order to preserve old behaiour for '/Engine/MapTemplates/Sky/DaylightAmbientCubemap.DaylightAmbientCubemap', its maximum texture size has been explicitly set to 512.
[2022.04.28-20.43.52:429][  0]LogHMD: PokeAHoleMaterial loaded successfully
[2022.04.28-20.43.52:530][  0]LogMoviePlayer: Initializing movie player
[2022.04.28-20.43.52:614][  0]LogPython: Using Python 3.7.7
[2022.04.28-20.43.52:979][  0]LogNiagaraDebuggerClient: Niagara Debugger Client Initialized | Session: 1468170D4C94A6A7FF008C9C8FAB9AAB | Instance: B5E4F0654D1440F544BD2AA85E968EE0 (LAPTOP-K7OCUPB7-25700).
[2022.04.28-20.43.52:993][  0]LogCollectionManager: Loaded 0 collections in 0.001893 seconds
[2022.04.28-20.43.52:995][  0]LogFileCache: Scanning file cache for directory 'C:/3/MultiShooter/Saved/Collections/' took 0.00s
[2022.04.28-20.43.52:995][  0]LogFileCache: Scanning file cache for directory 'C:/3/MultiShooter/Content/Developers/buryk/Collections/' took 0.00s
[2022.04.28-20.43.52:995][  0]LogFileCache: Scanning file cache for directory 'C:/3/MultiShooter/Content/Collections/' took 0.00s
[2022.04.28-20.43.52:995][  0]LogCollectionManager: Fixed up redirectors for 0 collections in 0.000001 seconds (updated 0 objects)
[2022.04.28-20.43.53:121][  0]LogStreaming: Warning: Failed to read file '../../../Engine/Content/Editor/Slate/Niagara/MenuSeparator.png' error.
[2022.04.28-20.43.53:121][  0]LogSlate: Could not find file for Slate resource: ../../../Engine/Content/Editor/Slate/Niagara/MenuSeparator.png
[2022.04.28-20.43.53:121][  0]LogStreaming: Warning: Failed to read file '../../../Engine/Content/Editor/Slate/Niagara/Common/Selector.png' error.
[2022.04.28-20.43.53:121][  0]LogSlate: Could not find file for Slate resource: ../../../Engine/Content/Editor/Slate/Niagara/Common/Selector.png
[2022.04.28-20.43.53:121][  0]LogStreaming: Warning: Failed to read file '../../../Engine/Content/Editor/Slate/Niagara/Common/DropZoneIndicator_Above.png' error.
[2022.04.28-20.43.53:121][  0]LogSlate: Could not find file for Slate resource: ../../../Engine/Content/Editor/Slate/Niagara/Common/DropZoneIndicator_Above.png
[2022.04.28-20.43.53:121][  0]LogStreaming: Warning: Failed to read file '../../../Engine/Content/Editor/Slate/Niagara/Common/Selection.png' error.
[2022.04.28-20.43.53:121][  0]LogSlate: Could not find file for Slate resource: ../../../Engine/Content/Editor/Slate/Niagara/Common/Selection.png
[2022.04.28-20.43.53:121][  0]LogStreaming: Warning: Failed to read file '../../../Engine/Content/Editor/Slate/Niagara/Common/DropZoneIndicator_Onto.png' error.
[2022.04.28-20.43.53:121][  0]LogSlate: Could not find file for Slate resource: ../../../Engine/Content/Editor/Slate/Niagara/Common/DropZoneIndicator_Onto.png
[2022.04.28-20.43.53:121][  0]LogStreaming: Warning: Failed to read file '../../../Engine/Content/Editor/Slate/Niagara/Common/DropZoneIndicator_Below.png' error.
[2022.04.28-20.43.53:121][  0]LogSlate: Could not find file for Slate resource: ../../../Engine/Content/Editor/Slate/Niagara/Common/DropZoneIndicator_Below.png
[2022.04.28-20.43.53:121][  0]LogStreaming: Warning: Failed to read file '../../../Engine/Content/Editor/Slate/Niagara/Common/RoundedSelection_16x.png' error.
[2022.04.28-20.43.53:121][  0]LogSlate: Could not find file for Slate resource: ../../../Engine/Content/Editor/Slate/Niagara/Common/RoundedSelection_16x.png
[2022.04.28-20.43.53:121][  0]LogStreaming: Warning: Failed to read file '../../../Engine/Content/Editor/Slate/Niagara/Common/FlatButton.png' error.
[2022.04.28-20.43.53:121][  0]LogSlate: Could not find file for Slate resource: ../../../Engine/Content/Editor/Slate/Niagara/Common/FlatButton.png
[2022.04.28-20.43.53:121][  0]LogImageWrapper: Warning: PNG Warning: Duplicate iCCP chunk
[2022.04.28-20.43.53:121][  0]LogImageWrapper: Warning: PNG Warning: Duplicate iCCP chunk
[2022.04.28-20.43.53:121][  0]LogTcpMessaging: Initializing TcpMessaging bridge
[2022.04.28-20.43.53:127][  0]LogUdpMessaging: Initializing bridge on interface 0.0.0.0:0 to multicast group 230.0.0.1:6666.
[2022.04.28-20.43.53:261][  0]LogOpenImageDenoise: OIDN starting up
[2022.04.28-20.43.53:299][  0]LogAndroidPermission: UAndroidPermissionCallbackProxy::GetInstance
[2022.04.28-20.43.53:314][  0]LogAudioCaptureCore: Display: No Audio Capture implementations found. Audio input will be silent.
[2022.04.28-20.43.53:314][  0]LogAudioCaptureCore: Display: No Audio Capture implementations found. Audio input will be silent.
[2022.04.28-20.43.53:338][  0]SourceControl: Source control is disabled
[2022.04.28-20.43.53:338][  0]SourceControl: Source control is disabled
[2022.04.28-20.43.53:339][  0]SourceControl: Source control is disabled
[2022.04.28-20.43.53:341][  0]LogUProjectInfo: Found projects:
[2022.04.28-20.43.53:379][  0]LogOcInput: OculusInput pre-init called
[2022.04.28-20.43.53:389][  0]LogUObjectArray: 22122 objects as part of root set at end of initial load.
[2022.04.28-20.43.53:389][  0]LogUObjectAllocator: 5975648 out of 0 bytes used by permanent object pool.
[2022.04.28-20.43.53:389][  0]LogUObjectArray: CloseDisregardForGC: 0/0 objects in disregard for GC pool
[2022.04.28-20.43.53:433][  0]LogEngine: Initializing Engine...
[2022.04.28-20.43.53:435][  0]LogHMD: Failed to enumerate extensions. Please check that you have a valid OpenXR runtime installed.
[2022.04.28-20.43.53:436][  0]LogHMD: Failed to initialize OpenVR with code 110
[2022.04.28-20.43.53:436][  0]LogMagicLeap: Warning: VR disabled because ZI is not enabled.  To enable, in the editor, Edit -> Project Settings -> Plugins -> Magic Leap Plugin -> Enable Zero Iteration
[2022.04.28-20.43.53:437][  0]LogStats: UGameplayTagsManager::InitializeManager -  0.000 s
[2022.04.28-20.43.53:525][  0]LogInit: Initializing FReadOnlyCVARCache
[2022.04.28-20.43.53:525][  0]LogAudio: Display: Initializing Audio Device Manager...
[2022.04.28-20.43.53:530][  0]LogAudio: Display: Loading Default Audio Settings Objects...
[2022.04.28-20.43.53:531][  0]LogAudio: Display: No default SoundConcurrencyObject specified (or failed to load).
[2022.04.28-20.43.53:531][  0]LogAudio: Display: Audio Device Manager Initialized
[2022.04.28-20.43.53:531][  0]LogAudio: Display: Creating Audio Device:                 Id: 1, Scope: Shared, Realtime: True
[2022.04.28-20.43.53:531][  0]LogAudioMixer: Display: Audio Mixer Platform Settings:
[2022.04.28-20.43.53:531][  0]LogAudioMixer: Display: 	Sample Rate:						  48000
[2022.04.28-20.43.53:531][  0]LogAudioMixer: Display: 	Callback Buffer Frame Size Requested: 1024
[2022.04.28-20.43.53:531][  0]LogAudioMixer: Display: 	Callback Buffer Frame Size To Use:	  1024
[2022.04.28-20.43.53:531][  0]LogAudioMixer: Display: 	Number of buffers to queue:			  2
[2022.04.28-20.43.53:531][  0]LogAudioMixer: Display: 	Max Channels (voices):				  32
[2022.04.28-20.43.53:531][  0]LogAudioMixer: Display: 	Number of Async Source Workers:		  0
[2022.04.28-20.43.53:531][  0]LogAudio: Display: AudioDevice MaxSources: 32
[2022.04.28-20.43.53:532][  0]LogAudio: Display: Audio Spatialization Plugin: None (built-in).
[2022.04.28-20.43.53:532][  0]LogAudio: Display: Audio Reverb Plugin: None (built-in).
[2022.04.28-20.43.53:532][  0]LogAudio: Display: Audio Occlusion Plugin: None (built-in).
[2022.04.28-20.43.53:532][  0]LogAudioMixer: Display: Initializing audio mixer.
[2022.04.28-20.43.53:550][  0]LogAudioMixer: Display: 0: FrontLeft
[2022.04.28-20.43.53:550][  0]LogAudioMixer: Display: 1: FrontRight
[2022.04.28-20.43.53:590][  0]LogAudioMixer: Display: Using Audio Device Speaker (Realtek(R) Audio)
[2022.04.28-20.43.53:595][  0]LogAudioMixer: Display: Initializing Sound Submixes...
[2022.04.28-20.43.53:597][  0]LogAudioMixer: Display: Creating Master Submix 'MasterSubmixDefault'
[2022.04.28-20.43.53:597][  0]LogAudioMixer: Display: Creating Master Submix 'MasterReverbSubmixDefault'
[2022.04.28-20.43.53:598][  0]LogAudioMixer: Display: Creating Master Submix 'MasterEQSubmixDefault'
[2022.04.28-20.43.53:598][  0]LogAudioMixer: FMixerPlatformXAudio2::StartAudioStream() called
[2022.04.28-20.43.53:598][  0]LogAudioMixer: Display: Output buffers initialized: Frames=1024, Channels=2, Samples=2048
[2022.04.28-20.43.53:599][  0]LogAudioMixer: Display: Starting AudioMixerPlatformInterface::RunInternal()
[2022.04.28-20.43.53:599][  0]LogAudioMixer: Display: FMixerPlatformXAudio2::SubmitBuffer() called for the first time
[2022.04.28-20.43.53:599][  0]LogInit: FAudioDevice initialized.
[2022.04.28-20.43.53:599][  0]LogNetVersion: Set ProjectVersion to 1.0.0.0. Version Checksum will be recalculated on next use.
[2022.04.28-20.43.53:601][  0]LogInit: Texture streaming: Enabled
[2022.04.28-20.43.53:647][  0]LogAudio: Display: Audio Device (ID: 1) registered with world 'Untitled'.
[2022.04.28-20.43.53:647][  0]LogSlate: Updating window title bar state: overlay mode, drag disabled, window buttons hidden, title bar hidden
[2022.04.28-20.43.53:647][  0]LogInit: Display: Game Engine Initialized.
[2022.04.28-20.43.53:648][  0]LogNiagaraEditor: GEditor isn't valid! Particle reset commands will not work for Niagara components!
[2022.04.28-20.43.53:742][  0]LogStreaming: Warning: Failed to read file '../../../Engine/Content/Editor/Slate/Niagara/MenuSeparator.png' error.
[2022.04.28-20.43.53:742][  0]LogSlate: Could not find file for Slate resource: ../../../Engine/Content/Editor/Slate/Niagara/MenuSeparator.png
[2022.04.28-20.43.53:742][  0]LogStreaming: Warning: Failed to read file '../../../Engine/Content/Editor/Slate/Niagara/Common/Selector.png' error.
[2022.04.28-20.43.53:742][  0]LogSlate: Could not find file for Slate resource: ../../../Engine/Content/Editor/Slate/Niagara/Common/Selector.png
[2022.04.28-20.43.53:742][  0]LogStreaming: Warning: Failed to read file '../../../Engine/Content/Editor/Slate/Niagara/Common/Selection.png' error.
[2022.04.28-20.43.53:742][  0]LogSlate: Could not find file for Slate resource: ../../../Engine/Content/Editor/Slate/Niagara/Common/Selection.png
[2022.04.28-20.43.53:742][  0]LogStreaming: Warning: Failed to read file '../../../Engine/Content/Editor/Slate/Niagara/Common/DropZoneIndicator_Above.png' error.
[2022.04.28-20.43.53:742][  0]LogSlate: Could not find file for Slate resource: ../../../Engine/Content/Editor/Slate/Niagara/Common/DropZoneIndicator_Above.png
[2022.04.28-20.43.53:742][  0]LogStreaming: Warning: Failed to read file '../../../Engine/Content/Editor/Slate/Niagara/Common/DropZoneIndicator_Onto.png' error.
[2022.04.28-20.43.53:742][  0]LogSlate: Could not find file for Slate resource: ../../../Engine/Content/Editor/Slate/Niagara/Common/DropZoneIndicator_Onto.png
[2022.04.28-20.43.53:742][  0]LogStreaming: Warning: Failed to read file '../../../Engine/Content/Editor/Slate/Niagara/Common/DropZoneIndicator_Below.png' error.
[2022.04.28-20.43.53:742][  0]LogSlate: Could not find file for Slate resource: ../../../Engine/Content/Editor/Slate/Niagara/Common/DropZoneIndicator_Below.png
[2022.04.28-20.43.53:742][  0]LogStreaming: Warning: Failed to read file '../../../Engine/Content/Editor/Slate/Niagara/Common/RoundedSelection_16x.png' error.
[2022.04.28-20.43.53:742][  0]LogStreaming: Warning: Failed to read file '../../../Engine/Content/Editor/Slate/Niagara/Common/FlatButton.png' error.
[2022.04.28-20.43.53:742][  0]LogSlate: Could not find file for Slate resource: ../../../Engine/Content/Editor/Slate/Niagara/Common/FlatButton.png
[2022.04.28-20.43.53:742][  0]LogSlate: Could not find file for Slate resource: ../../../Engine/Content/Editor/Slate/Niagara/Common/RoundedSelection_16x.png
[2022.04.28-20.43.53:742][  0]LogImageWrapper: Warning: PNG Warning: Duplicate iCCP chunk
[2022.04.28-20.43.53:742][  0]LogImageWrapper: Warning: PNG Warning: Duplicate iCCP chunk
[2022.04.28-20.43.53:742][  0]LogInit: Display: Starting Game.
[2022.04.28-20.43.53:742][  0]LogNet: Browse: /Game/MyContent/Maps/Lvl1?Name=Player?Listen
[2022.04.28-20.43.53:742][  0]LogLoad: LoadMap: /Game/MyContent/Maps/Lvl1?Name=Player?Listen
[2022.04.28-20.43.53:742][  0]LogWorld: BeginTearingDown for /Temp/Untitled_0
[2022.04.28-20.43.53:744][  0]LogWorld: UWorld::CleanupWorld for Untitled, bSessionEnded=true, bCleanupResources=true
[2022.04.28-20.43.53:744][  0]LogSlate: InvalidateAllWidgets triggered.  All widgets were invalidated
[2022.04.28-20.43.53:748][  0]LogAudio: Display: Audio Device unregistered from world 'None'.
[2022.04.28-20.43.53:751][  0]LogUObjectHash: Compacting FUObjectHashTables data took   1.00ms
[2022.04.28-20.43.53:867][  0]LogBlueprint: Warning: USimpleConstructionScript::FixupRootNodeParentReferences() - Couldn't find native parent component 'Arrow' for 'Camera' in BlueprintGeneratedClass 'BP_MultiplayerPawn_C' (it may have been removed)
[2022.04.28-20.43.53:867][  0]LogBlueprint: Warning: USimpleConstructionScript::FixupRootNodeParentReferences() - Couldn't find native parent component 'Arrow' for 'Arrow1' in BlueprintGeneratedClass 'BP_MultiplayerPawn_C' (it may have been removed)
[2022.04.28-20.43.53:879][  0]LogAudio: Display: Audio Device (ID: 1) registered with world 'Lvl1'.
[2022.04.28-20.43.53:885][  0]LogAIModule: Creating AISystem for world Lvl1
[2022.04.28-20.43.53:885][  0]LogLoad: Game class is 'BP_GameMode_C'
[2022.04.28-20.43.53:885][  0]LogNet: ReplicationDriverClass is null! Not using ReplicationDriver.
[2022.04.28-20.43.53:885][  0]LogNetCore: DDoS detection status: detection enabled: 0 analytics enabled: 0
[2022.04.28-20.43.53:886][  0]LogInit: WinSock: Socket queue. Rx: 131072 (config 131072) Tx: 131072 (config 131072)
[2022.04.28-20.43.53:886][  0]LogNet: Created socket for bind address: 0.0.0.0 on port 17777
[2022.04.28-20.43.53:886][  0]PacketHandlerLog: Loaded PacketHandler component: Engine.EngineHandlerComponentFactory (StatelessConnectHandlerComponent)
[2022.04.28-20.43.53:886][  0]LogNet: GameNetDriver IpNetDriver_0 IpNetDriver listening on port 17777
[2022.04.28-20.43.53:887][  0]LogWorld: Bringing World /Game/MyContent/Maps/Lvl1.Lvl1 up for play (max tick rate 0) at 2022.04.28-23.43.53
[2022.04.28-20.43.53:887][  0]LogWorld: Bringing up level for play took: 0.000983
[2022.04.28-20.43.53:887][  0]LogOnlineSession: Warning: OSS: No game present to join for session (GameSession)
[2022.04.28-20.43.53:890][  0]LogLoad: Took 0.147758 seconds to LoadMap(/Game/MyContent/Maps/Lvl1)
[2022.04.28-20.43.53:926][  0]LogSlate: Took 0.000194 seconds to synchronously load lazily loaded font '../../../Engine/Content/Slate/Fonts/Roboto-Regular.ttf' (155K)
[2022.04.28-20.43.53:947][  0]LogRenderer: Reallocating scene render targets to support 640x480 Format 10 NumSamples 1 (Frame:1).
[2022.04.28-20.43.53:947][  0]LogInit: Display: Engine is initialized. Leaving FEngineLoop::Init()
[2022.04.28-20.43.53:947][  0]LogLoad: (Engine Initialization) Total time: 5.38 seconds
[2022.04.28-20.43.53:947][  0]LogLoad: (Engine Initialization) Total Blueprint compile time: 0.00 seconds
[2022.04.28-20.43.53:949][  0]LogContentStreaming: Texture pool size now 1000 MB
[2022.04.28-20.43.53:950][  0]LogBlueprintUserMessages: [W_Lifebar_C_0] 0.0
[2022.04.28-20.43.53:951][  0]LogSlate: InvalidateAllWidgets triggered.  All widgets were invalidated
[2022.04.28-20.43.54:703][  0]LogRenderer: Reallocating scene render targets to support 128x128 Format 10 NumSamples 1 (Frame:1).
[2022.04.28-20.44.00:448][  0]LogD3D11RHI: GetQueryData is taking a very long time (5.0 s) (00000000)
[2022.04.28-20.44.13:569][  0]LogD3D11RHI: GetQueryData is taking a very long time (5.0 s) (00000000)
[2022.04.28-20.44.13:869][  0]LogRenderer: Reallocating scene render targets to support 640x480 Format 10 NumSamples 1 (Frame:2).
[2022.04.28-20.44.13:878][  1]LogNet: UNetDriver::TickDispatch: Very long time between ticks. DeltaTime: 19.93, Realtime: 19.93. IpNetDriver_0
[2022.04.28-20.44.13:878][  1]LogNet: NotifyAcceptingConnection accepted from: 127.0.0.1:60582
[2022.04.28-20.44.13:878][  1]LogHandshake: SendConnectChallenge. Timestamp: 19.931814, Cookie: 155178027220186119077027218053032218051098252132183006087182
[2022.04.28-20.44.13:878][  1]LogNet: NotifyAcceptingConnection accepted from: 127.0.0.1:60582
[2022.04.28-20.44.13:878][  1]LogHandshake: SendConnectChallenge. Timestamp: 19.931814, Cookie: 155178027220186119077027218053032218051098252132183006087182
[2022.04.28-20.44.13:878][  1]LogNet: NotifyAcceptingConnection accepted from: 127.0.0.1:60582
[2022.04.28-20.44.13:878][  1]LogHandshake: SendConnectChallenge. Timestamp: 19.931814, Cookie: 155178027220186119077027218053032218051098252132183006087182
[2022.04.28-20.44.13:878][  1]LogNet: NotifyAcceptingConnection accepted from: 127.0.0.1:60582
[2022.04.28-20.44.13:878][  1]LogHandshake: SendConnectChallenge. Timestamp: 19.931814, Cookie: 155178027220186119077027218053032218051098252132183006087182
[2022.04.28-20.44.13:878][  1]LogNet: NotifyAcceptingConnection accepted from: 127.0.0.1:60582
[2022.04.28-20.44.13:878][  1]LogHandshake: SendConnectChallenge. Timestamp: 19.931814, Cookie: 155178027220186119077027218053032218051098252132183006087182
[2022.04.28-20.44.13:878][  1]LogNet: NotifyAcceptingConnection accepted from: 127.0.0.1:60582
[2022.04.28-20.44.13:878][  1]LogHandshake: SendConnectChallenge. Timestamp: 19.931814, Cookie: 155178027220186119077027218053032218051098252132183006087182
[2022.04.28-20.44.13:878][  1]LogNet: NotifyAcceptingConnection accepted from: 127.0.0.1:60582
[2022.04.28-20.44.13:878][  1]LogHandshake: SendConnectChallenge. Timestamp: 19.931814, Cookie: 155178027220186119077027218053032218051098252132183006087182
[2022.04.28-20.44.13:878][  1]LogNet: NotifyAcceptingConnection accepted from: 127.0.0.1:60582
[2022.04.28-20.44.13:878][  1]LogHandshake: SendConnectChallenge. Timestamp: 19.931814, Cookie: 155178027220186119077027218053032218051098252132183006087182
[2022.04.28-20.44.13:878][  1]LogNet: NotifyAcceptingConnection accepted from: 127.0.0.1:60582
[2022.04.28-20.44.13:878][  1]LogHandshake: SendConnectChallenge. Timestamp: 19.931814, Cookie: 155178027220186119077027218053032218051098252132183006087182
[2022.04.28-20.44.13:878][  1]LogNet: NotifyAcceptingConnection accepted from: 127.0.0.1:60582
[2022.04.28-20.44.13:878][  1]LogHandshake: SendConnectChallenge. Timestamp: 19.931814, Cookie: 155178027220186119077027218053032218051098252132183006087182
[2022.04.28-20.44.13:878][  1]LogNet: NotifyAcceptingConnection accepted from: 127.0.0.1:60582
[2022.04.28-20.44.13:878][  1]LogHandshake: SendConnectChallenge. Timestamp: 19.931814, Cookie: 155178027220186119077027218053032218051098252132183006087182
[2022.04.28-20.44.13:878][  1]LogNet: NotifyAcceptingConnection accepted from: 127.0.0.1:60582
[2022.04.28-20.44.13:879][  1]LogHandshake: SendConnectChallenge. Timestamp: 19.931814, Cookie: 155178027220186119077027218053032218051098252132183006087182
[2022.04.28-20.44.13:879][  1]LogNet: NotifyAcceptingConnection accepted from: 127.0.0.1:60582
[2022.04.28-20.44.13:879][  1]LogHandshake: SendConnectChallenge. Timestamp: 19.931814, Cookie: 155178027220186119077027218053032218051098252132183006087182
[2022.04.28-20.44.13:879][  1]LogNet: NotifyAcceptingConnection accepted from: 127.0.0.1:60582
[2022.04.28-20.44.13:879][  1]LogHandshake: SendConnectChallenge. Timestamp: 19.931814, Cookie: 155178027220186119077027218053032218051098252132183006087182
[2022.04.28-20.44.13:879][  1]LogNet: NotifyAcceptingConnection accepted from: 127.0.0.1:60582
[2022.04.28-20.44.13:879][  1]LogHandshake: SendConnectChallenge. Timestamp: 19.931814, Cookie: 155178027220186119077027218053032218051098252132183006087182
[2022.04.28-20.44.13:879][  1]LogNet: NotifyAcceptingConnection accepted from: 127.0.0.1:60582
[2022.04.28-20.44.13:879][  1]LogHandshake: SendConnectChallenge. Timestamp: 19.931814, Cookie: 155178027220186119077027218053032218051098252132183006087182
[2022.04.28-20.44.13:879][  1]LogNet: NotifyAcceptingConnection accepted from: 127.0.0.1:60582
[2022.04.28-20.44.13:879][  1]LogHandshake: SendConnectChallenge. Timestamp: 19.931814, Cookie: 155178027220186119077027218053032218051098252132183006087182
[2022.04.28-20.44.13:879][  1]LogNet: NotifyAcceptingConnection accepted from: 127.0.0.1:60582
[2022.04.28-20.44.13:879][  1]LogHandshake: SendConnectChallenge. Timestamp: 19.931814, Cookie: 155178027220186119077027218053032218051098252132183006087182
[2022.04.28-20.44.13:879][  1]LogNet: NotifyAcceptingConnection accepted from: 127.0.0.1:60582
[2022.04.28-20.44.13:879][  1]LogHandshake: SendConnectChallenge. Timestamp: 19.931814, Cookie: 155178027220186119077027218053032218051098252132183006087182
[2022.04.28-20.44.13:880][  1]LogSlate: Took 0.000141 seconds to synchronously load lazily loaded font '../../../Engine/Content/Slate/Fonts/Roboto-Regular.ttf' (155K)
[2022.04.28-20.44.13:881][  1]LogBlueprintUserMessages: [W_Lifebar_C_0] 0.0
[2022.04.28-20.44.13:882][  2]LogBlueprintUserMessages: [W_Lifebar_C_0] 0.0
[2022.04.28-20.44.13:889][  3]LogBlueprintUserMessages: [W_Lifebar_C_0] 0.0
[2022.04.28-20.44.13:901][  4]LogBlueprintUserMessages: [W_Lifebar_C_0] 0.0
[2022.04.28-20.44.13:909][  5]LogBlueprintUserMessages: [W_Lifebar_C_0] 0.0
[2022.04.28-20.44.13:920][  6]LogBlueprintUserMessages: [W_Lifebar_C_0] 0.0
[2022.04.28-20.44.13:930][  7]LogBlueprintUserMessages: [W_Lifebar_C_0] 0.0
[2022.04.28-20.44.13:940][  8]LogBlueprintUserMessages: [W_Lifebar_C_0] 0.0
[2022.04.28-20.44.13:948][  9]LogBlueprintUserMessages: [W_Lifebar_C_0] 0.0
[2022.04.28-20.44.13:958][ 10]LogBlueprintUserMessages: [W_Lifebar_C_0] 0.0
[2022.04.28-20.44.13:971][ 11]LogBlueprintUserMessages: [W_Lifebar_C_0] 0.0
[2022.04.28-20.44.13:989][ 12]LogBlueprintUserMessages: [W_Lifebar_C_0] 0.0
[2022.04.28-20.44.14:047][ 13]LogBlueprintUserMessages: [W_Lifebar_C_0] 0.0
[2022.04.28-20.44.14:173][ 14]LogBlueprintUserMessages: [W_Lifebar_C_0] 0.0
[2022.04.28-20.44.14:494][ 15]LogBlueprintUserMessages: [W_Lifebar_C_0] 0.0
[2022.04.28-20.44.14:690][ 16]LogBlueprintUserMessages: [W_Lifebar_C_0] 0.0
[2022.04.28-20.44.14:711][ 17]LogBlueprintUserMessages: [W_Lifebar_C_0] 0.0
[2022.04.28-20.44.14:917][ 18]LogBlueprintUserMessages: [W_Lifebar_C_0] 0.0
[2022.04.28-20.44.15:124][ 19]LogBlueprintUserMessages: [W_Lifebar_C_0] 0.0
[2022.04.28-20.44.15:269][ 20]LogBlueprintUserMessages: [W_Lifebar_C_0] 0.0
[2022.04.28-20.44.15:541][ 21]LogBlueprintUserMessages: [W_Lifebar_C_0] 0.0
[2022.04.28-20.44.15:743][ 22]LogBlueprintUserMessages: [W_Lifebar_C_0] 0.0
[2022.04.28-20.44.15:755][ 23]LogBlueprintUserMessages: [W_Lifebar_C_0] 0.0
[2022.04.28-20.44.16:055][ 24]LogBlueprintUserMessages: [W_Lifebar_C_0] 0.0
[2022.04.28-20.44.16:123][ 25]LogBlueprintUserMessages: [W_Lifebar_C_0] 0.0
[2022.04.28-20.44.16:406][ 26]LogBlueprintUserMessages: [W_Lifebar_C_0] 0.0
[2022.04.28-20.44.16:415][ 27]LogBlueprintUserMessages: [W_Lifebar_C_0] 0.0
[2022.04.28-20.44.16:423][ 28]LogBlueprintUserMessages: [W_Lifebar_C_0] 0.0
[2022.04.28-20.44.16:432][ 29]LogBlueprintUserMessages: [W_Lifebar_C_0] 0.0
[2022.04.28-20.44.16:441][ 30]LogBlueprintUserMessages: [W_Lifebar_C_0] 0.0
[2022.04.28-20.44.16:450][ 31]LogBlueprintUserMessages: [W_Lifebar_C_0] 0.0
[2022.04.28-20.44.16:460][ 32]LogBlueprintUserMessages: [W_Lifebar_C_0] 0.0
[2022.04.28-20.44.16:468][ 33]LogBlueprintUserMessages: [W_Lifebar_C_0] 0.0
[2022.04.28-20.44.16:478][ 34]LogBlueprintUserMessages: [W_Lifebar_C_0] 0.0
[2022.04.28-20.44.16:486][ 35]LogBlueprintUserMessages: [W_Lifebar_C_0] 0.0
[2022.04.28-20.44.16:494][ 36]LogBlueprintUserMessages: [W_Lifebar_C_0] 0.0
[2022.04.28-20.44.16:503][ 37]LogBlueprintUserMessages: [W_Lifebar_C_0] 0.0
[2022.04.28-20.44.16:513][ 38]LogBlueprintUserMessages: [W_Lifebar_C_0] 0.0
[2022.04.28-20.44.16:520][ 39]LogBlueprintUserMessages: [W_Lifebar_C_0] 0.0
[2022.04.28-20.44.16:530][ 40]LogBlueprintUserMessages: [W_Lifebar_C_0] 0.0
[2022.04.28-20.44.16:539][ 41]LogBlueprintUserMessages: [W_Lifebar_C_0] 0.0
[2022.04.28-20.44.16:553][ 42]LogBlueprintUserMessages: [W_Lifebar_C_0] 0.0
[2022.04.28-20.44.16:562][ 43]LogBlueprintUserMessages: [W_Lifebar_C_0] 0.0
[2022.04.28-20.44.16:570][ 44]LogBlueprintUserMessages: [W_Lifebar_C_0] 0.0
[2022.04.28-20.44.16:579][ 45]LogBlueprintUserMessages: [W_Lifebar_C_0] 0.0
[2022.04.28-20.44.16:588][ 46]LogBlueprintUserMessages: [W_Lifebar_C_0] 0.0
[2022.04.28-20.44.16:597][ 47]LogBlueprintUserMessages: [W_Lifebar_C_0] 0.0
[2022.04.28-20.44.16:606][ 48]LogBlueprintUserMessages: [W_Lifebar_C_0] 0.0
[2022.04.28-20.44.16:615][ 49]LogBlueprintUserMessages: [W_Lifebar_C_0] 0.0
[2022.04.28-20.44.16:623][ 50]LogBlueprintUserMessages: [W_Lifebar_C_0] 0.0
[2022.04.28-20.44.16:633][ 51]LogBlueprintUserMessages: [W_Lifebar_C_0] 0.0
[2022.04.28-20.44.16:642][ 52]LogBlueprintUserMessages: [W_Lifebar_C_0] 0.0
[2022.04.28-20.44.16:651][ 53]LogBlueprintUserMessages: [W_Lifebar_C_0] 0.0
[2022.04.28-20.44.16:659][ 54]LogBlueprintUserMessages: [W_Lifebar_C_0] 0.0
[2022.04.28-20.44.16:668][ 55]LogBlueprintUserMessages: [W_Lifebar_C_0] 0.0
[2022.04.28-20.44.16:677][ 56]LogBlueprintUserMessages: [W_Lifebar_C_0] 0.0
[2022.04.28-20.44.16:686][ 57]LogBlueprintUserMessages: [W_Lifebar_C_0] 0.0
[2022.04.28-20.44.16:695][ 58]LogBlueprintUserMessages: [W_Lifebar_C_0] 0.0
[2022.04.28-20.44.16:704][ 59]LogBlueprintUserMessages: [W_Lifebar_C_0] 0.0
[2022.04.28-20.44.16:713][ 60]LogBlueprintUserMessages: [W_Lifebar_C_0] 0.0
[2022.04.28-20.44.16:722][ 61]LogBlueprintUserMessages: [W_Lifebar_C_0] 0.0
[2022.04.28-20.44.16:731][ 62]LogBlueprintUserMessages: [W_Lifebar_C_0] 0.0
[2022.04.28-20.44.16:740][ 63]LogBlueprintUserMessages: [W_Lifebar_C_0] 0.0
[2022.04.28-20.44.16:749][ 64]LogBlueprintUserMessages: [W_Lifebar_C_0] 0.0
[2022.04.28-20.44.16:757][ 65]LogBlueprintUserMessages: [W_Lifebar_C_0] 0.0
[2022.04.28-20.44.16:767][ 66]LogBlueprintUserMessages: [W_Lifebar_C_0] 0.0
[2022.04.28-20.44.16:775][ 67]LogBlueprintUserMessages: [W_Lifebar_C_0] 0.0
[2022.04.28-20.44.16:785][ 68]LogBlueprintUserMessages: [W_Lifebar_C_0] 0.0
[2022.04.28-20.44.16:793][ 69]LogBlueprintUserMessages: [W_Lifebar_C_0] 0.0
[2022.04.28-20.44.16:802][ 70]LogBlueprintUserMessages: [W_Lifebar_C_0] 0.0
[2022.04.28-20.44.16:811][ 71]LogBlueprintUserMessages: [W_Lifebar_C_0] 0.0
[2022.04.28-20.44.16:819][ 72]LogBlueprintUserMessages: [W_Lifebar_C_0] 0.0
[2022.04.28-20.44.16:827][ 73]LogBlueprintUserMessages: [W_Lifebar_C_0] 0.0
[2022.04.28-20.44.16:836][ 74]LogBlueprintUserMessages: [W_Lifebar_C_0] 0.0
[2022.04.28-20.44.16:846][ 75]LogBlueprintUserMessages: [W_Lifebar_C_0] 0.0
[2022.04.28-20.44.16:855][ 76]LogBlueprintUserMessages: [W_Lifebar_C_0] 0.0
[2022.04.28-20.44.16:864][ 77]LogBlueprintUserMessages: [W_Lifebar_C_0] 0.0
[2022.04.28-20.44.16:872][ 78]LogBlueprintUserMessages: [W_Lifebar_C_0] 0.0
[2022.04.28-20.44.16:886][ 79]LogBlueprintUserMessages: [W_Lifebar_C_0] 0.0
[2022.04.28-20.44.16:897][ 80]LogBlueprintUserMessages: [W_Lifebar_C_0] 0.0
[2022.04.28-20.44.16:906][ 81]LogBlueprintUserMessages: [W_Lifebar_C_0] 0.0
[2022.04.28-20.44.16:914][ 82]LogBlueprintUserMessages: [W_Lifebar_C_0] 0.0
[2022.04.28-20.44.16:923][ 83]LogBlueprintUserMessages: [W_Lifebar_C_0] 0.0
[2022.04.28-20.44.16:931][ 84]LogBlueprintUserMessages: [W_Lifebar_C_0] 0.0
[2022.04.28-20.44.16:940][ 85]LogBlueprintUserMessages: [W_Lifebar_C_0] 0.0
[2022.04.28-20.44.16:949][ 86]LogBlueprintUserMessages: [W_Lifebar_C_0] 0.0
[2022.04.28-20.44.16:958][ 87]LogBlueprintUserMessages: [W_Lifebar_C_0] 0.0
[2022.04.28-20.44.16:966][ 88]LogBlueprintUserMessages: [W_Lifebar_C_0] 0.0
[2022.04.28-20.44.16:976][ 89]LogBlueprintUserMessages: [W_Lifebar_C_0] 0.0
[2022.04.28-20.44.16:985][ 90]LogBlueprintUserMessages: [W_Lifebar_C_0] 0.0
[2022.04.28-20.44.16:994][ 91]LogBlueprintUserMessages: [W_Lifebar_C_0] 0.0
[2022.04.28-20.44.17:003][ 92]LogBlueprintUserMessages: [W_Lifebar_C_0] 0.0
[2022.04.28-20.44.17:012][ 93]LogBlueprintUserMessages: [W_Lifebar_C_0] 0.0
[2022.04.28-20.44.17:021][ 94]LogBlueprintUserMessages: [W_Lifebar_C_0] 0.0
[2022.04.28-20.44.17:030][ 95]LogBlueprintUserMessages: [W_Lifebar_C_0] 0.0
[2022.04.28-20.44.17:038][ 96]LogBlueprintUserMessages: [W_Lifebar_C_0] 0.0
[2022.04.28-20.44.17:047][ 97]LogBlueprintUserMessages: [W_Lifebar_C_0] 0.0
[2022.04.28-20.44.17:057][ 98]LogBlueprintUserMessages: [W_Lifebar_C_0] 0.0
[2022.04.28-20.44.17:065][ 99]LogBlueprintUserMessages: [W_Lifebar_C_0] 0.0
[2022.04.28-20.44.17:074][100]LogBlueprintUserMessages: [W_Lifebar_C_0] 0.0
[2022.04.28-20.44.17:083][101]LogBlueprintUserMessages: [W_Lifebar_C_0] 0.0
[2022.04.28-20.44.17:091][102]LogBlueprintUserMessages: [W_Lifebar_C_0] 0.0
[2022.04.28-20.44.17:100][103]LogBlueprintUserMessages: [W_Lifebar_C_0] 0.0
[2022.04.28-20.44.17:109][104]LogBlueprintUserMessages: [W_Lifebar_C_0] 0.0
[2022.04.28-20.44.17:117][105]LogBlueprintUserMessages: [W_Lifebar_C_0] 0.0
[2022.04.28-20.44.17:126][106]LogBlueprintUserMessages: [W_Lifebar_C_0] 0.0
[2022.04.28-20.44.17:135][107]LogBlueprintUserMessages: [W_Lifebar_C_0] 0.0
[2022.04.28-20.44.17:144][108]LogBlueprintUserMessages: [W_Lifebar_C_0] 0.0
[2022.04.28-20.44.17:153][109]LogBlueprintUserMessages: [W_Lifebar_C_0] 0.0
[2022.04.28-20.44.17:161][110]LogBlueprintUserMessages: [W_Lifebar_C_0] 0.0
[2022.04.28-20.44.17:170][111]LogBlueprintUserMessages: [W_Lifebar_C_0] 0.0
[2022.04.28-20.44.17:179][112]LogBlueprintUserMessages: [W_Lifebar_C_0] 0.0
[2022.04.28-20.44.17:188][113]LogBlueprintUserMessages: [W_Lifebar_C_0] 0.0
[2022.04.28-20.44.17:197][114]LogBlueprintUserMessages: [W_Lifebar_C_0] 0.0
[2022.04.28-20.44.17:206][115]LogBlueprintUserMessages: [W_Lifebar_C_0] 0.0
[2022.04.28-20.44.17:219][116]LogBlueprintUserMessages: [W_Lifebar_C_0] 0.0
[2022.04.28-20.44.17:229][117]LogBlueprintUserMessages: [W_Lifebar_C_0] 0.0
[2022.04.28-20.44.17:239][118]LogBlueprintUserMessages: [W_Lifebar_C_0] 0.0
[2022.04.28-20.44.17:248][119]LogBlueprintUserMessages: [W_Lifebar_C_0] 0.0
[2022.04.28-20.44.17:257][120]LogBlueprintUserMessages: [W_Lifebar_C_0] 0.0
[2022.04.28-20.44.17:266][121]LogBlueprintUserMessages: [W_Lifebar_C_0] 0.0
[2022.04.28-20.44.17:275][122]LogBlueprintUserMessages: [W_Lifebar_C_0] 0.0
[2022.04.28-20.44.17:283][123]LogBlueprintUserMessages: [W_Lifebar_C_0] 0.0
[2022.04.28-20.44.17:293][124]LogBlueprintUserMessages: [W_Lifebar_C_0] 0.0
[2022.04.28-20.44.17:301][125]LogBlueprintUserMessages: [W_Lifebar_C_0] 0.0
[2022.04.28-20.44.17:311][126]LogBlueprintUserMessages: [W_Lifebar_C_0] 0.0
[2022.04.28-20.44.17:319][127]LogBlueprintUserMessages: [W_Lifebar_C_0] 0.0
[2022.04.28-20.44.17:328][128]LogBlueprintUserMessages: [W_Lifebar_C_0] 0.0
[2022.04.28-20.44.17:337][129]LogBlueprintUserMessages: [W_Lifebar_C_0] 0.0
[2022.04.28-20.44.17:346][130]LogBlueprintUserMessages: [W_Lifebar_C_0] 0.0
[2022.04.28-20.44.17:355][131]LogBlueprintUserMessages: [W_Lifebar_C_0] 0.0
[2022.04.28-20.44.17:363][132]LogBlueprintUserMessages: [W_Lifebar_C_0] 0.0
[2022.04.28-20.44.17:374][133]LogBlueprintUserMessages: [W_Lifebar_C_0] 0.0
[2022.04.28-20.44.17:382][134]LogBlueprintUserMessages: [W_Lifebar_C_0] 0.0
[2022.04.28-20.44.17:391][135]LogBlueprintUserMessages: [W_Lifebar_C_0] 0.0
[2022.04.28-20.44.17:400][136]LogBlueprintUserMessages: [W_Lifebar_C_0] 0.0
[2022.04.28-20.44.17:409][137]LogBlueprintUserMessages: [W_Lifebar_C_0] 0.0
[2022.04.28-20.44.17:418][138]LogBlueprintUserMessages: [W_Lifebar_C_0] 0.0
[2022.04.28-20.44.17:427][139]LogBlueprintUserMessages: [W_Lifebar_C_0] 0.0
[2022.04.28-20.44.17:435][140]LogBlueprintUserMessages: [W_Lifebar_C_0] 0.0
[2022.04.28-20.44.17:444][141]LogBlueprintUserMessages: [W_Lifebar_C_0] 0.0
[2022.04.28-20.44.17:453][142]LogBlueprintUserMessages: [W_Lifebar_C_0] 0.0
[2022.04.28-20.44.17:462][143]LogBlueprintUserMessages: [W_Lifebar_C_0] 0.0
[2022.04.28-20.44.17:471][144]LogBlueprintUserMessages: [W_Lifebar_C_0] 0.0
[2022.04.28-20.44.17:480][145]LogBlueprintUserMessages: [W_Lifebar_C_0] 0.0
[2022.04.28-20.44.17:489][146]LogBlueprintUserMessages: [W_Lifebar_C_0] 0.0
[2022.04.28-20.44.17:497][147]LogBlueprintUserMessages: [W_Lifebar_C_0] 0.0
[2022.04.28-20.44.17:506][148]LogBlueprintUserMessages: [W_Lifebar_C_0] 0.0
[2022.04.28-20.44.17:516][149]LogBlueprintUserMessages: [W_Lifebar_C_0] 0.0
[2022.04.28-20.44.17:525][150]LogBlueprintUserMessages: [W_Lifebar_C_0] 0.0
[2022.04.28-20.44.17:534][151]LogBlueprintUserMessages: [W_Lifebar_C_0] 0.0
[2022.04.28-20.44.17:542][152]LogBlueprintUserMessages: [W_Lifebar_C_0] 0.0
[2022.04.28-20.44.17:552][153]LogBlueprintUserMessages: [W_Lifebar_C_0] 0.0
[2022.04.28-20.44.17:562][154]LogBlueprintUserMessages: [W_Lifebar_C_0] 0.0
[2022.04.28-20.44.17:575][155]LogBlueprintUserMessages: [W_Lifebar_C_0] 0.0
[2022.04.28-20.44.17:584][156]LogBlueprintUserMessages: [W_Lifebar_C_0] 0.0
[2022.04.28-20.44.17:593][157]LogBlueprintUserMessages: [W_Lifebar_C_0] 0.0
[2022.04.28-20.44.17:602][158]LogBlueprintUserMessages: [W_Lifebar_C_0] 0.0
[2022.04.28-20.44.17:611][159]LogBlueprintUserMessages: [W_Lifebar_C_0] 0.0
[2022.04.28-20.44.17:619][160]LogBlueprintUserMessages: [W_Lifebar_C_0] 0.0
[2022.04.28-20.44.17:628][161]LogBlueprintUserMessages: [W_Lifebar_C_0] 0.0
[2022.04.28-20.44.17:637][162]LogBlueprintUserMessages: [W_Lifebar_C_0] 0.0
[2022.04.28-20.44.17:646][163]LogBlueprintUserMessages: [W_Lifebar_C_0] 0.0
[2022.04.28-20.44.17:655][164]LogBlueprintUserMessages: [W_Lifebar_C_0] 0.0
[2022.04.28-20.44.17:664][165]LogBlueprintUserMessages: [W_Lifebar_C_0] 0.0
[2022.04.28-20.44.17:673][166]LogBlueprintUserMessages: [W_Lifebar_C_0] 0.0
[2022.04.28-20.44.17:682][167]LogBlueprintUserMessages: [W_Lifebar_C_0] 0.0
[2022.04.28-20.44.17:691][168]LogBlueprintUserMessages: [W_Lifebar_C_0] 0.0
[2022.04.28-20.44.17:698][169]LogWindowsDesktop: Alt-F4 pressed!
[2022.04.28-20.44.17:716][169]LogSlate: Window 'MultiShooter (64-bit Development PCD3D_SM5) ' being destroyed
[2022.04.28-20.44.17:716][169]LogWindowsTextInputMethodSystem: Display: IME system deactivated.
[2022.04.28-20.44.17:719][169]LogOnlineSession: Warning: OSS: No game present to leave for session (GameSession)
[2022.04.28-20.44.17:719][169]LogSlate: Updating window title bar state: overlay mode, drag disabled, window buttons hidden, title bar hidden
[2022.04.28-20.44.17:719][169]LogEngine: All Windows Closed
[2022.04.28-20.44.17:719][169]LogWindows: FPlatformMisc::RequestExit(0)
[2022.04.28-20.44.17:719][169]LogWindows: FPlatformMisc::RequestExitWithStatus(0, 0)
[2022.04.28-20.44.17:719][169]LogCore: Engine exit requested (reason: Win RequestExit)
[2022.04.28-20.44.17:720][170]LogCore: Engine exit requested (reason: EngineExit() was called; note: exit was already requested)
[2022.04.28-20.44.17:720][170]LogInit: Display: PreExit Game.
[2022.04.28-20.44.17:731][170]LogWorld: BeginTearingDown for /Game/MyContent/Maps/Lvl1
[2022.04.28-20.44.17:731][170]LogNet: World NetDriver shutdown IpNetDriver_0 [GameNetDriver]
[2022.04.28-20.44.17:731][170]LogNet: DestroyNamedNetDriver IpNetDriver_0 [GameNetDriver]
[2022.04.28-20.44.17:731][170]LogExit: GameNetDriver IpNetDriver_0 shut down
[2022.04.28-20.44.17:731][170]LogWorld: UWorld::CleanupWorld for Lvl1, bSessionEnded=true, bCleanupResources=true
[2022.04.28-20.44.17:731][170]LogSlate: InvalidateAllWidgets triggered.  All widgets were invalidated
[2022.04.28-20.44.18:448][170]LogAudio: Display: Beginning Audio Device Manager Shutdown (Module: AudioMixerXAudio2)...
[2022.04.28-20.44.18:449][170]LogAudio: Display: Destroying 1 Remaining Audio Device(s)...
[2022.04.28-20.44.18:449][170]LogAudio: Display: Audio Device unregistered from world 'Lvl1'.
[2022.04.28-20.44.18:450][170]LogAudioMixer: FMixerPlatformXAudio2::StopAudioStream() called
[2022.04.28-20.44.18:451][170]LogAudioMixer: FMixerPlatformXAudio2::StopAudioStream() called
[2022.04.28-20.44.18:454][170]LogAudio: Display: Audio Device Manager Shutdown
[2022.04.28-20.44.18:456][170]LogExit: Preparing to exit.
