Log file open, 04/28/22 23:44:20
LogWindows: Failed to load 'aqProf.dll' (GetLastError=126)
LogWindows: File 'aqProf.dll' does not exist
LogWindows: Failed to load 'VtuneApi.dll' (GetLastError=126)
LogWindows: File 'VtuneApi.dll' does not exist
LogWindows: Failed to load 'VtuneApi32e.dll' (GetLastError=126)
LogWindows: File 'VtuneApi32e.dll' does not exist
LogConsoleResponse: Display: Failed to find resolution value strings in scalability ini. Falling back to default.
LogConsoleResponse: Display: Failed to find resolution value strings in scalability ini. Falling back to default.
LogInit: Display: Running engine for game: MultiShooter
LogPlatformFile: Not using cached read wrapper
LogTaskGraph: Started task graph with 5 named threads and 35 total threads with 3 sets of task threads.
LogStats: Stats thread started at 0.263016
LogICUInternationalization: ICU TimeZone Detection - Raw Offset: +3:00, Platform Override: ''
LogInit: Display: Loading text-based GConfig....
LogPluginManager: Mounting plugin MeshPainting
LogPluginManager: Mounting plugin XGEController
LogPluginManager: Mounting plugin Paper2D
LogPluginManager: Mounting plugin AISupport
LogPluginManager: Mounting plugin EnvironmentQueryEditor
LogPluginManager: Mounting plugin LiveLink
LogPluginManager: Mounting plugin OodleNetwork
LogPluginManager: Mounting plugin AssetManagerEditor
LogPluginManager: Mounting plugin OodleData
LogPluginManager: Mounting plugin LightPropagationVolume
LogPluginManager: Mounting plugin CurveEditorTools
LogPluginManager: Mounting plugin FacialAnimation
LogPluginManager: Mounting plugin CLionSourceCodeAccess
LogPluginManager: Mounting plugin CodeLiteSourceCodeAccess
LogPluginManager: Mounting plugin GameplayTagsEditor
LogPluginManager: Mounting plugin GitSourceControl
LogPluginManager: Mounting plugin GeometryMode
LogPluginManager: Mounting plugin KDevelopSourceCodeAccess
LogPluginManager: Mounting plugin NullSourceCodeAccess
LogPluginManager: Mounting plugin MacGraphicsSwitching
LogPluginManager: Mounting plugin PerforceSourceControl
LogPluginManager: Mounting plugin PixWinPlugin
LogPluginManager: Mounting plugin MobileLauncherProfileWizard
LogPluginManager: Mounting plugin MaterialAnalyzer
LogPluginManager: Mounting plugin CryptoKeys
LogPluginManager: Mounting plugin DataValidation
LogPluginManager: Mounting plugin PropertyAccessNode
LogPluginManager: Mounting plugin PlasticSourceControl
LogPluginManager: Mounting plugin PluginBrowser
LogPluginManager: Mounting plugin RiderSourceCodeAccess
LogPluginManager: Mounting plugin SpeedTreeImporter
LogPluginManager: Mounting plugin PluginUtils
LogPluginManager: Mounting plugin SubversionSourceControl
LogPluginManager: Mounting plugin TextureFormatOodle
LogPluginManager: Mounting plugin UObjectPlugin
LogPluginManager: Mounting plugin VisualStudioSourceCodeAccess
LogPluginManager: Mounting plugin XCodeSourceCodeAccess
LogPluginManager: Mounting plugin DatasmithContent
LogPluginManager: Mounting plugin VisualStudioCodeSourceCodeAccess
LogPluginManager: Mounting plugin VariantManagerContent
LogPluginManager: Mounting plugin AlembicImporter
LogPluginManager: Mounting plugin AutomationUtils
LogPluginManager: Mounting plugin ChaosNiagara
LogPluginManager: Mounting plugin ChaosEditor
LogPluginManager: Mounting plugin ChaosCloth
LogPluginManager: Mounting plugin ChaosClothEditor
LogPluginManager: Mounting plugin ChaosSolverPlugin
LogPluginManager: Mounting plugin CharacterAI
LogPluginManager: Mounting plugin AnimationSharing
LogPluginManager: Mounting plugin BackChannel
LogPluginManager: Mounting plugin GeometryCache
LogPluginManager: Mounting plugin GeometryProcessing
LogPluginManager: Mounting plugin GeometryCollectionPlugin
LogPluginManager: Mounting plugin MotoSynth
LogPluginManager: Mounting plugin Niagara
LogPluginManager: Mounting plugin OpenImageDenoise
LogPluginManager: Mounting plugin ProxyLODPlugin
LogPluginManager: Mounting plugin LuminPlatformFeatures
LogPluginManager: Mounting plugin MagicLeap
LogPluginManager: Mounting plugin PythonScriptPlugin
LogPluginManager: Mounting plugin MagicLeapLightEstimation
LogPluginManager: Mounting plugin MagicLeapMedia
LogPluginManager: Mounting plugin MagicLeapPassableWorld
LogPluginManager: Mounting plugin MLSDK
LogPluginManager: Mounting plugin PlanarCut
LogPluginManager: Mounting plugin AndroidMedia
LogPluginManager: Mounting plugin AvfMedia
LogPluginManager: Mounting plugin SkeletalReduction
LogPluginManager: Mounting plugin ImgMedia
LogPluginManager: Mounting plugin MediaCompositing
LogPluginManager: Mounting plugin MediaPlayerEditor
LogPluginManager: Mounting plugin TcpMessaging
LogPluginManager: Mounting plugin WmfMedia
LogPluginManager: Mounting plugin UdpMessaging
LogPluginManager: Mounting plugin ActorSequence
LogPluginManager: Mounting plugin LevelSequenceEditor
LogPluginManager: Mounting plugin MatineeToLevelSequence
LogPluginManager: Mounting plugin TemplateSequence
LogPluginManager: Mounting plugin OnlineSubsystem
LogPluginManager: Mounting plugin OnlineSubsystemNull
LogPluginManager: Mounting plugin LauncherChunkInstaller
LogPluginManager: Mounting plugin ActorLayerUtilities
LogPluginManager: Mounting plugin AndroidDeviceProfileSelector
LogPluginManager: Mounting plugin AndroidMoviePlayer
LogPluginManager: Mounting plugin AndroidPermission
LogPluginManager: Mounting plugin AppleImageUtils
LogPluginManager: Mounting plugin AppleMoviePlayer
LogPluginManager: Mounting plugin ArchVisCharacter
LogPluginManager: Mounting plugin AssetTags
LogPluginManager: Mounting plugin AudioCapture
LogPluginManager: Mounting plugin ChunkDownloader
LogPluginManager: Mounting plugin CustomMeshComponent
LogPluginManager: Mounting plugin CableComponent
LogPluginManager: Mounting plugin AudioSynesthesia
LogPluginManager: Mounting plugin EditableMesh
LogPluginManager: Mounting plugin ExampleDeviceProfileSelector
LogPluginManager: Mounting plugin OnlineSubsystemUtils
LogPluginManager: Mounting plugin PlatformCrypto
LogPluginManager: Mounting plugin GoogleCloudMessaging
LogPluginManager: Mounting plugin GooglePAD
LogPluginManager: Mounting plugin IOSDeviceProfileSelector
LogPluginManager: Mounting plugin LinuxDeviceProfileSelector
LogPluginManager: Mounting plugin WebMMedia
LogPluginManager: Mounting plugin LocationServicesBPLibrary
LogPluginManager: Mounting plugin MobilePatchingUtils
LogPluginManager: Mounting plugin OpenXR
LogPluginManager: Mounting plugin OpenXREyeTracker
LogPluginManager: Mounting plugin OpenXRHandTracking
LogPluginManager: Mounting plugin PhysXVehicles
LogPluginManager: Mounting plugin PostSplashScreen
LogPluginManager: Mounting plugin ProceduralMeshComponent
LogPluginManager: Mounting plugin PropertyAccessEditor
LogPluginManager: Mounting plugin RuntimePhysXCooking
LogPluginManager: Mounting plugin SignificanceManager
LogPluginManager: Mounting plugin SoundFields
LogPluginManager: Mounting plugin Synthesis
LogPluginManager: Mounting plugin WebMMoviePlayer
LogPluginManager: Mounting plugin WindowsMoviePlayer
LogPluginManager: Mounting plugin ScreenshotTools
LogPluginManager: Mounting plugin Takes
LogPluginManager: Mounting plugin GameplayCameras
LogPluginManager: Mounting plugin CameraShakePreviewer
LogPluginManager: Mounting plugin ContentBrowserFileDataSource
LogPluginManager: Mounting plugin ContentBrowserClassDataSource
LogPluginManager: Mounting plugin ContentBrowserAssetDataSource
LogPluginManager: Mounting plugin OnlineSubsystemIOS
LogPluginManager: Mounting plugin OnlineSubsystemGooglePlay
LogPluginManager: Mounting plugin OculusVR
LogPluginManager: Mounting plugin SteamVR
PixWinPlugin: PIX capture plugin failed to initialize! Check that the process is launched from PIX.
LogInit: Using libcurl 7.55.1-DEV
LogInit:  - built for x86_64-pc-win32
LogInit:  - supports SSL with OpenSSL/1.1.1
LogInit:  - supports HTTP deflate (compression) using libz 1.2.8
LogInit:  - other features:
LogInit:      CURL_VERSION_SSL
LogInit:      CURL_VERSION_LIBZ
LogInit:      CURL_VERSION_IPV6
LogInit:      CURL_VERSION_ASYNCHDNS
LogInit:      CURL_VERSION_LARGEFILE
LogInit:      CURL_VERSION_IDN
LogInit:  CurlRequestOptions (configurable via config and command line):
LogInit:  - bVerifyPeer = true  - Libcurl will verify peer certificate
LogInit:  - bUseHttpProxy = false  - Libcurl will NOT use HTTP proxy
LogInit:  - bDontReuseConnections = false  - Libcurl will reuse connections
LogInit:  - MaxHostConnections = 16  - Libcurl will limit the number of connections to a host
LogInit:  - LocalHostAddr = Default
LogInit:  - BufferSize = 65536
LogOnline: OSS: Creating online subsystem instance for: NULL
LogInit: WinSock: version 1.1 (2.2), MaxSocks=32767, MaxUdp=65467
LogOnline: OSS: TryLoadSubsystemAndSetDefault: Loaded subsystem for module [NULL]
LogOculusPluginWrapper: OculusPlugin initialized successfully
LogHMD: Failed initializing OVRPlugin 1.59.0
LogInit: Build: ++UE4+Release-4.27-CL-17155196
LogInit: Engine Version: 4.27.0-17155196+++UE4+Release-4.27
LogInit: Compatible Engine Version: 4.27.0-17155196+++UE4+Release-4.27
LogInit: Net CL: 17155196
LogInit: OS: Windows 10 (Release 2009) (), CPU: Intel(R) Core(TM) i7-10750H CPU @ 2.60GHz, GPU: Intel(R) UHD Graphics
LogInit: Compiled (64-bit): Aug 13 2021 06:13:13
LogInit: Compiled with Visual C++: 19.24.28315.00
LogInit: Build Configuration: Development
LogInit: Branch Name: ++UE4+Release-4.27
LogInit: Command Line:  127.0.0.1:17777 -game -PIEVIACONSOLE -Multiprocess GameUserSettingsINI=C:/3/MultiShooter/Saved/Config/Windows/PIEGameUserSettings1.ini -MultiprocessSaveConfig -forcepassthrough -messaging -SessionName="Play in Standalone Game" -windowed -WinX=0 -WinY=24 SAVEWINPOS=1 -ResX=640 -ResY=480
LogInit: Base Directory: C:/Program Files/Epic Games/UE_4.27/Engine/Binaries/Win64/
LogInit: Allocator: TBB
LogInit: Installed Engine Build: 1
LogDevObjectVersion: Number of dev versions registered: 29
LogDevObjectVersion:   Dev-Blueprints (B0D832E4-1F89-4F0D-ACCF-7EB736FD4AA2): 10
LogDevObjectVersion:   Dev-Build (E1C64328-A22C-4D53-A36C-8E866417BD8C): 0
LogDevObjectVersion:   Dev-Core (375EC13C-06E4-48FB-B500-84F0262A717E): 4
LogDevObjectVersion:   Dev-Editor (E4B068ED-F494-42E9-A231-DA0B2E46BB41): 40
LogDevObjectVersion:   Dev-Framework (CFFC743F-43B0-4480-9391-14DF171D2073): 37
LogDevObjectVersion:   Dev-Mobile (B02B49B5-BB20-44E9-A304-32B752E40360): 3
LogDevObjectVersion:   Dev-Networking (A4E4105C-59A1-49B5-A7C5-40C4547EDFEE): 0
LogDevObjectVersion:   Dev-Online (39C831C9-5AE6-47DC-9A44-9C173E1C8E7C): 0
LogDevObjectVersion:   Dev-Physics (78F01B33-EBEA-4F98-B9B4-84EACCB95AA2): 14
LogDevObjectVersion:   Dev-Platform (6631380F-2D4D-43E0-8009-CF276956A95A): 0
LogDevObjectVersion:   Dev-Rendering (12F88B9F-8875-4AFC-A67C-D90C383ABD29): 45
LogDevObjectVersion:   Dev-Sequencer (7B5AE74C-D270-4C10-A958-57980B212A5A): 13
LogDevObjectVersion:   Dev-VR (D7296918-1DD6-4BDD-9DE2-64A83CC13884): 3
LogDevObjectVersion:   Dev-LoadTimes (C2A15278-BFE7-4AFE-6C17-90FF531DF755): 1
LogDevObjectVersion:   Private-Geometry (6EACA3D4-40EC-4CC1-B786-8BED09428FC5): 3
LogDevObjectVersion:   Dev-AnimPhys (29E575DD-E0A3-4627-9D10-D276232CDCEA): 17
LogDevObjectVersion:   Dev-Anim (AF43A65D-7FD3-4947-9873-3E8ED9C1BB05): 15
LogDevObjectVersion:   Dev-ReflectionCapture (6B266CEC-1EC7-4B8F-A30B-E4D90942FC07): 1
LogDevObjectVersion:   Dev-Automation (0DF73D61-A23F-47EA-B727-89E90C41499A): 1
LogDevObjectVersion:   FortniteMain (601D1886-AC64-4F84-AA16-D3DE0DEAC7D6): 47
LogDevObjectVersion:   FortniteRelease (E7086368-6B23-4C58-8439-1B7016265E91): 1
LogDevObjectVersion:   Dev-Enterprise (9DFFBCD6-494F-0158-E221-12823C92A888): 10
LogDevObjectVersion:   Dev-Niagara (F2AED0AC-9AFE-416F-8664-AA7FFA26D6FC): 1
LogDevObjectVersion:   Dev-Destruction (174F1F0B-B4C6-45A5-B13F-2EE8D0FB917D): 10
LogDevObjectVersion:   Dev-Physics-Ext (35F94A83-E258-406C-A318-09F59610247C): 41
LogDevObjectVersion:   Dev-PhysicsMaterial-Chaos (B68FC16E-8B1B-42E2-B453-215C058844FE): 1
LogDevObjectVersion:   Dev-CineCamera (B2E18506-4273-CFC2-A54E-F4BB758BBA07): 1
LogDevObjectVersion:   Dev-VirtualProduction (64F58936-FD1B-42BA-BA96-7289D5D0FA4E): 1
LogDevObjectVersion:   Dev-MediaFramework (6F0ED827-A609-4895-9C91-998D90180EA4): 2
LogInit: Presizing for max 25165824 objects, including 0 objects not considered by GC, pre-allocating 0 bytes for permanent pool.
LogConfig: Applying CVar settings from Section [/Script/Engine.StreamingSettings] File [C:/3/MultiShooter/Saved/Config/Windows/Engine.ini]
LogConfig: Setting CVar [[s.MinBulkDataSizeForAsyncLoading:131072]]
LogConfig: Setting CVar [[s.AsyncLoadingThreadEnabled:0]]
LogConfig: Setting CVar [[s.EventDrivenLoaderEnabled:1]]
LogConfig: Setting CVar [[s.WarnIfTimeLimitExceeded:0]]
LogConfig: Setting CVar [[s.TimeLimitExceededMultiplier:1.5]]
LogConfig: Setting CVar [[s.TimeLimitExceededMinTime:0.005]]
LogConfig: Setting CVar [[s.UseBackgroundLevelStreaming:1]]
LogConfig: Setting CVar [[s.PriorityAsyncLoadingExtraTime:15.0]]
LogConfig: Setting CVar [[s.LevelStreamingActorsUpdateTimeLimit:5.0]]
LogConfig: Setting CVar [[s.PriorityLevelStreamingActorsUpdateExtraTime:5.0]]
LogConfig: Setting CVar [[s.LevelStreamingComponentsRegistrationGranularity:10]]
LogConfig: Setting CVar [[s.UnregisterComponentsTimeLimit:1.0]]
LogConfig: Setting CVar [[s.LevelStreamingComponentsUnregistrationGranularity:5]]
LogConfig: Setting CVar [[s.FlushStreamingOnExit:1]]
LogInit: Object subsystem initialized
LogConfig: Setting CVar [[con.DebugEarlyDefault:1]]
LogConfig: Setting CVar [[r.setres:1280x720]]
[2022.04.28-20.44.20:973][  0]LogConfig: Setting CVar [[con.DebugEarlyDefault:1]]
[2022.04.28-20.44.20:974][  0]LogConfig: Setting CVar [[r.setres:1280x720]]
[2022.04.28-20.44.20:974][  0]LogConfig: Applying CVar settings from Section [/Script/Engine.RendererSettings] File [C:/3/MultiShooter/Saved/Config/Windows/Engine.ini]
[2022.04.28-20.44.20:974][  0]LogConfig: Setting CVar [[r.GPUCrashDebugging:0]]
[2022.04.28-20.44.20:974][  0]LogConfig: Applying CVar settings from Section [/Script/Engine.RendererOverrideSettings] File [C:/3/MultiShooter/Saved/Config/Windows/Engine.ini]
[2022.04.28-20.44.20:974][  0]LogConfig: Applying CVar settings from Section [/Script/Engine.StreamingSettings] File [C:/3/MultiShooter/Saved/Config/Windows/Engine.ini]
[2022.04.28-20.44.20:974][  0]LogConfig: Setting CVar [[s.MinBulkDataSizeForAsyncLoading:131072]]
[2022.04.28-20.44.20:974][  0]LogConfig: Setting CVar [[s.AsyncLoadingThreadEnabled:0]]
[2022.04.28-20.44.20:974][  0]LogConfig: Setting CVar [[s.EventDrivenLoaderEnabled:1]]
[2022.04.28-20.44.20:974][  0]LogConfig: Setting CVar [[s.WarnIfTimeLimitExceeded:0]]
[2022.04.28-20.44.20:974][  0]LogConfig: Setting CVar [[s.TimeLimitExceededMultiplier:1.5]]
[2022.04.28-20.44.20:974][  0]LogConfig: Setting CVar [[s.TimeLimitExceededMinTime:0.005]]
[2022.04.28-20.44.20:974][  0]LogConfig: Setting CVar [[s.UseBackgroundLevelStreaming:1]]
[2022.04.28-20.44.20:974][  0]LogConfig: Setting CVar [[s.PriorityAsyncLoadingExtraTime:15.0]]
[2022.04.28-20.44.20:974][  0]LogConfig: Setting CVar [[s.LevelStreamingActorsUpdateTimeLimit:5.0]]
[2022.04.28-20.44.20:974][  0]LogConfig: Setting CVar [[s.PriorityLevelStreamingActorsUpdateExtraTime:5.0]]
[2022.04.28-20.44.20:974][  0]LogConfig: Setting CVar [[s.LevelStreamingComponentsRegistrationGranularity:10]]
[2022.04.28-20.44.20:974][  0]LogConfig: Setting CVar [[s.UnregisterComponentsTimeLimit:1.0]]
[2022.04.28-20.44.20:974][  0]LogConfig: Setting CVar [[s.LevelStreamingComponentsUnregistrationGranularity:5]]
[2022.04.28-20.44.20:974][  0]LogConfig: Setting CVar [[s.FlushStreamingOnExit:1]]
[2022.04.28-20.44.20:974][  0]LogConfig: Applying CVar settings from Section [/Script/Engine.GarbageCollectionSettings] File [C:/3/MultiShooter/Saved/Config/Windows/Engine.ini]
[2022.04.28-20.44.20:974][  0]LogConfig: Setting CVar [[gc.MaxObjectsNotConsideredByGC:1]]
[2022.04.28-20.44.20:974][  0]LogConfig: Setting CVar [[gc.SizeOfPermanentObjectPool:0]]
[2022.04.28-20.44.20:974][  0]LogConfig: Setting CVar [[gc.FlushStreamingOnGC:0]]
[2022.04.28-20.44.20:974][  0]LogConfig: Setting CVar [[gc.NumRetriesBeforeForcingGC:10]]
[2022.04.28-20.44.20:974][  0]LogConfig: Setting CVar [[gc.AllowParallelGC:1]]
[2022.04.28-20.44.20:974][  0]LogConfig: Setting CVar [[gc.TimeBetweenPurgingPendingKillObjects:61.1]]
[2022.04.28-20.44.20:974][  0]LogConfig: Setting CVar [[gc.MaxObjectsInEditor:25165824]]
[2022.04.28-20.44.20:974][  0]LogConfig: Setting CVar [[gc.IncrementalBeginDestroyEnabled:1]]
[2022.04.28-20.44.20:974][  0]LogConfig: Setting CVar [[gc.CreateGCClusters:1]]
[2022.04.28-20.44.20:974][  0]LogConfig: Setting CVar [[gc.MinGCClusterSize:5]]
[2022.04.28-20.44.20:974][  0]LogConfig: Setting CVar [[gc.ActorClusteringEnabled:0]]
[2022.04.28-20.44.20:974][  0]LogConfig: Setting CVar [[gc.BlueprintClusteringEnabled:0]]
[2022.04.28-20.44.20:974][  0]LogConfig: Setting CVar [[gc.UseDisregardForGCOnDedicatedServers:0]]
[2022.04.28-20.44.20:974][  0]LogConfig: Setting CVar [[gc.MultithreadedDestructionEnabled:1]]
[2022.04.28-20.44.20:974][  0]LogConfig: Applying CVar settings from Section [/Script/Engine.NetworkSettings] File [C:/3/MultiShooter/Saved/Config/Windows/Engine.ini]
[2022.04.28-20.44.20:974][  0]LogConfig: Applying CVar settings from Section [/Script/UnrealEd.CookerSettings] File [C:/3/MultiShooter/Saved/Config/Windows/Engine.ini]
[2022.04.28-20.44.20:989][  0]LogConfig: Applying CVar settings from Section [ViewDistanceQuality@3] File [C:/3/MultiShooter/Saved/Config/Windows/Scalability.ini]
[2022.04.28-20.44.20:989][  0]LogConfig: Setting CVar [[r.SkeletalMeshLODBias:0]]
[2022.04.28-20.44.20:989][  0]LogConfig: Setting CVar [[r.ViewDistanceScale:1.0]]
[2022.04.28-20.44.20:989][  0]LogConfig: Applying CVar settings from Section [AntiAliasingQuality@3] File [C:/3/MultiShooter/Saved/Config/Windows/Scalability.ini]
[2022.04.28-20.44.20:989][  0]LogConfig: Setting CVar [[r.PostProcessAAQuality:4]]
[2022.04.28-20.44.20:989][  0]LogConfig: Applying CVar settings from Section [ShadowQuality@3] File [C:/3/MultiShooter/Saved/Config/Windows/Scalability.ini]
[2022.04.28-20.44.20:989][  0]LogConfig: Setting CVar [[r.LightFunctionQuality:1]]
[2022.04.28-20.44.20:989][  0]LogConfig: Setting CVar [[r.ShadowQuality:5]]
[2022.04.28-20.44.20:989][  0]LogConfig: Setting CVar [[r.Shadow.CSM.MaxCascades:10]]
[2022.04.28-20.44.20:989][  0]LogConfig: Setting CVar [[r.Shadow.MaxResolution:2048]]
[2022.04.28-20.44.20:989][  0]LogConfig: Setting CVar [[r.Shadow.MaxCSMResolution:2048]]
[2022.04.28-20.44.20:989][  0]LogConfig: Setting CVar [[r.Shadow.RadiusThreshold:0.01]]
[2022.04.28-20.44.20:989][  0]LogConfig: Setting CVar [[r.Shadow.DistanceScale:1.0]]
[2022.04.28-20.44.20:989][  0]LogConfig: Setting CVar [[r.Shadow.CSM.TransitionScale:1.0]]
[2022.04.28-20.44.20:989][  0]LogConfig: Setting CVar [[r.Shadow.PreShadowResolutionFactor:1.0]]
[2022.04.28-20.44.20:989][  0]LogConfig: Setting CVar [[r.DistanceFieldShadowing:1]]
[2022.04.28-20.44.20:989][  0]LogConfig: Setting CVar [[r.DistanceFieldAO:1]]
[2022.04.28-20.44.20:989][  0]LogConfig: Setting CVar [[r.AOQuality:2]]
[2022.04.28-20.44.20:989][  0]LogConfig: Setting CVar [[r.VolumetricFog:1]]
[2022.04.28-20.44.20:989][  0]LogConfig: Setting CVar [[r.VolumetricFog.GridPixelSize:8]]
[2022.04.28-20.44.20:989][  0]LogConfig: Setting CVar [[r.VolumetricFog.GridSizeZ:128]]
[2022.04.28-20.44.20:989][  0]LogConfig: Setting CVar [[r.VolumetricFog.HistoryMissSupersampleCount:4]]
[2022.04.28-20.44.20:989][  0]LogConfig: Setting CVar [[r.LightMaxDrawDistanceScale:1]]
[2022.04.28-20.44.20:989][  0]LogConfig: Setting CVar [[r.CapsuleShadows:1]]
[2022.04.28-20.44.20:989][  0]LogConfig: Applying CVar settings from Section [PostProcessQuality@3] File [C:/3/MultiShooter/Saved/Config/Windows/Scalability.ini]
[2022.04.28-20.44.20:989][  0]LogConfig: Setting CVar [[r.MotionBlurQuality:4]]
[2022.04.28-20.44.20:989][  0]LogConfig: Setting CVar [[r.AmbientOcclusionMipLevelFactor:0.4]]
[2022.04.28-20.44.20:989][  0]LogConfig: Setting CVar [[r.AmbientOcclusionMaxQuality:100]]
[2022.04.28-20.44.20:989][  0]LogConfig: Setting CVar [[r.AmbientOcclusionLevels:-1]]
[2022.04.28-20.44.20:989][  0]LogConfig: Setting CVar [[r.AmbientOcclusionRadiusScale:1.0]]
[2022.04.28-20.44.20:989][  0]LogConfig: Setting CVar [[r.DepthOfFieldQuality:2]]
[2022.04.28-20.44.20:989][  0]LogConfig: Setting CVar [[r.RenderTargetPoolMin:400]]
[2022.04.28-20.44.20:989][  0]LogConfig: Setting CVar [[r.LensFlareQuality:2]]
[2022.04.28-20.44.20:989][  0]LogConfig: Setting CVar [[r.SceneColorFringeQuality:1]]
[2022.04.28-20.44.20:989][  0]LogConfig: Setting CVar [[r.EyeAdaptationQuality:2]]
[2022.04.28-20.44.20:989][  0]LogConfig: Setting CVar [[r.BloomQuality:5]]
[2022.04.28-20.44.20:989][  0]LogConfig: Setting CVar [[r.FastBlurThreshold:100]]
[2022.04.28-20.44.20:989][  0]LogConfig: Setting CVar [[r.Upscale.Quality:3]]
[2022.04.28-20.44.20:989][  0]LogConfig: Setting CVar [[r.Tonemapper.GrainQuantization:1]]
[2022.04.28-20.44.20:989][  0]LogConfig: Setting CVar [[r.LightShaftQuality:1]]
[2022.04.28-20.44.20:989][  0]LogConfig: Setting CVar [[r.Filter.SizeScale:1]]
[2022.04.28-20.44.20:989][  0]LogConfig: Setting CVar [[r.Tonemapper.Quality:5]]
[2022.04.28-20.44.20:990][  0]LogConfig: Setting CVar [[r.DOF.Gather.AccumulatorQuality:1        ; higher gathering accumulator quality]]
[2022.04.28-20.44.20:990][  0]LogConfig: Setting CVar [[r.DOF.Gather.PostfilterMethod:1          ; Median3x3 postfilering method]]
[2022.04.28-20.44.20:990][  0]LogConfig: Setting CVar [[r.DOF.Gather.EnableBokehSettings:0       ; no bokeh simulation when gathering]]
[2022.04.28-20.44.20:990][  0]LogConfig: Setting CVar [[r.DOF.Gather.RingCount:4                 ; medium number of samples when gathering]]
[2022.04.28-20.44.20:990][  0]LogConfig: Setting CVar [[r.DOF.Scatter.ForegroundCompositing:1    ; additive foreground scattering]]
[2022.04.28-20.44.20:990][  0]LogConfig: Setting CVar [[r.DOF.Scatter.BackgroundCompositing:2    ; additive background scattering]]
[2022.04.28-20.44.20:990][  0]LogConfig: Setting CVar [[r.DOF.Scatter.EnableBokehSettings:1      ; bokeh simulation when scattering]]
[2022.04.28-20.44.20:990][  0]LogConfig: Setting CVar [[r.DOF.Scatter.MaxSpriteRatio:0.1         ; only a maximum of 10% of scattered bokeh]]
[2022.04.28-20.44.20:990][  0]LogConfig: Setting CVar [[r.DOF.Recombine.Quality:1                ; cheap slight out of focus]]
[2022.04.28-20.44.20:990][  0]LogConfig: Setting CVar [[r.DOF.Recombine.EnableBokehSettings:0    ; no bokeh simulation on slight out of focus]]
[2022.04.28-20.44.20:990][  0]LogConfig: Setting CVar [[r.DOF.TemporalAAQuality:1                ; more stable temporal accumulation]]
[2022.04.28-20.44.20:990][  0]LogConfig: Setting CVar [[r.DOF.Kernel.MaxForegroundRadius:0.025]]
[2022.04.28-20.44.20:990][  0]LogConfig: Setting CVar [[r.DOF.Kernel.MaxBackgroundRadius:0.025]]
[2022.04.28-20.44.20:990][  0]LogConfig: Applying CVar settings from Section [TextureQuality@3] File [C:/3/MultiShooter/Saved/Config/Windows/Scalability.ini]
[2022.04.28-20.44.20:990][  0]LogConfig: Setting CVar [[r.Streaming.MipBias:0]]
[2022.04.28-20.44.20:990][  0]LogConfig: Setting CVar [[r.Streaming.AmortizeCPUToGPUCopy:0]]
[2022.04.28-20.44.20:990][  0]LogConfig: Setting CVar [[r.Streaming.MaxNumTexturesToStreamPerFrame:0]]
[2022.04.28-20.44.20:990][  0]LogConfig: Setting CVar [[r.Streaming.Boost:1]]
[2022.04.28-20.44.20:990][  0]LogConfig: Setting CVar [[r.MaxAnisotropy:8]]
[2022.04.28-20.44.20:990][  0]LogConfig: Setting CVar [[r.VT.MaxAnisotropy:8]]
[2022.04.28-20.44.20:990][  0]LogConfig: Setting CVar [[r.Streaming.LimitPoolSizeToVRAM:0]]
[2022.04.28-20.44.20:990][  0]LogConfig: Setting CVar [[r.Streaming.PoolSize:1000]]
[2022.04.28-20.44.20:990][  0]LogConfig: Setting CVar [[r.Streaming.MaxEffectiveScreenSize:0]]
[2022.04.28-20.44.20:990][  0]LogConfig: Applying CVar settings from Section [EffectsQuality@3] File [C:/3/MultiShooter/Saved/Config/Windows/Scalability.ini]
[2022.04.28-20.44.20:990][  0]LogConfig: Setting CVar [[r.TranslucencyLightingVolumeDim:64]]
[2022.04.28-20.44.20:990][  0]LogConfig: Setting CVar [[r.RefractionQuality:2]]
[2022.04.28-20.44.20:990][  0]LogConfig: Setting CVar [[r.SSR.Quality:3]]
[2022.04.28-20.44.20:990][  0]LogConfig: Setting CVar [[r.SSR.HalfResSceneColor:0]]
[2022.04.28-20.44.20:990][  0]LogConfig: Setting CVar [[r.SceneColorFormat:4]]
[2022.04.28-20.44.20:990][  0]LogConfig: Setting CVar [[r.DetailMode:2]]
[2022.04.28-20.44.20:990][  0]LogConfig: Setting CVar [[r.TranslucencyVolumeBlur:1]]
[2022.04.28-20.44.20:990][  0]LogConfig: Setting CVar [[r.MaterialQualityLevel:1 ; High quality]]
[2022.04.28-20.44.20:990][  0]LogConfig: Setting CVar [[r.AnisotropicMaterials:1]]
[2022.04.28-20.44.20:990][  0]LogConfig: Setting CVar [[r.SSS.Scale:1]]
[2022.04.28-20.44.20:990][  0]LogConfig: Setting CVar [[r.SSS.SampleSet:2]]
[2022.04.28-20.44.20:990][  0]LogConfig: Setting CVar [[r.SSS.Quality:1]]
[2022.04.28-20.44.20:990][  0]LogConfig: Setting CVar [[r.SSS.HalfRes:0]]
[2022.04.28-20.44.20:990][  0]LogConfig: Setting CVar [[r.SSGI.Quality:3]]
[2022.04.28-20.44.20:990][  0]LogConfig: Setting CVar [[r.EmitterSpawnRateScale:1.0]]
[2022.04.28-20.44.20:990][  0]LogConfig: Setting CVar [[r.ParticleLightQuality:2]]
[2022.04.28-20.44.20:990][  0]LogConfig: Setting CVar [[r.SkyAtmosphere.AerialPerspectiveLUT.FastApplyOnOpaque:1 ; Always have FastSkyLUT 1 in this case to avoid wrong sky]]
[2022.04.28-20.44.20:990][  0]LogConfig: Setting CVar [[r.SkyAtmosphere.AerialPerspectiveLUT.SampleCountMaxPerSlice:4]]
[2022.04.28-20.44.20:990][  0]LogConfig: Setting CVar [[r.SkyAtmosphere.AerialPerspectiveLUT.DepthResolution:16.0]]
[2022.04.28-20.44.20:990][  0]LogConfig: Setting CVar [[r.SkyAtmosphere.FastSkyLUT:1]]
[2022.04.28-20.44.20:990][  0]LogConfig: Setting CVar [[r.SkyAtmosphere.FastSkyLUT.SampleCountMin:4.0]]
[2022.04.28-20.44.20:990][  0]LogConfig: Setting CVar [[r.SkyAtmosphere.FastSkyLUT.SampleCountMax:128.0]]
[2022.04.28-20.44.20:990][  0]LogConfig: Setting CVar [[r.SkyAtmosphere.SampleCountMin:4.0]]
[2022.04.28-20.44.20:990][  0]LogConfig: Setting CVar [[r.SkyAtmosphere.SampleCountMax:128.0]]
[2022.04.28-20.44.20:990][  0]LogConfig: Setting CVar [[r.SkyAtmosphere.TransmittanceLUT.UseSmallFormat:0]]
[2022.04.28-20.44.20:990][  0]LogConfig: Setting CVar [[r.SkyAtmosphere.TransmittanceLUT.SampleCount:10.0]]
[2022.04.28-20.44.20:990][  0]LogConfig: Setting CVar [[r.SkyAtmosphere.MultiScatteringLUT.SampleCount:15.0]]
[2022.04.28-20.44.20:990][  0]LogConfig: Setting CVar [[r.SkyLight.RealTimeReflectionCapture:1]]
[2022.04.28-20.44.20:990][  0]LogConfig: Applying CVar settings from Section [FoliageQuality@3] File [C:/3/MultiShooter/Saved/Config/Windows/Scalability.ini]
[2022.04.28-20.44.20:990][  0]LogConfig: Setting CVar [[foliage.DensityScale:1.0]]
[2022.04.28-20.44.20:990][  0]LogConfig: Setting CVar [[grass.DensityScale:1.0]]
[2022.04.28-20.44.20:990][  0]LogConfig: Applying CVar settings from Section [ShadingQuality@3] File [C:/3/MultiShooter/Saved/Config/Windows/Scalability.ini]
[2022.04.28-20.44.20:990][  0]LogConfig: Setting CVar [[r.HairStrands.SkyLighting.IntegrationType:2]]
[2022.04.28-20.44.20:990][  0]LogConfig: Setting CVar [[r.HairStrands.SkyAO.SampleCount:4]]
[2022.04.28-20.44.20:990][  0]LogConfig: Setting CVar [[r.HairStrands.Visibility.MSAA.SamplePerPixel:4]]
[2022.04.28-20.44.20:990][  0]LogInit: Selected Device Profile: [Windows]
[2022.04.28-20.44.20:990][  0]LogInit: Applying CVar settings loaded from the selected device profile: [Windows]
[2022.04.28-20.44.20:990][  0]LogHAL: Display: Platform has ~ 16 GB [16971386880 / 17179869184 / 16], which maps to Larger [LargestMinGB=32, LargerMinGB=12, DefaultMinGB=8, SmallerMinGB=6, SmallestMinGB=0)
[2022.04.28-20.44.20:990][  0]LogInit: Going up to parent DeviceProfile []
[2022.04.28-20.44.20:990][  0]LogConfig: Applying CVar settings from Section [ViewDistanceQuality@3] File [C:/3/MultiShooter/Saved/Config/Windows/Scalability.ini]
[2022.04.28-20.44.20:990][  0]LogConfig: Setting CVar [[r.SkeletalMeshLODBias:0]]
[2022.04.28-20.44.20:990][  0]LogConfig: Setting CVar [[r.ViewDistanceScale:1.0]]
[2022.04.28-20.44.20:990][  0]LogConfig: Applying CVar settings from Section [AntiAliasingQuality@3] File [C:/3/MultiShooter/Saved/Config/Windows/Scalability.ini]
[2022.04.28-20.44.20:990][  0]LogConfig: Setting CVar [[r.PostProcessAAQuality:4]]
[2022.04.28-20.44.20:990][  0]LogConfig: Applying CVar settings from Section [ShadowQuality@3] File [C:/3/MultiShooter/Saved/Config/Windows/Scalability.ini]
[2022.04.28-20.44.20:990][  0]LogConfig: Setting CVar [[r.LightFunctionQuality:1]]
[2022.04.28-20.44.20:990][  0]LogConfig: Setting CVar [[r.ShadowQuality:5]]
[2022.04.28-20.44.20:990][  0]LogConfig: Setting CVar [[r.Shadow.CSM.MaxCascades:10]]
[2022.04.28-20.44.20:990][  0]LogConfig: Setting CVar [[r.Shadow.MaxResolution:2048]]
[2022.04.28-20.44.20:990][  0]LogConfig: Setting CVar [[r.Shadow.MaxCSMResolution:2048]]
[2022.04.28-20.44.20:990][  0]LogConfig: Setting CVar [[r.Shadow.RadiusThreshold:0.01]]
[2022.04.28-20.44.20:990][  0]LogConfig: Setting CVar [[r.Shadow.DistanceScale:1.0]]
[2022.04.28-20.44.20:990][  0]LogConfig: Setting CVar [[r.Shadow.CSM.TransitionScale:1.0]]
[2022.04.28-20.44.20:990][  0]LogConfig: Setting CVar [[r.Shadow.PreShadowResolutionFactor:1.0]]
[2022.04.28-20.44.20:990][  0]LogConfig: Setting CVar [[r.DistanceFieldShadowing:1]]
[2022.04.28-20.44.20:990][  0]LogConfig: Setting CVar [[r.DistanceFieldAO:1]]
[2022.04.28-20.44.20:990][  0]LogConfig: Setting CVar [[r.AOQuality:2]]
[2022.04.28-20.44.20:991][  0]LogConfig: Setting CVar [[r.VolumetricFog:1]]
[2022.04.28-20.44.20:991][  0]LogConfig: Setting CVar [[r.VolumetricFog.GridPixelSize:8]]
[2022.04.28-20.44.20:991][  0]LogConfig: Setting CVar [[r.VolumetricFog.GridSizeZ:128]]
[2022.04.28-20.44.20:991][  0]LogConfig: Setting CVar [[r.VolumetricFog.HistoryMissSupersampleCount:4]]
[2022.04.28-20.44.20:991][  0]LogConfig: Setting CVar [[r.LightMaxDrawDistanceScale:1]]
[2022.04.28-20.44.20:991][  0]LogConfig: Setting CVar [[r.CapsuleShadows:1]]
[2022.04.28-20.44.20:991][  0]LogConfig: Applying CVar settings from Section [PostProcessQuality@3] File [C:/3/MultiShooter/Saved/Config/Windows/Scalability.ini]
[2022.04.28-20.44.20:991][  0]LogConfig: Setting CVar [[r.MotionBlurQuality:4]]
[2022.04.28-20.44.20:991][  0]LogConfig: Setting CVar [[r.AmbientOcclusionMipLevelFactor:0.4]]
[2022.04.28-20.44.20:991][  0]LogConfig: Setting CVar [[r.AmbientOcclusionMaxQuality:100]]
[2022.04.28-20.44.20:991][  0]LogConfig: Setting CVar [[r.AmbientOcclusionLevels:-1]]
[2022.04.28-20.44.20:991][  0]LogConfig: Setting CVar [[r.AmbientOcclusionRadiusScale:1.0]]
[2022.04.28-20.44.20:991][  0]LogConfig: Setting CVar [[r.DepthOfFieldQuality:2]]
[2022.04.28-20.44.20:991][  0]LogConfig: Setting CVar [[r.RenderTargetPoolMin:400]]
[2022.04.28-20.44.20:991][  0]LogConfig: Setting CVar [[r.LensFlareQuality:2]]
[2022.04.28-20.44.20:991][  0]LogConfig: Setting CVar [[r.SceneColorFringeQuality:1]]
[2022.04.28-20.44.20:991][  0]LogConfig: Setting CVar [[r.EyeAdaptationQuality:2]]
[2022.04.28-20.44.20:991][  0]LogConfig: Setting CVar [[r.BloomQuality:5]]
[2022.04.28-20.44.20:991][  0]LogConfig: Setting CVar [[r.FastBlurThreshold:100]]
[2022.04.28-20.44.20:991][  0]LogConfig: Setting CVar [[r.Upscale.Quality:3]]
[2022.04.28-20.44.20:991][  0]LogConfig: Setting CVar [[r.Tonemapper.GrainQuantization:1]]
[2022.04.28-20.44.20:991][  0]LogConfig: Setting CVar [[r.LightShaftQuality:1]]
[2022.04.28-20.44.20:991][  0]LogConfig: Setting CVar [[r.Filter.SizeScale:1]]
[2022.04.28-20.44.20:991][  0]LogConfig: Setting CVar [[r.Tonemapper.Quality:5]]
[2022.04.28-20.44.20:991][  0]LogConfig: Setting CVar [[r.DOF.Gather.AccumulatorQuality:1        ; higher gathering accumulator quality]]
[2022.04.28-20.44.20:991][  0]LogConfig: Setting CVar [[r.DOF.Gather.PostfilterMethod:1          ; Median3x3 postfilering method]]
[2022.04.28-20.44.20:991][  0]LogConfig: Setting CVar [[r.DOF.Gather.EnableBokehSettings:0       ; no bokeh simulation when gathering]]
[2022.04.28-20.44.20:991][  0]LogConfig: Setting CVar [[r.DOF.Gather.RingCount:4                 ; medium number of samples when gathering]]
[2022.04.28-20.44.20:991][  0]LogConfig: Setting CVar [[r.DOF.Scatter.ForegroundCompositing:1    ; additive foreground scattering]]
[2022.04.28-20.44.20:991][  0]LogConfig: Setting CVar [[r.DOF.Scatter.BackgroundCompositing:2    ; additive background scattering]]
[2022.04.28-20.44.20:991][  0]LogConfig: Setting CVar [[r.DOF.Scatter.EnableBokehSettings:1      ; bokeh simulation when scattering]]
[2022.04.28-20.44.20:991][  0]LogConfig: Setting CVar [[r.DOF.Scatter.MaxSpriteRatio:0.1         ; only a maximum of 10% of scattered bokeh]]
[2022.04.28-20.44.20:991][  0]LogConfig: Setting CVar [[r.DOF.Recombine.Quality:1                ; cheap slight out of focus]]
[2022.04.28-20.44.20:991][  0]LogConfig: Setting CVar [[r.DOF.Recombine.EnableBokehSettings:0    ; no bokeh simulation on slight out of focus]]
[2022.04.28-20.44.20:991][  0]LogConfig: Setting CVar [[r.DOF.TemporalAAQuality:1                ; more stable temporal accumulation]]
[2022.04.28-20.44.20:991][  0]LogConfig: Setting CVar [[r.DOF.Kernel.MaxForegroundRadius:0.025]]
[2022.04.28-20.44.20:991][  0]LogConfig: Setting CVar [[r.DOF.Kernel.MaxBackgroundRadius:0.025]]
[2022.04.28-20.44.20:991][  0]LogConfig: Applying CVar settings from Section [TextureQuality@3] File [C:/3/MultiShooter/Saved/Config/Windows/Scalability.ini]
[2022.04.28-20.44.20:991][  0]LogConfig: Setting CVar [[r.Streaming.MipBias:0]]
[2022.04.28-20.44.20:991][  0]LogConfig: Setting CVar [[r.Streaming.AmortizeCPUToGPUCopy:0]]
[2022.04.28-20.44.20:991][  0]LogConfig: Setting CVar [[r.Streaming.MaxNumTexturesToStreamPerFrame:0]]
[2022.04.28-20.44.20:991][  0]LogConfig: Setting CVar [[r.Streaming.Boost:1]]
[2022.04.28-20.44.20:991][  0]LogConfig: Setting CVar [[r.MaxAnisotropy:8]]
[2022.04.28-20.44.20:991][  0]LogConfig: Setting CVar [[r.VT.MaxAnisotropy:8]]
[2022.04.28-20.44.20:991][  0]LogConfig: Setting CVar [[r.Streaming.LimitPoolSizeToVRAM:0]]
[2022.04.28-20.44.20:991][  0]LogConfig: Setting CVar [[r.Streaming.PoolSize:1000]]
[2022.04.28-20.44.20:991][  0]LogConfig: Setting CVar [[r.Streaming.MaxEffectiveScreenSize:0]]
[2022.04.28-20.44.20:991][  0]LogConfig: Applying CVar settings from Section [EffectsQuality@3] File [C:/3/MultiShooter/Saved/Config/Windows/Scalability.ini]
[2022.04.28-20.44.20:991][  0]LogConfig: Setting CVar [[r.TranslucencyLightingVolumeDim:64]]
[2022.04.28-20.44.20:991][  0]LogConfig: Setting CVar [[r.RefractionQuality:2]]
[2022.04.28-20.44.20:991][  0]LogConfig: Setting CVar [[r.SSR.Quality:3]]
[2022.04.28-20.44.20:991][  0]LogConfig: Setting CVar [[r.SSR.HalfResSceneColor:0]]
[2022.04.28-20.44.20:991][  0]LogConfig: Setting CVar [[r.SceneColorFormat:4]]
[2022.04.28-20.44.20:991][  0]LogConfig: Setting CVar [[r.DetailMode:2]]
[2022.04.28-20.44.20:991][  0]LogConfig: Setting CVar [[r.TranslucencyVolumeBlur:1]]
[2022.04.28-20.44.20:991][  0]LogConfig: Setting CVar [[r.MaterialQualityLevel:1 ; High quality]]
[2022.04.28-20.44.20:991][  0]LogConfig: Setting CVar [[r.AnisotropicMaterials:1]]
[2022.04.28-20.44.20:991][  0]LogConfig: Setting CVar [[r.SSS.Scale:1]]
[2022.04.28-20.44.20:991][  0]LogConfig: Setting CVar [[r.SSS.SampleSet:2]]
[2022.04.28-20.44.20:991][  0]LogConfig: Setting CVar [[r.SSS.Quality:1]]
[2022.04.28-20.44.20:991][  0]LogConfig: Setting CVar [[r.SSS.HalfRes:0]]
[2022.04.28-20.44.20:991][  0]LogConfig: Setting CVar [[r.SSGI.Quality:3]]
[2022.04.28-20.44.20:991][  0]LogConfig: Setting CVar [[r.EmitterSpawnRateScale:1.0]]
[2022.04.28-20.44.20:991][  0]LogConfig: Setting CVar [[r.ParticleLightQuality:2]]
[2022.04.28-20.44.20:991][  0]LogConfig: Setting CVar [[r.SkyAtmosphere.AerialPerspectiveLUT.FastApplyOnOpaque:1 ; Always have FastSkyLUT 1 in this case to avoid wrong sky]]
[2022.04.28-20.44.20:991][  0]LogConfig: Setting CVar [[r.SkyAtmosphere.AerialPerspectiveLUT.SampleCountMaxPerSlice:4]]
[2022.04.28-20.44.20:991][  0]LogConfig: Setting CVar [[r.SkyAtmosphere.AerialPerspectiveLUT.DepthResolution:16.0]]
[2022.04.28-20.44.20:991][  0]LogConfig: Setting CVar [[r.SkyAtmosphere.FastSkyLUT:1]]
[2022.04.28-20.44.20:991][  0]LogConfig: Setting CVar [[r.SkyAtmosphere.FastSkyLUT.SampleCountMin:4.0]]
[2022.04.28-20.44.20:991][  0]LogConfig: Setting CVar [[r.SkyAtmosphere.FastSkyLUT.SampleCountMax:128.0]]
[2022.04.28-20.44.20:991][  0]LogConfig: Setting CVar [[r.SkyAtmosphere.SampleCountMin:4.0]]
[2022.04.28-20.44.20:991][  0]LogConfig: Setting CVar [[r.SkyAtmosphere.SampleCountMax:128.0]]
[2022.04.28-20.44.20:991][  0]LogConfig: Setting CVar [[r.SkyAtmosphere.TransmittanceLUT.UseSmallFormat:0]]
[2022.04.28-20.44.20:991][  0]LogConfig: Setting CVar [[r.SkyAtmosphere.TransmittanceLUT.SampleCount:10.0]]
[2022.04.28-20.44.20:991][  0]LogConfig: Setting CVar [[r.SkyAtmosphere.MultiScatteringLUT.SampleCount:15.0]]
[2022.04.28-20.44.20:991][  0]LogConfig: Setting CVar [[r.SkyLight.RealTimeReflectionCapture:1]]
[2022.04.28-20.44.20:991][  0]LogConfig: Applying CVar settings from Section [FoliageQuality@3] File [C:/3/MultiShooter/Saved/Config/Windows/Scalability.ini]
[2022.04.28-20.44.20:991][  0]LogConfig: Setting CVar [[foliage.DensityScale:1.0]]
[2022.04.28-20.44.20:991][  0]LogConfig: Setting CVar [[grass.DensityScale:1.0]]
[2022.04.28-20.44.20:991][  0]LogConfig: Applying CVar settings from Section [ShadingQuality@3] File [C:/3/MultiShooter/Saved/Config/Windows/Scalability.ini]
[2022.04.28-20.44.20:991][  0]LogConfig: Setting CVar [[r.HairStrands.SkyLighting.IntegrationType:2]]
[2022.04.28-20.44.20:991][  0]LogConfig: Setting CVar [[r.HairStrands.SkyAO.SampleCount:4]]
[2022.04.28-20.44.20:991][  0]LogConfig: Setting CVar [[r.HairStrands.Visibility.MSAA.SamplePerPixel:4]]
[2022.04.28-20.44.20:991][  0]LogConfig: Applying CVar settings from Section [Startup] File [../../../Engine/Config/ConsoleVariables.ini]
[2022.04.28-20.44.20:992][  0]LogConfig: Setting CVar [[net.UseAdaptiveNetUpdateFrequency:0]]
[2022.04.28-20.44.20:992][  0]LogConfig: Setting CVar [[p.chaos.AllowCreatePhysxBodies:1]]
[2022.04.28-20.44.20:992][  0]LogConfig: Setting CVar [[fx.SkipVectorVMBackendOptimizations:1]]
[2022.04.28-20.44.20:992][  0]LogConfig: Applying CVar settings from Section [ConsoleVariables] File [C:/3/MultiShooter/Saved/Config/Windows/Engine.ini]
[2022.04.28-20.44.20:992][  0]LogConfig: Applying CVar settings from Section [ConsoleVariables] File [C:/3/MultiShooter/Saved/Config/Windows/Editor.ini]
[2022.04.28-20.44.20:992][  0]LogInit: Computer: LAPTOP-K7OCUPB7
[2022.04.28-20.44.20:992][  0]LogInit: User: buryk
[2022.04.28-20.44.20:992][  0]LogInit: CPU Page size=4096, Cores=6
[2022.04.28-20.44.20:992][  0]LogInit: High frequency timer resolution =10.000000 MHz
[2022.04.28-20.44.20:992][  0]LogMemory: Memory total: Physical=15.8GB (16GB approx)
[2022.04.28-20.44.20:992][  0]LogMemory: Platform Memory Stats for Windows
[2022.04.28-20.44.20:992][  0]LogMemory: Process Physical Memory: 144.25 MB used, 144.25 MB peak
[2022.04.28-20.44.20:992][  0]LogMemory: Process Virtual Memory: 132.15 MB used, 132.15 MB peak
[2022.04.28-20.44.20:992][  0]LogMemory: Physical Memory: 9175.90 MB used,  7009.27 MB free, 16185.18 MB total
[2022.04.28-20.44.20:992][  0]LogMemory: Virtual Memory: 134203640.00 MB used,  14090.89 MB free, 134217728.00 MB total
[2022.04.28-20.44.20:999][  0]LogWindows: WindowsPlatformFeatures enabled
[2022.04.28-20.44.21:051][  0]LogInit: Physics initialised using underlying interface: PhysX
[2022.04.28-20.44.21:051][  0]LogInit: Using OS detected language (ru-RU).
[2022.04.28-20.44.21:051][  0]LogInit: Using OS detected locale (ru-RU).
[2022.04.28-20.44.21:056][  0]LogTextLocalizationManager: No specific localization for 'ru-RU' exists, so the 'ru' localization will be used.
[2022.04.28-20.44.21:061][  0]LogTextLocalizationResource: LocRes '../../../Engine/Content/Localization/Editor/ru/Editor.locres' could not be opened for reading!
[2022.04.28-20.44.21:061][  0]LogTextLocalizationResource: LocRes '../../../Engine/Content/Localization/EditorTutorials/ru/EditorTutorials.locres' could not be opened for reading!
[2022.04.28-20.44.21:061][  0]LogTextLocalizationResource: LocRes '../../../Engine/Content/Localization/Keywords/ru/Keywords.locres' could not be opened for reading!
[2022.04.28-20.44.21:061][  0]LogTextLocalizationResource: LocRes '../../../Engine/Content/Localization/Category/ru/Category.locres' could not be opened for reading!
[2022.04.28-20.44.21:061][  0]LogTextLocalizationResource: LocRes '../../../Engine/Content/Localization/ToolTips/ru/ToolTips.locres' could not be opened for reading!
[2022.04.28-20.44.21:062][  0]LogTextLocalizationResource: LocRes '../../../Engine/Content/Localization/PropertyNames/ru/PropertyNames.locres' could not be opened for reading!
[2022.04.28-20.44.21:062][  0]LogTextLocalizationResource: LocRes '../../../Engine/Content/Localization/Engine/ru/Engine.locres' could not be opened for reading!
[2022.04.28-20.44.21:073][  0]LogWindowsTextInputMethodSystem: Display: IME system deactivated.
[2022.04.28-20.44.21:102][  0]LogSlate: New Slate User Created.  User Index 0, Is Virtual User: 0
[2022.04.28-20.44.21:102][  0]LogSlate: Slate User Registered.  User Index 0, Is Virtual User: 0
[2022.04.28-20.44.21:141][  0]LogD3D11RHI: Loaded GFSDK_Aftermath_Lib.x64.dll
[2022.04.28-20.44.21:155][  0]LogHMD: Failed to initialize OpenVR with code 110
[2022.04.28-20.44.21:155][  0]LogD3D11RHI: D3D11 min allowed feature level: 11_0
[2022.04.28-20.44.21:155][  0]LogD3D11RHI: D3D11 max allowed feature level: 11_0
[2022.04.28-20.44.21:155][  0]LogD3D11RHI: D3D11 adapters:
[2022.04.28-20.44.21:260][  0]LogD3D11RHI:    0. 'NVIDIA GeForce GTX 1660 Ti with Max-Q Design' (Feature Level 11_0)
[2022.04.28-20.44.21:260][  0]LogD3D11RHI:       5991/0/8092 MB DedicatedVideo/DedicatedSystem/SharedSystem, Outputs:1, VendorId:0x10de
[2022.04.28-20.44.21:287][  0]LogD3D11RHI:    1. 'Intel(R) UHD Graphics' (Feature Level 11_0)
[2022.04.28-20.44.21:287][  0]LogD3D11RHI:       128/0/8092 MB DedicatedVideo/DedicatedSystem/SharedSystem, Outputs:0, VendorId:0x8086
[2022.04.28-20.44.21:289][  0]LogD3D11RHI:    2. 'Microsoft Basic Render Driver' (Feature Level 11_0)
[2022.04.28-20.44.21:289][  0]LogD3D11RHI:       0/0/8092 MB DedicatedVideo/DedicatedSystem/SharedSystem, Outputs:0, VendorId:0x1414
[2022.04.28-20.44.21:289][  0]LogD3D11RHI: Chosen D3D11 Adapter: 0
[2022.04.28-20.44.21:296][  0]LogD3D11RHI: Creating new Direct3DDevice
[2022.04.28-20.44.21:296][  0]LogD3D11RHI:     GPU DeviceId: 0x2191 (for the marketing name, search the web for "GPU Device Id")
[2022.04.28-20.44.21:296][  0]LogWindows: EnumDisplayDevices:
[2022.04.28-20.44.21:296][  0]LogWindows:    0. 'Intel(R) UHD Graphics' (P:1 D:1)
[2022.04.28-20.44.21:296][  0]LogWindows:    1. 'Intel(R) UHD Graphics' (P:0 D:0)
[2022.04.28-20.44.21:297][  0]LogWindows:    2. 'Intel(R) UHD Graphics' (P:0 D:0)
[2022.04.28-20.44.21:297][  0]LogWindows:    3. 'NVIDIA GeForce GTX 1660 Ti with Max-Q Design' (P:0 D:0)
[2022.04.28-20.44.21:297][  0]LogWindows:    4. 'NVIDIA GeForce GTX 1660 Ti with Max-Q Design' (P:0 D:0)
[2022.04.28-20.44.21:297][  0]LogWindows:    5. 'NVIDIA GeForce GTX 1660 Ti with Max-Q Design' (P:0 D:0)
[2022.04.28-20.44.21:297][  0]LogWindows:    6. 'NVIDIA GeForce GTX 1660 Ti with Max-Q Design' (P:0 D:0)
[2022.04.28-20.44.21:298][  0]LogWindows: DebugString: PrimaryIsNotTheChoosenAdapter PrimaryIsNotTheChoosenAdapter PrimaryIsNotTheChoosenAdapter FoundDriverCount:4 
[2022.04.28-20.44.21:298][  0]LogD3D11RHI:     Adapter Name: NVIDIA GeForce GTX 1660 Ti with Max-Q Design
[2022.04.28-20.44.21:298][  0]LogD3D11RHI:   Driver Version: 497.33 (internal:30.0.14.9733, unified:497.33)
[2022.04.28-20.44.21:298][  0]LogD3D11RHI:      Driver Date: 12-16-2021
[2022.04.28-20.44.21:298][  0]LogRHI: Texture pool is 4193 MB (70% of 5991 MB)
[2022.04.28-20.44.21:362][  0]LogD3D11RHI: RHI has support for 64 bit atomics
[2022.04.28-20.44.21:362][  0]LogD3D11RHI: Async texture creation enabled
[2022.04.28-20.44.21:362][  0]LogD3D11RHI: Array index from any shader is supported
[2022.04.28-20.44.21:383][  0]LogD3D11RHI: GPU Timing Frequency: 1000.000000 (Debug: 2 2)
[2022.04.28-20.44.21:425][  0]LogRHI: GeForceNow SDK initialized: 1
[2022.04.28-20.44.21:773][  0]LogTargetPlatformManager: Display: Loaded TargetPlatform 'WindowsNoEditor'
[2022.04.28-20.44.21:775][  0]LogTargetPlatformManager: Display: Loaded TargetPlatform 'Windows'
[2022.04.28-20.44.21:778][  0]LogTargetPlatformManager: Display: Loaded TargetPlatform 'WindowsClient'
[2022.04.28-20.44.21:781][  0]LogTargetPlatformManager: Display: Loaded TargetPlatform 'WindowsServer'
[2022.04.28-20.44.21:781][  0]LogTargetPlatformManager: Display: Building Assets For Windows
[2022.04.28-20.44.21:785][  0]LogAudioDebug: Display: Lib vorbis DLL was dynamically loaded.
[2022.04.28-20.44.21:803][  0]LogTextureFormatOodle: Display: Oodle Texture 2.9.0 init RDO Off
[2022.04.28-20.44.21:817][  0]LogRendererCore: Ray tracing is disabled. Reason: r.RayTracing=0.
[2022.04.28-20.44.21:817][  0]LogShaderCompilers: Guid format shader working directory is 13 characters bigger than the processId version (../../../../../../3/MultiShooter/Intermediate/Shaders/WorkingDirectory/37860/).
[2022.04.28-20.44.21:818][  0]LogShaderCompilers: Cleaned the shader compiler working directory 'C:/Users/buryk/AppData/Local/Temp/UnrealShaderWorkingDir/BB1E085542E1FDB23D481BB4217EDCBD/'.
[2022.04.28-20.44.21:818][  0]LogXGEController: Cannot use XGE Controller as Incredibuild is not installed on this machine.
[2022.04.28-20.44.21:818][  0]LogShaderCompilers: Cannot use XGE Shader Compiler as Incredibuild is not installed on this machine.
[2022.04.28-20.44.21:818][  0]LogShaderCompilers: Display: Using Local Shader Compiler.
[2022.04.28-20.44.22:525][  0]LogDerivedDataCache: Display: Max Cache Size: 512 MB
[2022.04.28-20.44.22:579][  0]LogDerivedDataCache: Loaded boot cache 0.05s 95MB C:/Users/buryk/AppData/Local/UnrealEngine/4.27/DerivedDataCache/Boot.ddc.
[2022.04.28-20.44.22:579][  0]LogDerivedDataCache: Display: Loaded Boot cache: C:/Users/buryk/AppData/Local/UnrealEngine/4.27/DerivedDataCache/Boot.ddc
[2022.04.28-20.44.22:579][  0]LogDerivedDataCache: FDerivedDataBackendGraph:  Pak pak cache file ../../../../../../3/MultiShooter/DerivedDataCache/DDC.ddp not found, will not use a pak cache.
[2022.04.28-20.44.22:579][  0]LogDerivedDataCache: Unable to find inner node Pak for hierarchical cache Hierarchy.
[2022.04.28-20.44.22:579][  0]LogDerivedDataCache: FDerivedDataBackendGraph:  CompressedPak pak cache file ../../../../../../3/MultiShooter/DerivedDataCache/Compressed.ddp not found, will not use a pak cache.
[2022.04.28-20.44.22:579][  0]LogDerivedDataCache: Unable to find inner node CompressedPak for hierarchical cache Hierarchy.
[2022.04.28-20.44.22:594][  0]LogDerivedDataCache: Display: Pak cache opened for reading ../../../Engine/DerivedDataCache/Compressed.ddp.
[2022.04.28-20.44.22:594][  0]LogDerivedDataCache: FDerivedDataBackendGraph:  EnterprisePak pak cache file ../../../Enterprise/DerivedDataCache/Compressed.ddp not found, will not use a pak cache.
[2022.04.28-20.44.22:594][  0]LogDerivedDataCache: Unable to find inner node EnterprisePak for hierarchical cache Hierarchy.
[2022.04.28-20.44.22:602][  0]LogDerivedDataCache: Speed tests for C:/Users/buryk/AppData/Local/UnrealEngine/Common/DerivedDataCache took 0.01 seconds
[2022.04.28-20.44.22:602][  0]LogDerivedDataCache: Display: Performance to C:/Users/buryk/AppData/Local/UnrealEngine/Common/DerivedDataCache: Latency=0.03ms. RandomReadSpeed=345.02MBs, RandomWriteSpeed=176.53MBs. Assigned SpeedClass 'Local'
[2022.04.28-20.44.22:602][  0]LogDerivedDataCache: Using Local data cache path C:/Users/buryk/AppData/Local/UnrealEngine/Common/DerivedDataCache: Writable
[2022.04.28-20.44.22:602][  0]LogDerivedDataCache: Shared data cache path not found in *engine.ini, will not use an Shared cache.
[2022.04.28-20.44.22:602][  0]LogDerivedDataCache: Unable to find inner node Shared for hierarchical cache Hierarchy.
[2022.04.28-20.44.22:635][  0]LogSlate: Using FreeType 2.10.0
[2022.04.28-20.44.22:635][  0]LogSlate: SlateFontServices - WITH_FREETYPE: 1, WITH_HARFBUZZ: 1
[2022.04.28-20.44.22:733][  0]LogInit: Using OS detected language (ru-RU).
[2022.04.28-20.44.22:733][  0]LogInit: Using OS detected locale (ru-RU).
[2022.04.28-20.44.22:733][  0]LogTextLocalizationManager: No localization for 'ru-RU' exists, so 'en' will be used for the language.
[2022.04.28-20.44.22:733][  0]LogTextLocalizationManager: No localization for 'ru-RU' exists, so 'en' will be used for the locale.
[2022.04.28-20.44.22:733][  0]LogSlate: FontCache flush requested. Reason: Culture for localization was changed
[2022.04.28-20.44.22:733][  0]LogSlate: FontCache flush requested. Reason: Culture for localization was changed
[2022.04.28-20.44.22:736][  0]LogAssetRegistry: FAssetRegistry took 0.0018 seconds to start up
[2022.04.28-20.44.22:883][  0]LogTextLocalizationManager: Compacting localization data took   0.00ms
[2022.04.28-20.44.22:883][  0]LogPackageLocalizationCache: Processed 27 localized package path(s) for 1 prioritized culture(s) in 0.001347 seconds
[2022.04.28-20.44.22:946][  0]LogInit: Selected Device Profile: [Windows]
[2022.04.28-20.44.22:946][  0]LogInit: Active device profile: [000001721D4A1300][0000017214400500 49] Windows
[2022.04.28-20.44.22:946][  0]LogInit: Profiles: [000001721D4A1300][0000017214400500 49] Windows, [000001721D45A700][000001721CCEE680 49] WindowsNoEditor, [000001721D4A2500][000001721CCF2800 49] WindowsServer, [000001721D45B500][000001721CCF6980 49] WindowsClient, [000001721D4A3200][000001721CCFAB00 49] IOS, [000001721D459300][000001721CCFEC80 49] iPadAir, [000001721D4A2900][000001721CD02E00 49] iPadAir2, [000001721D3FDC00][000001721CD0B0C0 49] IPadPro, [000001721D3FDD00][000001721CD07100 49] iPadAir3, [000001721D45BB00][000001721CD0F280 49] iPadAir4, [000001721D3FEC00][00000172144053C0 49] iPadMini2, [000001721D459600][000001721CD13500 49] iPadMini3, [000001721D3FCB00][000001721CD17640 49] iPadMini4, [000001721D45AB00][000001721CD1F7C0 49] iPadMini5, [000001721D42D300][000001721CD27A80 49] iPhone6, [000001721D42D400][000001721CD23AC0 49] iPodTouch6, [000001721D4A1600][000001721CD2E200 49] iPhone7, [000001721D4A2B00][000001721CD2A240 49] iPodTouch7, [000001721D3FFB00][000001721CD323C0 49] iPhone5S, [000001721D4A1800][000001721CD36540 49] iPhone6Plus, [000001721D3FF000][000001721CD3A6C0 49] iPhone6S, [000001721D4A2800][000001721CD3E840 49] iPhone6SPlus, [000001721D3FD500][000001721CD429C0 49] iPhone7Plus, [000001721D4A0100][000001721CD46B40 49] iPhoneSE, [000001721D3FC200][000001721CD4ACC0 49] iPhone8, [000001721D4A1700][000001721CD4EE40 49] iPhone8Plus, [000001721D42C100][000001721CD52FC0 49] iPhoneX, [000001721D3FD800][000001721CD57140 49] iPhoneXS, [000001721D42CC00][000001721CD5B2C0 49] iPhoneXSMax, [000001721D3FF800][000001721CD5F440 49] iPhoneXR, [000001721D42FD00][000001721CD1B580 49] iPhone11, [000001721D3FE800][000001721CD636C0 49] iPhone11Pro, [000001721D42F800][000001721CD67800 49] iPhone11ProMax, [000001721D3FCC00][000001721CD6B940 49] iPhoneSE2, [000001721D42E900][000001721CD73AC0 49] iPhone12Mini, [000001721D3FFF00][000001721CD760C0 49] iPhone12, [000001721D4A0A00][000001721CD7A240 49] iPhone12Pro, [000001721D3FFE00][000001721CD7E3C0 49] iPhone12ProMax, [000001721D4A0700][000001721CD82540 49] iPadPro105, [000001721D3FD100][000001721CD866C0 49] iPadPro129, [000001721D4A2E00][000001721CD8A840 49] iPadPro97, [000001721D3FD300][000001721CD8E9C0 49] iPadPro2_129, [000001721D4A0800][000001721CD92B40 49] iPad5, [000001721D3FED00][000001721CD96CC0 49] iPad6, [000001721D4A3D00][000001721CD9AE40 49] iPad7, [000001721D3FD200][000001721CD9EFC0 49] iPad8, [000001721D4A3C00][000001721CDA3140 49] iPadPro11, [000001721D3FE500][000001721CDA72C0 49] iPadPro2_11, [000001721D4A3700][000001721CDAB440 49] iPadPro3_129, [000001721D3FF300][00000172141E15C0 49] iPadPro4_129, [000001721D4A1100][000001721CD6F700 49] AppleTV, [000001721D3FE100][00000172141E5840 49] AppleTV4K, [000001721D4A2A00][00000172141E9980 49] TVOS, [000001721D3FDF00][00000172141EDAC0 49] Mac, [000001721D4A1000][00000172141F40C0 49] MacClient, [000001721D3FCE00][00000172141F8240 49] MacNoEditor, [000001721D4A1A00][00000172141FC3C0 49] MacServer, [000001721D3FE700][0000017214200540 49] Linux, [000001721D4A0400][00000172142046C0 49] LinuxAArch64, [000001721D3FFA00][0000017214208840 49] LinuxNoEditor, [000001721D4A1F00][000001721420C9C0 49] LinuxAArch64NoEditor, [000001721D3FFD00][0000017214210B40 49] LinuxClient, [000001721D4A3000][0000017214214CC0 49] LinuxAArch64Client, [000001721D3FFC00][000001721DDC0E40 49] LinuxServer, [000001721D4A2200][000001721DDC4FC0 49] LinuxAArch64Server, [000001721D3FE200][000001721DDC9140 49] Android, [000001721D4A3900][000001721DDCD2C0 49] Android_Low, [000001721D3FEA00][000001721DDD1440 49] Android_Mid, [000001721D4A2D00][000001721DDD55C0 49] Android_High, [000001721D3FDE00][000001721DDD9740 49] Android_Default, [000001721D4A1B00][000001721DDDD8C0 49] Android_Adreno4xx, [000001721D3FCA00][00000172141F1A00 49] Android_Adreno5xx_Low, [000001721D4A0600][000001721DDE1B40 49] Android_Adreno5xx, [000001721D3FE600][000001721DDE4100 49] Android_Adreno6xx, [000001721D4A2600][000001721DDEC280 49] Android_Adreno6xx_Vulkan, [000001721D3FE300][000001721DDF0400 49] Android_Mali_T6xx, [000001721D4A0F00][000001721DDF4580 49] Android_Mali_T7xx, [000001721D3FE900][000001721DDF8700 49] Android_Mali_T8xx, [000001721D4A2400][000001721DDFC880 49] Android_Mali_G71, [000001721D3FC900][000001721DE00A00 49] Android_Mali_G72, [000001721D4A3A00][000001721DE04B80 49] Android_Mali_G72_Vulkan, [000001721D3FEF00][000001721DE08D00 49] Android_Mali_G76, [000001721D4A1E00][000001721DE0CE80 49] Android_Mali_G76_Vulkan, [000001721D458F00][000001721DE11000 49] Android_Mali_G77, [000001721D42E100][000001721DE15180 49] Android_Mali_G77_Vulkan, [000001721D458D00][000001721DE19300 49] Android_Mali_G78, [000001721D42F400][000001721DE1D480 49] Android_Mali_G78_Vulkan, [000001721D458400][000001721DE21600 49] Android_Mali_G710, [000001721D42F100][000001721DE25780 49] Android_Mali_G710_Vulkan, [000001721D458E00][000001721DE29900 49] Android_Vulkan_SM5, [000001721D42FA00][000001721DE2DA80 49] Android_PowerVR_G6xxx, [000001721D45A100][000001721DDE9BC0 49] Android_PowerVR_GT7xxx, [000001721D42EF00][000001721DE30180 49] Android_PowerVR_GE8xxx, [000001721D45A000][000001721DE342C0 49] Android_PowerVR_GM9xxx, [000001721D42C900][000001721DE3C440 49] Android_PowerVR_GM9xxx_Vulkan, [000001721D45AF00][000001721DE405C0 49] Android_TegraK1, [000001721D42C300][000001721DE44740 49] Android_Unknown_Vulkan, [000001721D458C00][000001721DE488C0 49] Lumin, [000001721D42EE00][000001721DE4CA40 49] Lumin_Desktop, [000001721D459B00][000001721DE50BC0 49] HoloLens, 
[2022.04.28-20.44.22:982][  0]LogMeshReduction: Using QuadricMeshReduction for automatic static mesh reduction
[2022.04.28-20.44.22:982][  0]LogMeshReduction: Using SimplygonMeshReduction for automatic skeletal mesh reduction
[2022.04.28-20.44.22:982][  0]LogMeshReduction: Using ProxyLODMeshReduction for automatic mesh merging
[2022.04.28-20.44.22:982][  0]LogMeshReduction: No distributed automatic mesh merging module available
[2022.04.28-20.44.22:982][  0]LogMeshMerging: No distributed automatic mesh merging module available
[2022.04.28-20.44.23:078][  0]LogNetVersion: MultiShooter 1.0.0, NetCL: 17155196, EngineNetVer: 17, GameNetVer: 0 (Checksum: 31779901)
[2022.04.28-20.44.23:286][  0]LogTexture: Default maximum texture size for cubemaps generated from long-lat sources has been changed from 512 to unlimited. In order to preserve old behaiour for '/Engine/MapTemplates/Sky/DaylightAmbientCubemap.DaylightAmbientCubemap', its maximum texture size has been explicitly set to 512.
[2022.04.28-20.44.23:332][  0]LogHMD: PokeAHoleMaterial loaded successfully
[2022.04.28-20.44.23:382][  0]LogMoviePlayer: Initializing movie player
[2022.04.28-20.44.23:469][  0]LogNiagaraDebuggerClient: Niagara Debugger Client Initialized | Session: 604101A843045E07D5D77C949B779EC8 | Instance: 7F041E6F48A9CB1ECD65EEA1110B9DEB (LAPTOP-K7OCUPB7-37860).
[2022.04.28-20.44.23:488][  0]LogCollectionManager: Loaded 0 collections in 0.001912 seconds
[2022.04.28-20.44.23:491][  0]LogFileCache: Scanning file cache for directory 'C:/3/MultiShooter/Saved/Collections/' took 0.00s
[2022.04.28-20.44.23:491][  0]LogFileCache: Scanning file cache for directory 'C:/3/MultiShooter/Content/Developers/buryk/Collections/' took 0.00s
[2022.04.28-20.44.23:491][  0]LogCollectionManager: Fixed up redirectors for 0 collections in 0.000001 seconds (updated 0 objects)
[2022.04.28-20.44.23:575][  0]LogFileCache: Scanning file cache for directory 'C:/3/MultiShooter/Content/Collections/' took 0.00s
[2022.04.28-20.44.23:575][  0]LogStreaming: Warning: Failed to read file '../../../Engine/Content/Editor/Slate/Niagara/MenuSeparator.png' error.
[2022.04.28-20.44.23:575][  0]LogSlate: Could not find file for Slate resource: ../../../Engine/Content/Editor/Slate/Niagara/MenuSeparator.png
[2022.04.28-20.44.23:575][  0]LogStreaming: Warning: Failed to read file '../../../Engine/Content/Editor/Slate/Niagara/Common/Selector.png' error.
[2022.04.28-20.44.23:575][  0]LogSlate: Could not find file for Slate resource: ../../../Engine/Content/Editor/Slate/Niagara/Common/Selector.png
[2022.04.28-20.44.23:575][  0]LogStreaming: Warning: Failed to read file '../../../Engine/Content/Editor/Slate/Niagara/Common/Selection.png' error.
[2022.04.28-20.44.23:575][  0]LogSlate: Could not find file for Slate resource: ../../../Engine/Content/Editor/Slate/Niagara/Common/Selection.png
[2022.04.28-20.44.23:575][  0]LogImageWrapper: Warning: PNG Warning: Duplicate iCCP chunk
[2022.04.28-20.44.23:575][  0]LogStreaming: Warning: Failed to read file '../../../Engine/Content/Editor/Slate/Niagara/Common/DropZoneIndicator_Above.png' error.
[2022.04.28-20.44.23:575][  0]LogSlate: Could not find file for Slate resource: ../../../Engine/Content/Editor/Slate/Niagara/Common/DropZoneIndicator_Above.png
[2022.04.28-20.44.23:575][  0]LogStreaming: Warning: Failed to read file '../../../Engine/Content/Editor/Slate/Niagara/Common/DropZoneIndicator_Onto.png' error.
[2022.04.28-20.44.23:575][  0]LogSlate: Could not find file for Slate resource: ../../../Engine/Content/Editor/Slate/Niagara/Common/DropZoneIndicator_Onto.png
[2022.04.28-20.44.23:575][  0]LogStreaming: Warning: Failed to read file '../../../Engine/Content/Editor/Slate/Niagara/Common/DropZoneIndicator_Below.png' error.
[2022.04.28-20.44.23:575][  0]LogSlate: Could not find file for Slate resource: ../../../Engine/Content/Editor/Slate/Niagara/Common/DropZoneIndicator_Below.png
[2022.04.28-20.44.23:575][  0]LogStreaming: Warning: Failed to read file '../../../Engine/Content/Editor/Slate/Niagara/Common/RoundedSelection_16x.png' error.
[2022.04.28-20.44.23:575][  0]LogSlate: Could not find file for Slate resource: ../../../Engine/Content/Editor/Slate/Niagara/Common/RoundedSelection_16x.png
[2022.04.28-20.44.23:575][  0]LogStreaming: Warning: Failed to read file '../../../Engine/Content/Editor/Slate/Niagara/Common/FlatButton.png' error.
[2022.04.28-20.44.23:575][  0]LogSlate: Could not find file for Slate resource: ../../../Engine/Content/Editor/Slate/Niagara/Common/FlatButton.png
[2022.04.28-20.44.23:575][  0]LogImageWrapper: Warning: PNG Warning: Duplicate iCCP chunk
[2022.04.28-20.44.23:575][  0]LogPython: Using Python 3.7.7
[2022.04.28-20.44.23:954][  0]LogTcpMessaging: Initializing TcpMessaging bridge
[2022.04.28-20.44.23:955][  0]LogUdpMessaging: Initializing bridge on interface 0.0.0.0:0 to multicast group 230.0.0.1:6666.
[2022.04.28-20.44.24:026][  0]SourceControl: Source control is disabled
[2022.04.28-20.44.24:026][  0]SourceControl: Source control is disabled
[2022.04.28-20.44.24:028][  0]SourceControl: Source control is disabled
[2022.04.28-20.44.24:036][  0]LogUProjectInfo: Found projects:
[2022.04.28-20.44.24:092][  0]LogOpenImageDenoise: OIDN starting up
[2022.04.28-20.44.24:126][  0]LogAndroidPermission: UAndroidPermissionCallbackProxy::GetInstance
[2022.04.28-20.44.24:144][  0]LogAudioCaptureCore: Display: No Audio Capture implementations found. Audio input will be silent.
[2022.04.28-20.44.24:144][  0]LogAudioCaptureCore: Display: No Audio Capture implementations found. Audio input will be silent.
[2022.04.28-20.44.24:202][  0]LogOcInput: OculusInput pre-init called
[2022.04.28-20.44.24:209][  0]LogUObjectArray: 22122 objects as part of root set at end of initial load.
[2022.04.28-20.44.24:209][  0]LogUObjectAllocator: 5975648 out of 0 bytes used by permanent object pool.
[2022.04.28-20.44.24:209][  0]LogUObjectArray: CloseDisregardForGC: 0/0 objects in disregard for GC pool
[2022.04.28-20.44.24:249][  0]LogEngine: Initializing Engine...
[2022.04.28-20.44.24:252][  0]LogHMD: Failed to enumerate extensions. Please check that you have a valid OpenXR runtime installed.
[2022.04.28-20.44.24:252][  0]LogHMD: Failed to initialize OpenVR with code 110
[2022.04.28-20.44.24:252][  0]LogMagicLeap: Warning: VR disabled because ZI is not enabled.  To enable, in the editor, Edit -> Project Settings -> Plugins -> Magic Leap Plugin -> Enable Zero Iteration
[2022.04.28-20.44.24:253][  0]LogStats: UGameplayTagsManager::InitializeManager -  0.000 s
[2022.04.28-20.44.24:342][  0]LogInit: Initializing FReadOnlyCVARCache
[2022.04.28-20.44.24:342][  0]LogAudio: Display: Initializing Audio Device Manager...
[2022.04.28-20.44.24:346][  0]LogAudio: Display: Loading Default Audio Settings Objects...
[2022.04.28-20.44.24:346][  0]LogAudio: Display: No default SoundConcurrencyObject specified (or failed to load).
[2022.04.28-20.44.24:346][  0]LogAudio: Display: Audio Device Manager Initialized
[2022.04.28-20.44.24:347][  0]LogAudio: Display: Creating Audio Device:                 Id: 1, Scope: Shared, Realtime: True
[2022.04.28-20.44.24:347][  0]LogAudioMixer: Display: Audio Mixer Platform Settings:
[2022.04.28-20.44.24:347][  0]LogAudioMixer: Display: 	Sample Rate:						  48000
[2022.04.28-20.44.24:347][  0]LogAudioMixer: Display: 	Callback Buffer Frame Size Requested: 1024
[2022.04.28-20.44.24:347][  0]LogAudioMixer: Display: 	Callback Buffer Frame Size To Use:	  1024
[2022.04.28-20.44.24:347][  0]LogAudioMixer: Display: 	Number of buffers to queue:			  2
[2022.04.28-20.44.24:347][  0]LogAudioMixer: Display: 	Max Channels (voices):				  32
[2022.04.28-20.44.24:347][  0]LogAudioMixer: Display: 	Number of Async Source Workers:		  0
[2022.04.28-20.44.24:347][  0]LogAudio: Display: AudioDevice MaxSources: 32
[2022.04.28-20.44.24:347][  0]LogAudio: Display: Audio Spatialization Plugin: None (built-in).
[2022.04.28-20.44.24:347][  0]LogAudio: Display: Audio Reverb Plugin: None (built-in).
[2022.04.28-20.44.24:347][  0]LogAudio: Display: Audio Occlusion Plugin: None (built-in).
[2022.04.28-20.44.24:347][  0]LogAudioMixer: Display: Initializing audio mixer.
[2022.04.28-20.44.24:365][  0]LogAudioMixer: Display: 0: FrontLeft
[2022.04.28-20.44.24:365][  0]LogAudioMixer: Display: 1: FrontRight
[2022.04.28-20.44.24:384][  0]LogAudioMixer: Display: Using Audio Device Speaker (Realtek(R) Audio)
[2022.04.28-20.44.24:389][  0]LogAudioMixer: Display: Initializing Sound Submixes...
[2022.04.28-20.44.24:391][  0]LogAudioMixer: Display: Creating Master Submix 'MasterSubmixDefault'
[2022.04.28-20.44.24:391][  0]LogAudioMixer: Display: Creating Master Submix 'MasterReverbSubmixDefault'
[2022.04.28-20.44.24:391][  0]LogAudioMixer: Display: Creating Master Submix 'MasterEQSubmixDefault'
[2022.04.28-20.44.24:392][  0]LogAudioMixer: FMixerPlatformXAudio2::StartAudioStream() called
[2022.04.28-20.44.24:392][  0]LogAudioMixer: Display: Output buffers initialized: Frames=1024, Channels=2, Samples=2048
[2022.04.28-20.44.24:392][  0]LogAudioMixer: Display: Starting AudioMixerPlatformInterface::RunInternal()
[2022.04.28-20.44.24:392][  0]LogAudioMixer: Display: FMixerPlatformXAudio2::SubmitBuffer() called for the first time
[2022.04.28-20.44.24:392][  0]LogInit: FAudioDevice initialized.
[2022.04.28-20.44.24:393][  0]LogNetVersion: Set ProjectVersion to 1.0.0.0. Version Checksum will be recalculated on next use.
[2022.04.28-20.44.24:393][  0]LogInit: Texture streaming: Enabled
[2022.04.28-20.44.24:446][  0]LogAudio: Display: Audio Device (ID: 1) registered with world 'Untitled'.
[2022.04.28-20.44.24:446][  0]LogSlate: Updating window title bar state: overlay mode, drag disabled, window buttons hidden, title bar hidden
[2022.04.28-20.44.24:447][  0]LogInit: Display: Game Engine Initialized.
[2022.04.28-20.44.24:447][  0]LogNiagaraEditor: GEditor isn't valid! Particle reset commands will not work for Niagara components!
[2022.04.28-20.44.24:532][  0]LogStreaming: Warning: Failed to read file '../../../Engine/Content/Editor/Slate/Niagara/MenuSeparator.png' error.
[2022.04.28-20.44.24:532][  0]LogSlate: Could not find file for Slate resource: ../../../Engine/Content/Editor/Slate/Niagara/MenuSeparator.png
[2022.04.28-20.44.24:532][  0]LogStreaming: Warning: Failed to read file '../../../Engine/Content/Editor/Slate/Niagara/Common/Selector.png' error.
[2022.04.28-20.44.24:532][  0]LogSlate: Could not find file for Slate resource: ../../../Engine/Content/Editor/Slate/Niagara/Common/Selector.png
[2022.04.28-20.44.24:532][  0]LogStreaming: Warning: Failed to read file '../../../Engine/Content/Editor/Slate/Niagara/Common/Selection.png' error.
[2022.04.28-20.44.24:532][  0]LogSlate: Could not find file for Slate resource: ../../../Engine/Content/Editor/Slate/Niagara/Common/Selection.png
[2022.04.28-20.44.24:532][  0]LogStreaming: Warning: Failed to read file '../../../Engine/Content/Editor/Slate/Niagara/Common/DropZoneIndicator_Above.png' error.
[2022.04.28-20.44.24:532][  0]LogSlate: Could not find file for Slate resource: ../../../Engine/Content/Editor/Slate/Niagara/Common/DropZoneIndicator_Above.png
[2022.04.28-20.44.24:532][  0]LogStreaming: Warning: Failed to read file '../../../Engine/Content/Editor/Slate/Niagara/Common/DropZoneIndicator_Onto.png' error.
[2022.04.28-20.44.24:532][  0]LogSlate: Could not find file for Slate resource: ../../../Engine/Content/Editor/Slate/Niagara/Common/DropZoneIndicator_Onto.png
[2022.04.28-20.44.24:532][  0]LogStreaming: Warning: Failed to read file '../../../Engine/Content/Editor/Slate/Niagara/Common/DropZoneIndicator_Below.png' error.
[2022.04.28-20.44.24:532][  0]LogSlate: Could not find file for Slate resource: ../../../Engine/Content/Editor/Slate/Niagara/Common/DropZoneIndicator_Below.png
[2022.04.28-20.44.24:532][  0]LogStreaming: Warning: Failed to read file '../../../Engine/Content/Editor/Slate/Niagara/Common/FlatButton.png' error.
[2022.04.28-20.44.24:532][  0]LogSlate: Could not find file for Slate resource: ../../../Engine/Content/Editor/Slate/Niagara/Common/FlatButton.png
[2022.04.28-20.44.24:532][  0]LogStreaming: Warning: Failed to read file '../../../Engine/Content/Editor/Slate/Niagara/Common/RoundedSelection_16x.png' error.
[2022.04.28-20.44.24:532][  0]LogSlate: Could not find file for Slate resource: ../../../Engine/Content/Editor/Slate/Niagara/Common/RoundedSelection_16x.png
[2022.04.28-20.44.24:532][  0]LogImageWrapper: Warning: PNG Warning: Duplicate iCCP chunk
[2022.04.28-20.44.24:532][  0]LogImageWrapper: Warning: PNG Warning: Duplicate iCCP chunk
[2022.04.28-20.44.24:549][  0]LogInit: Display: Starting Game.
[2022.04.28-20.44.24:549][  0]LogNet: Browse: 127.0.0.1:17777/Game/StarterContent/Maps/Minimal_Default?Name=Player
[2022.04.28-20.44.24:549][  0]LogInit: WinSock: Socket queue. Rx: 32768 (config 32768) Tx: 32768 (config 32768)
[2022.04.28-20.44.24:549][  0]LogNet: Created socket for bind address: 0.0.0.0 on port 0
[2022.04.28-20.44.24:549][  0]PacketHandlerLog: Loaded PacketHandler component: Engine.EngineHandlerComponentFactory (StatelessConnectHandlerComponent)
[2022.04.28-20.44.24:549][  0]LogNet: Game client on port 17777, rate 100000
[2022.04.28-20.44.24:600][  0]LogInit: Display: Engine is initialized. Leaving FEngineLoop::Init()
[2022.04.28-20.44.24:600][  0]LogLoad: (Engine Initialization) Total time: 5.29 seconds
[2022.04.28-20.44.24:600][  0]LogLoad: (Engine Initialization) Total Blueprint compile time: 0.00 seconds
[2022.04.28-20.44.24:602][  0]LogContentStreaming: Texture pool size now 1000 MB
[2022.04.28-20.44.24:604][  0]LogSlate: InvalidateAllWidgets triggered.  All widgets were invalidated
[2022.04.28-20.44.44:602][559]LogNet: Warning: UNetConnection::Tick: Connection TIMED OUT. Closing connection.. Elapsed: 20.00, Real: 20.00, Good: 20.00, DriverTime: 20.00, Threshold: 20.00, [UNetConnection] RemoteAddr: 127.0.0.1:17777, Name: IpConnection_0, Driver: PendingNetDriver IpNetDriver_0, IsServer: NO, PC: NULL, Owner: NULL, UniqueId: INVALID
[2022.04.28-20.44.44:602][559]LogNet: Error: UEngine::BroadcastNetworkFailure: FailureType = ConnectionTimeout, ErrorString = UNetConnection::Tick: Connection TIMED OUT. Closing connection.. Elapsed: 20.00, Real: 20.00, Good: 20.00, DriverTime: 20.00, Threshold: 20.00, [UNetConnection] RemoteAddr: 127.0.0.1:17777, Name: IpConnection_0, Driver: PendingNetDriver IpNetDriver_0, IsServer: NO, PC: NULL, Owner: NULL, UniqueId: INVALID, Driver = PendingNetDriver IpNetDriver_0
[2022.04.28-20.44.44:602][559]LogNet: Warning: Network Failure: PendingNetDriver[ConnectionTimeout]: UNetConnection::Tick: Connection TIMED OUT. Closing connection.. Elapsed: 20.00, Real: 20.00, Good: 20.00, DriverTime: 20.00, Threshold: 20.00, [UNetConnection] RemoteAddr: 127.0.0.1:17777, Name: IpConnection_0, Driver: PendingNetDriver IpNetDriver_0, IsServer: NO, PC: NULL, Owner: NULL, UniqueId: INVALID
[2022.04.28-20.44.44:602][559]LogNet: NetworkFailure: ConnectionTimeout, Error: 'UNetConnection::Tick: Connection TIMED OUT. Closing connection.. Elapsed: 20.00, Real: 20.00, Good: 20.00, DriverTime: 20.00, Threshold: 20.00, [UNetConnection] RemoteAddr: 127.0.0.1:17777, Name: IpConnection_0, Driver: PendingNetDriver IpNetDriver_0, IsServer: NO, PC: NULL, Owner: NULL, UniqueId: INVALID'
[2022.04.28-20.44.44:602][559]LogNet: UNetConnection::Close: [UNetConnection] RemoteAddr: 127.0.0.1:17777, Name: IpConnection_0, Driver: PendingNetDriver IpNetDriver_0, IsServer: NO, PC: NULL, Owner: NULL, UniqueId: INVALID, Channels: 2, Time: 2022.04.28-20.44.44
[2022.04.28-20.44.44:602][559]LogNet: UChannel::Close: Sending CloseBunch. ChIndex == 0. Name: [UChannel] ChIndex: 0, Closing: 0 [UNetConnection] RemoteAddr: 127.0.0.1:17777, Name: IpConnection_0, Driver: PendingNetDriver IpNetDriver_0, IsServer: NO, PC: NULL, Owner: NULL, UniqueId: INVALID
[2022.04.28-20.44.44:602][559]LogNet: DestroyNamedNetDriver IpNetDriver_0 [PendingNetDriver]
[2022.04.28-20.44.44:602][559]LogExit: PendingNetDriver IpNetDriver_0 shut down
[2022.04.28-20.44.44:603][560]LogNet: Browse: /Game/StarterContent/Maps/Minimal_Default?closed
[2022.04.28-20.44.44:603][560]LogNet: Connection failed; returning to Entry
[2022.04.28-20.44.44:603][560]LogLoad: LoadMap: /Game/StarterContent/Maps/Minimal_Default?closed
[2022.04.28-20.44.44:603][560]LogWorld: BeginTearingDown for /Temp/Untitled_0
[2022.04.28-20.44.44:603][560]LogWorld: UWorld::CleanupWorld for Untitled, bSessionEnded=true, bCleanupResources=true
[2022.04.28-20.44.44:603][560]LogSlate: InvalidateAllWidgets triggered.  All widgets were invalidated
[2022.04.28-20.44.44:607][560]LogAudio: Display: Audio Device unregistered from world 'None'.
[2022.04.28-20.44.44:607][560]LogNet: UChannel::CleanUp: ChIndex == 0. Closing connection. [UChannel] ChIndex: 0, Closing: 0 [UNetConnection] RemoteAddr: 127.0.0.1:17777, Name: None, Driver: PendingNetDriver None, IsServer: NO, PC: NULL, Owner: NULL, UniqueId: INVALID
[2022.04.28-20.44.44:609][560]LogNet: UNetConnection::PendingConnectionLost. [UNetConnection] RemoteAddr: 127.0.0.1:17777, Name: None, Driver: PendingNetDriver None, IsServer: YES, PC: NULL, Owner: NULL, UniqueId: INVALID bPendingDestroy=0 
[2022.04.28-20.44.44:610][560]LogUObjectHash: Compacting FUObjectHashTables data took   0.78ms
[2022.04.28-20.44.44:757][560]LogAudio: Display: Audio Device (ID: 1) registered with world 'Minimal_Default'.
[2022.04.28-20.44.44:766][560]LogAIModule: Creating AISystem for world Minimal_Default
[2022.04.28-20.44.44:766][560]LogLoad: Game class is 'GameModeBase'
[2022.04.28-20.44.44:769][560]LogWorld: Bringing World /Game/StarterContent/Maps/Minimal_Default.Minimal_Default up for play (max tick rate 0) at 2022.04.28-23.44.44
[2022.04.28-20.44.44:770][560]LogWorld: Bringing up level for play took: 0.002314
[2022.04.28-20.44.44:773][560]LogSlate: Took 0.000207 seconds to synchronously load lazily loaded font '../../../Engine/Content/Slate/Fonts/Roboto-Regular.ttf' (155K)
[2022.04.28-20.44.44:773][560]LogLoad: Took 0.169605 seconds to LoadMap(/Game/StarterContent/Maps/Minimal_Default)
[2022.04.28-20.44.44:778][560]LogRenderer: Reallocating scene render targets to support 640x480 Format 10 NumSamples 1 (Frame:1).
[2022.04.28-20.44.44:796][560]LogUObjectHash: Compacting FUObjectHashTables data took   0.94ms
[2022.04.28-20.44.44:800][562]LogRenderer: Reallocating scene render targets to support 128x128 Format 10 NumSamples 1 (Frame:1).
[2022.04.28-20.44.44:855][562]LogRenderer: Reallocating scene render targets to support 640x480 Format 10 NumSamples 1 (Frame:2).
[2022.04.28-20.44.46:950][757]LogWindowsDesktop: Alt-F4 pressed!
[2022.04.28-20.44.46:971][757]LogSlate: Window 'MultiShooter (64-bit Development PCD3D_SM5) ' being destroyed
[2022.04.28-20.44.46:971][757]LogWindowsTextInputMethodSystem: Display: IME system deactivated.
[2022.04.28-20.44.46:974][757]LogWindowsTextInputMethodSystem: Display: IME system deactivated.
[2022.04.28-20.44.46:975][757]LogSlate: Updating window title bar state: overlay mode, drag disabled, window buttons hidden, title bar hidden
[2022.04.28-20.44.46:975][757]LogEngine: All Windows Closed
[2022.04.28-20.44.46:975][757]LogWindows: FPlatformMisc::RequestExit(0)
[2022.04.28-20.44.46:975][757]LogWindows: FPlatformMisc::RequestExitWithStatus(0, 0)
[2022.04.28-20.44.46:975][757]LogCore: Engine exit requested (reason: Win RequestExit)
[2022.04.28-20.44.46:975][758]LogCore: Engine exit requested (reason: EngineExit() was called; note: exit was already requested)
[2022.04.28-20.44.46:975][758]LogInit: Display: PreExit Game.
[2022.04.28-20.44.46:988][758]LogWorld: BeginTearingDown for /Game/StarterContent/Maps/Minimal_Default
[2022.04.28-20.44.46:988][758]LogWorld: UWorld::CleanupWorld for Minimal_Default, bSessionEnded=true, bCleanupResources=true
[2022.04.28-20.44.46:988][758]LogSlate: InvalidateAllWidgets triggered.  All widgets were invalidated
[2022.04.28-20.44.47:262][758]LogAudio: Display: Beginning Audio Device Manager Shutdown (Module: AudioMixerXAudio2)...
[2022.04.28-20.44.47:262][758]LogAudio: Display: Destroying 1 Remaining Audio Device(s)...
[2022.04.28-20.44.47:262][758]LogAudio: Display: Audio Device unregistered from world 'Minimal_Default'.
[2022.04.28-20.44.47:305][758]LogAudioMixer: FMixerPlatformXAudio2::StopAudioStream() called
[2022.04.28-20.44.47:306][758]LogAudioMixer: FMixerPlatformXAudio2::StopAudioStream() called
[2022.04.28-20.44.47:309][758]LogAudio: Display: Audio Device Manager Shutdown
[2022.04.28-20.44.47:312][758]LogExit: Preparing to exit.
[2022.04.28-20.44.47:985][758]LogSlate: Updating window title bar state: overlay mode, drag disabled, window buttons hidden, title bar hidden
[2022.04.28-20.44.47:985][758]LogUObjectHash: Compacting FUObjectHashTables data took   0.53ms
[2022.04.28-20.44.48:012][758]LogMoviePlayer: Shutting down movie player
[2022.04.28-20.44.48:162][758]LogDemo: Cleaned up 0 splitscreen connections with owner deletion
[2022.04.28-20.44.48:165][758]LogExit: Game engine shut down
[2022.04.28-20.44.48:199][758]LogExit: Object subsystem successfully closed.
[2022.04.28-20.44.48:210][758]LogShaderCompilers: Display: === FShaderJobCache stats ===
[2022.04.28-20.44.48:210][758]LogShaderCompilers: Display: Total job queries 0, among them cache hits 0 (0.00%)
[2022.04.28-20.44.48:210][758]LogShaderCompilers: Display: Tracking 0 distinct input hashes that result in 0 distinct outputs (0.00%)
[2022.04.28-20.44.48:210][758]LogShaderCompilers: Display: RAM used: 0.00 MB (0.00 GB) of 819.20 MB (0.80 GB) budget. Usage: 0.00%
[2022.04.28-20.44.48:210][758]LogShaderCompilers: Display: ================================================
[2022.04.28-20.44.48:225][758]LogShaderCompilers: Display: Shaders left to compile 0
[2022.04.28-20.44.48:247][758]LogModuleManager: Shutting down and abandoning module Voice (560)
[2022.04.28-20.44.48:247][758]LogModuleManager: Shutting down and abandoning module AIModule (558)
[2022.04.28-20.44.48:247][758]LogModuleManager: Shutting down and abandoning module GameplayDebugger (557)
[2022.04.28-20.44.48:247][758]LogModuleManager: Shutting down and abandoning module AITestSuite (555)
[2022.04.28-20.44.48:247][758]LogModuleManager: Shutting down and abandoning module NavigationSystem (553)
[2022.04.28-20.44.48:247][758]LogModuleManager: Shutting down and abandoning module SequenceRecorderSections (548)
[2022.04.28-20.44.48:247][758]LogModuleManager: Shutting down and abandoning module SequenceRecorder (546)
[2022.04.28-20.44.48:247][758]LogModuleManager: Shutting down and abandoning module AutomationController (544)
[2022.04.28-20.44.48:247][758]LogModuleManager: Shutting down and abandoning module AutomationWorker (542)
[2022.04.28-20.44.48:247][758]LogModuleManager: Shutting down and abandoning module SteamVREditor (540)
[2022.04.28-20.44.48:247][758]LogModuleManager: Shutting down and abandoning module ToolMenus (539)
[2022.04.28-20.44.48:247][758]LogModuleManager: Shutting down and abandoning module OculusMR (536)
[2022.04.28-20.44.48:247][758]LogModuleManager: Shutting down and abandoning module TakeRecorderSources (534)
[2022.04.28-20.44.48:247][758]LogModuleManager: Shutting down and abandoning module TakeRecorder (533)
[2022.04.28-20.44.48:247][758]LogModuleManager: Shutting down and abandoning module TakeTrackRecorders (530)
[2022.04.28-20.44.48:247][758]LogModuleManager: Shutting down and abandoning module TakesCore (528)
[2022.04.28-20.44.48:247][758]LogModuleManager: Shutting down and abandoning module OpenXRInput (526)
[2022.04.28-20.44.48:247][758]LogModuleManager: Shutting down and abandoning module WebMMediaFactory (524)
[2022.04.28-20.44.48:247][758]LogModuleManager: Shutting down and abandoning module WebMMedia (522)
[2022.04.28-20.44.48:247][758]LogModuleManager: Shutting down and abandoning module WmfMediaFactory (520)
[2022.04.28-20.44.48:247][758]LogModuleManager: Shutting down and abandoning module OpenExrWrapper (518)
[2022.04.28-20.44.48:247][758]LogModuleManager: Shutting down and abandoning module ImgMediaFactory (516)
[2022.04.28-20.44.48:247][758]LogModuleManager: Shutting down and abandoning module AvfMediaFactory (514)
[2022.04.28-20.44.48:247][758]LogModuleManager: Shutting down and abandoning module PlanarCut (512)
[2022.04.28-20.44.48:247][758]LogModuleManager: Shutting down and abandoning module MagicLeapMediaCodecFactory (510)
[2022.04.28-20.44.48:247][758]LogModuleManager: Shutting down and abandoning module MagicLeapMediaFactory (508)
[2022.04.28-20.44.48:247][758]LogModuleManager: Shutting down and abandoning module CharacterAI (506)
[2022.04.28-20.44.48:247][758]LogModuleManager: Shutting down and abandoning module SessionServices (504)
[2022.04.28-20.44.48:247][758]LogModuleManager: Shutting down and abandoning module MovieSceneCapture (502)
[2022.04.28-20.44.48:247][758]LogModuleManager: Shutting down and abandoning module LiveCoding (500)
[2022.04.28-20.44.48:247][758]LogModuleManager: Shutting down and abandoning module LevelSequence (498)
[2022.04.28-20.44.48:247][758]LogModuleManager: Shutting down and abandoning module MovieSceneTracks (496)
[2022.04.28-20.44.48:247][758]LogModuleManager: Shutting down and abandoning module MovieScene (494)
[2022.04.28-20.44.48:247][758]LogModuleManager: Shutting down and abandoning module StreamingPauseRendering (492)
[2022.04.28-20.44.48:247][758]LogModuleManager: Shutting down and abandoning module PortalServices (490)
[2022.04.28-20.44.48:247][758]LogModuleManager: Shutting down and abandoning module PortalRpc (488)
[2022.04.28-20.44.48:247][758]LogModuleManager: Shutting down and abandoning module MessagingRpc (486)
[2022.04.28-20.44.48:247][758]LogModuleManager: Shutting down and abandoning module AudioMixerXAudio2 (484)
[2022.04.28-20.44.48:247][758]LogModuleManager: Shutting down and abandoning module AudioMixerCore (483)
[2022.04.28-20.44.48:247][758]LogModuleManager: Shutting down and abandoning module ImageWriteQueue (480)
[2022.04.28-20.44.48:250][758]LogModuleManager: Shutting down and abandoning module ProfilerService (478)
[2022.04.28-20.44.48:253][758]LogModuleManager: Shutting down and abandoning module TaskGraph (476)
[2022.04.28-20.44.48:253][758]LogModuleManager: Shutting down and abandoning module OculusInput (474)
[2022.04.28-20.44.48:253][758]LogModuleManager: Shutting down and abandoning module GameplayCameras (472)
[2022.04.28-20.44.48:253][758]LogModuleManager: Shutting down and abandoning module TakeMovieScene (470)
[2022.04.28-20.44.48:253][758]LogModuleManager: Shutting down and abandoning module Synthesis (468)
[2022.04.28-20.44.48:253][758]LogModuleManager: Shutting down and abandoning module ProceduralMeshComponent (466)
[2022.04.28-20.44.48:253][758]LogModuleManager: Shutting down and abandoning module MobilePatchingUtils (464)
[2022.04.28-20.44.48:253][758]LogModuleManager: Shutting down and abandoning module GooglePAD (462)
[2022.04.28-20.44.48:253][758]LogModuleManager: Shutting down and abandoning module EditableMesh (460)
[2022.04.28-20.44.48:253][758]LogModuleManager: Shutting down and abandoning module CableComponent (458)
[2022.04.28-20.44.48:253][758]LogModuleManager: Shutting down and abandoning module CustomMeshComponent (456)
[2022.04.28-20.44.48:253][758]LogModuleManager: Shutting down and abandoning module AudioCapture (454)
[2022.04.28-20.44.48:253][758]LogModuleManager: Shutting down and abandoning module AudioCaptureRtAudio (453)
[2022.04.28-20.44.48:253][758]LogModuleManager: Shutting down and abandoning module AssetTags (450)
[2022.04.28-20.44.48:253][758]LogModuleManager: Shutting down and abandoning module ArchVisCharacter (448)
[2022.04.28-20.44.48:253][758]LogModuleManager: Shutting down and abandoning module AppleImageUtilsBlueprintSupport (446)
[2022.04.28-20.44.48:253][758]LogModuleManager: Shutting down and abandoning module AppleImageUtils (444)
[2022.04.28-20.44.48:253][758]LogModuleManager: Shutting down and abandoning module AndroidPermission (442)
[2022.04.28-20.44.48:253][758]LogModuleManager: Shutting down and abandoning module ActorLayerUtilities (440)
[2022.04.28-20.44.48:253][758]LogModuleManager: Shutting down and abandoning module TemplateSequence (438)
[2022.04.28-20.44.48:253][758]LogModuleManager: Shutting down and abandoning module MediaCompositing (436)
[2022.04.28-20.44.48:253][758]LogModuleManager: Shutting down and abandoning module ImgMedia (434)
[2022.04.28-20.44.48:253][758]LogModuleManager: Shutting down and abandoning module MagicLeapSharedWorld (432)
[2022.04.28-20.44.48:253][758]LogModuleManager: Shutting down and abandoning module MagicLeapLightEstimation (430)
[2022.04.28-20.44.48:253][758]LogModuleManager: Shutting down and abandoning module MagicLeapHelperVulkan (428)
[2022.04.28-20.44.48:253][758]LogModuleManager: Shutting down and abandoning module MagicLeapHelperOpenGL (426)
[2022.04.28-20.44.48:253][758]LogModuleManager: Shutting down and abandoning module MagicLeapAudio (424)
[2022.04.28-20.44.48:253][758]LogModuleManager: Shutting down and abandoning module OpenImageDenoise (422)
[2022.04.28-20.44.48:253][758]LogOpenImageDenoise: OIDN shutting down
[2022.04.28-20.44.48:253][758]LogModuleManager: Shutting down and abandoning module MotoSynth (420)
[2022.04.28-20.44.48:253][758]LogModuleManager: Shutting down and abandoning module GeometryCollectionTracks (418)
[2022.04.28-20.44.48:253][758]LogModuleManager: Shutting down and abandoning module GeometryCollectionSequencer (417)
[2022.04.28-20.44.48:253][758]LogModuleManager: Shutting down and abandoning module MeshConversion (414)
[2022.04.28-20.44.48:253][758]LogModuleManager: Shutting down and abandoning module DynamicMesh (412)
[2022.04.28-20.44.48:253][758]LogModuleManager: Shutting down and abandoning module GeometryAlgorithms (410)
[2022.04.28-20.44.48:253][758]LogModuleManager: Shutting down and abandoning module GeometricObjects (408)
[2022.04.28-20.44.48:253][758]LogModuleManager: Shutting down and abandoning module GeometryCacheTracks (406)
[2022.04.28-20.44.48:253][758]LogModuleManager: Shutting down and abandoning module GeometryCacheSequencer (405)
[2022.04.28-20.44.48:253][758]LogModuleManager: Shutting down and abandoning module GeometryCache (402)
[2022.04.28-20.44.48:253][758]LogModuleManager: Shutting down and abandoning module GeometryCacheEd (401)
[2022.04.28-20.44.48:253][758]LogModuleManager: Shutting down and abandoning module BackChannel (398)
[2022.04.28-20.44.48:253][758]LogModuleManager: Shutting down and abandoning module ChaosNiagara (396)
[2022.04.28-20.44.48:253][758]LogModuleManager: Shutting down and abandoning module FieldSystemEngine (395)
[2022.04.28-20.44.48:253][758]LogModuleManager: Shutting down and abandoning module AutomationUtils (392)
[2022.04.28-20.44.48:253][758]LogModuleManager: Shutting down and abandoning module VisualStudioCodeSourceCodeAccess (390)
[2022.04.28-20.44.48:253][758]LogModuleManager: Shutting down and abandoning module VisualStudioSourceCodeAccess (388)
[2022.04.28-20.44.48:253][758]LogModuleManager: Shutting down and abandoning module HotReload (387)
[2022.04.28-20.44.48:254][758]LogModuleManager: Shutting down and abandoning module UObjectPlugin (384)
[2022.04.28-20.44.48:254][758]LogModuleManager: Shutting down and abandoning module SubversionSourceControl (382)
[2022.04.28-20.44.48:254][758]LogModuleManager: Shutting down and abandoning module PerforceSourceControl (380)
[2022.04.28-20.44.48:254][758]LogModuleManager: Shutting down and abandoning module SourceControl (379)
[2022.04.28-20.44.48:254][758]LogModuleManager: Shutting down and abandoning module CLionSourceCodeAccess (376)
[2022.04.28-20.44.48:254][758]LogModuleManager: Shutting down and abandoning module OodleNetworkHandlerComponent (374)
[2022.04.28-20.44.48:254][758]LogModuleManager: Shutting down and abandoning module LiveLinkSequencer (372)
[2022.04.28-20.44.48:254][758]LogModuleManager: Shutting down and abandoning module LiveLinkMovieScene (370)
[2022.04.28-20.44.48:254][758]LogModuleManager: Shutting down and abandoning module LiveLinkGraphNode (368)
[2022.04.28-20.44.48:254][758]LogModuleManager: Shutting down and abandoning module LiveLinkComponents (366)
[2022.04.28-20.44.48:254][758]LogModuleManager: Shutting down and abandoning module LiveLink (364)
[2022.04.28-20.44.48:986][758]LogModuleManager: Shutting down and abandoning module SoundFields (362)
[2022.04.28-20.44.48:986][758]LogModuleManager: Shutting down and abandoning module SignificanceManager (360)
[2022.04.28-20.44.48:986][758]LogModuleManager: Shutting down and abandoning module RuntimePhysXCooking (358)
[2022.04.28-20.44.48:986][758]LogModuleManager: Shutting down and abandoning module PropertyAccessEditor (356)
[2022.04.28-20.44.48:986][758]LogModuleManager: Shutting down and abandoning module PhysXVehiclesEditor (354)
[2022.04.28-20.44.48:986][758]LogModuleManager: Shutting down and abandoning module LocationServicesBPLibrary (350)
[2022.04.28-20.44.48:986][758]LogModuleManager: Shutting down and abandoning module AudioSynesthesia (348)
[2022.04.28-20.44.48:986][758]LogModuleManager: Shutting down and abandoning module AudioSynesthesiaCore (346)
[2022.04.28-20.44.48:986][758]LogModuleManager: Shutting down and abandoning module ActorSequence (344)
[2022.04.28-20.44.48:986][758]LogModuleManager: Shutting down and abandoning module UdpMessaging (342)
